
ASEM-51 V1.3                                         Copyright (c) 2002 by W.W. Heinz                                         PAGE 1





       MCS-51 Family Macro Assembler   A S E M - 5 1   V 1.3
       =====================================================



	Source File:	H:\Silvio Pasta\Exercicios 26.04.12\Exercicio8\exercicio8.asm
	Object File:	H:\Silvio Pasta\Exercicios 26.04.12\Exercicio8\exercicio8.hex
	List File:	H:\Silvio Pasta\Exercicios 26.04.12\Exercicio8\exercicio8.lst



 Line  I  Addr  Code            Source

    1:				; ========================================================================
    2:				; =================      ETEC Aristóteles Ferreira.     ==================
    3:				; ========          Yhan Christian Souza Silva         ===================
    4:				; =====   Programa_01  exercicio8.asm  ver. 0.0 data: 04/05/13.   ========
    5:				; ========================================================================
    6:
    7:
    8:
    9:				;FAZER UM PROGRAMA QUE CONTENHA TRÊS CHAVES:
   10:				;P2.3 = CHAVE GERAL
   11:				; P2.0 P2.7
   12:				;  0    0 Sequencia 0
   13:				;  0    1 Sequencia 1
   14:				;  1    0 Sequencia 2
   15:				;  1    1 Sequencia 3
   16:
   17:
   18:
   19:		N      0000			ORG 0000H			;Inicio de Programa
   20:	  0000	75 80 00			MOV P0,#00H			;Limpo P0
   21:	  0003	75 A0 FF			MOV P2,#0FFH			;Preparo P2 para leitura
   22:
   23:
   24:	  0006			LOOP:						;Loop começo
   25:
   26:
   27:	  0006	30 A0 1E	SEQUENCIA_0: 	JNB P2.0, SEQUENCIA_2		;Verifico se P2.0 está em nivel lógico 0, pulo para
				Sequencia_2
   28:	  0009	30 A7 0C			JNB P2.7, SEQUENCIA_1		;Verifico se P2.7 está em nivel lógico 0, pulo para
				Sequencia_1
   29:	  000C	30 A3 37			JNB P2.3, GERAL			;Verifico se P2.3 está em nivel lógico 0, pulo para
				GERAL
   30:	  000F	74 0F				MOV A, #0FH			;Movo para Acc o dado 0fh
   31:	  0011	F5 80				MOV P0, A			;Movo o dado de Acc para P0
   32:	  0013	12 00 36			LCALL SEQUENCIA_3		;Chamo subrotina Sequencia_3
   33:	  0016	80 EE				SJMP LOOP			;Salto para loop
   34:
   35:
   36:	  0018	20 A7 0C	SEQUENCIA_1:	JB P2.7, SEQUENCIA_2		;Verifico o acionamento do botão P2.7, pulo para Seq
				uencia_2
   37:	  001B	30 A3 28			JNB P2.3, GERAL			;Verifico se P2.3 está em nivel lógico 0, pulo para
				GERAL
   38:	  001E	74 F0				MOV A,#0F0H			;Movo para Acc o dado f0h

ASEM-51 V1.3                                         Copyright (c) 2002 by W.W. Heinz                                         PAGE 2



 Line  I  Addr  Code            Source

   39:	  0020	F5 80				MOV P0, A			;Movo o dado de Acc para P0
   40:	  0022	12 00 36			LCALL SEQUENCIA_3		;Chamo subrotina Sequencia_3
   41:	  0025	80 DF				SJMP LOOP			;Salto para loop
   42:
   43:
   44:	  0027	20 A0 0C	SEQUENCIA_2: 	JB P2.0, SEQUENCIA_3		;Verifico p acionamento do botão P2.0, pulo para Seq
				uencia_3
   45:	  002A	30 A3 19			JNB P2.3, GERAL			;Verifico se P2.3 está em nivel lógico 0, pulo para
				GERAL
   46:	  002D	74 55				MOV A,#55H			;Movo o dado 55h para Acc
   47:	  002F	F5 80				MOV P0, A			;Movo o  dado de Acc  para P0
   48:	  0031	12 00 36			LCALL SEQUENCIA_3		;Chamo subrotina Sequencia_3
   49:	  0034	80 D0				SJMP LOOP			;Salto para loop
   50:
   51:	  0036	20 A0 CD	SEQUENCIA_3:	JB P2.0, SEQUENCIA_0		;Verifico o acionamento do botão P2.0, pulo para Seq
				uencia_0
   52:	  0039	20 A7 CA			JB P2.7, SEQUENCIA_0		;Verifico o acionamento do botão P2.7, pulo para Seq
				uencia_3
   53:	  003C	30 A3 07			JNB P2.3, GERAL			;Verifico se P2.3 está em nivel lógico 0, pulo para
				GERAL
   54:	  003F	74 FF				MOV A,#0FFH 			;Movo o dado FFh para Acc
   55:	  0041	F5 80				MOV P0, A			;Movo o dado de Acc para P0
   56:	  0043	02 00 06			LJMP LOOP			;Salto para loop
   57:
   58:	  0046	20 A3 BD	GERAL:		JB P2.3, LOOP			;Verifico o Acionamento do botão P2.3, pulo para rot
				ina LOOP
   59:	  0049	E4				CLR A				;Limpo Acc
   60:	  004A	F5 80				MOV P0,A			;Movo o dado para P0
   61:	  004C	75 80 00			MOV P0,#00H			;Limpo P0
   62:	  004F	02 00 06			LJMP LOOP			;Salto para LOOP
   63:
   64:
   65:
   66:
   67:
   68:						END				;Fim de programa
   69:
   70:
   71:
   72:
   73:
   74:
   75:
   76:
   77:
   78:
   79:
   80:
   81:
   82:
   83:
   84:
   85:
   86:
   87:
   88:

ASEM-51 V1.3                                         Copyright (c) 2002 by W.W. Heinz                                         PAGE 3



 Line  I  Addr  Code            Source

   89:
   90:
   91:
   92:
   93:
   94:
   95:
   96:
   97:
   98:
   99:
  100:
  101:
  102:
  103:
  104:
  105:
  106:
  107:
  108:
  109:
  110:
  111:
  112:
  113:
  114:
  115:
  116:
  117:
  118:
  119:
  120:
  121:
  122:
  123:
  124:
  125:
  126:
  127:
  128:
  129:
  130:
  131:
  132:
  133:
  134:
  135:
  136:
  137:
  138:
  139:
  140:
  141:
  142:
  143:
  144:

ASEM-51 V1.3                                         Copyright (c) 2002 by W.W. Heinz                                         PAGE 4



 Line  I  Addr  Code            Source

  145:
  146:
  147:
  148:
  149:
  150:
  151:
  152:
  153:
  154:
  155:
  156:
  157:
  158:
  159:
  160:
  161:
  162:
  163:
  164:
  165:
  166:
  167:
  168:
  169:
  170:
  171:
  172:
  173:
  174:
  175:
  176:
  177:
  178:
  179:
  180:
  181:
  182:
  183:
  184:
  185:
  186:
  187:
  188:
  189:
  190:
  191:
  192:
  193:
  194:
  195:
  196:
  197:
  198:
  199:
  200:

ASEM-51 V1.3                                         Copyright (c) 2002 by W.W. Heinz                                         PAGE 5



 Line  I  Addr  Code            Source

  201:
  202:
  203:
  204:
  205:
  206:
  207:
  208:
  209:
  210:
  211:
  212:
  213:
  214:
  215:
  216:
  217:
  218:
  219:
  220:
  221:
  222:
  223:
  224:
  225:
  226:
  227:
  228:
  229:
  230:
  231:
  232:
  233:
  234:
  235:
  236:
  237:
  238:
  239:
  240:
  241:
  242:
  243:
  244:
  245:
  246:
  247:
  248:
  249:
  250:
  251:
  252:
  253:
  254:



ASEM-51 V1.3                                         Copyright (c) 2002 by W.W. Heinz                                         PAGE 6






                     register banks used:  ---

                     no errors




ASEM-51 V1.3                                         Copyright (c) 2002 by W.W. Heinz                                         PAGE 7





	       L I S T   O F   S Y M B O L S
	       =============================


SYMBOL				  TYPE     VALUE	LINE
------------------------------------------------------------
??ASEM_51			  NUMBER    8051
??VERSION			  NUMBER    0130
AC				  BIT	      D6
ACC				  DATA	      E0
B				  DATA	      F0
CY				  BIT	      D7
DPH				  DATA	      83
DPL				  DATA	      82
EA				  BIT	      AF
ES				  BIT	      AC
ET0				  BIT	      A9
ET1				  BIT	      AB
EX0				  BIT	      A8
EX1				  BIT	      AA
EXTI0				  CODE	    0003
EXTI1				  CODE	    0013
F0				  BIT	      D5
GERAL				  CODE	    0046	  58
IE				  DATA	      A8
IE0				  BIT	      89
IE1				  BIT	      8B
INT0				  BIT	      B2
INT1				  BIT	      B3
IP				  DATA	      B8
IT0				  BIT	      88
IT1				  BIT	      8A
LOOP				  CODE	    0006	  24
OV				  BIT	      D2
P				  BIT	      D0
P0				  DATA	      80
P1				  DATA	      90
P2				  DATA	      A0
P3				  DATA	      B0
PCON				  DATA	      87
PS				  BIT	      BC
PSW				  DATA	      D0
PT0				  BIT	      B9
PT1				  BIT	      BB
PX0				  BIT	      B8
PX1				  BIT	      BA
RB8				  BIT	      9A
RD				  BIT	      B7
REN				  BIT	      9C
RESET				  CODE	    0000
RI				  BIT	      98
RS0				  BIT	      D3
RS1				  BIT	      D4
RXD				  BIT	      B0
SBUF				  DATA	      99
SCON				  DATA	      98

ASEM-51 V1.3                                         Copyright (c) 2002 by W.W. Heinz                                         PAGE 8



SYMBOL				  TYPE     VALUE	LINE
------------------------------------------------------------
SEQUENCIA_0			  CODE	    0006	  27
SEQUENCIA_1			  CODE	    0018	  36
SEQUENCIA_2			  CODE	    0027	  44
SEQUENCIA_3			  CODE	    0036	  51
SINT				  CODE	    0023
SM0				  BIT	      9F
SM1				  BIT	      9E
SM2				  BIT	      9D
SP				  DATA	      81
T0				  BIT	      B4
T1				  BIT	      B5
TB8				  BIT	      9B
TCON				  DATA	      88
TF0				  BIT	      8D
TF1				  BIT	      8F
TH0				  DATA	      8C
TH1				  DATA	      8D
TI				  BIT	      99
TIMER0				  CODE	    000B
TIMER1				  CODE	    001B
TL0				  DATA	      8A
TL1				  DATA	      8B
TMOD				  DATA	      89
TR0				  BIT	      8C
TR1				  BIT	      8E
TXD				  BIT	      B1
WR				  BIT	      B6
