;  LST file generated by mikroListExporter - v.2.0 
; Date/Time: 10/11/2017 22:35:05
;----------------------------------------------

;Address Opcode 	ASM
0x0000	0x284B      	GOTO       75
_interrupt:
0x0004	0x00FF      	MOVWF      R15
0x0005	0x0E03      	SWAPF      STATUS, 0
0x0006	0x0183      	CLRF       STATUS
0x0007	0x00A6      	MOVWF      ___saveSTATUS
0x0008	0x080A      	MOVF       PCLATH, 0
0x0009	0x00A7      	MOVWF      ___savePCLATH
0x000A	0x018A      	CLRF       PCLATH
;timerinterfaceihm.c,24 :: 		void interrupt() {
;timerinterfaceihm.c,25 :: 		if(TMR2IF_bit) {
0x000B	0x1C8C      	BTFSS      TMR2IF_bit, 1
0x000C	0x2821      	GOTO       L_interrupt0
;timerinterfaceihm.c,26 :: 		TMR2IF_bit = 0x00;
0x000D	0x108C      	BCF        TMR2IF_bit, 1
;timerinterfaceihm.c,27 :: 		tmr02Trigger = ~tmr02Trigger;
0x000E	0x3001      	MOVLW      1
0x000F	0x06A3      	XORWF      _flags, 1
;timerinterfaceihm.c,28 :: 		if(tmr02Trigger) {
0x0010	0x1C23      	BTFSS      _flags, 0
0x0011	0x2821      	GOTO       L_interrupt1
;timerinterfaceihm.c,29 :: 		tmr02Counter++;
0x0012	0x0AA1      	INCF       _tmr02Counter, 1
0x0013	0x1903      	BTFSC      STATUS, 2
0x0014	0x0AA2      	INCF       _tmr02Counter+1, 1
;timerinterfaceihm.c,30 :: 		if(tmr02Counter == 490) {
0x0015	0x0822      	MOVF       _tmr02Counter+1, 0
0x0016	0x3A01      	XORLW      1
0x0017	0x1D03      	BTFSS      STATUS, 2
0x0018	0x281B      	GOTO       L__interrupt7
0x0019	0x30EA      	MOVLW      234
0x001A	0x0621      	XORWF      _tmr02Counter, 0
L__interrupt7:
0x001B	0x1D03      	BTFSS      STATUS, 2
0x001C	0x2821      	GOTO       L_interrupt2
;timerinterfaceihm.c,31 :: 		oneSecond = ~oneSecond;
0x001D	0x3001      	MOVLW      1
0x001E	0x0686      	XORWF      PORTB, 1
;timerinterfaceihm.c,32 :: 		tmr02Counter = 0;
0x001F	0x01A1      	CLRF       _tmr02Counter
0x0020	0x01A2      	CLRF       _tmr02Counter+1
;timerinterfaceihm.c,33 :: 		}
L_interrupt2:
;timerinterfaceihm.c,34 :: 		}
L_interrupt1:
;timerinterfaceihm.c,35 :: 		}
L_interrupt0:
;timerinterfaceihm.c,37 :: 		}
L_end_interrupt:
L__interrupt6:
0x0021	0x0827      	MOVF       ___savePCLATH, 0
0x0022	0x008A      	MOVWF      PCLATH
0x0023	0x0E26      	SWAPF      ___saveSTATUS, 0
0x0024	0x0083      	MOVWF      STATUS
0x0025	0x0EFF      	SWAPF      R15, 1
0x0026	0x0E7F      	SWAPF      R15, 0
0x0027	0x0009      	RETFIE
; end of _interrupt
_____DoICP:
;__Lib_System.c,6 :: 		
;__Lib_System.c,9 :: 		
0x0028	0x1283      	BCF        STATUS, 5
0x0029	0x1303      	BCF        STATUS, 6
0x002A	0x0825      	MOVF       ___DoICPAddr+1, 0
0x002B	0x008A      	MOVWF      PCLATH
;__Lib_System.c,10 :: 		
0x002C	0x0824      	MOVF       ___DoICPAddr, 0
0x002D	0x0082      	MOVWF      PCL
;__Lib_System.c,12 :: 		
L_end_____DoICP:
0x002E	0x0008      	RETURN
; end of _____DoICP
___CC2DW:
;__Lib_System.c,134 :: 		
;__Lib_System.c,137 :: 		
_CC2D_Loop1:
;__Lib_System.c,139 :: 		
0x002F	0x2028      	CALL       _____DoICP
0x0030	0x118A      	BCF        PCLATH, 3
0x0031	0x120A      	BCF        PCLATH, 4
;__Lib_System.c,141 :: 		
0x0032	0x0080      	MOVWF      INDF
;__Lib_System.c,142 :: 		
0x0033	0x0A84      	INCF       FSR, 1
;__Lib_System.c,143 :: 		
0x0034	0x0AA4      	INCF       ___DoICPAddr, 1
;__Lib_System.c,145 :: 		
0x0035	0x1903      	BTFSC      STATUS, 2
;__Lib_System.c,146 :: 		
0x0036	0x0AA5      	INCF       ___DoICPAddr+1, 1
;__Lib_System.c,147 :: 		
0x0037	0x03F0      	DECF       R0, 1
;__Lib_System.c,149 :: 		
0x0038	0x1D03      	BTFSS      STATUS, 2
;__Lib_System.c,150 :: 		
0x0039	0x282F      	GOTO       _CC2D_Loop1
;__Lib_System.c,152 :: 		
L_end___CC2DW:
0x003A	0x0008      	RETURN
; end of ___CC2DW
_configureMcu:
;timerinterfaceihm.c,46 :: 		void configureMcu() {
;timerinterfaceihm.c,47 :: 		CMCON = 0x07;       // Desabilita comparadores
0x003B	0x3007      	MOVLW      7
0x003C	0x1283      	BCF        STATUS, 5
0x003D	0x1303      	BCF        STATUS, 6
0x003E	0x009F      	MOVWF      CMCON
;timerinterfaceihm.c,48 :: 		TRISB0_bit = 0x00;    // RB0 como saída
0x003F	0x1683      	BSF        STATUS, 5
0x0040	0x1006      	BCF        TRISB0_bit, 0
;timerinterfaceihm.c,49 :: 		INTCON.GIE = 0x01;  // Habilita interrupção global
0x0041	0x178B      	BSF        INTCON, 7
;timerinterfaceihm.c,50 :: 		INTCON.PEIE = 0x01; // Habilita interrupção de periféricos
0x0042	0x170B      	BSF        INTCON, 6
;timerinterfaceihm.c,51 :: 		TMR2IE_bit = 0X01;  // Habilita interrupção do TMR2
0x0043	0x148C      	BSF        TMR2IE_bit, 1
;timerinterfaceihm.c,52 :: 		T2CON = 0x01;       // Config TMR2 Postscaler 1 Prescaler 4, timer desabilitado
0x0044	0x3001      	MOVLW      1
0x0045	0x1283      	BCF        STATUS, 5
0x0046	0x0092      	MOVWF      T2CON
;timerinterfaceihm.c,53 :: 		PR2 =  pr2Value;    // Atribui a PR2 o valor da variavel pr2Value
0x0047	0x0820      	MOVF       _pr2Value, 0
0x0048	0x1683      	BSF        STATUS, 5
0x0049	0x0092      	MOVWF      PR2
;timerinterfaceihm.c,54 :: 		}
L_end_configureMcu:
0x004A	0x0008      	RETURN
; end of _configureMcu
_main:
0x004B	0x30FF      	MOVLW      255
0x004C	0x1283      	BCF        STATUS, 5
0x004D	0x1303      	BCF        STATUS, 6
0x004E	0x00A0      	MOVWF      _pr2Value
0x004F	0x01A1      	CLRF       _tmr02Counter
0x0050	0x01A2      	CLRF       34
;timerinterfaceihm.c,39 :: 		void main() {
;timerinterfaceihm.c,40 :: 		configureMcu();
0x0051	0x203B      	CALL       _configureMcu
;timerinterfaceihm.c,41 :: 		while(1) {
L_main3:
;timerinterfaceihm.c,42 :: 		TMR2ON_bit = 0x01;
0x0052	0x1283      	BCF        STATUS, 5
0x0053	0x1512      	BSF        TMR2ON_bit, 2
;timerinterfaceihm.c,43 :: 		}
0x0054	0x2852      	GOTO       L_main3
;timerinterfaceihm.c,44 :: 		}
L_end_main:
0x0055	0x2855      	GOTO       $+0
; end of _main
Symbol List:
//** Routines locations **
//ADDRESS    SIZE    PROCEDURE
//----------------------------------------------
0x0004      [36]    _interrupt
0x0028       [7]    _____DoICP
0x002F      [12]    ___CC2DW
0x003B      [16]    _configureMcu
0x004B      [11]    _main
//** Variables locations ** 
//ADDRESS    SIZE    VARIABLE
//----------------------------------------------
0x0000       [1]    INDF
0x0002       [1]    PCL
0x0003       [1]    STATUS
0x0004       [1]    FSR
0x0006       [1]    PORTB
0x000A       [1]    PCLATH
0x000B       [1]    INTCON
0x000C       [0]    TMR2IF_bit
0x0012       [0]    TMR2ON_bit
0x0012       [1]    T2CON
0x001F       [1]    CMCON
0x0020       [1]    _pr2Value
0x0021       [2]    _tmr02Counter
0x0023       [1]    _flags
0x0024       [2]    ___DoICPAddr
0x0026       [1]    ___saveSTATUS
0x0027       [1]    ___savePCLATH
0x0070       [1]    R0
0x0071       [1]    R1
0x0072       [1]    R2
0x0073       [1]    R3
0x0074       [1]    R4
0x0075       [1]    R5
0x0076       [1]    R6
0x0077       [1]    R7
0x0078       [1]    R8
0x0079       [1]    R9
0x007A       [1]    R10
0x007B       [1]    R11
0x007C       [1]    R12
0x007D       [1]    R13
0x007E       [1]    R14
0x007F       [1]    R15
0x0086       [0]    TRISB0_bit
0x008C       [0]    TMR2IE_bit
0x0092       [1]    PR2
//** Label List: ** 
//----------------------------------------------
  L_interrupt0
  L_interrupt1
  L_interrupt2
  L_main3
  L_main4
  L_end_interrupt
  _interrupt
  L__interrupt6
  L__interrupt7
  L_end_main
  _main
  L_end_configureMcu
  _configureMcu
  L_loopCA2AWs
  L_CA2AWend
  _CCA2AW_Loop1
  L_loopCS2Ss
  L_CS2Send
  _CCS2S_Loop1
  L_CCS2Send
  L_loopFZinSWs
  L_FZinSend
  _CC2D_Loop1
  L_end_____DoICP
  _____DoICP
  L_end_____DoIFC
  _____DoIFC
  L_end___CA2AW
  ___CA2AW
  L_end___CCA2AW
  ___CCA2AW
  L_end___CS2S
  ___CS2S
  L_end___CCS2S
  ___CCS2S
  L_end___FZinS
  ___FZinS
  L_end___CC2DW
  ___CC2DW
  L_end_Swap
  _Swap
  L_interrupt0
  L_interrupt1
  L_interrupt2
  L_main3
  L_main4
  L_end_interrupt
  _interrupt
  L__interrupt6
  L__interrupt7
  L_end_main
  _main
  L_end_configureMcu
  _configureMcu
