
ASEM-51 V1.3                                         Copyright (c) 2002 by W.W. Heinz                                         PAGE 1





       MCS-51 Family Macro Assembler   A S E M - 5 1   V 1.3
       =====================================================



	Source File:	H:\Silvio Pasta\Projetos do livro de treino 8051\Projeto 3\registradores.asm
	Object File:	H:\Silvio Pasta\Projetos do livro de treino 8051\Projeto 3\registradores.hex
	List File:	H:\Silvio Pasta\Projetos do livro de treino 8051\Projeto 3\registradores.lst



 Line  I  Addr  Code            Source

    1:				; ==================================================================================
    2:				; =================      ETEC Aristóteles Ferreira   ==================
    3:				; ================     Yhan Christian Souza Silva        ================
    4:				; =====            Programa_01  registradores.asm  ver. 0.0 data: 29/03/13       ========

    5:				; ===================================================================================
    6:
    7:	  0000	78 00			mov	R0,#00h		;movo para RO do banco B0 o valor de 00h
    8:	  0002	75 D0 08		mov	psw,#00001000b	;movo ara o psw "0 e 1" para os bits
    9:								;"RS1 e RS0", selecionando o banco B1
   10:	  0005	75 D0 08		mov	psw,#08h	;mesma instrução acima só que com código
   11:								;em hexa para fazer RS1=0 e RS0=1 no psw
   12:	  0008	78 01			mov	R0,#01		;movo para o R0 do banco B1 o valor 01h.
   13:	  000A	D2 D4			setb	rs1		;faço diretamente o bit RS1=1. Como o bit
   14:								;RS0 já era 1, teremos agora os dois em 1,
   15:								;logo seleciono o banco B3.
   16:	  000C	78 03			mov	R0,#03h		;movo então o valor 03h para o reg. R0 do B3.
   17:
   18:					end			;fim do programa
   19:
   20:				;Verifique se realmente o primeiro dado foi para R0 do banco 0, depois se o segundo dado foi para RO
				 do banco 1,etc.





                     register banks used:  ---

                     no errors




ASEM-51 V1.3                                         Copyright (c) 2002 by W.W. Heinz                                         PAGE 2





	       L I S T   O F   S Y M B O L S
	       =============================


SYMBOL				  TYPE     VALUE	LINE
------------------------------------------------------------
??ASEM_51			  NUMBER    8051
??VERSION			  NUMBER    0130
AC				  BIT	      D6
ACC				  DATA	      E0
B				  DATA	      F0
CY				  BIT	      D7
DPH				  DATA	      83
DPL				  DATA	      82
EA				  BIT	      AF
ES				  BIT	      AC
ET0				  BIT	      A9
ET1				  BIT	      AB
EX0				  BIT	      A8
EX1				  BIT	      AA
EXTI0				  CODE	    0003
EXTI1				  CODE	    0013
F0				  BIT	      D5
IE				  DATA	      A8
IE0				  BIT	      89
IE1				  BIT	      8B
INT0				  BIT	      B2
INT1				  BIT	      B3
IP				  DATA	      B8
IT0				  BIT	      88
IT1				  BIT	      8A
OV				  BIT	      D2
P				  BIT	      D0
P0				  DATA	      80
P1				  DATA	      90
P2				  DATA	      A0
P3				  DATA	      B0
PCON				  DATA	      87
PS				  BIT	      BC
PSW				  DATA	      D0
PT0				  BIT	      B9
PT1				  BIT	      BB
PX0				  BIT	      B8
PX1				  BIT	      BA
RB8				  BIT	      9A
RD				  BIT	      B7
REN				  BIT	      9C
RESET				  CODE	    0000
RI				  BIT	      98
RS0				  BIT	      D3
RS1				  BIT	      D4
RXD				  BIT	      B0
SBUF				  DATA	      99
SCON				  DATA	      98
SINT				  CODE	    0023
SM0				  BIT	      9F

ASEM-51 V1.3                                         Copyright (c) 2002 by W.W. Heinz                                         PAGE 3



SYMBOL				  TYPE     VALUE	LINE
------------------------------------------------------------
SM1				  BIT	      9E
SM2				  BIT	      9D
SP				  DATA	      81
T0				  BIT	      B4
T1				  BIT	      B5
TB8				  BIT	      9B
TCON				  DATA	      88
TF0				  BIT	      8D
TF1				  BIT	      8F
TH0				  DATA	      8C
TH1				  DATA	      8D
TI				  BIT	      99
TIMER0				  CODE	    000B
TIMER1				  CODE	    001B
TL0				  DATA	      8A
TL1				  DATA	      8B
TMOD				  DATA	      89
TR0				  BIT	      8C
TR1				  BIT	      8E
TXD				  BIT	      B1
WR				  BIT	      B6
