
ASEM-51 V1.3                                         Copyright (c) 2002 by W.W. Heinz                                         PAGE 1





       MCS-51 Family Macro Assembler   A S E M - 5 1   V 1.3
       =====================================================



	Source File:	H:\Silvio Pasta\Exercicios 26.04.12\Exercicio3\exercicio3.asm
	Object File:	H:\Silvio Pasta\Exercicios 26.04.12\Exercicio3\exercicio3.hex
	List File:	H:\Silvio Pasta\Exercicios 26.04.12\Exercicio3\exercicio3.lst



 Line  I  Addr  Code            Source

    1:				; ========================================================================
    2:				; =================      ETEC Aristóteles Ferreira.     ==================
    3:				; ========          Yhan Christian Souza Silva         ===================
    4:				; =====   Programa_01  exercicio3.asm  ver. 0.0 data: 28/04/13.   ========
    5:				; ========================================================================
    6:
    7:
    8:
    9:				;Criar um programa para acionar um potenciômetro digital
   10:				; com incremento na  da tecla  P2.0 e decremento com a tecla P2.7
   11:
   12:
   13:
   14:
   15:
   16:		N      0000			ORG 0000H			;INICIO DO PROGRAMA
   17:	  0000	75 80 00			MOV P0,#00H			;LIMPA P0
   18:	  0003	75 A0 FF			MOV P2,#0FFH			;PREPARA P2 PARA A LEITURA
   19:	  0006	74 00		                MOV A,#00H                      ;LIMPA O ACUMULADOR
   20:
   21:	  0008			LOOP:                                           ;ROTINA DE LOOP
   22:
   23:	  0008	20 A0 0D	INCREMENTA:	JB P2.0, DECREMENTA             ;VERIFICA SE P2.0 ESTA ACIONADO / SE NÃO ESTIVER VAI
				 PARA A ROTINA DECREMENTA
   24:
   25:	  000B	B4 FF 02	VOLTA3:		CJNE A,#0FFH,FAZ     		;COMPARO  O DADO FF COM ACUMULADOR SE NÃO FOR VOU PA
				RA SUBROTINA FAZ
   26:	  000E	80 08				SJMP DECREMENTA			;PULO PARA ROTINA DECREMENTA
   27:
   28:
   29:	  0010	04		FAZ:		INC A				;INCREMENTO 1 AO ACC
   30:	  0011	F5 80				MOV P0, A			;MOVO O DADO DE ACC PARA P0
   31:	  0013	12 00 2A			LCALL TEMPO			;SUBROTINA DE TEMPO
   32:	  0016	80 F0				SJMP INCREMENTA			;PULO PARA ROTINA INCREMENTA
   33:
   34:	  0018	20 A7 ED	DECREMENTA:	JB P2.7, INCREMENTA		;VERIFICA SE P2.7 ESTA ACIONADO / SE NÃO ESTIVER VAI
				 PARA A ROTINA INCREMENTE
   35:
   36:
   37:
   38:	  001B	B4 00 02	VOLTA4:		CJNE A,#00H,FAZ2		;COMPARO O DADO 00 COM ACUMULADOR SE NÃO FOR VOU PAR
				A SUBROTINA FAZ2
   39:	  001E	80 E8				SJMP INCREMENTA			;PULO PARA ROTINA INCREMENTA

ASEM-51 V1.3                                         Copyright (c) 2002 by W.W. Heinz                                         PAGE 2



 Line  I  Addr  Code            Source

   40:
   41:
   42:	  0020	14		FAZ2:		DEC A				;DECREMENTO 1 AO ACC
   43:	  0021	F5 80				MOV P0, A			;MOVO O DADO DE ACC PARA P0
   44:	  0023	12 00 2A			LCALL TEMPO			;SUBROTINA DE TEMPO
   45:	  0026	80 F0				SJMP DECREMENTA			;PULO PARA ROTINA DECREMENTA
   46:
   47:	  0028	80 DE				SJMP LOOP			;VOLTAR PARA LOOP
   48:
   49:
   50:
   51:
   52:					;SUBROTINA TEMPO
   53:	  002A	78 01		TEMPO:  MOV R0, #1                     	        ;CARREGA RO COM 1
   54:	  002C	79 FA		VOLTA2: MOV R1, #250    	                ;CARREGA R1 COM 250
   55:	  002E	7A FA		VOLTA1: MOV R2, #250	                        ;CARREGA R2 COM 250
   56:	  0030	DA FE		        DJNZ R2, $                              ;DECREMENTA R2 ATÉ ZERAR
   57:	  0032	D9 FA		        DJNZ R1, VOLTA1                         ;DECREMENTA R1 E SALTA ATÉ ZERAR
   58:	  0034	D8 F6		        DJNZ R0, VOLTA2                         ;DECREMENTA RO E SALTA ATÉ ZERAR
   59:	  0036	22		        RET                                     ;RETORNO DE SUBROTINA
   60:					END					;FIM DE PROGRAMA
   61:
   62:
   63:
   64:
   65:
   66:
   67:
   68:
   69:
   70:
   71:
   72:
   73:
   74:
   75:
   76:
   77:
   78:
   79:
   80:
   81:
   82:
   83:
   84:
   85:
   86:
   87:
   88:
   89:
   90:
   91:
   92:
   93:
   94:
   95:

ASEM-51 V1.3                                         Copyright (c) 2002 by W.W. Heinz                                         PAGE 3



 Line  I  Addr  Code            Source

   96:
   97:
   98:
   99:
  100:
  101:
  102:
  103:
  104:
  105:
  106:
  107:
  108:
  109:
  110:
  111:
  112:
  113:
  114:
  115:
  116:
  117:
  118:
  119:
  120:
  121:
  122:
  123:
  124:
  125:
  126:
  127:
  128:
  129:
  130:
  131:
  132:
  133:
  134:
  135:
  136:
  137:
  138:
  139:
  140:
  141:
  142:
  143:
  144:
  145:
  146:
  147:
  148:
  149:
  150:
  151:

ASEM-51 V1.3                                         Copyright (c) 2002 by W.W. Heinz                                         PAGE 4



 Line  I  Addr  Code            Source

  152:
  153:
  154:
  155:
  156:
  157:
  158:
  159:
  160:
  161:
  162:
  163:
  164:





                     register banks used:  ---

                     no errors




ASEM-51 V1.3                                         Copyright (c) 2002 by W.W. Heinz                                         PAGE 5





	       L I S T   O F   S Y M B O L S
	       =============================


SYMBOL				  TYPE     VALUE	LINE
------------------------------------------------------------
??ASEM_51			  NUMBER    8051
??VERSION			  NUMBER    0130
AC				  BIT	      D6
ACC				  DATA	      E0
B				  DATA	      F0
CY				  BIT	      D7
DECREMENTA			  CODE	    0018	  34
DPH				  DATA	      83
DPL				  DATA	      82
EA				  BIT	      AF
ES				  BIT	      AC
ET0				  BIT	      A9
ET1				  BIT	      AB
EX0				  BIT	      A8
EX1				  BIT	      AA
EXTI0				  CODE	    0003
EXTI1				  CODE	    0013
F0				  BIT	      D5
FAZ				  CODE	    0010	  29
FAZ2				  CODE	    0020	  42
IE				  DATA	      A8
IE0				  BIT	      89
IE1				  BIT	      8B
INCREMENTA			  CODE	    0008	  23
INT0				  BIT	      B2
INT1				  BIT	      B3
IP				  DATA	      B8
IT0				  BIT	      88
IT1				  BIT	      8A
LOOP				  CODE	    0008	  21
OV				  BIT	      D2
P				  BIT	      D0
P0				  DATA	      80
P1				  DATA	      90
P2				  DATA	      A0
P3				  DATA	      B0
PCON				  DATA	      87
PS				  BIT	      BC
PSW				  DATA	      D0
PT0				  BIT	      B9
PT1				  BIT	      BB
PX0				  BIT	      B8
PX1				  BIT	      BA
RB8				  BIT	      9A
RD				  BIT	      B7
REN				  BIT	      9C
RESET				  CODE	    0000
RI				  BIT	      98
RS0				  BIT	      D3
RS1				  BIT	      D4

ASEM-51 V1.3                                         Copyright (c) 2002 by W.W. Heinz                                         PAGE 6



SYMBOL				  TYPE     VALUE	LINE
------------------------------------------------------------
RXD				  BIT	      B0
SBUF				  DATA	      99
SCON				  DATA	      98
SINT				  CODE	    0023
SM0				  BIT	      9F
SM1				  BIT	      9E
SM2				  BIT	      9D
SP				  DATA	      81
T0				  BIT	      B4
T1				  BIT	      B5
TB8				  BIT	      9B
TCON				  DATA	      88
TEMPO				  CODE	    002A	  53
TF0				  BIT	      8D
TF1				  BIT	      8F
TH0				  DATA	      8C
TH1				  DATA	      8D
TI				  BIT	      99
TIMER0				  CODE	    000B
TIMER1				  CODE	    001B
TL0				  DATA	      8A
TL1				  DATA	      8B
TMOD				  DATA	      89
TR0				  BIT	      8C
TR1				  BIT	      8E
TXD				  BIT	      B1
VOLTA1				  CODE	    002E	  55
VOLTA2				  CODE	    002C	  54
VOLTA3				  CODE	    000B	  25
VOLTA4				  CODE	    001B	  38
WR				  BIT	      B6
