
ASEM-51 V1.3                                         Copyright (c) 2002 by W.W. Heinz                                         PAGE 1





       MCS-51 Family Macro Assembler   A S E M - 5 1   V 1.3
       =====================================================



	Source File:	G:\Silvio Pasta\Ex.9\progarit1.asm
	Object File:	G:\Silvio Pasta\Ex.9\progarit1.hex
	List File:	G:\Silvio Pasta\Ex.9\progarit1.lst



 Line  I  Addr  Code            Source

    1:				; ========================================================================
    2:				; =================      ETEC Aristóteles Ferreira.     ==================
    3:				; ========          Yhan Christian Souza Silva         ===========
    4:				; =====   Programa_09  progarit1.asm  ver. 0.0 data: 02/04/13.   =========
    5:				; ========================================================================
    6:
    7:				; INSTRUÇÕES ARITMÉTICAS
    8:
    9:						 ; Programa para treino de instruções matemáticas, nele é realizado a soma dos valor
				es
   10:				       	    	 ; contidos nos registradores R1 e R2, lembrando que sempre devemos utilizar o Acc p
				ara a
   11:				             	 ; realização desse tipo de instrução e o resultado também ficará no Acc, quando sim
				ular esse
   12:				                ; programa observe o BIT "C" (Carry), que é o 7º Bit do  PSW.
   13:
   14:
   15:		N      0000			ORG 0000H        			; End. de início de programa.
   16:
   17:	  0000	79 F5		            		MOV R1, # 0F5H    		; Carrego o valor em R1.
   18:	  0002	7A 2D		            		MOV R2, # 2DH      		; Carrego o valor em R2.
   19:	  0004	E9		            		MOV A, R1         		; Copio em Acc o valor de R1.
   20:
   21:	  0005	2A				ADD A, R2         			; Soma dos valores de R2 e Acc.
   22:
   23:	  0006	FF				MOV R7, A         			; Coloco o resultado em R7.
   24:
   25:	  0007	80 FE				SJMP $           			; Permanece nesta linha.
   26:
   27:						END              			; Fim de compilação.





                     register banks used:  ---

                     no errors




ASEM-51 V1.3                                         Copyright (c) 2002 by W.W. Heinz                                         PAGE 2





	       L I S T   O F   S Y M B O L S
	       =============================


SYMBOL				  TYPE     VALUE	LINE
------------------------------------------------------------
??ASEM_51			  NUMBER    8051
??VERSION			  NUMBER    0130
AC				  BIT	      D6
ACC				  DATA	      E0
B				  DATA	      F0
CY				  BIT	      D7
DPH				  DATA	      83
DPL				  DATA	      82
EA				  BIT	      AF
ES				  BIT	      AC
ET0				  BIT	      A9
ET1				  BIT	      AB
EX0				  BIT	      A8
EX1				  BIT	      AA
EXTI0				  CODE	    0003
EXTI1				  CODE	    0013
F0				  BIT	      D5
IE				  DATA	      A8
IE0				  BIT	      89
IE1				  BIT	      8B
INT0				  BIT	      B2
INT1				  BIT	      B3
IP				  DATA	      B8
IT0				  BIT	      88
IT1				  BIT	      8A
OV				  BIT	      D2
P				  BIT	      D0
P0				  DATA	      80
P1				  DATA	      90
P2				  DATA	      A0
P3				  DATA	      B0
PCON				  DATA	      87
PS				  BIT	      BC
PSW				  DATA	      D0
PT0				  BIT	      B9
PT1				  BIT	      BB
PX0				  BIT	      B8
PX1				  BIT	      BA
RB8				  BIT	      9A
RD				  BIT	      B7
REN				  BIT	      9C
RESET				  CODE	    0000
RI				  BIT	      98
RS0				  BIT	      D3
RS1				  BIT	      D4
RXD				  BIT	      B0
SBUF				  DATA	      99
SCON				  DATA	      98
SINT				  CODE	    0023
SM0				  BIT	      9F

ASEM-51 V1.3                                         Copyright (c) 2002 by W.W. Heinz                                         PAGE 3



SYMBOL				  TYPE     VALUE	LINE
------------------------------------------------------------
SM1				  BIT	      9E
SM2				  BIT	      9D
SP				  DATA	      81
T0				  BIT	      B4
T1				  BIT	      B5
TB8				  BIT	      9B
TCON				  DATA	      88
TF0				  BIT	      8D
TF1				  BIT	      8F
TH0				  DATA	      8C
TH1				  DATA	      8D
TI				  BIT	      99
TIMER0				  CODE	    000B
TIMER1				  CODE	    001B
TL0				  DATA	      8A
TL1				  DATA	      8B
TMOD				  DATA	      89
TR0				  BIT	      8C
TR1				  BIT	      8E
TXD				  BIT	      B1
WR				  BIT	      B6
