
ASEM-51 V1.3                                         Copyright (c) 2002 by W.W. Heinz                                         PAGE 1





       MCS-51 Family Macro Assembler   A S E M - 5 1   V 1.3
       =====================================================



	Source File:	H:\Silvio Pasta\Meu nome 16seg Rotaciona\yhanrot.asm
	Object File:	H:\Silvio Pasta\Meu nome 16seg Rotaciona\yhanrot.hex
	List File:	H:\Silvio Pasta\Meu nome 16seg Rotaciona\yhanrot.lst



 Line  I  Addr  Code            Source

    1:				; ========================================================================
    2:				; =================      ETEC Aristóteles Ferreira.     ==================
    3:				; ========          Yhan Christian Souza Silva         ===================
    4:				; =====   Programa_01  yhanrot.asm  ver. 0.0 data: 18/05/13.   ===========
    5:				; ========================================================================
    6:
    7:
    8:				; PROGRAMA A ROTAÇÃO DE DISPLAY DE 16 SEGMENTOS
    9:
   10:
   11:
   12:		N      0000	 		ORG 0000H				;INICIO DE PROGRAMA
   13:
   14:	  0000	74 01				MOV A, #01H				;MOVO PARA A O DADO #01H
   15:	  0002	7B 01				MOV R3, #1				;MOVO PARA R3 O DADO 1
   16:
   17:	  0004	75 B0 FF	INICIO: 	MOV P3, #11111111B			;MOVO O DADO EM BINÁRIO PARA P3
   18:	  0007	75 90 FF	      		MOV P1, #11111111B			;MOVO O DADO EM BINÁRIO PARA P1
   19:	  000A	F5 A0		      		MOV P2, A        			;MOVO O DADO DE A PARA P2
   20:	  000C	12 00 87	       		LCALL TEMPO      			;SUB-ROTINA DE TEMPO
   21:	  000F	75 A0 00	       		MOV P2, #00H 				;LIMPO P2
   22:	  0012	03		      		RR A					;ROTACIONO O VALOR DE A
   23:
   24:	  0013	75 B0 33	       		MOV P3, #00110011B			;MOVO O DADO EM BINÁRIO PARA P3
   25:	  0016	75 90 EE	        	MOV P1, #11101110B			;MOVO O DADO EM BINÁRIO PARA P1
   26:	  0019	F5 A0		        	MOV P2, A         			;MOVO O DADO DE A PARA P2
   27:	  001B	12 00 87	       		LCALL TEMPO         			;SUB-ROTINA DE TEMPO
   28:	  001E	75 A0 00	        	MOV P2, #00H 				;LIMPO P2
   29:	  0021	03		       		RR A					;ROTACIONO O VALOR DE A
   30:
   31:	  0022	75 B0 30	       		MOV P3, #00110000B			;MOVO O DADO EM BINÁRIO PARA P3
   32:	  0025	75 90 77	        	MOV P1, #01110111B			;MOVO O DADO EM BINÁRIO PARA P1
   33:	  0028	F5 A0		        	MOV P2, A         			;MOVO O DADO DE A PARA P2
   34:	  002A	12 00 87	       		LCALL TEMPO        			;SUB-ROTINA DE TEMPO
   35:	  002D	75 A0 00	        	MOV P2, #00H 				;LIMPO P2
   36:	  0030	03		       		RR A					;ROTACIONO O VALOR DE A
   37:
   38:	  0031	75 B0 33	       		MOV P3, #00110011B			;MOVO O DADO EM BINÁRIO PARA P3
   39:	  0034	75 90 77	        	MOV P1, #01110111B			;MOVO O DADO EM BINÁRIO PARA P1
   40:	  0037	F5 A0		        	MOV P2, A         			;MOVO O DADO DE A PARA P2
   41:	  0039	12 00 87	       		LCALL TEMPO        			;SUB-ROTINA DE TEMPO
   42:	  003C	75 A0 00	        	MOV P2, #00H 				;LIMPO P2
   43:	  003F	03		       		RR A					;ROTACIONO O VALOR DE A

ASEM-51 V1.3                                         Copyright (c) 2002 by W.W. Heinz                                         PAGE 2



 Line  I  Addr  Code            Source

   44:
   45:	  0040	75 B0 FF	       		MOV P3, #11111111B			;MOVO O DADO EM BINÁRIO PARA P3
   46:	  0043	75 90 DA	        	MOV P1, #11011010B			;MOVO O DADO EM BINÁRIO PARA P1
   47:	  0046	F5 A0		        	MOV P2, A         			;MOVO O DADO DE A PARA P2
   48:	  0048	12 00 87	       		LCALL TEMPO         			;SUB-ROTINA DE TEMPO
   49:	  004B	75 A0 00	        	MOV P2, #00H 				;LIMPO P2
   50:	  004E	03		        	RR A					;ROTACIONO O VALOR DE A
   51:
   52:	  004F	75 B0 FF	        	MOV P3, #11111111B			;MOVO O DADO EM BINÁRIO PARA P3
   53:	  0052	75 90 FF	        	MOV P1, #11111111B			;MOVO O DADO EM BINÁRIO PARA P1
   54:	  0055	F5 A0		        	MOV P2, A        			;MOVO O DADO DE A PARA P2
   55:	  0057	12 00 87	       		LCALL TEMPO         			;SUB-ROTINA DE TEMPO
   56:	  005A	75 A0 00	        	MOV P2, #00H 				;LIMPO P2
   57:	  005D	03		        	RR A					;ROTACIONO O VALOR DE A
   58:
   59:	  005E	75 B0 FF	          	MOV P3, #11111111B			;MOVO O DADO EM BINÁRIO PARA P3
   60:	  0061	75 90 FF	        	MOV P1, #11111111B			;MOVO O DADO EM BINÁRIO PARA P1
   61:	  0064	F5 A0		        	MOV P2, A         			;MOVO O DADO DE A PARA P2
   62:	  0066	12 00 87	       		LCALL TEMPO         			;SUB-ROTINA DE TEMPO
   63:	  0069	75 A0 00	        	MOV P2, #00H 				;LIMPO P2
   64:	  006C	03		         	RR A					;ROTACIONO O VALOR DE A
   65:
   66:	  006D	75 B0 FF	        	MOV P3, #11111111B			;MOVO O DADO EM BINÁRIO PARA P3
   67:	  0070	75 90 FF	      		MOV P1, #11111111B			;MOVO O DADO EM BINÁRIO PARA P1
   68:	  0073	F5 A0		      		MOV P2, A        			;MOVO O DADO DE A PARA P2
   69:	  0075	12 00 87	       		LCALL TEMPO      			;SUB-ROTINA DE TEMPO
   70:	  0078	75 A0 00	       		MOV P2, #00H 				;LIMPO P2
   71:	  007B	03		         	RR A					;ROTACIONO O VALOR DE A
   72:	  007C	DB 02		         	DJNZ R3, S1 				;DECREMENTO RE, PULO PARA S1
   73:
   74:	  007E	80 03		       		SJMP S2					;PULO PARA S2
   75:	  0080	02 00 04	S1:    		LJMP INICIO   				;PULO PARA INICIO
   76:
   77:	  0083	03		S2: 		RR A					;ROTACIONO O VALOR DE A
   78:	  0084	02 00 04			LJMP INICIO				;PULO PARA INICIO
   79:
   80:
   81:				;---------------------------------------------------------------------------------------------------
				----------
   82:				;SUB-ROTINA DE TEMPO
   83:
   84:	  0087	78 02		TEMPO: 	  	MOV R0,#2         	;CARREGA 2 EM R0
   85:	  0089	79 05		VOLTA2: 	MOV R1,#5     		;CARREGA 5 EM R1
   86:	  008B	7A 0A		VOLTA1: 	MOV R2,#10       	;CARREGA 10 EM R1
   87:	  008D	DA FE		          	DJNZ R2,$         	;ESPERA ZERAR R2 PARA CONTINUAR
   88:	  008F	D9 FA		          	DJNZ R1,VOLTA1    	;ESPERA ZERAR R1 PARA CONTINUAR
   89:	  0091	D8 F6		          	DJNZ R0,VOLTA2    	;ESPERA ZERAR R0 PARA CONTINUAR
   90:	  0093	22		          	RET               	;RETORNA AO PROGRAMA PRINCIPAL
   91:				          	END			;FIM DE PROGRAMA





                     register banks used:  ---


ASEM-51 V1.3                                         Copyright (c) 2002 by W.W. Heinz                                         PAGE 3



                     no errors




ASEM-51 V1.3                                         Copyright (c) 2002 by W.W. Heinz                                         PAGE 4





	       L I S T   O F   S Y M B O L S
	       =============================


SYMBOL				  TYPE     VALUE	LINE
------------------------------------------------------------
??ASEM_51			  NUMBER    8051
??VERSION			  NUMBER    0130
AC				  BIT	      D6
ACC				  DATA	      E0
B				  DATA	      F0
CY				  BIT	      D7
DPH				  DATA	      83
DPL				  DATA	      82
EA				  BIT	      AF
ES				  BIT	      AC
ET0				  BIT	      A9
ET1				  BIT	      AB
EX0				  BIT	      A8
EX1				  BIT	      AA
EXTI0				  CODE	    0003
EXTI1				  CODE	    0013
F0				  BIT	      D5
IE				  DATA	      A8
IE0				  BIT	      89
IE1				  BIT	      8B
INICIO				  CODE	    0004	  17
INT0				  BIT	      B2
INT1				  BIT	      B3
IP				  DATA	      B8
IT0				  BIT	      88
IT1				  BIT	      8A
OV				  BIT	      D2
P				  BIT	      D0
P0				  DATA	      80
P1				  DATA	      90
P2				  DATA	      A0
P3				  DATA	      B0
PCON				  DATA	      87
PS				  BIT	      BC
PSW				  DATA	      D0
PT0				  BIT	      B9
PT1				  BIT	      BB
PX0				  BIT	      B8
PX1				  BIT	      BA
RB8				  BIT	      9A
RD				  BIT	      B7
REN				  BIT	      9C
RESET				  CODE	    0000
RI				  BIT	      98
RS0				  BIT	      D3
RS1				  BIT	      D4
RXD				  BIT	      B0
S1				  CODE	    0080	  75
S2				  CODE	    0083	  77
SBUF				  DATA	      99

ASEM-51 V1.3                                         Copyright (c) 2002 by W.W. Heinz                                         PAGE 5



SYMBOL				  TYPE     VALUE	LINE
------------------------------------------------------------
SCON				  DATA	      98
SINT				  CODE	    0023
SM0				  BIT	      9F
SM1				  BIT	      9E
SM2				  BIT	      9D
SP				  DATA	      81
T0				  BIT	      B4
T1				  BIT	      B5
TB8				  BIT	      9B
TCON				  DATA	      88
TEMPO				  CODE	    0087	  84
TF0				  BIT	      8D
TF1				  BIT	      8F
TH0				  DATA	      8C
TH1				  DATA	      8D
TI				  BIT	      99
TIMER0				  CODE	    000B
TIMER1				  CODE	    001B
TL0				  DATA	      8A
TL1				  DATA	      8B
TMOD				  DATA	      89
TR0				  BIT	      8C
TR1				  BIT	      8E
TXD				  BIT	      B1
VOLTA1				  CODE	    008B	  86
VOLTA2				  CODE	    0089	  85
WR				  BIT	      B6
