
ASEM-51 V1.3                                         Copyright (c) 2002 by W.W. Heinz                                         PAGE 1





       MCS-51 Family Macro Assembler   A S E M - 5 1   V 1.3
       =====================================================



	Source File:	H:\Silvio Pasta\Motor de passo\Motor de passo 4\motorindex2.asm
	Object File:	H:\Silvio Pasta\Motor de passo\Motor de passo 4\motorindex2.hex
	List File:	H:\Silvio Pasta\Motor de passo\Motor de passo 4\motorindex2.lst



 Line  I  Addr  Code            Source

    1:				; ========================================================================
    2:				; =================      ETEC Aristóteles Ferreira.     ==================
    3:				; ========          Yhan Christian Souza Silva         ===================
    4:				; =====   Programa_01  motorindex2.asm  ver. 0.0 data: 16/06/13.   =======
    5:				; ========================================================================
    6:
    7:				;MOTOR DE PASSO FULL STEP UTILIZANDO DPTR REGISTRADOR ESPECIAL DE 16 BITS
    8:				;FULL STEP 1 MAIS VELOCIDADE, MENOR TORQUE
    9:				;FULL STEP 2 MAIOR TORQUE, MENOS VELOCIDADE
   10:
   11:
   12:				;------------------------------------------------------------------------------
   13:						;EQUIVALENCIAS
   14:
   15:		N      0003		INDEX  	EQU 03H			;INDEX EQUIVALE 03H
   16:		D      0090		SAIDA  	EQU P1			;SAIDA EQUIVALE A P1
   17:		D      0080		MOSTRA 	EQU P0			;MOSTRA EQUIVALE A P2
   18:		B      00A0		SH  	EQU P2.0		;SH EQUIVALE A P2.0
   19:		B      00A7		SAH 	EQU P2.7		;SAH EQUIVALE A P2.7
   20:
   21:
   22:
   23:		N      0000		ORG 0000H			;INICIO DE PROGRAMA
   24:
   25:	  0000	75 81 60		MOV SP, #60H	   		;INDICO O INICIO DE UTILIZAÇÃO DE "LABELS"
   26:	  0003	90 00 35		MOV DPTR, #FULL_STEP1		;BUSCO ENDEREÇO INICIAL DA TABELA, UTILIZAR FULL_STEP1
   27:	  0006	75 03 03		MOV INDEX, #03	   		;INICIO INDEXAÇÃO DE TABELA
   28:				;------------------------------------------------------------------------------
   29:						;CONTROLE MOTOR
   30:
   31:	  0009	20 A0 08	DIREITA:JB SH, ESQUERDA	  	 	;VERIFICO ACIONAMENTO DO BOTÃO SH PULO PARA ESQUERDA
   32:	  000C	05 03			INC INDEX		   	;INCREMENTO INDEX
   33:	  000E	53 03 03		ANL INDEX, #03	   		;OPERAÇÃO LOGICA AND ENTRE O DADO DE INDEX E 03
   34:	  0011	12 00 21		LCALL STEP_SUB	   		;SUB-ROTINA STEP_SUB, EXECUTAR UM PASSO
   35:
   36:
   37:	  0014	20 A7 F2	ESQUERDA:JB SAH, DIREITA	  	;VERIFICO ACIONAMENTO DO BOTÃO SHA PULO PARA DIREITA
   38:	  0017	15 03			DEC INDEX		   	;DECREMENTO INDEX
   39:	  0019	53 03 03		ANL INDEX, #03	  		;OPERAÇÃO LOGICA AND ENTRE O DADO DE INDEX E 03
   40:	  001C	12 00 21		LCALL STEP_SUB	   		;SUB-ROTINA STEP_SUB, EXECUTAR UM PASSO
   41:	  001F	80 E8			SJMP DIREITA	   		;PULO PARA DIREITA
   42:
   43:				;------------------------------------------------------------------------------

ASEM-51 V1.3                                         Copyright (c) 2002 by W.W. Heinz                                         PAGE 2



 Line  I  Addr  Code            Source

   44:						;ACIONA O MOTOR DE PASSO
   45:
   46:	  0021	E5 03		STEP_SUB:MOV A, INDEX	  	        ;MOVO PARA ACC O VALOR DE INDEX
   47:	  0023	93			MOVC A, @A+DPTR	  		;BUSCO O DADO APONTADO DE A E SOMO COM DPTR
   48:	  0024	F5 90			MOV SAIDA, A	   		;MOVO O DADO DE A PARA SAIDA
   49:	  0026	F5 80			MOV MOSTRA, A	   		;MOVO O DADO DE A PARA MOSTRA
   50:	  0028	12 00 2C		LCALL TEMPO	  		;SUB-ROTINA TEMPO
   51:	  002B	22			RET				;RETORNO DE SUB-ROTINA
   52:				;------------------------------------------------------------------------------
   53:						;SUB-ROTINA DE TEMPO
   54:
   55:
   56:	  002C	78 01		TEMPO:	MOV R0, #1			;MOVO PARA R0 1
   57:	  002E	79 06			MOV R1, #6			;MOVO PARA R1 6
   58:	  0030	D8 FE		VOLTA:	DJNZ R0, $			;DECREMENTO R0, TRAVO AQUI
   59:	  0032	D9 FC			DJNZ R1, VOLTA			;DECREMENTO R1 E PULO PARA VOLTA
   60:	  0034	22			RET				;RETORNO DE SUB-ROTINA
   61:
   62:
   63:
   64:
   65:				;  ÁREA DE CONSTANTES ARMAZENADAS NA MEMÓRIA DE PROGRAMA,CONFIGURAÇÃO DPTR
   66:
   67:	  0035			FULL_STEP1:
   68:	  0035	01 02 04 08	DB 01H, 02H, 04H, 08H
   69:
   70:	  0039			FULL_STEP2:
   71:	  0039	0C 06 03 09	DB 0CH, 06H, 03H, 09H
   72:
   73:
   74:					END				;FIM DE PROGRAMA
   75:





                     register banks used:  ---

                     no errors




ASEM-51 V1.3                                         Copyright (c) 2002 by W.W. Heinz                                         PAGE 3





	       L I S T   O F   S Y M B O L S
	       =============================


SYMBOL				  TYPE     VALUE	LINE
------------------------------------------------------------
??ASEM_51			  NUMBER    8051
??VERSION			  NUMBER    0130
AC				  BIT	      D6
ACC				  DATA	      E0
B				  DATA	      F0
CY				  BIT	      D7
DIREITA				  CODE	    0009	  31
DPH				  DATA	      83
DPL				  DATA	      82
EA				  BIT	      AF
ES				  BIT	      AC
ESQUERDA			  CODE	    0014	  37
ET0				  BIT	      A9
ET1				  BIT	      AB
EX0				  BIT	      A8
EX1				  BIT	      AA
EXTI0				  CODE	    0003
EXTI1				  CODE	    0013
F0				  BIT	      D5
FULL_STEP1			  CODE	    0035	  67
FULL_STEP2			  CODE	    0039	  70
IE				  DATA	      A8
IE0				  BIT	      89
IE1				  BIT	      8B
INDEX				  NUMBER    0003	  15
INT0				  BIT	      B2
INT1				  BIT	      B3
IP				  DATA	      B8
IT0				  BIT	      88
IT1				  BIT	      8A
MOSTRA				  NUMBER    0080	  17
OV				  BIT	      D2
P				  BIT	      D0
P0				  DATA	      80
P1				  DATA	      90
P2				  DATA	      A0
P3				  DATA	      B0
PCON				  DATA	      87
PS				  BIT	      BC
PSW				  DATA	      D0
PT0				  BIT	      B9
PT1				  BIT	      BB
PX0				  BIT	      B8
PX1				  BIT	      BA
RB8				  BIT	      9A
RD				  BIT	      B7
REN				  BIT	      9C
RESET				  CODE	    0000
RI				  BIT	      98
RS0				  BIT	      D3

ASEM-51 V1.3                                         Copyright (c) 2002 by W.W. Heinz                                         PAGE 4



SYMBOL				  TYPE     VALUE	LINE
------------------------------------------------------------
RS1				  BIT	      D4
RXD				  BIT	      B0
SAH				  NUMBER    00A7	  19
SAIDA				  NUMBER    0090	  16
SBUF				  DATA	      99
SCON				  DATA	      98
SH				  NUMBER    00A0	  18
SINT				  CODE	    0023
SM0				  BIT	      9F
SM1				  BIT	      9E
SM2				  BIT	      9D
SP				  DATA	      81
STEP_SUB			  CODE	    0021	  46
T0				  BIT	      B4
T1				  BIT	      B5
TB8				  BIT	      9B
TCON				  DATA	      88
TEMPO				  CODE	    002C	  56
TF0				  BIT	      8D
TF1				  BIT	      8F
TH0				  DATA	      8C
TH1				  DATA	      8D
TI				  BIT	      99
TIMER0				  CODE	    000B
TIMER1				  CODE	    001B
TL0				  DATA	      8A
TL1				  DATA	      8B
TMOD				  DATA	      89
TR0				  BIT	      8C
TR1				  BIT	      8E
TXD				  BIT	      B1
VOLTA				  CODE	    0030	  58
WR				  BIT	      B6
