
ASEM-51 V1.3                                         Copyright (c) 2002 by W.W. Heinz                                         PAGE 1





       MCS-51 Family Macro Assembler   A S E M - 5 1   V 1.3
       =====================================================



	Source File:	H:\Silvio Pasta\Exercicios 26.04.12\Exercicio2\exercicio2.asm
	Object File:	H:\Silvio Pasta\Exercicios 26.04.12\Exercicio2\exercicio2.hex
	List File:	H:\Silvio Pasta\Exercicios 26.04.12\Exercicio2\exercicio2.lst



 Line  I  Addr  Code            Source

    1:
    2:				; =============================================================================
    3:				; =================      ETEC Aristóteles Ferreira.    ========================
    4:				; ================         Yhan Christian Souza Silva.         ================
    5:				; ===============      exercicio2.asm data: 04/05/13.    ======================

    6:				; =============================================================================
    7:
    8:
    9:				; Criar um programa que a cada tecla pressionada em P2
   10:				; acende o respectivo led em P0, ou seja,
   11:				; utilizar uma rotina de varredura de teclado.
   12:				;Acionando os botões P2.0 E P2.7 deverá acionar o Buzzer  e acender todos os Leds em P0
   13:
   14:
   15:		N      0000		ORG 0000H	;INICIO DE PROGRAMA
   16:	  0000	75 80 00	INICIO:	MOV P0,#00H	;LIMPA P0
   17:	  0003	75 A0 FF		MOV P2,#0FFH	;PREPARA P2 PARA LEITURA
   18:
   19:
   20:
   21:
   22:	  0006	20 A0 02	S0:             JB P2.0, LIMPA          ;VERIFICA O ACIONAMENTO DO BOTAO P2.0 / SE NÃO TIVER VAI PRA
				 ROTINA
   23:	  0009	D2 80			        SETB P0.0               ;SETA A PORTA P0.0
   24:
   25:	  000B	30 A0 02	LIMPA:	        JNB P2.0, S1            ;VERIFICA O DESACIONAMENTO DO BOTAO P2.0 / SE NÃO TIVER VAI
				PRA ROTINA
   26:	  000E	C2 80		                CLR P0.0                ;LIMPA A PORTA P0.0
   27:
   28:	  0010	20 A1 02	S1:             JB P2.1, LIMPA1         ;VERIFICA O ACIONAMENTO DO BOTAO P2.1 / SE NÃO TIVER VAI PRA
				 ROTINA
   29:	  0013	D2 81		                SETB P0.1               ;SETA A PORTA P0.1
   30:
   31:	  0015	30 A1 02	LIMPA1:         JNB P2.1, S2            ;VERIFICA O DESACIONAMENTO DO BOTAO P2.1 / SE NÃO TIVER VAI
				PRA ROTINA
   32:	  0018	C2 81		                CLR P0.1                ;LIMPA A PORTA P0.1
   33:
   34:	  001A	20 A2 02	S2:             JB P2.2, LIMPA2         ;VERIFICA O ACIONAMENTO DO BOTAO P2.2 / SE NÃO TIVER VAI PRA
				 ROTINA
   35:	  001D	D2 82		                SETB P0.2               ;SETA A PORTA P0.2
   36:
   37:	  001F	30 A2 02	LIMPA2:         JNB P2.2, S3            ;VERIFICA O DESACIONAMENTO DO BOTAO P2.2 / SE NÃO TIVER VAI

ASEM-51 V1.3                                         Copyright (c) 2002 by W.W. Heinz                                         PAGE 2



 Line  I  Addr  Code            Source

				PRA ROTINA
   38:	  0022	C2 82		                CLR P0.2                ;LIMPA A PORTA P0.2
   39:
   40:	  0024	20 A3 02	S3:             JB P2.3, LIMPA3         ;VERIFICA O ACIONAMENTO DO BOTAO P2.3 / SE NÃO TIVER VAI PRA
				 ROTINA
   41:	  0027	D2 83		                SETB P0.3               ;SETA A PORTA P0.3
   42:
   43:	  0029	30 A3 02	LIMPA3:         JNB P2.3, S4            ;VERIFICA O DESACIONAMENTO DO BOTAO P2.3 / SE NÃO TIVER VAI
				PRA ROTINA
   44:	  002C	C2 83		                CLR P0.3                ;LIMPA A PORTA P0.3
   45:
   46:	  002E	20 A4 02	S4:             JB P2.4, LIMPA4         ;VERIFICA O ACIONAMENTO DO BOTAO P2.4 / SE NÃO TIVER VAI PRA
				 ROTINA
   47:	  0031	D2 84		                SETB P0.4               ;SETA A PORTA P0.4
   48:
   49:	  0033	30 A4 02	LIMPA4:         JNB P2.4, S5            ;VERIFICA O DESACIONAMENTO DO BOTAO P2.4 / SE NÃO TIVER VAI
				PRA ROTINA
   50:	  0036	C2 84		                CLR P0.4                ;LIMPA A PORTA P0.4
   51:
   52:	  0038	20 A5 02	S5:             JB P2.5, LIMPA5         ;VERIFICA O ACIONAMENTO DO BOTAO P2.5 / SE NÃO TIVER VAI PRA
				 ROTINA
   53:	  003B	D2 85		                SETB P0.5               ;SETA A PORTA P0.5
   54:
   55:	  003D	30 A5 02	LIMPA5:         JNB P2.5, S6            ;VERIFICA O DESACIONAMENTO DO BOTAO P2.5 / SE NÃO TIVER VAI
				PRA ROTINA
   56:	  0040	C2 85		                CLR P0.5                ;LIMPA A PORTA P0.5
   57:
   58:	  0042	20 A6 02	S6:             JB P2.6, LIMPA6         ;VERIFICA O ACIONAMENTO DO BOTAO P2.6 / SE NÃO TIVER VAI PRA
				 ROTINA
   59:	  0045	D2 86		                SETB P0.6               ;SETA A PORTA P0.6
   60:
   61:	  0047	30 A6 02	LIMPA6:         JNB P2.6, S7            ;VERIFICA O DESACIONAMENTO DO BOTAO P2.6 / SE NÃO TIVER VAI
				PRA ROTINA
   62:	  004A	C2 86		                CLR P0.6                ;LIMPA A PORTA P0.6
   63:
   64:	  004C	20 A7 02	S7:             JB P2.7, LIMPA7         ;VERIFICA O ACIONAMENTO DO BOTAO P2.7 / SE NÃO TIVER VAI PRA
				 ROTINA
   65:	  004F	D2 87		                SETB P0.7               ;SETA A PORTA P0.7
   66:
   67:	  0051	30 A7 02	LIMPA7:         JNB P2.7, DUASCHAVES    ;VERIFICA O DESACIONAMENTO DO BOTAO P2.7 / SE NÃO TIVER VAI
				PRA ROTINA
   68:	  0054	C2 87		                CLR P0.7                ;LIMPA A PORTA P0.7
   69:
   70:	  0056	20 A0 0B	DUASCHAVES:     JB P2.0, DESLIGA        ;VERIFICA O ACIONAMENTO DO BOTAO P2.2 / SE NÃO TIVER VAI PRA
				 ROTINA
   71:	  0059	20 A7 08			JB P2.7, DESLIGA        ;VERIFICA O ACIONAMENTO DO BOTAO P2.7 / SE NÃO TIVER VAI PRA
				 ROTINA
   72:	  005C	C2 B7		                CLR P3.7                ;LIMPA P3.7
   73:	  005E	74 FF		                MOV A, #0FFH            ;MOVE PARA O ACUMULADOR O DADO 0FFH
   74:	  0060	F5 80		                MOV P0, A               ;MOVE O DADO DO ACUMULADOR PARA P0
   75:	  0062	80 9C		                SJMP INICIO
   76:
   77:	  0064	D2 B7		DESLIGA:	SETB P3.7    		;SETO O BIT DO BUZZER, FAZENDO ELE PARAR DE TOCAR

   78:
   79:

ASEM-51 V1.3                                         Copyright (c) 2002 by W.W. Heinz                                         PAGE 3



 Line  I  Addr  Code            Source

   80:	  0066	80 98		                SJMP INICIO		;PULO PARA INICIO DE PROGRAMA
   81:
   82:
   83:						END            	        ;TERMINA O PROGRAMA





                     register banks used:  ---

                     no errors




ASEM-51 V1.3                                         Copyright (c) 2002 by W.W. Heinz                                         PAGE 4





	       L I S T   O F   S Y M B O L S
	       =============================


SYMBOL				  TYPE     VALUE	LINE
------------------------------------------------------------
??ASEM_51			  NUMBER    8051
??VERSION			  NUMBER    0130
AC				  BIT	      D6
ACC				  DATA	      E0
B				  DATA	      F0
CY				  BIT	      D7
DESLIGA				  CODE	    0064	  77
DPH				  DATA	      83
DPL				  DATA	      82
DUASCHAVES			  CODE	    0056	  70
EA				  BIT	      AF
ES				  BIT	      AC
ET0				  BIT	      A9
ET1				  BIT	      AB
EX0				  BIT	      A8
EX1				  BIT	      AA
EXTI0				  CODE	    0003
EXTI1				  CODE	    0013
F0				  BIT	      D5
IE				  DATA	      A8
IE0				  BIT	      89
IE1				  BIT	      8B
INICIO				  CODE	    0000	  16
INT0				  BIT	      B2
INT1				  BIT	      B3
IP				  DATA	      B8
IT0				  BIT	      88
IT1				  BIT	      8A
LIMPA				  CODE	    000B	  25
LIMPA1				  CODE	    0015	  31
LIMPA2				  CODE	    001F	  37
LIMPA3				  CODE	    0029	  43
LIMPA4				  CODE	    0033	  49
LIMPA5				  CODE	    003D	  55
LIMPA6				  CODE	    0047	  61
LIMPA7				  CODE	    0051	  67
OV				  BIT	      D2
P				  BIT	      D0
P0				  DATA	      80
P1				  DATA	      90
P2				  DATA	      A0
P3				  DATA	      B0
PCON				  DATA	      87
PS				  BIT	      BC
PSW				  DATA	      D0
PT0				  BIT	      B9
PT1				  BIT	      BB
PX0				  BIT	      B8
PX1				  BIT	      BA
RB8				  BIT	      9A

ASEM-51 V1.3                                         Copyright (c) 2002 by W.W. Heinz                                         PAGE 5



SYMBOL				  TYPE     VALUE	LINE
------------------------------------------------------------
RD				  BIT	      B7
REN				  BIT	      9C
RESET				  CODE	    0000
RI				  BIT	      98
RS0				  BIT	      D3
RS1				  BIT	      D4
RXD				  BIT	      B0
S0				  CODE	    0006	  22
S1				  CODE	    0010	  28
S2				  CODE	    001A	  34
S3				  CODE	    0024	  40
S4				  CODE	    002E	  46
S5				  CODE	    0038	  52
S6				  CODE	    0042	  58
S7				  CODE	    004C	  64
SBUF				  DATA	      99
SCON				  DATA	      98
SINT				  CODE	    0023
SM0				  BIT	      9F
SM1				  BIT	      9E
SM2				  BIT	      9D
SP				  DATA	      81
T0				  BIT	      B4
T1				  BIT	      B5
TB8				  BIT	      9B
TCON				  DATA	      88
TF0				  BIT	      8D
TF1				  BIT	      8F
TH0				  DATA	      8C
TH1				  DATA	      8D
TI				  BIT	      99
TIMER0				  CODE	    000B
TIMER1				  CODE	    001B
TL0				  DATA	      8A
TL1				  DATA	      8B
TMOD				  DATA	      89
TR0				  BIT	      8C
TR1				  BIT	      8E
TXD				  BIT	      B1
WR				  BIT	      B6
