
ASEM-51 V1.3                                         Copyright (c) 2002 by W.W. Heinz                                         PAGE 1





       MCS-51 Family Macro Assembler   A S E M - 5 1   V 1.3
       =====================================================



	Source File:	J:\3a3caralho\progdados.asm
	Object File:	J:\3a3caralho\progdados.hex
	List File:	J:\3a3caralho\progdados.lst



 Line  I  Addr  Code            Source

    1:				; ========================================================================
    2:				; =================      ETEC Aristóteles Ferreira.     ==================
    3:				; ========          Christopher Felix da Silva Santos          ===========
    4:				; =====   Programa_01  progdados.asm  ver. 0.0 data: 26/03/13.   =========
    5:				; ========================================================================
    6:
    7:				;DIRETIVAS:
    8:				; Este exercício tem como função treinar a utilização de diretivas de programação e
    9:				; entrada de valores no programa
   10:
   11:		N      00FF	           CONST EQU 0FFH
   12:
   13:		N      0000	           ORG 0000H            	; End. de início do programa na ROM
   14:
   15:	  0000	78 C5		           MOV R0, #LOW(2FC5H) 	        ; Coloca o LSB do valor em R0
   16:	  0002	75 F0 37	           MOV B,   #(255-200)         	; Coloca o resultado da operação em B
   17:	  0005	74 19		           MOV A,   #25                 ; Coloca o valor 25 decimal no acumulador.
   18:	  0007	79 FF		           MOV R1, #CONST         	; Coloca o valor da constante em R1
   19:	  0009	74 55		           MOV A, #01010101B      	; Colocar em ACC o valor 01010101B
   20:	  000B	78 41		           MOV R0, #'A'          	; Colocar em R0 o código ASCII da letra A
   21:	  000D	79 10		           MOV R1, #10H          	; Colocar em R1 o valor 10 em hexadecimal
   22:	  000F	7A FF		           MOV R2, #0FFH         	; Colocar em R2 o valor FF em hexadecimal
   23:	  0011	7B 0A		           MOV R3, #10           	; Colocar em R3 o valor 10 em decimal
   24:	  0013	7C 0F		           MOV R4, #HIGH(0F5CH)  	; Colocar em R4 o byte + significativo de 0F5CH
   25:	  0015	75 F0 5C	           MOV B, #LOW(0F5CH)    	; Colocar em B o byte - significativo de 0F5CH
   26:	  0018	74 0A		           MOV A, #(255-245)     	; Colocar em ACC o resultado da conta (255-245)
   27:
   28:				           END                  	; Diretiva de fim de programa p/ o compilador.





                     register banks used:  ---

                     no errors




ASEM-51 V1.3                                         Copyright (c) 2002 by W.W. Heinz                                         PAGE 2





	       L I S T   O F   S Y M B O L S
	       =============================


SYMBOL				  TYPE     VALUE	LINE
------------------------------------------------------------
??ASEM_51			  NUMBER    8051
??VERSION			  NUMBER    0130
AC				  BIT	      D6
ACC				  DATA	      E0
B				  DATA	      F0
CONST				  NUMBER    00FF	  11
CY				  BIT	      D7
DPH				  DATA	      83
DPL				  DATA	      82
EA				  BIT	      AF
ES				  BIT	      AC
ET0				  BIT	      A9
ET1				  BIT	      AB
EX0				  BIT	      A8
EX1				  BIT	      AA
EXTI0				  CODE	    0003
EXTI1				  CODE	    0013
F0				  BIT	      D5
IE				  DATA	      A8
IE0				  BIT	      89
IE1				  BIT	      8B
INT0				  BIT	      B2
INT1				  BIT	      B3
IP				  DATA	      B8
IT0				  BIT	      88
IT1				  BIT	      8A
OV				  BIT	      D2
P				  BIT	      D0
P0				  DATA	      80
P1				  DATA	      90
P2				  DATA	      A0
P3				  DATA	      B0
PCON				  DATA	      87
PS				  BIT	      BC
PSW				  DATA	      D0
PT0				  BIT	      B9
PT1				  BIT	      BB
PX0				  BIT	      B8
PX1				  BIT	      BA
RB8				  BIT	      9A
RD				  BIT	      B7
REN				  BIT	      9C
RESET				  CODE	    0000
RI				  BIT	      98
RS0				  BIT	      D3
RS1				  BIT	      D4
RXD				  BIT	      B0
SBUF				  DATA	      99
SCON				  DATA	      98
SINT				  CODE	    0023

ASEM-51 V1.3                                         Copyright (c) 2002 by W.W. Heinz                                         PAGE 3



SYMBOL				  TYPE     VALUE	LINE
------------------------------------------------------------
SM0				  BIT	      9F
SM1				  BIT	      9E
SM2				  BIT	      9D
SP				  DATA	      81
T0				  BIT	      B4
T1				  BIT	      B5
TB8				  BIT	      9B
TCON				  DATA	      88
TF0				  BIT	      8D
TF1				  BIT	      8F
TH0				  DATA	      8C
TH1				  DATA	      8D
TI				  BIT	      99
TIMER0				  CODE	    000B
TIMER1				  CODE	    001B
TL0				  DATA	      8A
TL1				  DATA	      8B
TMOD				  DATA	      89
TR0				  BIT	      8C
TR1				  BIT	      8E
TXD				  BIT	      B1
WR				  BIT	      B6
