MPASM 5.74                    CONTADOR01.ASM   10-19-2017  17:35:45         PAGE  1


LOC  OBJECT CODE     LINE SOURCE TEXT
  VALUE

                      00001 ;==============================================================================
                      00002 ; EXEMPLO 02 - CONTADOR SIMPLIFICADO 
                      00003 ; BASEADO EM ESTUDOS COM O PIC16F628A
                      00004 ; AUTOR: YHAN CHRISTIAN SOUZA SILVA 
                      00005 ;==============================================================================
                      00006 
                      00007 ;==============================================================================
                      00008 ; DEFINIÇÕES INICIAIS DO HARDWARE
                      00009 ;==============================================================================
                      00010 #INCLUDE <P16F628.INC> ; ARQUIVO PADRÃO MICROCHIP PARA O MODELO DE PIC
                      00001         LIST
                      00002 
                      00003 ;==========================================================================
                      00004 ; Build date : May 17 2017
                      00005 ;  MPASM PIC16F628 processor include
                      00006 ; 
                      00007 ;  (c) Copyright 1999-2017 Microchip Technology, All rights reserved
                      00008 ;==========================================================================
                      00009 
Message[301]: MESSAGE: (Processor-header file mismatch.  Verify selected processor.)
                      00382         LIST
                      00011     
2007   3F61           00012     __CONFIG _BOREN_ON & _CP_OFF & _PWRTE_ON & _WDT_OFF & _LVP_OFF & _MCLRE_ON & _XT_OSC
                      00013 ;==============================================================================
                      00014 ; DEFINES PARA FACILITAR COMANDOS DE MUDANÇA DE BANCOS
                      00015 ;==============================================================================     
                      00016 #DEFINE BANK0 BCF STATUS, RP0
                      00017 #DEFINE BANK1 BSF STATUS, RP0
                      00018 
                      00019 ;==============================================================================
                      00020 ; DEFINIÇÃO DE ENDEREÇO DE VARIAVEIS
                      00021 ;==============================================================================         
                      00022     CBLOCK 0X20
  00000020            00023         CONT
  00000021            00024         FLAGS
  00000022            00025         FILTRO_BOTAO
                      00026     ENDC
                      00027 
                      00028 ;==============================================================================
                      00029 ; DEFINIÇÃO DE FLAGS INTERNOS
                      00030 ;==============================================================================
                      00031 
                      00032 #DEFINE SENTIDO FLAGS, 0 ; 0 -> SOMA 1 -> SUBTRAI
                      00033 
                      00034 ;==============================================================================
                      00035 ; CONSTANTES
                      00036 ;==============================================================================
                      00037 
  0000000A            00038 MINIMO EQU .10
  0000001E            00039 MAXIMO EQU .30
  000000E6            00040 TEMPO_FILTRO EQU .230
                      00041     
                      00042 ;==============================================================================
MPASM 5.74                    CONTADOR01.ASM   10-19-2017  17:35:45         PAGE  2


LOC  OBJECT CODE     LINE SOURCE TEXT
  VALUE

                      00043 ; ENTRADAS E SAÍDAS 
                      00044 ;==============================================================================
                      00045     
                      00046 #DEFINE BOTAO PORTA, 2 ;DEFINE BOTÃO RA2 0 -> PRESSIONADO 1 -> LIBERADO
                      00047     
                      00048 ;==============================================================================
                      00049 ; VETOR DE RESET
                      00050 ;==============================================================================    
                      00051     ORG 0X00
0000   2???           00052     GOTO SETUP
                      00053 
                      00054 ;==============================================================================
                      00055 ; INICIO DO PROGRAMA - SETUP 
                      00056 ; LIMPA PORTA A E PORTB, MOVE PARA BANK 1 CARREGANDO TRISA E TRISB, CONFIGURA 
                      00057 ; PRESCALER 1:2 NO TMR0 DESABILITANDO PULL UPS INTERNOS, DESLIGA INTERRUPÇÕES E
                      00058 ; POR FIM VOLTO AO BANK 0 E DESABILITO COMPARADORES E INICIALIZO AS VARIAVEIS
                      00059 ;==============================================================================    
0001                  00060 SETUP
0001   1683           00061     BANK1
0002   3004           00062     MOVLW B'00000100'
Message[302]: Register in operand not in bank 0.  Ensure that bank bits are correct.
0003   0085           00063     MOVWF TRISA
0004   3000           00064     MOVLW B'00000000'
Message[302]: Register in operand not in bank 0.  Ensure that bank bits are correct.
0005   0086           00065     MOVWF TRISB
0006   3080           00066     MOVLW B'10000000'
Message[302]: Register in operand not in bank 0.  Ensure that bank bits are correct.
0007   0081           00067     MOVWF OPTION_REG
0008   3000           00068     MOVLW B'00000000'
0009   008B           00069     MOVWF INTCON
000A   1283           00070     BANK0
000B   3007           00071     MOVLW B'00000111'
000C   009F           00072     MOVWF CMCON
                      00073     
000D   0185           00074     CLRF PORTA
000E   0186           00075     CLRF PORTB
000F   300A           00076     MOVLW MINIMO
0010   00A0           00077     MOVWF CONT
                      00078     
                      00079 ;==============================================================================
                      00080 ; ROTINA PRINCIPAL 
                      00081 ; VERIFICA-SE O ESTADO DO BOTÃO (CHECA_BOTAO), (TRATA_BOTAO) CHECA SENTIDO SE É 
                      00082 ; SOMA ->0 OU SUBTRAÇÃO-> 1 / SUBTRAÇÃO DECREMENTA CONT,VERIFICA O VALOR
                      00083 ; MINIMO / SOMA INCREMENTA CONT, VERIFICA O VALOR MAXIMO. (ATUALIZA) ENVIA PARA 
                      00084 ; O PORTB A INFORMAÇÃO E VERIFICA SE BOTÃO ESTÁ PRESSIONADO, SE NÃO ESTIVER 
                      00085 ; RETORNA AO LOOP PRINCIPAL
                      00086 ;==============================================================================
0011                  00087 MAIN
0011   30E6           00088     MOVLW TEMPO_FILTRO
0012   00A2           00089     MOVWF FILTRO_BOTAO
                      00090 
0013                  00091 CHECA_BOTAO
0013   1905           00092     BTFSC BOTAO
MPASM 5.74                    CONTADOR01.ASM   10-19-2017  17:35:45         PAGE  3


LOC  OBJECT CODE     LINE SOURCE TEXT
  VALUE

0014   2???           00093     GOTO MAIN
0015   0BA2           00094     DECFSZ FILTRO_BOTAO, F
0016   2???           00095     GOTO CHECA_BOTAO
                      00096     
0017                  00097 TRATA_BOTAO
0017   1C21           00098     BTFSS SENTIDO
0018   2???           00099     GOTO SOMA
                      00100 
0019                  00101 SUBTRACAO
0019   03A0           00102     DECF CONT, F
001A   300A           00103     MOVLW MINIMO
001B   0220           00104     SUBWF CONT, W
001C   1803           00105     BTFSC STATUS, C
001D   2???           00106     GOTO ATUALIZA
001E   0AA0           00107     INCF CONT, F
001F   1021           00108     BCF SENTIDO
0020   2???           00109     GOTO MAIN
                      00110 
0021                  00111 SOMA
0021   0AA0           00112     INCF CONT, F
0022   301E           00113     MOVLW MAXIMO
0023   0220           00114     SUBWF CONT, W
0024   1C03           00115     BTFSS STATUS, C
0025   2???           00116     GOTO ATUALIZA
0026   1421           00117     BSF SENTIDO
0027   2???           00118     GOTO MAIN
                      00119 
0028                  00120 ATUALIZA
0028   0820           00121     MOVF CONT, W
0029   0086           00122     MOVWF PORTB
002A   1D05           00123     BTFSS BOTAO
002B   2???           00124     GOTO $-1
002C   2???           00125     GOTO MAIN
                      00126 
                      00127 ;==============================================================================
                      00128 ; TERMINO DE PROGRAMA
                      00129 ;==============================================================================
3F61                  00130     END
MPASM 5.74                    CONTADOR01.ASM   10-19-2017  17:35:45         PAGE  4


SYMBOL TABLE
  LABEL                             VALUE 

ADDEN                             00000003
ADEN                              00000003
ATUALIZA                          00000028
BANK0                             BCF STATUS, RP0
BANK1                             BSF STATUS, RP0
BOTAO                             PORTA, 2
BRGH                              00000002
C                                 00000000
C1INV                             00000004
C1OUT                             00000006
C2INV                             00000005
C2OUT                             00000007
CCP1CON                           00000017
CCP1IE                            00000002
CCP1IF                            00000002
CCP1M0                            00000000
CCP1M1                            00000001
CCP1M2                            00000002
CCP1M3                            00000003
CCP1X                             00000005
CCP1Y                             00000004
CCPR1                             00000015
CCPR1H                            00000016
CCPR1L                            00000015
CHECA_BOTAO                       00000013
CIS                               00000003
CM0                               00000000
CM1                               00000001
CM2                               00000002
CMCON                             0000001F
CMIE                              00000006
CMIF                              00000006
CONT                              00000020
CREN                              00000004
CSRC                              00000007
DATA_CP_OFF                       00003FFF
DATA_CP_ON                        00003EFF
DC                                00000001
EEADR                             0000009B
EECON1                            0000009C
EECON2                            0000009D
EEDATA                            0000009A
EEIE                              00000007
EEIF                              00000007
F                                 00000001
FERR                              00000002
FILTRO_BOTAO                      00000022
FLAGS                             00000021
FSR                               00000004
GIE                               00000007
INDF                              00000000
INTCON                            0000000B
INTE                              00000004
MPASM 5.74                    CONTADOR01.ASM   10-19-2017  17:35:45         PAGE  5


SYMBOL TABLE
  LABEL                             VALUE 

INTEDG                            00000006
INTF                              00000001
IRP                               00000007
MAIN                              00000011
MAXIMO                            0000001E
MINIMO                            0000000A
NOT_BO                            00000000
NOT_BOD                           00000000
NOT_BOR                           00000000
NOT_PD                            00000003
NOT_POR                           00000001
NOT_RBPU                          00000007
NOT_T1SYNC                        00000002
NOT_TO                            00000004
OERR                              00000001
OPTION_REG                        00000081
OSCF                              00000003
PCL                               00000002
PCLATH                            0000000A
PCON                              0000008E
PEIE                              00000006
PIE1                              0000008C
PIR1                              0000000C
PORTA                             00000005
PORTB                             00000006
PR2                               00000092
PS0                               00000000
PS1                               00000001
PS2                               00000002
PSA                               00000003
RA0                               00000000
RA1                               00000001
RA2                               00000002
RA3                               00000003
RA4                               00000004
RA5                               00000005
RA6                               00000006
RA7                               00000007
RB0                               00000000
RB1                               00000001
RB2                               00000002
RB3                               00000003
RB4                               00000004
RB5                               00000005
RB6                               00000006
RB7                               00000007
RBIE                              00000003
RBIF                              00000000
RCIE                              00000005
RCIF                              00000005
RCREG                             0000001A
RCSTA                             00000018
RD                                00000000
MPASM 5.74                    CONTADOR01.ASM   10-19-2017  17:35:45         PAGE  6


SYMBOL TABLE
  LABEL                             VALUE 

RP0                               00000005
RP1                               00000006
RX9                               00000006
RX9D                              00000000
SENTIDO                           FLAGS, 0
SETUP                             00000001
SOMA                              00000021
SPBRG                             00000099
SPEN                              00000007
SREN                              00000005
STATUS                            00000003
SUBTRACAO                         00000019
SYNC                              00000004
T0CS                              00000005
T0IE                              00000005
T0IF                              00000002
T0SE                              00000004
T1CKPS0                           00000004
T1CKPS1                           00000005
T1CON                             00000010
T1OSCEN                           00000003
T2CKPS0                           00000000
T2CKPS1                           00000001
T2CON                             00000012
TEMPO_FILTRO                      000000E6
TMR0                              00000001
TMR0IE                            00000005
TMR0IF                            00000002
TMR1                              0000000E
TMR1CS                            00000001
TMR1H                             0000000F
TMR1IE                            00000000
TMR1IF                            00000000
TMR1L                             0000000E
TMR1ON                            00000000
TMR2                              00000011
TMR2IE                            00000001
TMR2IF                            00000001
TMR2ON                            00000002
TOUTPS0                           00000003
TOUTPS1                           00000004
TOUTPS2                           00000005
TOUTPS3                           00000006
TRATA_BOTAO                       00000017
TRISA                             00000085
TRISA0                            00000000
TRISA1                            00000001
TRISA2                            00000002
TRISA3                            00000003
TRISA4                            00000004
TRISA5                            00000005
TRISA6                            00000006
TRISA7                            00000007
MPASM 5.74                    CONTADOR01.ASM   10-19-2017  17:35:45         PAGE  7


SYMBOL TABLE
  LABEL                             VALUE 

TRISB                             00000086
TRISB0                            00000000
TRISB1                            00000001
TRISB2                            00000002
TRISB3                            00000003
TRISB4                            00000004
TRISB5                            00000005
TRISB6                            00000006
TRISB7                            00000007
TRMT                              00000001
TX9                               00000006
TX9D                              00000000
TXEN                              00000005
TXIE                              00000004
TXIF                              00000004
TXREG                             00000019
TXSTA                             00000098
VR0                               00000000
VR1                               00000001
VR2                               00000002
VR3                               00000003
VRCON                             0000009F
VREN                              00000007
VROE                              00000006
VRR                               00000005
W                                 00000000
WR                                00000001
WREN                              00000002
WRERR                             00000003
Z                                 00000002
_.org_0_002B                      0000002B
_BODEN_OFF                        00003FBF
_BODEN_ON                         00003FFF
_BOREN_OFF                        00003FBF
_BOREN_ON                         00003FFF
_CONFIG                           00002007
_CPD_OFF                          00003FFF
_CPD_ON                           00003EFF
_CP_50                            00002BFF
_CP_75                            000017FF
_CP_ALL                           000003FF
_CP_OFF                           00003FFF
_DEVID1                           00002006
_ER_OSC_CLKOUT                    00003FFF
_ER_OSC_NOCLKOUT                  00003FFE
_EXTCLK_OSC                       00003FEF
_FOSC_ECIO                        00003FEF
_FOSC_ERCLK                       00003FFF
_FOSC_ERIO                        00003FFE
_FOSC_HS                          00003FEE
_FOSC_INTOSCCLK                   00003FFD
_FOSC_INTOSCIO                    00003FFC
_FOSC_LP                          00003FEC
MPASM 5.74                    CONTADOR01.ASM   10-19-2017  17:35:45         PAGE  8


SYMBOL TABLE
  LABEL                             VALUE 

_FOSC_XT                          00003FED
_HS_OSC                           00003FEE
_IDLOC0                           00002000
_IDLOC1                           00002001
_IDLOC2                           00002002
_IDLOC3                           00002003
_INTRC_OSC_CLKOUT                 00003FFD
_INTRC_OSC_NOCLKOUT               00003FFC
_LP_OSC                           00003FEC
_LVP_OFF                          00003F7F
_LVP_ON                           00003FFF
_MCLRE_OFF                        00003FDF
_MCLRE_ON                         00003FFF
_PWRTE_OFF                        00003FFF
_PWRTE_ON                         00003FF7
_WDTE_OFF                         00003FFB
_WDTE_ON                          00003FFF
_WDT_OFF                          00003FFB
_WDT_ON                           00003FFF
_XT_OSC                           00003FED
__16F628A                         00000001

Errors   :     0
Warnings :     0 reported,     0 suppressed
Messages :     4 reported,     0 suppressed

