
ASEM-51 V1.3                                         Copyright (c) 2002 by W.W. Heinz                                         PAGE 1





       MCS-51 Family Macro Assembler   A S E M - 5 1   V 1.3
       =====================================================



	Source File:	H:\Silvio Pasta\Motor de passo\Motor de passo 2\motorpasso2.asm
	Object File:	H:\Silvio Pasta\Motor de passo\Motor de passo 2\motorpasso2.hex
	List File:	H:\Silvio Pasta\Motor de passo\Motor de passo 2\motorpasso2.lst



 Line  I  Addr  Code            Source

    1:				; ========================================================================
    2:				; =================      ETEC Aristóteles Ferreira.     ==================
    3:				; ========          Yhan Christian Souza Silva         ===================
    4:				; =====   Programa_01  motordepasso2.asm  ver. 0.0 data: 16/06/13.  ======
    5:				; ========================================================================
    6:
    7:
    8:				;Motor de passo botão de liga/desliga c/ inversão 2
    9:
   10:
   11:
   12:
   13:		N      0000		ORG 0000H	        	;INICIO DE PROGRAMA
   14:	  0000	75 A0 FF		MOV P2, # 0FFH  	 	;PREPARO P2 PARA LEITURA
   15:	  0003	D2 B2			SETB P3.2           		;SETO P3.2 PREPARANDO PARA LEITURA
   16:	  0005	74 66			MOV A, #66H      		;MOVO O DADO 66H PARA ACC, CARREGANDO SEQUENCIA DE HALF-STEP

   17:
   18:
   19:
   20:	  0007	30 A0 09	S1:	JNB P2.0, S0       		;VERIFICO ACIONAMENTO DO BOTÃO PULO PARA S0
   21:	  000A	75 80 00		MOV P0, #00H     		;MOVO O DADO 00H PARA P0
   22:	  000D	75 90 00		MOV P1, #00H     		;LIMPO P1
   23:	  0010	20 A0 FD		JB P2.0, $	        	;TRAVO NA LINHA AGUARDO LIBERAÇÃO DO BOTÃO
   24:
   25:	  0013	20 B2 07	S0:	JB P3.2, S2	      		;VERIFICO ACIONAMENTO DO BOTÃO PULO PARA S2
   26:	  0016	B3			CPL C	       			;COMPLEMENTO CARRY
   27:	  0017	30 B2 FD		JNB P3.2, $	      		;TRAVO NA LINHA AGUARDO LIBERAÇÃO DO BOTÃO
   28:	  001A	12 00 42		LCALL DELAY    			;SUB-ROTINA DELAY
   29:	  001D	40 02		S2:	JC LOOP	      			;SALTO PARA LOOP SE CARRY FOR "1"
   30:	  001F	80 0A			SJMP LOOP1   			;SALTO PARA LOOP SE CARRY FOR "0"
   31:
   32:	  0021	F5 80		LOOP:	MOV P0, A	      		;MOVO PARA P0 O DADO DE ACC
   33:	  0023	F5 90			MOV P1, A	      		;ACIONO MOTOR DE PASSO
   34:	  0025	12 00 35		LCALL TEMPO  			;SUB-ROTINA TEMPO
   35:	  0028	03			RR A	      			;ROTACIONO O DADO DE ACC PARA DIREITA
   36:	  0029	80 DC			SJMP S1	      			;SALTO PARA S1
   37:
   38:	  002B	F5 80		LOOP1:	MOV P0, A  			;MOVO PARA P0 O DADO DE ACC
   39:	  002D	F5 90			MOV P1, A			;ACIONO MOTOR DE PASSO
   40:	  002F	12 00 35		LCALL TEMPO  			;SUB-ROTINA TEMPO
   41:	  0032	23			RL A				;ROTACIONO O DADO DE ACC PARA ESQUERDA
   42:	  0033	80 D2			SJMP S1				;SALTO PARA S1

ASEM-51 V1.3                                         Copyright (c) 2002 by W.W. Heinz                                         PAGE 2



 Line  I  Addr  Code            Source

   43:
   44:				;-----------------------------------------------------------------------------------
   45:						;SUB-ROTINA TEMPO/DELAY
   46:
   47:
   48:	  0035	78 01		TEMPO: 	MOV R0,#1			;MOVO PARA R0 1
   49:	  0037	79 FA		VOLTA2: MOV R1,#250       		;MOVO PARA R1 250
   50:	  0039	7A FA		VOLTA1: MOV R2,#250       	        ;MOVO PARA R2 250
   51:	  003B	DA FE			DJNZ R2,$         	        ;DECREMENTO R2, TRAVO AQUI
   52:	  003D	D9 FA			DJNZ R1,VOLTA1    	        ;DECREMENTO R1 E PULO PARA VOLTA 1
   53:	  003F	D8 F6			DJNZ R0,VOLTA2    	        ;DECREMENTO R0 E PULO PARA VOLTA 2
   54:	  0041	22			RET               		;RETORNO DE SUB-ROTINA
   55:
   56:	  0042	78 02		DELAY: 	MOV R0,#2  			;MOVO PARA R0 2
   57:	  0044	79 0A		J2: 	MOV R1,#10       		;MOVO PARA R1 10
   58:	  0046	7A FA		J1: 	MOV R2,#250     		;MOVO PARA R2 250
   59:	  0048	DA FE			DJNZ R2,$         		;DECREMENTO R2, TRAVO AQUI
   60:	  004A	D9 FA			DJNZ R1,J1    	          	;DECREMENTO R1 E PULO PARA J1
   61:	  004C	D8 F6			DJNZ R0,J2    	          	;DECREMENTO R0 E PULO PARA J2
   62:	  004E	22			RET               		;RETORNO DE SUB-ROTINA
   63:
   64:
   65:					END				;FIM DE PROGRAMA
   66:
   67:
   68:





                     register banks used:  ---

                     no errors




ASEM-51 V1.3                                         Copyright (c) 2002 by W.W. Heinz                                         PAGE 3





	       L I S T   O F   S Y M B O L S
	       =============================


SYMBOL				  TYPE     VALUE	LINE
------------------------------------------------------------
??ASEM_51			  NUMBER    8051
??VERSION			  NUMBER    0130
AC				  BIT	      D6
ACC				  DATA	      E0
B				  DATA	      F0
CY				  BIT	      D7
DELAY				  CODE	    0042	  56
DPH				  DATA	      83
DPL				  DATA	      82
EA				  BIT	      AF
ES				  BIT	      AC
ET0				  BIT	      A9
ET1				  BIT	      AB
EX0				  BIT	      A8
EX1				  BIT	      AA
EXTI0				  CODE	    0003
EXTI1				  CODE	    0013
F0				  BIT	      D5
IE				  DATA	      A8
IE0				  BIT	      89
IE1				  BIT	      8B
INT0				  BIT	      B2
INT1				  BIT	      B3
IP				  DATA	      B8
IT0				  BIT	      88
IT1				  BIT	      8A
J1				  CODE	    0046	  58
J2				  CODE	    0044	  57
LOOP				  CODE	    0021	  32
LOOP1				  CODE	    002B	  38
OV				  BIT	      D2
P				  BIT	      D0
P0				  DATA	      80
P1				  DATA	      90
P2				  DATA	      A0
P3				  DATA	      B0
PCON				  DATA	      87
PS				  BIT	      BC
PSW				  DATA	      D0
PT0				  BIT	      B9
PT1				  BIT	      BB
PX0				  BIT	      B8
PX1				  BIT	      BA
RB8				  BIT	      9A
RD				  BIT	      B7
REN				  BIT	      9C
RESET				  CODE	    0000
RI				  BIT	      98
RS0				  BIT	      D3
RS1				  BIT	      D4

ASEM-51 V1.3                                         Copyright (c) 2002 by W.W. Heinz                                         PAGE 4



SYMBOL				  TYPE     VALUE	LINE
------------------------------------------------------------
RXD				  BIT	      B0
S0				  CODE	    0013	  25
S1				  CODE	    0007	  20
S2				  CODE	    001D	  29
SBUF				  DATA	      99
SCON				  DATA	      98
SINT				  CODE	    0023
SM0				  BIT	      9F
SM1				  BIT	      9E
SM2				  BIT	      9D
SP				  DATA	      81
T0				  BIT	      B4
T1				  BIT	      B5
TB8				  BIT	      9B
TCON				  DATA	      88
TEMPO				  CODE	    0035	  48
TF0				  BIT	      8D
TF1				  BIT	      8F
TH0				  DATA	      8C
TH1				  DATA	      8D
TI				  BIT	      99
TIMER0				  CODE	    000B
TIMER1				  CODE	    001B
TL0				  DATA	      8A
TL1				  DATA	      8B
TMOD				  DATA	      89
TR0				  BIT	      8C
TR1				  BIT	      8E
TXD				  BIT	      B1
VOLTA1				  CODE	    0039	  50
VOLTA2				  CODE	    0037	  49
WR				  BIT	      B6
