
ASEM-51 V1.3                                         Copyright (c) 2002 by W.W. Heinz                                         PAGE 1





       MCS-51 Family Macro Assembler   A S E M - 5 1   V 1.3
       =====================================================



	Source File:	G:\Silvio Pasta\Ex.10\progarit2.asm
	Object File:	G:\Silvio Pasta\Ex.10\progarit2.hex
	List File:	G:\Silvio Pasta\Ex.10\progarit2.lst



 Line  I  Addr  Code            Source

    1:				; ========================================================================
    2:				; =================      ETEC Aristóteles Ferreira.     ==================
    3:				; ========          Yhan Christian Souza Silva         ===========
    4:				; =====   Programa_10  progarit2.asm  ver. 0.0 data: 02/04/13.   =========
    5:				; ========================================================================
    6:
    7:
    8:				 ; INSTRUÇÕES ARITMÉTICAS
    9:
   10:					; Exemplo de programa para utilização de instruções matemáticas, nele dividiremos os
   11:				        ; valores de 8 Bits e guardaremos o resultado que fica em ACC em R1 e o resto presente em
   12:				         ; B em R2 lembrando que a instrução de  divisão DIV só é realizada entre os registradores.
   13:
   14:				; Acc e B ->  Acc dividido por B.
   15:				; -> B fica o Resto da Divisão.
   16:				; -> Acc fica o Quociente da Divisão.
   17:
   18:		N      0000	        		ORG 0000H   	; End. de início do programa.
   19:
   20:	  0000	74 64		        		MOV A, # 100  	; Coloco o valor decimal em Acc.
   21:	  0002	75 F0 0B	        		MOV B, # 11   	; Coloco o valor decimal em B.
   22:
   23:	  0005	84		        		DIV AB   	; Divido conteúdo de Acc pelo conteúdo de B.
   24:
   25:	  0006	AA F0		        		MOV R2, B    	; Guardo o resto em R2.
   26:	  0008	F9		        		MOV R1, A    	; Guardo o resultado em R1.
   27:
   28:	  0009	80 FE		        		SJMP $      	; Trava o programa nesta linha.
   29:				        		END         	; Fim de compilação.





                     register banks used:  ---

                     no errors




ASEM-51 V1.3                                         Copyright (c) 2002 by W.W. Heinz                                         PAGE 2





	       L I S T   O F   S Y M B O L S
	       =============================


SYMBOL				  TYPE     VALUE	LINE
------------------------------------------------------------
??ASEM_51			  NUMBER    8051
??VERSION			  NUMBER    0130
AC				  BIT	      D6
ACC				  DATA	      E0
B				  DATA	      F0
CY				  BIT	      D7
DPH				  DATA	      83
DPL				  DATA	      82
EA				  BIT	      AF
ES				  BIT	      AC
ET0				  BIT	      A9
ET1				  BIT	      AB
EX0				  BIT	      A8
EX1				  BIT	      AA
EXTI0				  CODE	    0003
EXTI1				  CODE	    0013
F0				  BIT	      D5
IE				  DATA	      A8
IE0				  BIT	      89
IE1				  BIT	      8B
INT0				  BIT	      B2
INT1				  BIT	      B3
IP				  DATA	      B8
IT0				  BIT	      88
IT1				  BIT	      8A
OV				  BIT	      D2
P				  BIT	      D0
P0				  DATA	      80
P1				  DATA	      90
P2				  DATA	      A0
P3				  DATA	      B0
PCON				  DATA	      87
PS				  BIT	      BC
PSW				  DATA	      D0
PT0				  BIT	      B9
PT1				  BIT	      BB
PX0				  BIT	      B8
PX1				  BIT	      BA
RB8				  BIT	      9A
RD				  BIT	      B7
REN				  BIT	      9C
RESET				  CODE	    0000
RI				  BIT	      98
RS0				  BIT	      D3
RS1				  BIT	      D4
RXD				  BIT	      B0
SBUF				  DATA	      99
SCON				  DATA	      98
SINT				  CODE	    0023
SM0				  BIT	      9F

ASEM-51 V1.3                                         Copyright (c) 2002 by W.W. Heinz                                         PAGE 3



SYMBOL				  TYPE     VALUE	LINE
------------------------------------------------------------
SM1				  BIT	      9E
SM2				  BIT	      9D
SP				  DATA	      81
T0				  BIT	      B4
T1				  BIT	      B5
TB8				  BIT	      9B
TCON				  DATA	      88
TF0				  BIT	      8D
TF1				  BIT	      8F
TH0				  DATA	      8C
TH1				  DATA	      8D
TI				  BIT	      99
TIMER0				  CODE	    000B
TIMER1				  CODE	    001B
TL0				  DATA	      8A
TL1				  DATA	      8B
TMOD				  DATA	      89
TR0				  BIT	      8C
TR1				  BIT	      8E
TXD				  BIT	      B1
WR				  BIT	      B6
