
ASEM-51 V1.3                                         Copyright (c) 2002 by W.W. Heinz                                         PAGE 1





       MCS-51 Family Macro Assembler   A S E M - 5 1   V 1.3
       =====================================================



	Source File:	H:\Silvio Pasta\Motor de passo\Motor de passo 3\motorindex.asm
	Object File:	H:\Silvio Pasta\Motor de passo\Motor de passo 3\motorindex.hex
	List File:	H:\Silvio Pasta\Motor de passo\Motor de passo 3\motorindex.lst



 Line  I  Addr  Code            Source

    1:				; ========================================================================
    2:				; =================      ETEC Aristóteles Ferreira.     ==================
    3:				; ========          Yhan Christian Souza Silva         ===================
    4:				; =====   Programa_01  motorindex.asm  ver. 0.0 data: 16/06/13.   ========
    5:				; ========================================================================
    6:
    7:				;Motor de passo full-step and half-step
    8:				;Exemplo de indexação 1
    9:
   10:
   11:
   12:
   13:		N      0000		ORG 0000H			;INICIO DE PROGRAMA
   14:	  0000	75 81 60		MOV SP, #60H			;HABILITO A UTILIZAÇÃO DE "LABELS" DEPOIS DE 60H
   15:	  0003	D2 A0			SETB P2.0			;SETO P2.0
   16:	  0005	D2 B2			SETB P3.2			;SETO P3.2
   17:
   18:				;-----------------------------------------------------------------------------------------
   19:						;CONFIGURAÇÃO DE PASSOS
   20:
   21:	  0007	75 30 08	INIT:	MOV 30H, #08H   		;MOVO O DADO 08H PARA A POSIÇÃO DA RAM 30H
   22:	  000A	75 31 0C		MOV 31H, #0CH   		;MOVO O DADO 0CH PARA A POSIÇÃO DA RAM 31H
   23:	  000D	75 32 04		MOV 32H, #04H   		;MOVO O DADO 04H PARA A POSIÇÃO DA RAM 32H
   24:	  0010	75 33 06		MOV 33H, #06H   		;MOVO O DADO 06H PARA A POSIÇÃO DA RAM 33H
   25:	  0013	75 34 02		MOV 34H, #02H   		;MOVO O DADO 02H PARA A POSIÇÃO DA RAM 34H
   26:	  0016	75 35 03		MOV 35H, #03H   		;MOVO O DADO 03H PARA A POSIÇÃO DA RAM 35H
   27:	  0019	75 36 01		MOV 36H, #01H   		;MOVO O DADO 01H PARA A POSIÇÃO DA RAM 36H
   28:	  001C	75 37 09		MOV 37H, #09H  			;MOVO O DADO 09H PARA A POSIÇÃO DA RAM 37H
   29:
   30:
   31:	  001F	78 30			MOV R0, #30H     		;MOVO O DADO 30H PARA R0
   32:	  0021	12 00 40		LCALL TEMPO			;SUB-ROTINA TEMPO
   33:
   34:	  0024	86 90		S1:	MOV P1, @R0    			;MOVO PARA P1 O DADO ENDEREÇADO R0
   35:	  0026	86 80			MOV P0, @R0    			;MOVO PARA P0 O DADO ENDEREÇADO R0
   36:	  0028	12 00 40		LCALL TEMPO  			;SUB-ROTINA TEMPO
   37:
   38:
   39:	  002B	20 A0 09		JB P2.0, DOWN        		;VERIFICO TECLA ACIONADA PULO PARA DOWN
   40:	  002E	08		UP:	INC R0	             		;INCREMENTO R0
   41:	  002F	B8 38 F2		CJNE R0, #38H, S1  		;COMPARO R0 COM 38H PULO PARA S1
   42:	  0032	78 30			MOV R0, #30H           		;MOVO PARA R0 30H
   43:	  0034	02 00 24		LJMP S1	              		;PULO PARA S1

ASEM-51 V1.3                                         Copyright (c) 2002 by W.W. Heinz                                         PAGE 2



 Line  I  Addr  Code            Source

   44:
   45:
   46:	  0037	18		DOWN:	DEC R0                     	;DECREMENTO R0
   47:	  0038	B8 2F E9		CJNE R0, #2FH, S1  		;COMPARO R0 COM 2FH PULO PARA S1
   48:	  003B	78 37			MOV R0,#37H          		;MOVO PARA R0 37H
   49:	  003D	02 00 24		LJMP S1	            		;SALTO PARA S1
   50:
   51:				;-----------------------------------------------------------------------------------------
   52:						;CONFIGURAÇÃO VELOCIDADE MOTOR
   53:
   54:
   55:	  0040	30 B2 04	TEMPO:	JNB P3.2,  RAPIDO 		;VERIFICO O ACIONAMENTO DA TECLA PULO PARA RAPIDO
   56:	  0043	02 00 54		LJMP LENTO            		;SALTO PARA LENTO
   57:	  0046	22			RET	           		;RETORNO DE SUB-ROTINA
   58:
   59:
   60:	  0047	79 01		RAPIDO:	MOV R1, #1			;MOVO PARA R1 1
   61:	  0049	7A 0A		VOLTA2:	MOV R2, #10			;MOVO PARA R2 10
   62:	  004B	7B 32		VOLTA1:	MOV R3, #50			;MOVO PARA R3 50
   63:	  004D	DB FE			DJNZ R3, $			;DECREMENTO R3 TRAVO AQUI
   64:	  004F	DA FA			DJNZ R2, VOLTA1			;DECREMENTO R2 E PULO PARA VOLTA 1
   65:	  0051	D9 F6			DJNZ R1, VOLTA2			;DECREMENTO R1 E PULO PARA VOLTA 2
   66:	  0053	22			RET				;RETORNO DE SUB-ROTINA
   67:
   68:	  0054	7C 01		LENTO:	MOV R4, #1			;MOVO PARA R4 1
   69:	  0056	7D 0A		S4:	MOV R5, #10			;MOVO PARA R5 10
   70:	  0058	7E 64		S3:	MOV R6, #100			;MOVO PARA R6 100
   71:	  005A	DE FE			DJNZ R6, $			;DECREMENTO R6 TRAVO AQUI
   72:	  005C	DD FA			DJNZ R5, S3			;DECREMENTO R5 E PULO PARA S3
   73:	  005E	DC F6			DJNZ R4, S4			;DECREMENTO R4 E PULO PARA S4
   74:	  0060	22			RET				;RETORNO DE SUB-ROTINA
   75:
   76:					END				;FIM DE PROGRAMA





                     register banks used:  ---

                     no errors




ASEM-51 V1.3                                         Copyright (c) 2002 by W.W. Heinz                                         PAGE 3





	       L I S T   O F   S Y M B O L S
	       =============================


SYMBOL				  TYPE     VALUE	LINE
------------------------------------------------------------
??ASEM_51			  NUMBER    8051
??VERSION			  NUMBER    0130
AC				  BIT	      D6
ACC				  DATA	      E0
B				  DATA	      F0
CY				  BIT	      D7
DOWN				  CODE	    0037	  46
DPH				  DATA	      83
DPL				  DATA	      82
EA				  BIT	      AF
ES				  BIT	      AC
ET0				  BIT	      A9
ET1				  BIT	      AB
EX0				  BIT	      A8
EX1				  BIT	      AA
EXTI0				  CODE	    0003
EXTI1				  CODE	    0013
F0				  BIT	      D5
IE				  DATA	      A8
IE0				  BIT	      89
IE1				  BIT	      8B
INIT				  CODE	    0007	  21
INT0				  BIT	      B2
INT1				  BIT	      B3
IP				  DATA	      B8
IT0				  BIT	      88
IT1				  BIT	      8A
LENTO				  CODE	    0054	  68
OV				  BIT	      D2
P				  BIT	      D0
P0				  DATA	      80
P1				  DATA	      90
P2				  DATA	      A0
P3				  DATA	      B0
PCON				  DATA	      87
PS				  BIT	      BC
PSW				  DATA	      D0
PT0				  BIT	      B9
PT1				  BIT	      BB
PX0				  BIT	      B8
PX1				  BIT	      BA
RAPIDO				  CODE	    0047	  60
RB8				  BIT	      9A
RD				  BIT	      B7
REN				  BIT	      9C
RESET				  CODE	    0000
RI				  BIT	      98
RS0				  BIT	      D3
RS1				  BIT	      D4
RXD				  BIT	      B0

ASEM-51 V1.3                                         Copyright (c) 2002 by W.W. Heinz                                         PAGE 4



SYMBOL				  TYPE     VALUE	LINE
------------------------------------------------------------
S1				  CODE	    0024	  34
S3				  CODE	    0058	  70
S4				  CODE	    0056	  69
SBUF				  DATA	      99
SCON				  DATA	      98
SINT				  CODE	    0023
SM0				  BIT	      9F
SM1				  BIT	      9E
SM2				  BIT	      9D
SP				  DATA	      81
T0				  BIT	      B4
T1				  BIT	      B5
TB8				  BIT	      9B
TCON				  DATA	      88
TEMPO				  CODE	    0040	  55
TF0				  BIT	      8D
TF1				  BIT	      8F
TH0				  DATA	      8C
TH1				  DATA	      8D
TI				  BIT	      99
TIMER0				  CODE	    000B
TIMER1				  CODE	    001B
TL0				  DATA	      8A
TL1				  DATA	      8B
TMOD				  DATA	      89
TR0				  BIT	      8C
TR1				  BIT	      8E
TXD				  BIT	      B1
UP				  CODE	    002E	  40
VOLTA1				  CODE	    004B	  62
VOLTA2				  CODE	    0049	  61
WR				  BIT	      B6
