
ASEM-51 V1.3                                         Copyright (c) 2002 by W.W. Heinz                                         PAGE 1





       MCS-51 Family Macro Assembler   A S E M - 5 1   V 1.3
       =====================================================



	Source File:	C:\Users\Familia Souza Lopes\Desktop\Silvio Pasta\Projetos do livro de treino 8051\Progchato\progchato.asm
	Object File:	C:\Users\Familia Souza Lopes\Desktop\Silvio Pasta\Projetos do livro de treino 8051\Progchato\progchato.hex
	List File:	C:\Users\Familia Souza Lopes\Desktop\Silvio Pasta\Projetos do livro de treino 8051\Progchato\progchato.lst



 Line  I  Addr  Code            Source

    1:				; ===================================================================================
    2:				; =====================       ETEC Aristóteles Ferreira   ===========================
    3:				; ================            Yhan Christian Souza Silva        =====================
    4:				; =====              Programa_01 progchato.asm  ver. 0.0 data: 17/12/2013      ======

    5:				; ===================================================================================
    6:
    7:		N      0000		ORG 0000H
    8:	  0000	75 80 18	LOOP:	MOV P0, #18H 				;MOVO O DADO 18H PARA P0
    9:	  0003	12 00 20		LCALL TEMPO                             ;SUB-ROTINA DE TEMPO
   10:	  0006	75 80 24	 	MOV P0, #24H				;MOVO O DADO 24H PARA P0
   11:	  0009	12 00 20		LCALL TEMPO	 			;SUB-ROTINA DE TEMPO
   12:	  000C	75 80 42	 	MOV P0,	#42H				;MOVO O DADO 42H PARA P0
   13:	  000F	12 00 20	 	LCALL TEMPO				;SUB-ROTINA DE TEMPO
   14:	  0012	75 80 81	 	MOV P0, #81H				;MOVO O DADO 81H PARA P0
   15:	  0015	12 00 20	 	LCALL TEMPO                             ;SUB-ROTINA DE TEMPO
   16:	  0018	75 80 00	 	MOV P0,#00H				;LIMPO P0
   17:	  001B	12 00 20	        LCALL TEMPO 				;SUB-ROTINA DE TEMPO
   18:	  001E	80 E0		        SJMP LOOP  				;PULO PARA LOOP
   19:
   20:
   21:				;SUBROTINA TEMPO=(250X250X2X8)uS= 1000000uS=1s
   22:	  0020	78 02		TEMPO:  MOV R0, #2                              ;CARREGA RO COM 2
   23:	  0022	79 FA		VOLTA2: MOV R1, #250                          ;CAREGA R1 COM 250
   24:	  0024	7A FA		VOLTA1: MOV R2, #250                           ;CAREGA R2 COM 250
   25:	  0026	DA FE		        DJNZ R2, $                              ;DECREMENTA R2 ATÉ ZERAR
   26:	  0028	D9 FA		        DJNZ R1, VOLTA1                         ;DECREMENTA R1 E SALTA ATÉ ZERAR
   27:	  002A	D8 F6		        DJNZ R0, VOLTA2                         ;DECREMENTA RO E SALTA ATÉ ZERAR
   28:	  002C	22		        RET                                     ;RETORNO DE SUBROTINA
   29:				        END                                     ;FIM DO PROGRAMA





                     register banks used:  ---

                     no errors




ASEM-51 V1.3                                         Copyright (c) 2002 by W.W. Heinz                                         PAGE 2





	       L I S T   O F   S Y M B O L S
	       =============================


SYMBOL				  TYPE     VALUE	LINE
------------------------------------------------------------
??ASEM_51			  NUMBER    8051
??VERSION			  NUMBER    0130
AC				  BIT	      D6
ACC				  DATA	      E0
B				  DATA	      F0
CY				  BIT	      D7
DPH				  DATA	      83
DPL				  DATA	      82
EA				  BIT	      AF
ES				  BIT	      AC
ET0				  BIT	      A9
ET1				  BIT	      AB
EX0				  BIT	      A8
EX1				  BIT	      AA
EXTI0				  CODE	    0003
EXTI1				  CODE	    0013
F0				  BIT	      D5
IE				  DATA	      A8
IE0				  BIT	      89
IE1				  BIT	      8B
INT0				  BIT	      B2
INT1				  BIT	      B3
IP				  DATA	      B8
IT0				  BIT	      88
IT1				  BIT	      8A
LOOP				  CODE	    0000	   8
OV				  BIT	      D2
P				  BIT	      D0
P0				  DATA	      80
P1				  DATA	      90
P2				  DATA	      A0
P3				  DATA	      B0
PCON				  DATA	      87
PS				  BIT	      BC
PSW				  DATA	      D0
PT0				  BIT	      B9
PT1				  BIT	      BB
PX0				  BIT	      B8
PX1				  BIT	      BA
RB8				  BIT	      9A
RD				  BIT	      B7
REN				  BIT	      9C
RESET				  CODE	    0000
RI				  BIT	      98
RS0				  BIT	      D3
RS1				  BIT	      D4
RXD				  BIT	      B0
SBUF				  DATA	      99
SCON				  DATA	      98
SINT				  CODE	    0023

ASEM-51 V1.3                                         Copyright (c) 2002 by W.W. Heinz                                         PAGE 3



SYMBOL				  TYPE     VALUE	LINE
------------------------------------------------------------
SM0				  BIT	      9F
SM1				  BIT	      9E
SM2				  BIT	      9D
SP				  DATA	      81
T0				  BIT	      B4
T1				  BIT	      B5
TB8				  BIT	      9B
TCON				  DATA	      88
TEMPO				  CODE	    0020	  22
TF0				  BIT	      8D
TF1				  BIT	      8F
TH0				  DATA	      8C
TH1				  DATA	      8D
TI				  BIT	      99
TIMER0				  CODE	    000B
TIMER1				  CODE	    001B
TL0				  DATA	      8A
TL1				  DATA	      8B
TMOD				  DATA	      89
TR0				  BIT	      8C
TR1				  BIT	      8E
TXD				  BIT	      B1
VOLTA1				  CODE	    0024	  24
VOLTA2				  CODE	    0022	  23
WR				  BIT	      B6
