
ASEM-51 V1.3                                         Copyright (c) 2002 by W.W. Heinz                                         PAGE 1





       MCS-51 Family Macro Assembler   A S E M - 5 1   V 1.3
       =====================================================



	Source File:	H:\Silvio Pasta\Teclado 16 teclas 4x4\teclado16.asm
	Object File:	H:\Silvio Pasta\Teclado 16 teclas 4x4\teclado16.hex
	List File:	H:\Silvio Pasta\Teclado 16 teclas 4x4\teclado16.lst



 Line  I  Addr  Code            Source

    1:				; =============================================================================
    2:				; =================      ETEC Aristóteles Ferreira.    ========================
    3:				; ================         Yhan Christian Souza Silva.           ==============
    4:				; ===============      teclado16.asm data: 22/05/13.    =======================

    5:				; =============================================================================
    6:
    7:
    8:	  0000	75 80 FF	INICIO:      MOV P0, #0FFH	;PREPARA P2 PARA LEITURA
    9:	  0003	75 90 FF	             MOV P1, #0FFH      ;MOVO FF PARA P1
   10:
   11:				;----------------------------------------------------------------------------------------------
   12:						;EQUIVALENCIAS
   13:
   14:		B      00A0	             COL_0 EQU P2.0     ;COLUNA 0 EQUIVALE A P2.0
   15:		B      00A1	             COL_1 EQU P2.1	;COLUNA 1 EQUIVALE A P2.1
   16:		B      00A2	             COL_2 EQU P2.2	;COLUNA 2 EQUIVALE A P2.2
   17:		B      00A3	             COL_3 EQU P2.3	;COLUNA 3 EQUIVALE A P2.3
   18:
   19:		B      00A4	             LIN_1 EQU P2.4	;LINHA 1 EQUIVALE A P2.4
   20:		B      00A5	             LIN_2 EQU P2.5	;LINHA 2 EQUIVALE A P2.5
   21:		B      00A6	             LIN_3 EQU P2.6	;LINHA 3 EQUIVALE A P2.6
   22:		B      00A7	             LIN_4 EQU P2.7 	;LINHA 4 EQUIVALE A P2.7
   23:
   24:				;-------------------------------------------------------------------------------------------------

   25:						;VARREDURA
   26:
   27:
   28:	  0006	12 00 88	COLUNA_0:    LCALL TEMPO	;LEITURA COLUNA ZERO/SUB-ROTINA DE TEMPO
   29:	  0009	C2 A0			     CLR COL_0		;LIMPO COLUNA 0
   30:	  000B	20 A4 03	S0:          JB LIN_1, S1	;VERIFICO BOTÃO S0 DA LINHA 1/PULO PRA S1
   31:	  000E	75 80 0F	             MOV P0, #0FH	;MOVO PARA P0 O DADO 0FH
   32:	  0011	20 A5 03	S1:          JB LIN_2, S2	;VERIFICO BOTÃO S1 DA LINHA 2/PULO PRA S2
   33:	  0014	75 80 0E	             MOV P0, #0EH	;MOVO PARA P0 O DADO 0EH
   34:	  0017	20 A6 03	S2:          JB LIN_3, S3	;VERIFICO BOTÃO S2 DA LINHA 3/PULO PRA S3
   35:	  001A	75 80 0D	             MOV P0, #0DH	;MOVO PARA P0 O DADO 0DH
   36:	  001D	20 A7 03	S3:          JB LIN_4, SETAR	;VERIFICO BOTÃO S3 DA LINHA 4/PULO PARA SETAR
   37:	  0020	75 80 0C	             MOV P0, #0CH 	;MOVO PARA P0 O DADO 0CH
   38:	  0023	D2 A0		SETAR:       SETB COL_0		;SETO A COLUNA 0
   39:	  0025	12 00 88	             LCALL TEMPO	;SUB-ROTINA DE TEMPO
   40:
   41:

ASEM-51 V1.3                                         Copyright (c) 2002 by W.W. Heinz                                         PAGE 2



 Line  I  Addr  Code            Source

   42:	  0028	C2 A1		COLUNA_1:    CLR COL_1		;LIMPO COLUNA 1
   43:	  002A	20 A4 03	S4:          JB LIN_1, S5	;VERIFICO BOTÃO S4 DA LINHA 1/PULO PARA S5
   44:	  002D	75 80 0B	             MOV P0, #0BH 	;MOVO PARA P0 O DADO 0BH
   45:	  0030	20 A5 03	S5:          JB LIN_2, S6	;VERIFICO O BOTÃO S5 DA LINHA 2/PULO PARA S6
   46:	  0033	75 80 03	             MOV P0, #03H	;MOVO PARA P0 O DADO 3H
   47:	  0036	20 A6 03	S6:          JB LIN_3, S7	;VERIFICO O BOTÃO S6 DA LINHA 3/PULO PARA S7
   48:	  0039	75 80 06	             MOV P0, #06H	;MOVO PARA P0 O DADO 6H
   49:	  003C	20 A7 03	S7:          JB LIN_4, SETAR2	;VERIFICO O BOTÃO S7 DA LINHA 4/PULO PARA SETAR2
   50:	  003F	75 80 09	             MOV P0, #09H	;MOVO PARA P0 O DADO 9H
   51:	  0042	D2 A1		SETAR2:      SETB COL_1		;SETO A COLUNA 1
   52:	  0044	12 00 88	             LCALL TEMPO	;SUB-ROTINA DE TEMPO
   53:
   54:	  0047	C2 A2		COLUNA_2:    CLR COL_2		;LIMPO COLUNA 2
   55:	  0049	20 A4 03	S8:          JB LIN_1, S9	;VERIFICO O BOTÃO S8 DA LINHA 1/PULO PARA S9
   56:	  004C	75 80 00	             MOV P0, #00H	;MOVO PARA P0 00H
   57:	  004F	20 A5 03	S9:          JB LIN_2, S10	;VERIFICO O BOTÃO S9 DA LINHA 2/PULO PARA S10
   58:	  0052	75 80 02	             MOV P0, #02H	;MOVO PARA P0 2H
   59:	  0055	20 A6 03	S10:         JB LIN_3, S11	;VERIFICO O BOTÃO S10 DA LINHA 3/PULO PARA S11
   60:	  0058	75 80 05	             MOV P0, #05H	;MOVO PARA P0 5H
   61:	  005B	20 A7 03	S11:         JB LIN_4, SETAR3	;VERIFICO O BOTÃO S11 DA LINHA 4/PULO PARA SETAR3
   62:	  005E	75 80 08	             MOV P0, #08H	;MOVO PARA P0 8H
   63:	  0061	D2 A2		SETAR3:      SETB COL_2		;SETO A COLUNA 2
   64:	  0063	12 00 88	             LCALL TEMPO	;SUB-ROTINA DE TEMPO
   65:
   66:
   67:	  0066	C2 A3		COLUNA_3:    CLR COL_3		;LIMPO COLUNA 3
   68:	  0068	20 A4 03	S12:         JB LIN_1, S13	;VERIFICO O BOTÃO S12 DA LINHA 1/PULO PARA S13
   69:	  006B	75 80 0A	             MOV P0,#0AH	;MOVO PARA P0 0AH
   70:	  006E	20 A5 03	S13:	     JB LIN_2, S14	;VERIFICO O BOTÃO S13 DA LINHA 2/PULO PARA S14
   71:	  0071	75 80 01		     MOV P0,#01H	;MOVO PARA P0 1H
   72:	  0074	20 A6 03	S14:         JB LIN_3, S15	;VERIFICO O BOTÃO S14 DA LINHA 3/PULO PARA S15
   73:	  0077	75 80 04	             MOV P0,#04H	;MOVO PARA P0 4H
   74:	  007A	20 A7 03	S15:	     JB LIN_4, SETAR4	;VERIFICO O BOTÃO S15 DA LINHA 4/PULO PARA SETAR4
   75:	  007D	75 80 07		     MOV P0,#07H	;MOVO PARA P0 7H
   76:	  0080	D2 A3		SETAR4:	     SETB COL_3		;SETO A COLUNA 3
   77:	  0082	12 00 88		     LCALL TEMPO	;SUB-ROTINA DE TEMPO
   78:
   79:	  0085	02 00 06		     LJMP COLUNA_0	;VOLTO PARA COLUNA 0
   80:
   81:
   82:				;--------------------------------------------------------------------------------------------

   83:
   84:					;SUBROTINA TEMPO
   85:
   86:
   87:	  0088	78 02		TEMPO:  MOV R0, #2                    	        ;CARREGA RO COM 2
   88:	  008A	79 19		VOLTA2: MOV R1, #25		                ;CARREGA R1 COM 25
   89:	  008C	7A 32		VOLTA1: MOV R2, #50	                        ;CARREGA R2 COM 50
   90:	  008E	DA FE		        DJNZ R2, $                              ;DECREMENTA R2 ATÉ ZERAR
   91:	  0090	D9 FA		        DJNZ R1, VOLTA1                         ;DECREMENTA R1 E SALTA ATÉ ZERAR
   92:	  0092	D8 F6		        DJNZ R0, VOLTA2                         ;DECREMENTA RO E SALTA ATÉ ZERAR
   93:	  0094	22		        RET                                     ;RETORNO DE SUBROTINA
   94:					END					;FIM DE PROGRAMA
   95:


ASEM-51 V1.3                                         Copyright (c) 2002 by W.W. Heinz                                         PAGE 3







                     register banks used:  ---

                     no errors




ASEM-51 V1.3                                         Copyright (c) 2002 by W.W. Heinz                                         PAGE 4





	       L I S T   O F   S Y M B O L S
	       =============================


SYMBOL				  TYPE     VALUE	LINE
------------------------------------------------------------
??ASEM_51			  NUMBER    8051
??VERSION			  NUMBER    0130
AC				  BIT	      D6
ACC				  DATA	      E0
B				  DATA	      F0
COLUNA_0			  CODE	    0006	  28
COLUNA_1			  CODE	    0028	  42
COLUNA_2			  CODE	    0047	  54
COLUNA_3			  CODE	    0066	  67
COL_0				  NUMBER    00A0	  14
COL_1				  NUMBER    00A1	  15
COL_2				  NUMBER    00A2	  16
COL_3				  NUMBER    00A3	  17
CY				  BIT	      D7
DPH				  DATA	      83
DPL				  DATA	      82
EA				  BIT	      AF
ES				  BIT	      AC
ET0				  BIT	      A9
ET1				  BIT	      AB
EX0				  BIT	      A8
EX1				  BIT	      AA
EXTI0				  CODE	    0003
EXTI1				  CODE	    0013
F0				  BIT	      D5
IE				  DATA	      A8
IE0				  BIT	      89
IE1				  BIT	      8B
INICIO				  CODE	    0000	   8
INT0				  BIT	      B2
INT1				  BIT	      B3
IP				  DATA	      B8
IT0				  BIT	      88
IT1				  BIT	      8A
LIN_1				  NUMBER    00A4	  19
LIN_2				  NUMBER    00A5	  20
LIN_3				  NUMBER    00A6	  21
LIN_4				  NUMBER    00A7	  22
OV				  BIT	      D2
P				  BIT	      D0
P0				  DATA	      80
P1				  DATA	      90
P2				  DATA	      A0
P3				  DATA	      B0
PCON				  DATA	      87
PS				  BIT	      BC
PSW				  DATA	      D0
PT0				  BIT	      B9
PT1				  BIT	      BB
PX0				  BIT	      B8

ASEM-51 V1.3                                         Copyright (c) 2002 by W.W. Heinz                                         PAGE 5



SYMBOL				  TYPE     VALUE	LINE
------------------------------------------------------------
PX1				  BIT	      BA
RB8				  BIT	      9A
RD				  BIT	      B7
REN				  BIT	      9C
RESET				  CODE	    0000
RI				  BIT	      98
RS0				  BIT	      D3
RS1				  BIT	      D4
RXD				  BIT	      B0
S0				  CODE	    000B	  30
S1				  CODE	    0011	  32
S10				  CODE	    0055	  59
S11				  CODE	    005B	  61
S12				  CODE	    0068	  68
S13				  CODE	    006E	  70
S14				  CODE	    0074	  72
S15				  CODE	    007A	  74
S2				  CODE	    0017	  34
S3				  CODE	    001D	  36
S4				  CODE	    002A	  43
S5				  CODE	    0030	  45
S6				  CODE	    0036	  47
S7				  CODE	    003C	  49
S8				  CODE	    0049	  55
S9				  CODE	    004F	  57
SBUF				  DATA	      99
SCON				  DATA	      98
SETAR				  CODE	    0023	  38
SETAR2				  CODE	    0042	  51
SETAR3				  CODE	    0061	  63
SETAR4				  CODE	    0080	  76
SINT				  CODE	    0023
SM0				  BIT	      9F
SM1				  BIT	      9E
SM2				  BIT	      9D
SP				  DATA	      81
T0				  BIT	      B4
T1				  BIT	      B5
TB8				  BIT	      9B
TCON				  DATA	      88
TEMPO				  CODE	    0088	  87
TF0				  BIT	      8D
TF1				  BIT	      8F
TH0				  DATA	      8C
TH1				  DATA	      8D
TI				  BIT	      99
TIMER0				  CODE	    000B
TIMER1				  CODE	    001B
TL0				  DATA	      8A
TL1				  DATA	      8B
TMOD				  DATA	      89
TR0				  BIT	      8C
TR1				  BIT	      8E
TXD				  BIT	      B1
VOLTA1				  CODE	    008C	  89
VOLTA2				  CODE	    008A	  88

ASEM-51 V1.3                                         Copyright (c) 2002 by W.W. Heinz                                         PAGE 6



SYMBOL				  TYPE     VALUE	LINE
------------------------------------------------------------
WR				  BIT	      B6
