
ASEM-51 V1.3                                         Copyright (c) 2002 by W.W. Heinz                                         PAGE 1





       MCS-51 Family Macro Assembler   A S E M - 5 1   V 1.3
       =====================================================



	Source File:	H:\Silvio Pasta\Teclado\teclado.asm
	Object File:	H:\Silvio Pasta\Teclado\teclado.hex
	List File:	H:\Silvio Pasta\Teclado\teclado.lst



 Line  I  Addr  Code            Source

    1:				; =============================================================================
    2:				; =================      ETEC Aristóteles Ferreira.    ========================
    3:				; ================         Yhan Christian Souza Silva.           ==============
    4:				; ===============      teclado.asm data: 07/05/13.    =========================

    5:				; =============================================================================
    6:
    7:
    8:	  0000	75 80 FF	INICIO:      MOV P0, #0FFH	;PREPARA P2 PARA LEITURA
    9:	  0003	75 90 FF	             MOV P1, #0FFH      ;MOVO FF PARA P1
   10:
   11:				;----------------------------------------------------------------------------------------------
   12:						;EQUIVALENCIAS
   13:
   14:		B      00A0	             COL_0 EQU P2.0     ;COLUNA 0 EQUIVALE A P2.0
   15:		B      00A1	             COL_1 EQU P2.1	;COLUNA 1 EQUIVALE A P2.1
   16:		B      00A2	             COL_2 EQU P2.2	;COLUNA 2 EQUIVALE A P2.2
   17:
   18:		B      00A3	             LIN_1 EQU P2.3	;LINHA 1 EQUIVALE A P2.3
   19:		B      00A4	             LIN_2 EQU P2.4	;LINHA 2 EQUIVALE A P2.4
   20:		B      00A5	             LIN_3 EQU P2.5	;LINHA 3 EQUIVALE A P2.5
   21:		B      00A6	             LIN_4 EQU P2.6 	;LINHA 4 EQUIVALE A P2.6
   22:
   23:				;-------------------------------------------------------------------------------------------------

   24:						;VARREDURA
   25:
   26:
   27:	  0006	12 00 69	COLUNA_0:    LCALL TEMPO	;LEITURA COLUNA ZERO/SUB-ROTINA DE TEMPO
   28:	  0009	C2 A0			     CLR COL_0		;LIMPO COLUNA 0
   29:	  000B	20 A3 03	S0:          JB LIN_1, S1	;VERIFICO BOTÃO S0 DA LINHA 1/PULO PRA S1
   30:	  000E	75 80 0B	             MOV P0, #0BH	;MOVO PARA P1 O DADO 0BH
   31:	  0011	20 A4 03	S1:          JB LIN_2, S2	;VERIFICO BOTÃO S1 DA LINHA 2/PULO PRA S2
   32:	  0014	75 80 09	             MOV P0, #9H	;MOVO PARA P1 O DADO 9H
   33:	  0017	20 A5 03	S2:          JB LIN_3, S3	;VERIFICO BOTÃO S2 DA LINHA 3/PULO PRA S3
   34:	  001A	75 80 06	             MOV P0, #6H	;MOVO PARA P1 O DADO 6H
   35:	  001D	20 A6 03	S3:          JB LIN_4, SETAR	;VERIFICO BOTÃO S3 DA LINHA 4/PULO PARA SETAR
   36:	  0020	75 80 03	             MOV P0, #3H 	;MOVO PARA P1 O DADO 3H
   37:	  0023	D2 A0		SETAR:       SETB COL_0		;SETO A COLUNA 0
   38:	  0025	12 00 69	             LCALL TEMPO	;SUB-ROTINA DE TEMPO
   39:
   40:
   41:	  0028	C2 A1		COLUNA_1:    CLR COL_1		;LIMPO COLUNA 1

ASEM-51 V1.3                                         Copyright (c) 2002 by W.W. Heinz                                         PAGE 2



 Line  I  Addr  Code            Source

   42:	  002A	20 A3 03	S4:          JB LIN_1, S5	;VERIFICO BOTÃO S4 DA LINHA 1/PULO PARA S5
   43:	  002D	75 80 00	             MOV P0, #00H 	;MOVO PARA P1 O DADO 0H
   44:	  0030	20 A4 03	S5:          JB LIN_2, S6	;VERIFICO O BOTÃO S5 DA LINHA 2/PULO PARA S6
   45:	  0033	75 80 08	             MOV P0, #8H	;MOVO PARA P1 O DADO 8H
   46:	  0036	20 A5 03	S6:          JB LIN_3, S7	;VERIFICO O BOTÃO S6 DA LINHA 3/PULO PARA S7
   47:	  0039	75 80 05	             MOV P0, #5H	;MOVO PARA P1 O DADO 5H
   48:	  003C	20 A6 03	S7:          JB LIN_4, SETAR2	;VERIFICO O BOTÃO S7 DA LINHA 4/PULO PARA SETAR2
   49:	  003F	75 80 02	             MOV P0, #2H	;MMOVO PARA P1 O DADO 2H
   50:	  0042	D2 A1		SETAR2:      SETB COL_1		;SETO A COLUNA 1
   51:	  0044	12 00 69	             LCALL TEMPO	;SUB-ROTINA DE TEMPO
   52:
   53:	  0047	C2 A2		COLUNA_2:    CLR COL_2		;LIMPO COLUNA 2
   54:	  0049	20 A3 03	S8:          JB LIN_1, S9	;VERIFICO O BOTÃO S8 DA LINHA 1/PULO PARA S9
   55:	  004C	75 80 0A	             MOV P0, #0AH	;MOVO PARA P1 0AH
   56:	  004F	20 A4 03	S9:          JB LIN_2, S10	;VERIFICO O BOTÃO S9 DA LINHA 2/PULO PARA S10
   57:	  0052	75 80 07	             MOV P0, #7H	;MOVO PARA P1 7H
   58:	  0055	20 A5 03	S10:         JB LIN_3, S11	;VERIFICO O BOTÃO S10 DA LINHA 3/PULO PARA S11
   59:	  0058	75 80 04	             MOV P0, #4H	;MOVO PARA P1 4H
   60:	  005B	20 A6 03	S11:         JB LIN_4, SETAR3	;VERIFICO O BOTÃO S11 DA LINHA 4/PULO PARA SETAR3
   61:	  005E	75 80 01	             MOV P0, #1H	;MOVO PARA P1 1H
   62:	  0061	D2 A2		SETAR3:      SETB COL_2		;SETO A COLUNA 2
   63:	  0063	12 00 69	             LCALL TEMPO	;SUB-ROTINA DE TEMPO
   64:
   65:	  0066	02 00 06	             LJMP COLUNA_0 	;VOLTO PARA COLUNA 0
   66:
   67:
   68:				;--------------------------------------------------------------------------------------------

   69:
   70:					;SUBROTINA TEMPO
   71:
   72:
   73:	  0069	78 02		TEMPO:  MOV R0, #2                    	        ;CARREGA RO COM 1
   74:	  006B	79 19		VOLTA2: MOV R1, #25		                ;CARREGA R1 COM 50
   75:	  006D	7A 32		VOLTA1: MOV R2, #50	                        ;CARREGA R2 COM 50
   76:	  006F	DA FE		        DJNZ R2, $                              ;DECREMENTA R2 ATÉ ZERAR
   77:	  0071	D9 FA		        DJNZ R1, VOLTA1                         ;DECREMENTA R1 E SALTA ATÉ ZERAR
   78:	  0073	D8 F6		        DJNZ R0, VOLTA2                         ;DECREMENTA RO E SALTA ATÉ ZERAR
   79:	  0075	22		        RET                                     ;RETORNO DE SUBROTINA
   80:					END					;FIM DE PROGRAMA
   81:
   82:





                     register banks used:  ---

                     no errors




ASEM-51 V1.3                                         Copyright (c) 2002 by W.W. Heinz                                         PAGE 3





	       L I S T   O F   S Y M B O L S
	       =============================


SYMBOL				  TYPE     VALUE	LINE
------------------------------------------------------------
??ASEM_51			  NUMBER    8051
??VERSION			  NUMBER    0130
AC				  BIT	      D6
ACC				  DATA	      E0
B				  DATA	      F0
COLUNA_0			  CODE	    0006	  27
COLUNA_1			  CODE	    0028	  41
COLUNA_2			  CODE	    0047	  53
COL_0				  NUMBER    00A0	  14
COL_1				  NUMBER    00A1	  15
COL_2				  NUMBER    00A2	  16
CY				  BIT	      D7
DPH				  DATA	      83
DPL				  DATA	      82
EA				  BIT	      AF
ES				  BIT	      AC
ET0				  BIT	      A9
ET1				  BIT	      AB
EX0				  BIT	      A8
EX1				  BIT	      AA
EXTI0				  CODE	    0003
EXTI1				  CODE	    0013
F0				  BIT	      D5
IE				  DATA	      A8
IE0				  BIT	      89
IE1				  BIT	      8B
INICIO				  CODE	    0000	   8
INT0				  BIT	      B2
INT1				  BIT	      B3
IP				  DATA	      B8
IT0				  BIT	      88
IT1				  BIT	      8A
LIN_1				  NUMBER    00A3	  18
LIN_2				  NUMBER    00A4	  19
LIN_3				  NUMBER    00A5	  20
LIN_4				  NUMBER    00A6	  21
OV				  BIT	      D2
P				  BIT	      D0
P0				  DATA	      80
P1				  DATA	      90
P2				  DATA	      A0
P3				  DATA	      B0
PCON				  DATA	      87
PS				  BIT	      BC
PSW				  DATA	      D0
PT0				  BIT	      B9
PT1				  BIT	      BB
PX0				  BIT	      B8
PX1				  BIT	      BA
RB8				  BIT	      9A

ASEM-51 V1.3                                         Copyright (c) 2002 by W.W. Heinz                                         PAGE 4



SYMBOL				  TYPE     VALUE	LINE
------------------------------------------------------------
RD				  BIT	      B7
REN				  BIT	      9C
RESET				  CODE	    0000
RI				  BIT	      98
RS0				  BIT	      D3
RS1				  BIT	      D4
RXD				  BIT	      B0
S0				  CODE	    000B	  29
S1				  CODE	    0011	  31
S10				  CODE	    0055	  58
S11				  CODE	    005B	  60
S2				  CODE	    0017	  33
S3				  CODE	    001D	  35
S4				  CODE	    002A	  42
S5				  CODE	    0030	  44
S6				  CODE	    0036	  46
S7				  CODE	    003C	  48
S8				  CODE	    0049	  54
S9				  CODE	    004F	  56
SBUF				  DATA	      99
SCON				  DATA	      98
SETAR				  CODE	    0023	  37
SETAR2				  CODE	    0042	  50
SETAR3				  CODE	    0061	  62
SINT				  CODE	    0023
SM0				  BIT	      9F
SM1				  BIT	      9E
SM2				  BIT	      9D
SP				  DATA	      81
T0				  BIT	      B4
T1				  BIT	      B5
TB8				  BIT	      9B
TCON				  DATA	      88
TEMPO				  CODE	    0069	  73
TF0				  BIT	      8D
TF1				  BIT	      8F
TH0				  DATA	      8C
TH1				  DATA	      8D
TI				  BIT	      99
TIMER0				  CODE	    000B
TIMER1				  CODE	    001B
TL0				  DATA	      8A
TL1				  DATA	      8B
TMOD				  DATA	      89
TR0				  BIT	      8C
TR1				  BIT	      8E
TXD				  BIT	      B1
VOLTA1				  CODE	    006D	  75
VOLTA2				  CODE	    006B	  74
WR				  BIT	      B6
