MPASM 5.74                    CONTADOR02.ASM   11-9-2017  19:05:29         PAGE  1


LOC  OBJECT CODE     LINE SOURCE TEXT
  VALUE

                      00001 ;==============================================================================
                      00002 ; EXEMPLO 04 - CONTADOR MELHORADO
                      00003 ; BASEADO EM ESTUDOS COM O PIC16F628A
                      00004 ; AUTOR: YHAN CHRISTIAN SOUZA SILVA 
                      00005 ;==============================================================================
                      00006 
                      00007 ;==============================================================================
                      00008 ; DEFINIÇÕES INICIAIS DO HARDWARE
                      00009 ;==============================================================================
                      00010 #INCLUDE <P16F628.INC> ; ARQUIVO PADRÃO MICROCHIP PARA O MODELO DE PIC
                      00001         LIST
                      00002 
                      00003 ;==========================================================================
                      00004 ; Build date : May 17 2017
                      00005 ;  MPASM PIC16F628 processor include
                      00006 ; 
                      00007 ;  (c) Copyright 1999-2017 Microchip Technology, All rights reserved
                      00008 ;==========================================================================
                      00009 
Message[301]: MESSAGE: (Processor-header file mismatch.  Verify selected processor.)
                      00382         LIST
                      00011     
2007   3F61           00012     __CONFIG _BOREN_ON & _CP_OFF & _PWRTE_ON & _WDT_OFF & _LVP_OFF & _MCLRE_ON & _XT_OSC
                      00013 ;==============================================================================
                      00014 ; DEFINES PARA FACILITAR COMANDOS DE MUDANÇA DE BANCOS
                      00015 ;==============================================================================     
                      00016 #DEFINE BANK0 BCF STATUS, RP0
                      00017 #DEFINE BANK1 BSF STATUS, RP0
                      00018 
                      00019 ;==============================================================================
                      00020 ; DEFINIÇÃO DE ENDEREÇO DE VARIAVEIS
                      00021 ;==============================================================================         
                      00022     CBLOCK 0x20
  00000020            00023         CONT
  00000021            00024         FLAGS
  00000022            00025         FILTRO1
  00000023            00026         FILTRO2
                      00027     ENDC
                      00028 
                      00029 ;==============================================================================
                      00030 ; DEFINIÇÃO DE FLAGS UTILIZADOS 
                      00031 ;============================================================================== 
                      00032 #DEFINE STATUS_BOTAO1 FLAGS, 0 ; STATUS DO BOTÃO 1
                      00033 #DEFINE STATUS_BOTAO2 FLAGS, 1 ; STATUS DO BOTÃO 2
                      00034     
                      00035 ;==============================================================================
                      00036 ; CONSTANTES
                      00037 ;==============================================================================
  00000000            00038 MINIMO EQU .0       ;VALOR MÍNIMO CONT
  000000FF            00039 MAXIMO EQU .255     ;VALOR MÁXIMO CONT
  000000FF            00040 T_FILTRO EQU .255   ; FILTRO BOTÃO
                      00041     
                      00042 ;==============================================================================
MPASM 5.74                    CONTADOR02.ASM   11-9-2017  19:05:29         PAGE  2


LOC  OBJECT CODE     LINE SOURCE TEXT
  VALUE

                      00043 ; ENTRADAS E SAÍDAS 
                      00044 ;==============================================================================
                      00045 #DEFINE BOTAO1 PORTA, 1 ;RA1 BOTAO1 0 -> PRESSIONADO 1 -> LIBERADO
                      00046 #DEFINE BOTAO2 PORTA, 2 ;RA2 BOTAO2 0 -> PRESSIONADO 1 -> LIBERADO
                      00047     
                      00048 ;==============================================================================
                      00049 ; VETOR DE RESET
                      00050 ;============================================================================== 
                      00051     ORG 0x00
0000   2???           00052     GOTO SETUP
                      00053     
                      00054 
                      00055 ;==============================================================================
                      00056 ; ROTINA DE CONVERSÃO BINÁRIO DISPLAY 7SEG
                      00057 ; ROTINA IRÁ RETORNA EM W O SIMBOLO CORRETO QUE DEVERÁ SER EXIBIDO NO DISPLAY
                      00058 ; UTILIZAR ESTE PADRÃO DISPLAY CATODO COMUM
                      00059 ;==============================================================================
0001                  00060 CONVERTER
0001   0820           00061     MOVF CONT, W
0002   390F           00062     ANDLW B'00001111' ; MASCARA PARA CONT / LIMITA VALOR EM 15
0003   0782           00063     ADDWF PCL, F
                      00064     
0004   343F           00065     RETLW B'00111111' ;0
0005   3406           00066     RETLW B'00000110' ;1
0006   345B           00067     RETLW B'01011011' ;2
0007   344F           00068     RETLW B'01001111' ;3
0008   3466           00069     RETLW B'01100110' ;4
0009   346D           00070     RETLW B'01101101' ;5
000A   347D           00071     RETLW B'01111101' ;6
000B   3407           00072     RETLW B'00000111' ;7
000C   347F           00073     RETLW B'01111111' ;8
000D   346F           00074     RETLW B'01101111' ;9
000E   3477           00075     RETLW B'01110111' ;A
000F   347C           00076     RETLW B'01111100' ;B
0010   3439           00077     RETLW B'00111001' ;C
0011   345E           00078     RETLW B'01011110' ;D
0012   3479           00079     RETLW B'01111001' ;E
0013   3471           00080     RETLW B'01110001' ;F
                      00081     
                      00082     
                      00083 ;==============================================================================
                      00084 ; INICIO DO PROGRAMA - SETUP 
                      00085 ; LIMPA PORTA A E PORTB, MOVE PARA BANK 1 CARREGANDO TRISA (RA1 E RA2 ENTRADA)
                      00086 ; E TRISB, CONFIGURA PRESCALER 1:2 NO TMR0 DESABILITANDO PULL UPS INTERNOS, 
                      00087 ; DESLIGA INTERRUPÇÕES, POR FIM VOLTO AO BANK 0 E DESABILITO COMPARADORES 
                      00088 ; E INICIALIZO AS VARIAVEIS.
                      00089 ;==============================================================================    
0014                  00090 SETUP
0014   1683           00091     BANK1
0015   3006           00092     MOVLW B'00000110'
Message[302]: Register in operand not in bank 0.  Ensure that bank bits are correct.
0016   0085           00093     MOVWF TRISA
0017   3000           00094     MOVLW B'00000000'
MPASM 5.74                    CONTADOR02.ASM   11-9-2017  19:05:29         PAGE  3


LOC  OBJECT CODE     LINE SOURCE TEXT
  VALUE

Message[302]: Register in operand not in bank 0.  Ensure that bank bits are correct.
0018   0086           00095     MOVWF TRISB
0019   3080           00096     MOVLW B'10000000'
Message[302]: Register in operand not in bank 0.  Ensure that bank bits are correct.
001A   0081           00097     MOVWF OPTION_REG
001B   3000           00098     MOVLW B'00000000'
001C   008B           00099     MOVWF INTCON
001D   1283           00100     BANK0
001E   3007           00101     MOVLW B'00000111'
001F   009F           00102     MOVWF CMCON
0020   0185           00103     CLRF PORTA
0021   0186           00104     CLRF PORTB
0022   01A1           00105     CLRF FLAGS
0023   3000           00106     MOVLW MINIMO
0024   00A0           00107     MOVWF CONT
0025   2???           00108     GOTO ATUALIZA_DISPLAY
                      00109     
                      00110     
                      00111 ;==============================================================================
                      00112 ; ROTINA PRINCIPAL 
                      00113 ;ROTINAS PARA CHECAR BOTÃO 01 (DECREMENTA) E BOTÃO 02 (INCREMENTA) IMPREMENTADOS
                      00114 ;TRATAMENTO E LIMPEZA DE FAGS E POR FIM ROTINA ATUALIZA_DISPLAY CHAMA ROTINA 
                      00115 ; CONVERTER QUE RETORNA NO DISPLAY O VALOR CORRETO. CONTADOR DE 0 A F.
                      00116 ;==============================================================================
0026                  00117 MAIN
0026   30FF           00118     MOVLW T_FILTRO
0027   00A2           00119     MOVWF FILTRO1
0028   00A3           00120     MOVWF FILTRO2
                      00121     
0029                  00122 CHECA_BOTAO1
0029   1885           00123     BTFSC BOTAO1
002A   2???           00124     GOTO BOTAO1_LIBERADO
002B   0BA2           00125     DECFSZ FILTRO1, F
002C   2???           00126     GOTO CHECA_BOTAO1
002D   1C21           00127     BTFSS STATUS_BOTAO1
002E   2???           00128     GOTO DECREMENTAR
002F   2???           00129     GOTO CHECA_BOTAO2
                      00130 
0030                  00131 BOTAO1_LIBERADO
0030   1021           00132     BCF STATUS_BOTAO1
                      00133 
0031                  00134 CHECA_BOTAO2
0031   1905           00135     BTFSC BOTAO2
0032   2???           00136     GOTO BOTAO2_LIBERADO
0033   0BA3           00137     DECFSZ FILTRO2, F
0034   2???           00138     GOTO CHECA_BOTAO2
0035   1CA1           00139     BTFSS STATUS_BOTAO2
0036   2???           00140     GOTO INCREMENTAR
0037   2???           00141     GOTO MAIN
                      00142 
0038                  00143 BOTAO2_LIBERADO
0038   10A1           00144     BCF STATUS_BOTAO2
0039   2???           00145     GOTO MAIN
MPASM 5.74                    CONTADOR02.ASM   11-9-2017  19:05:29         PAGE  4


LOC  OBJECT CODE     LINE SOURCE TEXT
  VALUE

                      00146     
                      00147 
003A                  00148 DECREMENTAR
003A   1421           00149     BSF STATUS_BOTAO1
003B   0820           00150     MOVF CONT, W
003C   3A00           00151     XORLW MINIMO
003D   1903           00152     BTFSC STATUS, Z
003E   2???           00153     GOTO MAIN
003F   03A0           00154     DECF CONT, F
0040   2???           00155     GOTO ATUALIZA_DISPLAY
                      00156     
0041                  00157 INCREMENTAR
0041   14A1           00158     BSF STATUS_BOTAO2
0042   0820           00159     MOVF CONT, W
0043   3AFF           00160     XORLW MAXIMO
0044   1903           00161     BTFSC STATUS, Z
0045   2???           00162     GOTO MAIN
0046   0AA0           00163     INCF CONT, F
0047   2???           00164     GOTO ATUALIZA_DISPLAY
                      00165     
0048                  00166 ATUALIZA_DISPLAY
0048   2???           00167     CALL CONVERTER
0049   0086           00168     MOVWF PORTB
004A   2???           00169     GOTO MAIN
                      00170     
                      00171 ;==============================================================================
                      00172 ; TERMINO DE PROGRAMA
                      00173 ;==============================================================================
3F61                  00174     END
MPASM 5.74                    CONTADOR02.ASM   11-9-2017  19:05:29         PAGE  5


SYMBOL TABLE
  LABEL                             VALUE 

ADDEN                             00000003
ADEN                              00000003
ATUALIZA_DISPLAY                  00000048
BANK0                             BCF STATUS, RP0
BANK1                             BSF STATUS, RP0
BOTAO1                            PORTA, 1
BOTAO1_LIBERADO                   00000030
BOTAO2                            PORTA, 2
BOTAO2_LIBERADO                   00000038
BRGH                              00000002
C                                 00000000
C1INV                             00000004
C1OUT                             00000006
C2INV                             00000005
C2OUT                             00000007
CCP1CON                           00000017
CCP1IE                            00000002
CCP1IF                            00000002
CCP1M0                            00000000
CCP1M1                            00000001
CCP1M2                            00000002
CCP1M3                            00000003
CCP1X                             00000005
CCP1Y                             00000004
CCPR1                             00000015
CCPR1H                            00000016
CCPR1L                            00000015
CHECA_BOTAO1                      00000029
CHECA_BOTAO2                      00000031
CIS                               00000003
CM0                               00000000
CM1                               00000001
CM2                               00000002
CMCON                             0000001F
CMIE                              00000006
CMIF                              00000006
CONT                              00000020
CONVERTER                         00000001
CREN                              00000004
CSRC                              00000007
DATA_CP_OFF                       00003FFF
DATA_CP_ON                        00003EFF
DC                                00000001
DECREMENTAR                       0000003A
EEADR                             0000009B
EECON1                            0000009C
EECON2                            0000009D
EEDATA                            0000009A
EEIE                              00000007
EEIF                              00000007
F                                 00000001
FERR                              00000002
FILTRO1                           00000022
MPASM 5.74                    CONTADOR02.ASM   11-9-2017  19:05:29         PAGE  6


SYMBOL TABLE
  LABEL                             VALUE 

FILTRO2                           00000023
FLAGS                             00000021
FSR                               00000004
GIE                               00000007
INCREMENTAR                       00000041
INDF                              00000000
INTCON                            0000000B
INTE                              00000004
INTEDG                            00000006
INTF                              00000001
IRP                               00000007
MAIN                              00000026
MAXIMO                            000000FF
MINIMO                            00000000
NOT_BO                            00000000
NOT_BOD                           00000000
NOT_BOR                           00000000
NOT_PD                            00000003
NOT_POR                           00000001
NOT_RBPU                          00000007
NOT_T1SYNC                        00000002
NOT_TO                            00000004
OERR                              00000001
OPTION_REG                        00000081
OSCF                              00000003
PCL                               00000002
PCLATH                            0000000A
PCON                              0000008E
PEIE                              00000006
PIE1                              0000008C
PIR1                              0000000C
PORTA                             00000005
PORTB                             00000006
PR2                               00000092
PS0                               00000000
PS1                               00000001
PS2                               00000002
PSA                               00000003
RA0                               00000000
RA1                               00000001
RA2                               00000002
RA3                               00000003
RA4                               00000004
RA5                               00000005
RA6                               00000006
RA7                               00000007
RB0                               00000000
RB1                               00000001
RB2                               00000002
RB3                               00000003
RB4                               00000004
RB5                               00000005
RB6                               00000006
MPASM 5.74                    CONTADOR02.ASM   11-9-2017  19:05:29         PAGE  7


SYMBOL TABLE
  LABEL                             VALUE 

RB7                               00000007
RBIE                              00000003
RBIF                              00000000
RCIE                              00000005
RCIF                              00000005
RCREG                             0000001A
RCSTA                             00000018
RD                                00000000
RP0                               00000005
RP1                               00000006
RX9                               00000006
RX9D                              00000000
SETUP                             00000014
SPBRG                             00000099
SPEN                              00000007
SREN                              00000005
STATUS                            00000003
STATUS_BOTAO1                     FLAGS, 0
STATUS_BOTAO2                     FLAGS, 1
SYNC                              00000004
T0CS                              00000005
T0IE                              00000005
T0IF                              00000002
T0SE                              00000004
T1CKPS0                           00000004
T1CKPS1                           00000005
T1CON                             00000010
T1OSCEN                           00000003
T2CKPS0                           00000000
T2CKPS1                           00000001
T2CON                             00000012
TMR0                              00000001
TMR0IE                            00000005
TMR0IF                            00000002
TMR1                              0000000E
TMR1CS                            00000001
TMR1H                             0000000F
TMR1IE                            00000000
TMR1IF                            00000000
TMR1L                             0000000E
TMR1ON                            00000000
TMR2                              00000011
TMR2IE                            00000001
TMR2IF                            00000001
TMR2ON                            00000002
TOUTPS0                           00000003
TOUTPS1                           00000004
TOUTPS2                           00000005
TOUTPS3                           00000006
TRISA                             00000085
TRISA0                            00000000
TRISA1                            00000001
TRISA2                            00000002
MPASM 5.74                    CONTADOR02.ASM   11-9-2017  19:05:29         PAGE  8


SYMBOL TABLE
  LABEL                             VALUE 

TRISA3                            00000003
TRISA4                            00000004
TRISA5                            00000005
TRISA6                            00000006
TRISA7                            00000007
TRISB                             00000086
TRISB0                            00000000
TRISB1                            00000001
TRISB2                            00000002
TRISB3                            00000003
TRISB4                            00000004
TRISB5                            00000005
TRISB6                            00000006
TRISB7                            00000007
TRMT                              00000001
TX9                               00000006
TX9D                              00000000
TXEN                              00000005
TXIE                              00000004
TXIF                              00000004
TXREG                             00000019
TXSTA                             00000098
T_FILTRO                          000000FF
VR0                               00000000
VR1                               00000001
VR2                               00000002
VR3                               00000003
VRCON                             0000009F
VREN                              00000007
VROE                              00000006
VRR                               00000005
W                                 00000000
WR                                00000001
WREN                              00000002
WRERR                             00000003
Z                                 00000002
_BODEN_OFF                        00003FBF
_BODEN_ON                         00003FFF
_BOREN_OFF                        00003FBF
_BOREN_ON                         00003FFF
_CONFIG                           00002007
_CPD_OFF                          00003FFF
_CPD_ON                           00003EFF
_CP_50                            00002BFF
_CP_75                            000017FF
_CP_ALL                           000003FF
_CP_OFF                           00003FFF
_DEVID1                           00002006
_ER_OSC_CLKOUT                    00003FFF
_ER_OSC_NOCLKOUT                  00003FFE
_EXTCLK_OSC                       00003FEF
_FOSC_ECIO                        00003FEF
_FOSC_ERCLK                       00003FFF
MPASM 5.74                    CONTADOR02.ASM   11-9-2017  19:05:29         PAGE  9


SYMBOL TABLE
  LABEL                             VALUE 

_FOSC_ERIO                        00003FFE
_FOSC_HS                          00003FEE
_FOSC_INTOSCCLK                   00003FFD
_FOSC_INTOSCIO                    00003FFC
_FOSC_LP                          00003FEC
_FOSC_XT                          00003FED
_HS_OSC                           00003FEE
_IDLOC0                           00002000
_IDLOC1                           00002001
_IDLOC2                           00002002
_IDLOC3                           00002003
_INTRC_OSC_CLKOUT                 00003FFD
_INTRC_OSC_NOCLKOUT               00003FFC
_LP_OSC                           00003FEC
_LVP_OFF                          00003F7F
_LVP_ON                           00003FFF
_MCLRE_OFF                        00003FDF
_MCLRE_ON                         00003FFF
_PWRTE_OFF                        00003FFF
_PWRTE_ON                         00003FF7
_WDTE_OFF                         00003FFB
_WDTE_ON                          00003FFF
_WDT_OFF                          00003FFB
_WDT_ON                           00003FFF
_XT_OSC                           00003FED
__16F628A                         00000001

Errors   :     0
Warnings :     0 reported,     0 suppressed
Messages :     4 reported,     0 suppressed

