;  LST file generated by mikroListExporter - v.2.0 
; Date/Time: 10/10/2017 20:37:55
;----------------------------------------------

;Address Opcode 	ASM
0x0000	0x28B0      	GOTO       176
_Delay_22us:
;__Lib_Delays.c,15 :: 		void Delay_22us() {
;__Lib_Delays.c,16 :: 		Delay_us(22);
0x0003	0x3007      	MOVLW      7
0x0004	0x1283      	BCF        STATUS, 5
0x0005	0x1303      	BCF        STATUS, 6
0x0006	0x00FD      	MOVWF      R13
L_Delay_22us1:
0x0007	0x0BFD      	DECFSZ     R13, 1
0x0008	0x2807      	GOTO       L_Delay_22us1
;__Lib_Delays.c,17 :: 		}
L_end_Delay_22us:
0x0009	0x0008      	RETURN
; end of _Delay_22us
_____DoICP:
;__Lib_System.c,6 :: 		
;__Lib_System.c,9 :: 		
0x000A	0x1283      	BCF        STATUS, 5
0x000B	0x1303      	BCF        STATUS, 6
0x000C	0x0821      	MOVF       ___DoICPAddr+1, 0
0x000D	0x008A      	MOVWF      PCLATH
;__Lib_System.c,10 :: 		
0x000E	0x0820      	MOVF       ___DoICPAddr, 0
0x000F	0x0082      	MOVWF      PCL
;__Lib_System.c,12 :: 		
L_end_____DoICP:
0x0010	0x0008      	RETURN
; end of _____DoICP
_Delay_1us:
;__Lib_Delays.c,7 :: 		void Delay_1us() {
;__Lib_Delays.c,8 :: 		Delay_us(1);
0x0011	0x0000      	NOP
;__Lib_Delays.c,9 :: 		}
L_end_Delay_1us:
0x0012	0x0008      	RETURN
; end of _Delay_1us
_Soft_SPI_Init:
;__Lib_SoftSPI.c,11 :: 		
;__Lib_SoftSPI.c,12 :: 		
0x0013	0x1683      	BSF        STATUS, 5
0x0014	0x1303      	BCF        STATUS, 6
0x0015	0x1485      	BSF        SoftSpi_SDI_Direction, BitPos(SoftSpi_SDI_Direction+0)
;__Lib_SoftSPI.c,13 :: 		
0x0016	0x1105      	BCF        SoftSpi_SDO_Direction, BitPos(SoftSpi_SDO_Direction+0)
;__Lib_SoftSPI.c,14 :: 		
0x0017	0x1005      	BCF        SoftSpi_CLK_Direction, BitPos(SoftSpi_CLK_Direction+0)
;__Lib_SoftSPI.c,16 :: 		
0x0018	0x1283      	BCF        STATUS, 5
0x0019	0x1085      	BCF        SoftSpi_SDI, BitPos(SoftSpi_SDI+0)
;__Lib_SoftSPI.c,17 :: 		
0x001A	0x1105      	BCF        SoftSpi_SDO, BitPos(SoftSpi_SDO+0)
;__Lib_SoftSPI.c,18 :: 		
0x001B	0x1005      	BCF        SoftSpi_CLK, BitPos(SoftSpi_CLK+0)
;__Lib_SoftSPI.c,19 :: 		
L_end_Soft_SPI_Init:
0x001C	0x0008      	RETURN
; end of _Soft_SPI_Init
_bcdData:
;displaybcd.c,1 :: 		unsigned short bcdData(unsigned short digit){
;displaybcd.c,7 :: 		switch(digit) {
0x001D	0x283E      	GOTO       L_bcdData0
;displaybcd.c,8 :: 		case 0:                       //abcdefg
L_bcdData2:
;displaybcd.c,9 :: 		returnData = 0b0111111;// 1111110;
0x001E	0x303F      	MOVLW      63
0x001F	0x1283      	BCF        STATUS, 5
0x0020	0x1303      	BCF        STATUS, 6
0x0021	0x00F1      	MOVWF      R1
;displaybcd.c,10 :: 		break;
0x0022	0x2868      	GOTO       L_bcdData1
;displaybcd.c,12 :: 		case 1:
L_bcdData3:
;displaybcd.c,13 :: 		returnData = 0b0000110;// 0110000;
0x0023	0x3006      	MOVLW      6
0x0024	0x00F1      	MOVWF      R1
;displaybcd.c,14 :: 		break;
0x0025	0x2868      	GOTO       L_bcdData1
;displaybcd.c,16 :: 		case 2:
L_bcdData4:
;displaybcd.c,17 :: 		returnData = 0b1011011;// 1101101;
0x0026	0x305B      	MOVLW      91
0x0027	0x00F1      	MOVWF      R1
;displaybcd.c,18 :: 		break;
0x0028	0x2868      	GOTO       L_bcdData1
;displaybcd.c,20 :: 		case 3:
L_bcdData5:
;displaybcd.c,21 :: 		returnData = 0b1001111;// 1111001;
0x0029	0x304F      	MOVLW      79
0x002A	0x00F1      	MOVWF      R1
;displaybcd.c,22 :: 		break;
0x002B	0x2868      	GOTO       L_bcdData1
;displaybcd.c,24 :: 		case 4:
L_bcdData6:
;displaybcd.c,25 :: 		returnData = 0b1100110; //0110011;
0x002C	0x3066      	MOVLW      102
0x002D	0x00F1      	MOVWF      R1
;displaybcd.c,26 :: 		break;
0x002E	0x2868      	GOTO       L_bcdData1
;displaybcd.c,28 :: 		case 5:
L_bcdData7:
;displaybcd.c,29 :: 		returnData = 0b1101101;//1011011;
0x002F	0x306D      	MOVLW      109
0x0030	0x00F1      	MOVWF      R1
;displaybcd.c,30 :: 		break;
0x0031	0x2868      	GOTO       L_bcdData1
;displaybcd.c,32 :: 		case 6:
L_bcdData8:
;displaybcd.c,33 :: 		returnData = 0b1111101;//1011111;
0x0032	0x307D      	MOVLW      125
0x0033	0x00F1      	MOVWF      R1
;displaybcd.c,34 :: 		break;
0x0034	0x2868      	GOTO       L_bcdData1
;displaybcd.c,36 :: 		case 7:
L_bcdData9:
;displaybcd.c,37 :: 		returnData = 0b0000111;//1110000;
0x0035	0x3007      	MOVLW      7
0x0036	0x00F1      	MOVWF      R1
;displaybcd.c,38 :: 		break;
0x0037	0x2868      	GOTO       L_bcdData1
;displaybcd.c,40 :: 		case 8:
L_bcdData10:
;displaybcd.c,41 :: 		returnData = 0b1111111;//1111111;
0x0038	0x307F      	MOVLW      127
0x0039	0x00F1      	MOVWF      R1
;displaybcd.c,42 :: 		break;
0x003A	0x2868      	GOTO       L_bcdData1
;displaybcd.c,44 :: 		case 9:
L_bcdData11:
;displaybcd.c,45 :: 		returnData = 0b1101111;//1111011;
0x003B	0x306F      	MOVLW      111
0x003C	0x00F1      	MOVWF      R1
;displaybcd.c,46 :: 		break;
0x003D	0x2868      	GOTO       L_bcdData1
;displaybcd.c,47 :: 		}
L_bcdData0:
0x003E	0x1283      	BCF        STATUS, 5
0x003F	0x1303      	BCF        STATUS, 6
0x0040	0x0825      	MOVF       FARG_bcdData_digit, 0
0x0041	0x3A00      	XORLW      0
0x0042	0x1903      	BTFSC      STATUS, 2
0x0043	0x281E      	GOTO       L_bcdData2
0x0044	0x0825      	MOVF       FARG_bcdData_digit, 0
0x0045	0x3A01      	XORLW      1
0x0046	0x1903      	BTFSC      STATUS, 2
0x0047	0x2823      	GOTO       L_bcdData3
0x0048	0x0825      	MOVF       FARG_bcdData_digit, 0
0x0049	0x3A02      	XORLW      2
0x004A	0x1903      	BTFSC      STATUS, 2
0x004B	0x2826      	GOTO       L_bcdData4
0x004C	0x0825      	MOVF       FARG_bcdData_digit, 0
0x004D	0x3A03      	XORLW      3
0x004E	0x1903      	BTFSC      STATUS, 2
0x004F	0x2829      	GOTO       L_bcdData5
0x0050	0x0825      	MOVF       FARG_bcdData_digit, 0
0x0051	0x3A04      	XORLW      4
0x0052	0x1903      	BTFSC      STATUS, 2
0x0053	0x282C      	GOTO       L_bcdData6
0x0054	0x0825      	MOVF       FARG_bcdData_digit, 0
0x0055	0x3A05      	XORLW      5
0x0056	0x1903      	BTFSC      STATUS, 2
0x0057	0x282F      	GOTO       L_bcdData7
0x0058	0x0825      	MOVF       FARG_bcdData_digit, 0
0x0059	0x3A06      	XORLW      6
0x005A	0x1903      	BTFSC      STATUS, 2
0x005B	0x2832      	GOTO       L_bcdData8
0x005C	0x0825      	MOVF       FARG_bcdData_digit, 0
0x005D	0x3A07      	XORLW      7
0x005E	0x1903      	BTFSC      STATUS, 2
0x005F	0x2835      	GOTO       L_bcdData9
0x0060	0x0825      	MOVF       FARG_bcdData_digit, 0
0x0061	0x3A08      	XORLW      8
0x0062	0x1903      	BTFSC      STATUS, 2
0x0063	0x2838      	GOTO       L_bcdData10
0x0064	0x0825      	MOVF       FARG_bcdData_digit, 0
0x0065	0x3A09      	XORLW      9
0x0066	0x1903      	BTFSC      STATUS, 2
0x0067	0x283B      	GOTO       L_bcdData11
L_bcdData1:
;displaybcd.c,48 :: 		return ~returnData;
0x0068	0x0971      	COMF       R1, 0
0x0069	0x00F0      	MOVWF      R0
;displaybcd.c,49 :: 		}
L_end_bcdData:
0x006A	0x0008      	RETURN
; end of _bcdData
___CC2DW:
;__Lib_System.c,134 :: 		
;__Lib_System.c,137 :: 		
_CC2D_Loop1:
;__Lib_System.c,139 :: 		
0x006B	0x200A      	CALL       _____DoICP
0x006C	0x118A      	BCF        PCLATH, 3
0x006D	0x120A      	BCF        PCLATH, 4
;__Lib_System.c,141 :: 		
0x006E	0x0080      	MOVWF      INDF
;__Lib_System.c,142 :: 		
0x006F	0x0A84      	INCF       FSR, 1
;__Lib_System.c,143 :: 		
0x0070	0x0AA0      	INCF       ___DoICPAddr, 1
;__Lib_System.c,145 :: 		
0x0071	0x1903      	BTFSC      STATUS, 2
;__Lib_System.c,146 :: 		
0x0072	0x0AA1      	INCF       ___DoICPAddr+1, 1
;__Lib_System.c,147 :: 		
0x0073	0x03F0      	DECF       R0, 1
;__Lib_System.c,149 :: 		
0x0074	0x1D03      	BTFSS      STATUS, 2
;__Lib_System.c,150 :: 		
0x0075	0x286B      	GOTO       _CC2D_Loop1
;__Lib_System.c,152 :: 		
L_end___CC2DW:
0x0076	0x0008      	RETURN
; end of ___CC2DW
_configureMcu:
;termostatoprogramavel.c,54 :: 		void configureMcu() {
;termostatoprogramavel.c,55 :: 		CMCON = 0x07; // Desabilita-se comparadores
0x0077	0x3007      	MOVLW      7
0x0078	0x1283      	BCF        STATUS, 5
0x0079	0x1303      	BCF        STATUS, 6
0x007A	0x009F      	MOVWF      CMCON
;termostatoprogramavel.c,56 :: 		TRISB = 0x0D; // Configura-se RB0 e RB1 como saída
0x007B	0x300D      	MOVLW      13
0x007C	0x1683      	BSF        STATUS, 5
0x007D	0x0086      	MOVWF      TRISB
;termostatoprogramavel.c,57 :: 		Soft_SPI_Init(); // Inicia-se software SPI
0x007E	0x2013      	CALL       _Soft_SPI_Init
;termostatoprogramavel.c,58 :: 		}
L_end_configureMcu:
0x007F	0x0008      	RETURN
; end of _configureMcu
_Soft_SPI_Write:
;__Lib_SoftSPI.c,21 :: 		
;__Lib_SoftSPI.c,22 :: 		
0x0080	0x3080      	MOVLW      128
0x0081	0x1283      	BCF        STATUS, 5
0x0082	0x1303      	BCF        STATUS, 6
0x0083	0x00A6      	MOVWF      Soft_SPI_Write_i_L0
;__Lib_SoftSPI.c,24 :: 		
0x0084	0x09A5      	COMF       FARG_Soft_SPI_Write_sdata, 1
;__Lib_SoftSPI.c,25 :: 		
L_Soft_SPI_Write0:
0x0085	0x0826      	MOVF       Soft_SPI_Write_i_L0, 0
0x0086	0x1903      	BTFSC      STATUS, 2
0x0087	0x289E      	GOTO       L_Soft_SPI_Write1
;__Lib_SoftSPI.c,26 :: 		
0x0088	0x0826      	MOVF       Soft_SPI_Write_i_L0, 0
0x0089	0x0525      	ANDWF      FARG_Soft_SPI_Write_sdata, 0
0x008A	0x00F1      	MOVWF      R1
0x008B	0x0871      	MOVF       R1, 0
0x008C	0x3001      	MOVLW      1
0x008D	0x1D03      	BTFSS      STATUS, 2
0x008E	0x3000      	MOVLW      0
0x008F	0x00F0      	MOVWF      R0
0x0090	0x1870      	BTFSC      R0, 0
0x0091	0x2894      	GOTO       L__Soft_SPI_Write7
0x0092	0x1105      	BCF        SoftSpi_SDO, BitPos(SoftSpi_SDO+0)
0x0093	0x2895      	GOTO       L__Soft_SPI_Write8
L__Soft_SPI_Write7:
0x0094	0x1505      	BSF        SoftSpi_SDO, BitPos(SoftSpi_SDO+0)
L__Soft_SPI_Write8:
;__Lib_SoftSPI.c,27 :: 		
0x0095	0x2011      	CALL       _Delay_1us
;__Lib_SoftSPI.c,28 :: 		
0x0096	0x2011      	CALL       _Delay_1us
;__Lib_SoftSPI.c,29 :: 		
0x0097	0x1405      	BSF        SoftSpi_CLK, BitPos(SoftSpi_CLK+0)
;__Lib_SoftSPI.c,30 :: 		
0x0098	0x2003      	CALL       _Delay_22us
;__Lib_SoftSPI.c,31 :: 		
0x0099	0x1005      	BCF        SoftSpi_CLK, BitPos(SoftSpi_CLK+0)
;__Lib_SoftSPI.c,32 :: 		
0x009A	0x2003      	CALL       _Delay_22us
;__Lib_SoftSPI.c,33 :: 		
0x009B	0x0CA6      	RRF        Soft_SPI_Write_i_L0, 1
0x009C	0x13A6      	BCF        Soft_SPI_Write_i_L0, 7
;__Lib_SoftSPI.c,34 :: 		
0x009D	0x2885      	GOTO       L_Soft_SPI_Write0
L_Soft_SPI_Write1:
;__Lib_SoftSPI.c,36 :: 		
L_end_Soft_SPI_Write:
0x009E	0x0008      	RETURN
; end of _Soft_SPI_Write
_Div_8x8_U:
;__Lib_Math.c,189 :: 		
;__Lib_Math.c,196 :: 		
0x009F	0x1283      	BCF        STATUS, 5
;__Lib_Math.c,197 :: 		
0x00A0	0x1303      	BCF        STATUS, 6
;__Lib_Math.c,198 :: 		
0x00A1	0x01F8      	CLRF       R8
;__Lib_Math.c,199 :: 		
0x00A2	0x3008      	MOVLW      8
;__Lib_Math.c,200 :: 		
0x00A3	0x00FC      	MOVWF      R12
;__Lib_Math.c,201 :: 		
0x00A4	0x0D70      	RLF        R0, 0
;__Lib_Math.c,202 :: 		
0x00A5	0x0DF8      	RLF        R8, 1
;__Lib_Math.c,203 :: 		
0x00A6	0x0874      	MOVF       R4, 0
;__Lib_Math.c,204 :: 		
0x00A7	0x02F8      	SUBWF      R8, 1
;__Lib_Math.c,205 :: 		
0x00A8	0x1803      	BTFSC      STATUS, 0
;__Lib_Math.c,206 :: 		
0x00A9	0x28AC      	GOTO       $+3
;__Lib_Math.c,207 :: 		
0x00AA	0x07F8      	ADDWF      R8, 1
;__Lib_Math.c,208 :: 		
0x00AB	0x1003      	BCF        STATUS, 0
;__Lib_Math.c,209 :: 		
0x00AC	0x0DF0      	RLF        R0, 1
;__Lib_Math.c,210 :: 		
0x00AD	0x0BFC      	DECFSZ     R12, 1
;__Lib_Math.c,211 :: 		
0x00AE	0x28A4      	GOTO       $-10
;__Lib_Math.c,213 :: 		
L_end_Div_8x8_U:
0x00AF	0x0008      	RETURN
; end of _Div_8x8_U
_main:
;termostatoprogramavel.c,27 :: 		void main() {
;termostatoprogramavel.c,29 :: 		configureMcu();
0x00B0	0x2077      	CALL       _configureMcu
;termostatoprogramavel.c,30 :: 		while(1) {
L_main0:
;termostatoprogramavel.c,31 :: 		for(counter = 0; counter < 100; counter ++) {
0x00B1	0x01A2      	CLRF       main_counter_L0
L_main2:
0x00B2	0x3064      	MOVLW      100
0x00B3	0x0222      	SUBWF      main_counter_L0, 0
0x00B4	0x1803      	BTFSC      STATUS, 0
0x00B5	0x28ED      	GOTO       L_main3
;termostatoprogramavel.c,33 :: 		digit02 = counter / 10;
0x00B6	0x300A      	MOVLW      10
0x00B7	0x00F4      	MOVWF      R4
0x00B8	0x0822      	MOVF       main_counter_L0, 0
0x00B9	0x00F0      	MOVWF      R0
0x00BA	0x209F      	CALL       _Div_8x8_U
0x00BB	0x0870      	MOVF       R0, 0
0x00BC	0x00A4      	MOVWF      main_digit02_L0
;termostatoprogramavel.c,34 :: 		digit01 = counter % 10;
0x00BD	0x300A      	MOVLW      10
0x00BE	0x00F4      	MOVWF      R4
0x00BF	0x0822      	MOVF       main_counter_L0, 0
0x00C0	0x00F0      	MOVWF      R0
0x00C1	0x209F      	CALL       _Div_8x8_U
0x00C2	0x0878      	MOVF       R8, 0
0x00C3	0x00F0      	MOVWF      R0
0x00C4	0x0870      	MOVF       R0, 0
0x00C5	0x00A3      	MOVWF      main_digit01_L0
;termostatoprogramavel.c,35 :: 		digit02 = bcdData(digit02);
0x00C6	0x0824      	MOVF       main_digit02_L0, 0
0x00C7	0x00A5      	MOVWF      FARG_bcdData_digit
0x00C8	0x201D      	CALL       _bcdData
0x00C9	0x1283      	BCF        STATUS, 5
0x00CA	0x1303      	BCF        STATUS, 6
0x00CB	0x0870      	MOVF       R0, 0
0x00CC	0x00A4      	MOVWF      main_digit02_L0
;termostatoprogramavel.c,36 :: 		digit01 = bcdData(digit01);
0x00CD	0x0823      	MOVF       main_digit01_L0, 0
0x00CE	0x00A5      	MOVWF      FARG_bcdData_digit
0x00CF	0x201D      	CALL       _bcdData
0x00D0	0x1283      	BCF        STATUS, 5
0x00D1	0x1303      	BCF        STATUS, 6
0x00D2	0x0870      	MOVF       R0, 0
0x00D3	0x00A3      	MOVWF      main_digit01_L0
;termostatoprogramavel.c,39 :: 		enable7seg01 = 0;
0x00D4	0x1006      	BCF        PORTB, 0
;termostatoprogramavel.c,40 :: 		Soft_SPI_Write(digit02);
0x00D5	0x0824      	MOVF       main_digit02_L0, 0
0x00D6	0x00A5      	MOVWF      FARG_Soft_SPI_Write_sdata
0x00D7	0x2080      	CALL       _Soft_SPI_Write
;termostatoprogramavel.c,41 :: 		enable7seg01 = 1;
0x00D8	0x1406      	BSF        PORTB, 0
;termostatoprogramavel.c,44 :: 		enable7seg02 = 0;
0x00D9	0x1086      	BCF        PORTB, 1
;termostatoprogramavel.c,45 :: 		Soft_SPI_Write(digit01);
0x00DA	0x0823      	MOVF       main_digit01_L0, 0
0x00DB	0x00A5      	MOVWF      FARG_Soft_SPI_Write_sdata
0x00DC	0x2080      	CALL       _Soft_SPI_Write
;termostatoprogramavel.c,46 :: 		enable7seg02 = 1;
0x00DD	0x1486      	BSF        PORTB, 1
;termostatoprogramavel.c,48 :: 		delay_ms(200);
0x00DE	0x3002      	MOVLW      2
0x00DF	0x00FB      	MOVWF      R11
0x00E0	0x3004      	MOVLW      4
0x00E1	0x00FC      	MOVWF      R12
0x00E2	0x30BA      	MOVLW      186
0x00E3	0x00FD      	MOVWF      R13
L_main5:
0x00E4	0x0BFD      	DECFSZ     R13, 1
0x00E5	0x28E4      	GOTO       L_main5
0x00E6	0x0BFC      	DECFSZ     R12, 1
0x00E7	0x28E4      	GOTO       L_main5
0x00E8	0x0BFB      	DECFSZ     R11, 1
0x00E9	0x28E4      	GOTO       L_main5
0x00EA	0x0000      	NOP
;termostatoprogramavel.c,31 :: 		for(counter = 0; counter < 100; counter ++) {
0x00EB	0x0AA2      	INCF       main_counter_L0, 1
;termostatoprogramavel.c,49 :: 		}
0x00EC	0x28B2      	GOTO       L_main2
L_main3:
;termostatoprogramavel.c,50 :: 		counter = 0;
0x00ED	0x01A2      	CLRF       main_counter_L0
;termostatoprogramavel.c,51 :: 		}
0x00EE	0x28B1      	GOTO       L_main0
;termostatoprogramavel.c,52 :: 		}
L_end_main:
0x00EF	0x28EF      	GOTO       $+0
; end of _main
Symbol List:
//** Routines locations **
//ADDRESS    SIZE    PROCEDURE
//----------------------------------------------
0x0003       [7]    _Delay_22us
0x000A       [7]    _____DoICP
0x0011       [2]    _Delay_1us
0x0013      [10]    _Soft_SPI_Init
0x001D      [78]    _bcdData
0x006B      [12]    ___CC2DW
0x0077       [9]    _configureMcu
0x0080      [31]    _Soft_SPI_Write
0x009F      [17]    _Div_8x8_U
0x00B0      [64]    _main
//** Variables locations ** 
//ADDRESS    SIZE    VARIABLE
//----------------------------------------------
0x0000       [1]    INDF
0x0002       [1]    PCL
0x0003       [1]    STATUS
0x0004       [1]    FSR
0x0005       [0]    RA2_bit
0x0005       [0]    SoftSpi_SDI
0x0005       [0]    SoftSpi_SDO
0x0005       [0]    RA1_bit
0x0005       [0]    RA0_bit
0x0005       [0]    SoftSpi_CLK
0x0006       [1]    PORTB
0x000A       [1]    PCLATH
0x001F       [1]    CMCON
0x0020       [2]    ___DoICPAddr
0x0022       [1]    main_counter_L0
0x0023       [1]    main_digit01_L0
0x0024       [1]    main_digit02_L0
0x0025       [1]    FARG_Soft_SPI_Write_sdata
0x0025       [1]    FARG_bcdData_digit
0x0026       [1]    Soft_SPI_Write_i_L0
0x0070       [1]    R0
0x0071       [1]    R1
0x0072       [1]    R2
0x0073       [1]    R3
0x0074       [1]    R4
0x0075       [1]    R5
0x0076       [1]    R6
0x0077       [1]    R7
0x0078       [1]    R8
0x0079       [1]    R9
0x007A       [1]    R10
0x007B       [1]    R11
0x007C       [1]    R12
0x007D       [1]    R13
0x007E       [1]    R14
0x007F       [1]    R15
0x0085       [0]    TRISA0_bit
0x0085       [0]    TRISA1_bit
0x0085       [0]    TRISA2_bit
0x0085       [0]    SoftSpi_SDO_Direction
0x0085       [0]    SoftSpi_SDI_Direction
0x0085       [0]    SoftSpi_CLK_Direction
0x0086       [1]    TRISB
//** Label List: ** 
//----------------------------------------------
  L_bcdData0
  L_bcdData1
  L_bcdData2
  L_bcdData3
  L_bcdData4
  L_bcdData5
  L_bcdData6
  L_bcdData7
  L_bcdData8
  L_bcdData9
  L_bcdData10
  L_bcdData11
  L_end_bcdData
  _bcdData
  L_main0
  L_main1
  L_main2
  L_main3
  L_main4
  L_main5
  L_end_main
  _main
  L_end_configureMcu
  _configureMcu
  L_Delay_10us0
  L_Delay_22us1
  L_Delay_50us2
  L_Delay_80us3
  L_Delay_500us4
  L_Delay_5500us5
  L_Delay_1ms6
  L_Delay_5ms7
  L_Delay_8ms8
  L_Delay_10ms9
  L_Delay_100ms10
  L_Delay_1sec11
  L_boot16_Delay_5ms12
  L_Delay_Cyc13
  L_Delay_Cyc14
  L_VDelay_ms15
  L_VDelay_ms16
  L_VDelay_ms17
  L_VDelay_Advanced_ms18
  L_VDelay_Advanced_ms19
  L_VDelay_Advanced_ms20
  L_end_Get_Fosc_kHz
  _Get_Fosc_kHz
  L_end_Delay_1us
  _Delay_1us
  L_end_Delay_10us
  _Delay_10us
  L_end_Delay_22us
  _Delay_22us
  L_end_Delay_50us
  _Delay_50us
  L_end_Delay_80us
  _Delay_80us
  L_end_Delay_500us
  _Delay_500us
  L_end_Delay_5500us
  _Delay_5500us
  L_end_Delay_1ms
  _Delay_1ms
  L_end_Delay_5ms
  _Delay_5ms
  L_end_Delay_8ms
  _Delay_8ms
  L_end_Delay_10ms
  _Delay_10ms
  L_end_Delay_100ms
  _Delay_100ms
  L_end_Delay_1sec
  _Delay_1sec
  L_end_boot16_Delay_5ms
  _boot16_Delay_5ms
  L_end_Delay_Cyc
  _Delay_Cyc
  L_end_VDelay_ms
  _VDelay_ms
  L__VDelay_ms38
  L__VDelay_ms39
  L__VDelay_ms40
  L_end_VDelay_Advanced_ms
  _VDelay_Advanced_ms
  L__VDelay_Advanced_ms42
  L__VDelay_Advanced_ms43
  L__VDelay_Advanced_ms44
  L_Div_16x16_S0
  L_Div_16x16_S1
  LOOPS3232A
  SADD22LA
  SOK22LA
  SADD22L8
  SOK22L8
  LOOPS3232B
  SADD22LB
  SOK22LB
  SADD22L16
  SOK22L16
  LOOPS3232C
  SADD22LC
  SOK22LC
  SADD22L24
  SOK22L24
  LOOPS3232D
  SADD22LD
  SOK22LD
  SOK22L
  L_Div_32x32_S6
  L_Div_32x32_S7
  L_Div_32x32_S8
  L_Div_32x32_S9
  FXD3232S
  END_ALL
  CA3232S
  C3232SX
  C3232SX1
  C3232S
  C3232S2
  C3232SX4
  C3232SOK
  C3232SX3
  C3232SX2
  avoid_comfrem
  LOOPU3232A
  UADD22LA
  UOK22LA
  UADD22L8
  UOK22L8
  LOOPU3232B
  UADD22LB
  UOK22LB
  UADD22L16
  UOK22L16
  LOOPU3232C
  UADD22LC
  UOK22LC
  UADD22L24
  UOK22L24
  LOOPU3232D
  UADD22LD
  UOK22LD
  UOK22L
  _NEXT
  _EXIT2
  _LOOP
  _EXIT1
  _IF_FIRST
  _IF_SECOND
  _INVERCE_FIRST
  _MULT
  _INBERSE_SECOND
  _EXIT
  L_end_Mul_8x8_U
  _Mul_8x8_U
  L_end_Mul_16x16_U
  _Mul_16x16_U
  L_end_Div_8x8_U
  _Div_8x8_U
  L_end_Div_16x16_U
  _Div_16x16_U
  L_end_Mul_8x8_S
  _Mul_8x8_S
  L_end_Mul_16x16_S
  _Mul_16x16_S
  L_end_Div_16x16_S_L
  _Div_16x16_S_L
  L_end_Div_16x16_S
  _Div_16x16_S
  L_end_Div_8x8_S
  _Div_8x8_S
  L_end_SDIV3232L
  _SDIV3232L
  L_end_COMFREM
  _COMFREM
  L_end_Div_32x32_S
  _Div_32x32_S
  L_end_Div_32x32_U
  _Div_32x32_U
  L_end_Mul_32x32_U
  _Mul_32x32_U
  L_end_Mul_32x32_S
  _Mul_32x32_S
  L_Soft_SPI_Write0
  L_Soft_SPI_Write1
  L_Soft_SPI_Read2
  L_Soft_SPI_Read3
  L_Soft_SPI_Read4
  L_end_Soft_SPI_Init
  _Soft_SPI_Init
  L_end_Soft_SPI_Write
  _Soft_SPI_Write
  L__Soft_SPI_Write7
  L__Soft_SPI_Write8
  L_end_Soft_SPI_Read
  _Soft_SPI_Read
  L__Soft_SPI_Read10
  L__Soft_SPI_Read11
  L_loopCA2AWs
  L_CA2AWend
  _CCA2AW_Loop1
  L_loopCS2Ss
  L_CS2Send
  _CCS2S_Loop1
  L_CCS2Send
  L_loopFZinSWs
  L_FZinSend
  _CC2D_Loop1
  L_end_____DoICP
  _____DoICP
  L_end_____DoIFC
  _____DoIFC
  L_end___CA2AW
  ___CA2AW
  L_end___CCA2AW
  ___CCA2AW
  L_end___CS2S
  ___CS2S
  L_end___CCS2S
  ___CCS2S
  L_end___FZinS
  ___FZinS
  L_end___CC2DW
  ___CC2DW
  L_end_Swap
  _Swap
