
ASEM-51 V1.3                                         Copyright (c) 2002 by W.W. Heinz                                         PAGE 1





       MCS-51 Family Macro Assembler   A S E M - 5 1   V 1.3
       =====================================================



	Source File:	G:\Silvio Pasta\Alterna e-d\alternaed.asm
	Object File:	G:\Silvio Pasta\Alterna e-d\alternaed.hex
	List File:	G:\Silvio Pasta\Alterna e-d\alternaed.lst



 Line  I  Addr  Code            Source

    1:				; ========================================================================
    2:				; =================      ETEC Aristóteles Ferreira.     ==================
    3:				; ========          Yhan Christian Souza Silva         ===========
    4:				; =====   Programa_01  piscaled.asm  ver. 0.0 data: 09/04/13.   =========
    5:				; ========================================================================
    6:
    7:
    8:				;Programa para acender os leGds pares e impares alternadamente
    9:
   10:		N      0000		ORG 0000H                               ;INÍCIO DO PROGRAMA
   11:	  0000	74 01			MOV A, #01H                             ;MOVE O DADO 55H(B=00000001)
   12:	  0002	F5 80			MOV P0, A                               ;MOVE O DADO DO ACUMULADOR PARA O PORT 0
   13:	  0004	12 00 0C	LOOP:   LCALL TEMPO                             ;CHAMA A SUBROTINA TEMPO
   14:
   15:	  0007	03		        RR A                                   ;ROTACIONO O BIT PELO A (B=10101010)
   16:	  0008	F5 80		        MOV P0, A                               ;MOVE O CONTEÚDO DO ACUMULADOR PARA O PORT 0
   17:	  000A	80 F8		        SJMP LOOP                               ;SALTA PARA O LABEL LOOP
   18:
   19:				;SUBROTINA TEMPO=(250X250X2X8)uS= 1000000uS=1s
   20:	  000C	78 01		TEMPO:  MOV R0, #1                              ;CARREGA RO COM 8
   21:	  000E	79 FA		VOLTA2: MOV R1, #250                            ;CAREGA R1 COM 250
   22:	  0010	7A FA		VOLTA1: MOV R2, #250                            ;CAREGA R2 COM 250
   23:	  0012	DA FE		        DJNZ R2, $                              ;DECREMENTA R2 ATÉ ZERAR
   24:	  0014	D9 FA		        DJNZ R1, VOLTA1                         ;DECREMENTA R1 E SALTA ATÉ ZERAR
   25:	  0016	D8 F6		        DJNZ R0, VOLTA2                         ;DECREMENTA RO E SALTA ATÉ ZERAR
   26:	  0018	22		        RET                                     ;RETORNO DE SUBROTINA
   27:				        END                                     ;FIM DO PROGRAMA





                     register banks used:  ---

                     no errors




ASEM-51 V1.3                                         Copyright (c) 2002 by W.W. Heinz                                         PAGE 2





	       L I S T   O F   S Y M B O L S
	       =============================


SYMBOL				  TYPE     VALUE	LINE
------------------------------------------------------------
??ASEM_51			  NUMBER    8051
??VERSION			  NUMBER    0130
AC				  BIT	      D6
ACC				  DATA	      E0
B				  DATA	      F0
CY				  BIT	      D7
DPH				  DATA	      83
DPL				  DATA	      82
EA				  BIT	      AF
ES				  BIT	      AC
ET0				  BIT	      A9
ET1				  BIT	      AB
EX0				  BIT	      A8
EX1				  BIT	      AA
EXTI0				  CODE	    0003
EXTI1				  CODE	    0013
F0				  BIT	      D5
IE				  DATA	      A8
IE0				  BIT	      89
IE1				  BIT	      8B
INT0				  BIT	      B2
INT1				  BIT	      B3
IP				  DATA	      B8
IT0				  BIT	      88
IT1				  BIT	      8A
LOOP				  CODE	    0004	  13
OV				  BIT	      D2
P				  BIT	      D0
P0				  DATA	      80
P1				  DATA	      90
P2				  DATA	      A0
P3				  DATA	      B0
PCON				  DATA	      87
PS				  BIT	      BC
PSW				  DATA	      D0
PT0				  BIT	      B9
PT1				  BIT	      BB
PX0				  BIT	      B8
PX1				  BIT	      BA
RB8				  BIT	      9A
RD				  BIT	      B7
REN				  BIT	      9C
RESET				  CODE	    0000
RI				  BIT	      98
RS0				  BIT	      D3
RS1				  BIT	      D4
RXD				  BIT	      B0
SBUF				  DATA	      99
SCON				  DATA	      98
SINT				  CODE	    0023

ASEM-51 V1.3                                         Copyright (c) 2002 by W.W. Heinz                                         PAGE 3



SYMBOL				  TYPE     VALUE	LINE
------------------------------------------------------------
SM0				  BIT	      9F
SM1				  BIT	      9E
SM2				  BIT	      9D
SP				  DATA	      81
T0				  BIT	      B4
T1				  BIT	      B5
TB8				  BIT	      9B
TCON				  DATA	      88
TEMPO				  CODE	    000C	  20
TF0				  BIT	      8D
TF1				  BIT	      8F
TH0				  DATA	      8C
TH1				  DATA	      8D
TI				  BIT	      99
TIMER0				  CODE	    000B
TIMER1				  CODE	    001B
TL0				  DATA	      8A
TL1				  DATA	      8B
TMOD				  DATA	      89
TR0				  BIT	      8C
TR1				  BIT	      8E
TXD				  BIT	      B1
VOLTA1				  CODE	    0010	  22
VOLTA2				  CODE	    000E	  21
WR				  BIT	      B6
