
ASEM-51 V1.3                                         Copyright (c) 2002 by W.W. Heinz                                         PAGE 1





       MCS-51 Family Macro Assembler   A S E M - 5 1   V 1.3
       =====================================================



	Source File:	H:\Silvio Pasta\Exercicios 26.04.12\Exercicio7\exercicio7.asm
	Object File:	H:\Silvio Pasta\Exercicios 26.04.12\Exercicio7\exercicio7.hex
	List File:	H:\Silvio Pasta\Exercicios 26.04.12\Exercicio7\exercicio7.lst



 Line  I  Addr  Code            Source

    1:				; ========================================================================
    2:				; =================      ETEC Aristóteles Ferreira.     ==================
    3:				; ========          Yhan Christian Souza Silva         ===================
    4:				; =====   Programa_01  exercicio7.asm  ver. 0.0 data: 04/05/13.   ========
    5:				; ========================================================================
    6:
    7:
    8:
    9:				;FAZER UM PROGRAMA QUE CONTENHA DUAS CHAVES: 
   10:
   11:				;P2.0 = CHAVE GERAL
   12:				;P3.2 = EXECUTA SEQUENCIA_01  E  QUANDO PRESSIONADO  EXECUTA SEQUENCIA_02.
   13:
   14:
   15:
   16:
   17:		N      0000			ORG 0000H				;Inicio de Programa
   18:	  0000	75 80 00			MOV P0,#00H				;Limpo P0
   19:	  0003	75 A0 FF			MOV P2,#0FFH				;Preparo P2 para leitura
   20:
   21:
   22:
   23:
   24:
   25:	  0006	20 B2 10	LOOP:        	 JB P3.2, GERAL				;Verifica o acionamento do botão P3.2, pulo
				para rotina GERAL
   26:	  0009	30 A0 0D			 JNB P2.0, GERAL			;Verifico o Acionamento do botão P2.0, pulo
				para rotina GERAL
   27:	  000C	74 55				 MOV A,#55H				;Movo para o Acc 55H
   28:	  000E	F4			         CPL A					;Complemento Acc
   29:	  000F	F5 80			         MOV P0,A 		                ;Move o dado do Acc para o Port
   30:	  0011	30 B2 FD		         JNB P3.2, $				;Verifico se esta 0 o botão P2.0
   31:	  0014	F4			         CPL A					;Complemento Acc
   32:	  0015	F5 80			         MOV P0, A 				;Movo o conteudo de Acc para P0
   33:	  0017	80 ED			         SJMP LOOP			        ;Salta para loop
   34:
   35:
   36:
   37:	  0019	20 A0 EA	GERAL:		 JB P2.0, LOOP				;Verifico o Acionamento do botão P2.1, pulo
				para rotina LOOP
   38:	  001C	E4				CLR A					;Limpo Acc
   39:	  001D	F5 80				MOV P0,A				;Movo o dado para P0
   40:	  001F	75 80 00			MOV P0,#00H				;Limpo P0

ASEM-51 V1.3                                         Copyright (c) 2002 by W.W. Heinz                                         PAGE 2



 Line  I  Addr  Code            Source

   41:	  0022	12 00 27			LCALL TEMPO				;Subrotina de tempo
   42:	  0025	80 DF				SJMP LOOP				;Salto para LOOP
   43:
   44:
   45:
   46:
   47:					;SUBROTINA TEMPO
   48:
   49:	  0027	78 02		TEMPO:  MOV R0, #2                               ;CARREGA RO COM 2
   50:	  0029	79 FA		VOLTA2: MOV R1, #250      	                 ;CARREGA R1 COM 250
   51:	  002B	7A FA		VOLTA1: MOV R2, #250	                         ;CARREGA R2 COM 250
   52:	  002D	DA FE		        DJNZ R2, $                              ;DECREMENTA R2 ATÉ ZERAR
   53:	  002F	D9 FA		        DJNZ R1, VOLTA1                         ;DECREMENTA R1 E SALTA ATÉ ZERAR
   54:	  0031	D8 F6		        DJNZ R0, VOLTA2                         ;DECREMENTA RO E SALTA ATÉ ZERAR
   55:	  0033	22		        RET                                     ;RETORNO DE SUBROTINA
   56:				        END					;FIM DE PROGRAMA
   57:
   58:
   59:
   60:
   61:
   62:
   63:
   64:
   65:
   66:
   67:
   68:
   69:
   70:
   71:
   72:
   73:
   74:
   75:
   76:
   77:
   78:
   79:
   80:
   81:
   82:
   83:
   84:
   85:
   86:
   87:
   88:
   89:
   90:
   91:
   92:
   93:
   94:
   95:
   96:

ASEM-51 V1.3                                         Copyright (c) 2002 by W.W. Heinz                                         PAGE 3



 Line  I  Addr  Code            Source

   97:
   98:
   99:
  100:
  101:
  102:
  103:
  104:
  105:
  106:
  107:
  108:
  109:
  110:
  111:
  112:
  113:
  114:
  115:
  116:
  117:
  118:
  119:
  120:
  121:
  122:
  123:
  124:
  125:
  126:
  127:
  128:
  129:
  130:
  131:
  132:
  133:
  134:
  135:
  136:
  137:
  138:
  139:
  140:
  141:
  142:
  143:
  144:
  145:
  146:
  147:
  148:
  149:
  150:
  151:
  152:

ASEM-51 V1.3                                         Copyright (c) 2002 by W.W. Heinz                                         PAGE 4



 Line  I  Addr  Code            Source

  153:
  154:
  155:
  156:
  157:
  158:
  159:
  160:
  161:
  162:
  163:
  164:
  165:
  166:
  167:
  168:
  169:
  170:
  171:
  172:
  173:
  174:
  175:
  176:
  177:
  178:
  179:
  180:
  181:
  182:
  183:
  184:
  185:
  186:
  187:
  188:
  189:
  190:
  191:
  192:
  193:
  194:
  195:
  196:
  197:
  198:
  199:
  200:
  201:
  202:
  203:
  204:
  205:
  206:
  207:
  208:

ASEM-51 V1.3                                         Copyright (c) 2002 by W.W. Heinz                                         PAGE 5



 Line  I  Addr  Code            Source

  209:
  210:
  211:
  212:
  213:
  214:
  215:
  216:
  217:
  218:
  219:
  220:
  221:
  222:
  223:
  224:
  225:
  226:
  227:
  228:
  229:
  230:
  231:
  232:
  233:
  234:
  235:
  236:
  237:
  238:
  239:
  240:





                     register banks used:  ---

                     no errors




ASEM-51 V1.3                                         Copyright (c) 2002 by W.W. Heinz                                         PAGE 6





	       L I S T   O F   S Y M B O L S
	       =============================


SYMBOL				  TYPE     VALUE	LINE
------------------------------------------------------------
??ASEM_51			  NUMBER    8051
??VERSION			  NUMBER    0130
AC				  BIT	      D6
ACC				  DATA	      E0
B				  DATA	      F0
CY				  BIT	      D7
DPH				  DATA	      83
DPL				  DATA	      82
EA				  BIT	      AF
ES				  BIT	      AC
ET0				  BIT	      A9
ET1				  BIT	      AB
EX0				  BIT	      A8
EX1				  BIT	      AA
EXTI0				  CODE	    0003
EXTI1				  CODE	    0013
F0				  BIT	      D5
GERAL				  CODE	    0019	  37
IE				  DATA	      A8
IE0				  BIT	      89
IE1				  BIT	      8B
INT0				  BIT	      B2
INT1				  BIT	      B3
IP				  DATA	      B8
IT0				  BIT	      88
IT1				  BIT	      8A
LOOP				  CODE	    0006	  25
OV				  BIT	      D2
P				  BIT	      D0
P0				  DATA	      80
P1				  DATA	      90
P2				  DATA	      A0
P3				  DATA	      B0
PCON				  DATA	      87
PS				  BIT	      BC
PSW				  DATA	      D0
PT0				  BIT	      B9
PT1				  BIT	      BB
PX0				  BIT	      B8
PX1				  BIT	      BA
RB8				  BIT	      9A
RD				  BIT	      B7
REN				  BIT	      9C
RESET				  CODE	    0000
RI				  BIT	      98
RS0				  BIT	      D3
RS1				  BIT	      D4
RXD				  BIT	      B0
SBUF				  DATA	      99
SCON				  DATA	      98

ASEM-51 V1.3                                         Copyright (c) 2002 by W.W. Heinz                                         PAGE 7



SYMBOL				  TYPE     VALUE	LINE
------------------------------------------------------------
SINT				  CODE	    0023
SM0				  BIT	      9F
SM1				  BIT	      9E
SM2				  BIT	      9D
SP				  DATA	      81
T0				  BIT	      B4
T1				  BIT	      B5
TB8				  BIT	      9B
TCON				  DATA	      88
TEMPO				  CODE	    0027	  49
TF0				  BIT	      8D
TF1				  BIT	      8F
TH0				  DATA	      8C
TH1				  DATA	      8D
TI				  BIT	      99
TIMER0				  CODE	    000B
TIMER1				  CODE	    001B
TL0				  DATA	      8A
TL1				  DATA	      8B
TMOD				  DATA	      89
TR0				  BIT	      8C
TR1				  BIT	      8E
TXD				  BIT	      B1
VOLTA1				  CODE	    002B	  51
VOLTA2				  CODE	    0029	  50
WR				  BIT	      B6
