
ASEM-51 V1.3                                         Copyright (c) 2002 by W.W. Heinz                                         PAGE 1





       MCS-51 Family Macro Assembler   A S E M - 5 1   V 1.3
       =====================================================



	Source File:	H:\Silvio Pasta\Prog Senha\progsenha2\progsenha2.asm
	Object File:	H:\Silvio Pasta\Prog Senha\progsenha2\progsenha2.hex
	List File:	H:\Silvio Pasta\Prog Senha\progsenha2\progsenha2.lst



 Line  I  Addr  Code            Source

    1:				; ========================================================================
    2:				; =================      ETEC Aristóteles Ferreira.     ==================
    3:				; ========          Yhan Christian Souza Silva         ===================
    4:				; =====   Programa_02  progsenha2.asm  ver. 0.2 data: 01/06/13.   =========

    5:				; ========================================================================
    6:
    7:
    8:				;Fazer um programa para acionar uma fechadura eletrônica
    9:				;Deverá possuir:
   10:				;Senha de 9 digitos qualquer
   11:				;Display para contar o número de teclas pressionadas
   12:				; * Limpa todos os digitos e volta para inicio
   13:				; # Para confirmação ENTER
   14:				;Digitar os 6 números depois digitar ENTER
   15:				;Se correta libera a fechadura
   16:				;Se incorreta toca o BUZZER
   17:				; para calar o BUZZER pressionar e soltar # 3 vezes
   18:
   19:
   20:
   21:		N      0000			ORG 0000H		;INICIO DE PROGRAMA
   22:	  0000	75 81 60	INICIO:		MOV SP,#60H		;DEFINO O INICIO DE UTILIZAÇÃO REGISTRADORES "LABEL"
   23:	  0003	78 30				MOV R0,#30H	  	;MOVO O DADO 30H PARA R0
   24:	  0005	75 80 FF			MOV P0,#0FFH		;MOVO O DADO FF PARA P0
   25:	  0008	75 90 00			MOV P1,#00H 		;LIMPO P1
   26:	  000B	74 00				MOV A,#00H		;LIMPO ACC
   27:	  000D	12 01 46			LCALL TEMPO		;SUB-ROTINA DE TEMPO
   28:				;-------------------------------------------------------------------------
   29:						;EQUIVALENCIAS
   30:
   31:		B      00A0	             LIN_0 EQU P2.0		;LINHA 1 EQUIVALE A P2.0
   32:		B      00A1	             LIN_1 EQU P2.1		;LINHA 2 EQUIVALE A P2.1
   33:		B      00A2	             LIN_2 EQU P2.2		;LINHA 3 EQUIVALE A P2.2
   34:		B      00A3	             LIN_3 EQU P2.3 		;LINHA 4 EQUIVALE A P2.3
   35:
   36:		B      00A4	             COL_3 EQU P2.4     	;COLUNA 0 EQUIVALE A P2.4
   37:		B      00A5	             COL_2 EQU P2.5		;COLUNA 1 EQUIVALE A P2.5
   38:		B      00A6	             COL_1 EQU P2.6		;COLUNA 2 EQUIVALE A P2.6
   39:		B      00A7	             COL_0 EQU P2.7     	;COLUNA 3 EQUIVALE A P2.7
   40:
   41:	  0010	80 00				SJMP COLUNA0
   42:				;--------------------------------------------------------------------------

ASEM-51 V1.3                                         Copyright (c) 2002 by W.W. Heinz                                         PAGE 2



 Line  I  Addr  Code            Source

   43:						;VARREDURA TECLADO
   44:
   45:	  0012	C2 A7		COLUNA0: 	CLR COL_0		;LIMPO COLUNA 0
   46:	  0014	20 A0 08			JB LIN_0,S1		;VERIFICO O ACIONAMENTO DO BOTÃO/PULO PARA O SEGUINTE
   47:
   48:	  0017	74 01				MOV A,#01H		;MOVO PARA A 01H
   49:	  0019	12 01 2F			LCALL D1		;CHAMO SUB-ROTINA D1
   50:	  001C	12 01 53			LCALL TEMPO1		;SUB-ROTINA  TEMPO1
   51:
   52:	  001F	20 A1 08	S1:		JB LIN_1,S2		;VERIFICO O ACIONAMENTO DO BOTÃO/PULO PARA O SEGUINTE
   53:	  0022	74 04				MOV A,#04H		;MOVO PARA A 04H
   54:	  0024	12 01 2F			LCALL D1		;CHAMO SUB-ROTINA D1
   55:	  0027	12 01 53			LCALL TEMPO1		;SUB-ROTINA TEMPO1
   56:
   57:	  002A	20 A2 08	S2:		JB LIN_2,S3		;VERIFICO O ACIONAMENTO DO BOTÃO/PULO PARA O SEGUINTE
   58:	  002D	74 07				MOV A,#07H		;MOVO PARA A 07H
   59:	  002F	12 01 2F			LCALL D1		;CHAMO SUB-ROTINA D1
   60:	  0032	12 01 53			LCALL TEMPO1		;SUB-ROTINA TEMPO1
   61:
   62:	  0035	20 A3 08	S3:		JB LIN_3,S4		;VERIFICO O ACIONAMENTO DO BOTÃO/PULO PARA O SEGUINTE
   63:	  0038	12 01 53			LCALL TEMPO1		;SUB-ROTINA TEMPO1
   64:	  003B	D2 A7				SETB COL_0		;SETO COLUNA 0
   65:	  003D	02 00 B8			LJMP LIMPA		;SALTO PARA ROTINA LIMPA
   66:
   67:	  0040	D2 A7		S4:		SETB COL_0		;SETO COLUNA 0
   68:	  0042	12 01 53			LCALL TEMPO1		;SUB-ROTINA TEMPO1
   69:
   70:	  0045	C2 A6		COLUNA1: 	CLR COL_1		;LIMPO COLUNA 1
   71:	  0047	20 A0 08			JB LIN_0,S5		;VERIFICO O ACIONAMENTO DO BOTÃO/PULO PARA O SEGUINTE
   72:	  004A	74 02				MOV A,#02H		;MOVO PARA A 02H
   73:	  004C	12 01 2F			LCALL D1		;CHAMO SUB-ROTINA D1
   74:	  004F	12 01 53			LCALL TEMPO1		;SUB-ROTINA TEMPO1
   75:
   76:	  0052	20 A1 08	S5:		JB LIN_1,S6		;VERIFICO O ACIONAMENTO DO BOTÃO/PULO PARA O SEGUINTE
   77:	  0055	74 05				MOV A,#05H		;MOVO PARA A 05H
   78:	  0057	12 01 2F			LCALL D1		;CHAMO SUB-ROTINA D1
   79:	  005A	12 01 53			LCALL TEMPO1		;SUB-ROTINA TEMPO1
   80:
   81:	  005D	20 A2 08	S6:		JB LIN_2,S7		;VERIFICO O ACIONAMENTO DO BOTÃO/PULO PARA O SEGUINTE
   82:	  0060	74 08				MOV A,#08H		;MOVO PARA A 08H
   83:	  0062	12 01 2F			LCALL D1		;CHAMO SUB-ROTINA D1
   84:	  0065	12 01 53			LCALL TEMPO1		;SUB-ROTINA TEMPO1
   85:
   86:	  0068	20 A3 08	S7:		JB LIN_3,S8		;VERIFICO O ACIONAMENTO DO BOTÃO/PULO PARA O SEGUINTE
   87:	  006B	74 00				MOV A,#00H		;MOVO PARA A 00H
   88:	  006D	12 01 2F			LCALL D1		;CHAMO SUB-ROTINA D1
   89:	  0070	12 01 53			LCALL TEMPO1		;SUB-ROTINA TEMPO1
   90:	  0073	D2 A6		S8:		SETB COL_1		;SETO COLUNA 1
   91:
   92:	  0075	C2 A5		COLUNA2: 	CLR COL_2		;LIMPO COLUNA 2
   93:	  0077	20 A0 08			JB LIN_0,S9		;VERIFICO O ACIONAMENTO DO BOTÃO/PULO PARA O SEGUINTE
   94:	  007A	74 03				MOV A,#03H		;MOVO PARA A 03H
   95:	  007C	12 01 2F			LCALL D1		;CHAMO SUB-ROTINA D1
   96:	  007F	12 01 53			LCALL TEMPO1		;SUB-ROTINA TEMPO1
   97:
   98:	  0082	20 A1 08	S9:		JB LIN_1,S10		;VERIFICO O ACIONAMENTO DO BOTÃO/PULO PARA O SEGUINTE

ASEM-51 V1.3                                         Copyright (c) 2002 by W.W. Heinz                                         PAGE 3



 Line  I  Addr  Code            Source

   99:	  0085	74 06				MOV A,#06H		;MOVO PARA A 06H
  100:	  0087	12 01 2F			LCALL D1		;CHAMO SUB-ROTINA D1
  101:	  008A	12 01 53			LCALL TEMPO1		;SUB-ROTINA TEMPO1
  102:
  103:	  008D	20 A2 08	S10:		JB LIN_2,S11		;VERIFICO O ACIONAMENTO DO BOTÃO/PULO PARA O SEGUINTE
  104:	  0090	74 09				MOV A,#09H		;MOVO PARA A 09H
  105:	  0092	12 01 2F			LCALL D1		;CHAMO SUB-ROTINA D1
  106:	  0095	12 01 53			LCALL TEMPO1		;SUB-ROTINA TEMPO1
  107:
  108:	  0098	20 A3 03	S11:		JB LIN_3,S12		;VERIFICO O ACIONAMENTO DO BOTÃO/PULO PARA O SEGUINTE
  109:	  009B	02 00 A3			LJMP ENTER		;PULO PARA ROTINA ENTER
  110:
  111:	  009E	D2 A5		S12:		SETB COL_2		;SETO COLUNA 2
  112:	  00A0	02 00 12			LJMP COLUNA0		;SALTO PARA COLUNA 0
  113:
  114:				;--------------------------------------------------------------------
  115:						;ROTINA ENTER
  116:
  117:	  00A3	C2 A5		ENTER:		CLR COL_2			;LIMPO COLUNA 2
  118:	  00A5	12 01 46			LCALL TEMPO			;SUB-ROTINA TEMPO
  119:	  00A8	20 A3 06			JB LIN_3,ENTRA1			;VERIFICO O ACIONAMENTO DO BOTÃO/PULO PARA O SEGUINT
				E
  120:	  00AB	12 01 46			LCALL TEMPO			;SUB-ROTINA TEMPO
  121:	  00AE	02 00 CD			LJMP COMPARA			;SALTO PARA COMPARA
  122:
  123:	  00B1	D2 A5		ENTRA1:		SETB COL_2			;SETO COLUNA 2
  124:	  00B3	12 01 46			LCALL TEMPO			;SUB-ROTINA TEMPO
  125:	  00B6	80 00				SJMP LIMPA			;SALTO PARA LIMPA
  126:
  127:	  00B8	C2 A7		LIMPA:		CLR COL_0			;LIMPO COLUNA 0
  128:	  00BA	12 01 46			LCALL TEMPO			;SUB-ROTINA DE TEMPO
  129:	  00BD	20 A3 06			JB LIN_3,LIMPA1			;VERIFICO O ACIONAMENTO DO BOTÃO/PULO PARA O SEGUINT
				E
  130:	  00C0	12 01 46			LCALL TEMPO			;SUB-ROTINA TEMPO
  131:	  00C3	02 00 00			LJMP INICIO			;SALTO PARA INICIO
  132:
  133:	  00C6	D2 A7		LIMPA1:		SETB COL_0			;SETO COLUNA 0
  134:	  00C8	12 01 46			LCALL TEMPO			;SUB-ROTINA TEMPO
  135:	  00CB	80 D6				SJMP ENTER			;PULO PARA ENTER
  136:
  137:
  138:				;---------------------------------------------------------
  139:					;COMPARAR SENHA
  140:
  141:	  00CD	78 30		COMPARA:	MOV R0,#30H			;MOVO PARA R0 30H
  142:	  00CF	74 00				MOV A,#0			;MOVO PARA A 0
  143:	  00D1	12 01 46			LCALL TEMPO			;SUB-ROTINA TEMPO
  144:	  00D4	B6 01 32			CJNE @R0,#1,ERRO		;COMPARO O DADO APONTADO COM R0, PULO PARA ERRO
  145:	  00D7	08				INC R0				;INCREMENTO R0
  146:	  00D8	12 01 46			LCALL TEMPO			;SUB-ROTINA TEMPO
  147:	  00DB	B6 04 2B			CJNE @R0,#4,ERRO		;COMPARO O DADO APONTADO COM R0, PULO PARA ERRO
  148:	  00DE	08				INC R0				;INCREMENTO R0
  149:	  00DF	12 01 46			LCALL TEMPO			;SUB-ROTINA TEMPO
  150:	  00E2	B6 07 24			CJNE @R0,#7,ERRO		;COMPARO O DADO APONTADO COM R0, PULO PARA ERRO
  151:	  00E5	08				INC R0				;INCREMENTO R0
  152:	  00E6	12 01 46			LCALL TEMPO			;SUB-ROTINA TEMPO

ASEM-51 V1.3                                         Copyright (c) 2002 by W.W. Heinz                                         PAGE 4



 Line  I  Addr  Code            Source

  153:	  00E9	B6 02 1D			CJNE @R0,#2,ERRO		;COMPARO O DADO APONTADO COM R0, PULO PARA ERRO
  154:	  00EC	08				INC R0				;INCREMENTO R0
  155:	  00ED	12 01 46			LCALL TEMPO			;SUB-ROTINA TEMPO
  156:	  00F0	B6 05 16			CJNE @R0,#5,ERRO		;COMPARO O DADO APONTADO COM R0, PULO PARA ERRO
  157:	  00F3	08				INC R0				;INCREMENTO R0
  158:	  00F4	12 01 46			LCALL TEMPO			;SUB-ROTINA TEMPO
  159:	  00F7	B6 06 0F			CJNE @R0,#6,ERRO		;COMPARO O DADO APONTADO COM R0, PULO PARA ERRO
  160:	  00FA	74 01				MOV A,#1			;MOVO PARA A 1
  161:	  00FC	F5 80				MOV P0,A			;MOVO O DADO DE A PARA P0
  162:	  00FE	C2 A7				CLR COL_0			;LIMPO COLUNA 0
  163:	  0100	12 01 46			LCALL TEMPO			;SUB-ROTINA TEMPO
  164:	  0103	20 A3 FD			JB LIN_3, $			;VERIFICO LINHA 3, TRAVO AQUI
  165:	  0106	02 00 00			LJMP INICIO			;SALTO PARA INICIO
  166:
  167:	  0109	C2 B7		ERRO:		CLR P3.7			;ACIONA BUZZER
  168:	  010B	12 01 46			LCALL TEMPO			;SUB-ROTINA TEMPO
  169:	  010E	C2 A7				CLR COL_0			;LIMPO COLUNA 0
  170:	  0110	12 01 46			LCALL TEMPO			;SUB-ROTINA TEMPO
  171:	  0113	20 A3 FD			JB LIN_3,$			;VERIFICO LINHA 3, TRAVO AQUI
  172:	  0116	12 01 46			LCALL TEMPO			;SUB-ROTINA TEMPO
  173:	  0119	20 A3 FD			JB LIN_3,$			;VERIFICO LINHA 3, TRAVO AQUI
  174:	  011C	12 01 46			LCALL TEMPO			;SUB-ROTINA TEMPO
  175:	  011F	20 A3 FD			JB LIN_3,$			;VERIFICO LINHA 3, TRAVO AQUI
  176:	  0122	12 01 46			LCALL TEMPO			;SUB-ROTINA TEMPO
  177:	  0125	D2 A7				SETB COL_0			;SETO COLUNA 0
  178:	  0127	12 01 46			LCALL TEMPO			;SUB-ROTINA TEMPO
  179:	  012A	D2 B7				SETB P3.7			;SETO P3.7, CALO O BUZZER
  180:	  012C	02 00 00			LJMP INICIO			;SALTO PARA INICIO
  181:
  182:				;--------------------------------------------------------------------------
  183:						;COLOCA A SENHA EM R0 PARA DEPOIS COMPARAR
  184:
  185:	  012F	F6		D1:		MOV @R0,A		;MOVO O DADO DE A PARA O REGISTRADOR APONTADO POR R0
  186:	  0130	12 01 46			LCALL TEMPO		;SUB-ROTINA TEMPO
  187:	  0133	08				INC R0			;INCREMENTO R0
  188:	  0134	12 01 46			LCALL TEMPO		;SUB-ROTINA TEMPO
  189:	  0137	05 90				INC P1			;INCREMENTO P1
  190:	  0139	12 01 46			LCALL TEMPO		;SUB-ROTINA TEMPO
  191:	  013C	B8 36 03			CJNE R0,#36H,PULA	;COMPARO O DADO APONTADO COM R0, PULO PARA "PULA"
  192:	  013F	02 00 A3			LJMP ENTER		;PULOPARA ENTER
  193:	  0142	12 01 46	PULA:		LCALL TEMPO		;SUB-ROTINA TEMPO
  194:	  0145	22				RET			;VOLTA PARA DIGITO APERTADO MAIS 1
  195:
  196:				;--------------------------------------------------------------------------
  197:						; SUBROTINA DE TEMPO
  198:
  199:	  0146	79 02		TEMPO:	MOV R1,#2			;R0=2        10 MILISEGUNDOS
  200:	  0148	7A 32		VOLTA2:	MOV R2,#50			;R1=50
  201:	  014A	7B 32		VOLTA1: MOV R3,#50			;R2=50
  202:	  014C	DB FE			DJNZ R3,$			;FICA DECREMENTANDO R1 ATE QUE ELE SEJA = 0
  203:	  014E	DA FA			DJNZ R2,VOLTA1			;FICA DECREMENTANDO R2 ATE QUE ELE SEJA = 0
  204:	  0150	D9 F6			DJNZ R1,VOLTA2			;FICA DECREMENTANDO R0 ATE QUE ELE SEJA = 0
  205:	  0152	22			RET				;VOLTA PARA LCALL MAIS UM
  206:
  207:
  208:	  0153	7C 02		TEMPO1:	MOV R4,#2			;R4=2        10 MILISEGUNDOS

ASEM-51 V1.3                                         Copyright (c) 2002 by W.W. Heinz                                         PAGE 5



 Line  I  Addr  Code            Source

  209:	  0155	7D 32		VOLTA22:MOV R5,#50			;R5=50
  210:	  0157	7E 32		VOLTA11:MOV R6,#50			;R6=50
  211:	  0159	DE FE			DJNZ R6,$			;FICA DECREMENTANDO R1 ATE QUE ELE SEJA = 0
  212:	  015B	DD FA			DJNZ R5,VOLTA11			;FICA DECREMENTANDO R2 ATE QUE ELE SEJA = 0
  213:	  015D	DC F6			DJNZ R4,VOLTA22			;FICA DECREMENTANDO R0 ATE QUE ELE SEJA = 0
  214:	  015F	22			RET				;VOLTA PARA LCALL MAIS UM
  215:
  216:					END				;FIM DE PROGRAMA





                     register banks used:  ---

                     no errors




ASEM-51 V1.3                                         Copyright (c) 2002 by W.W. Heinz                                         PAGE 6





	       L I S T   O F   S Y M B O L S
	       =============================


SYMBOL				  TYPE     VALUE	LINE
------------------------------------------------------------
??ASEM_51			  NUMBER    8051
??VERSION			  NUMBER    0130
AC				  BIT	      D6
ACC				  DATA	      E0
B				  DATA	      F0
COLUNA0				  CODE	    0012	  45
COLUNA1				  CODE	    0045	  70
COLUNA2				  CODE	    0075	  92
COL_0				  NUMBER    00A7	  39
COL_1				  NUMBER    00A6	  38
COL_2				  NUMBER    00A5	  37
COL_3				  NUMBER    00A4	  36
COMPARA				  CODE	    00CD	 141
CY				  BIT	      D7
D1				  CODE	    012F	 185
DPH				  DATA	      83
DPL				  DATA	      82
EA				  BIT	      AF
ENTER				  CODE	    00A3	 117
ENTRA1				  CODE	    00B1	 123
ERRO				  CODE	    0109	 167
ES				  BIT	      AC
ET0				  BIT	      A9
ET1				  BIT	      AB
EX0				  BIT	      A8
EX1				  BIT	      AA
EXTI0				  CODE	    0003
EXTI1				  CODE	    0013
F0				  BIT	      D5
IE				  DATA	      A8
IE0				  BIT	      89
IE1				  BIT	      8B
INICIO				  CODE	    0000	  22
INT0				  BIT	      B2
INT1				  BIT	      B3
IP				  DATA	      B8
IT0				  BIT	      88
IT1				  BIT	      8A
LIMPA				  CODE	    00B8	 127
LIMPA1				  CODE	    00C6	 133
LIN_0				  NUMBER    00A0	  31
LIN_1				  NUMBER    00A1	  32
LIN_2				  NUMBER    00A2	  33
LIN_3				  NUMBER    00A3	  34
OV				  BIT	      D2
P				  BIT	      D0
P0				  DATA	      80
P1				  DATA	      90
P2				  DATA	      A0
P3				  DATA	      B0

ASEM-51 V1.3                                         Copyright (c) 2002 by W.W. Heinz                                         PAGE 7



SYMBOL				  TYPE     VALUE	LINE
------------------------------------------------------------
PCON				  DATA	      87
PS				  BIT	      BC
PSW				  DATA	      D0
PT0				  BIT	      B9
PT1				  BIT	      BB
PULA				  CODE	    0142	 193
PX0				  BIT	      B8
PX1				  BIT	      BA
RB8				  BIT	      9A
RD				  BIT	      B7
REN				  BIT	      9C
RESET				  CODE	    0000
RI				  BIT	      98
RS0				  BIT	      D3
RS1				  BIT	      D4
RXD				  BIT	      B0
S1				  CODE	    001F	  52
S10				  CODE	    008D	 103
S11				  CODE	    0098	 108
S12				  CODE	    009E	 111
S2				  CODE	    002A	  57
S3				  CODE	    0035	  62
S4				  CODE	    0040	  67
S5				  CODE	    0052	  76
S6				  CODE	    005D	  81
S7				  CODE	    0068	  86
S8				  CODE	    0073	  90
S9				  CODE	    0082	  98
SBUF				  DATA	      99
SCON				  DATA	      98
SINT				  CODE	    0023
SM0				  BIT	      9F
SM1				  BIT	      9E
SM2				  BIT	      9D
SP				  DATA	      81
T0				  BIT	      B4
T1				  BIT	      B5
TB8				  BIT	      9B
TCON				  DATA	      88
TEMPO				  CODE	    0146	 199
TEMPO1				  CODE	    0153	 208
TF0				  BIT	      8D
TF1				  BIT	      8F
TH0				  DATA	      8C
TH1				  DATA	      8D
TI				  BIT	      99
TIMER0				  CODE	    000B
TIMER1				  CODE	    001B
TL0				  DATA	      8A
TL1				  DATA	      8B
TMOD				  DATA	      89
TR0				  BIT	      8C
TR1				  BIT	      8E
TXD				  BIT	      B1
VOLTA1				  CODE	    014A	 201
VOLTA11				  CODE	    0157	 210

ASEM-51 V1.3                                         Copyright (c) 2002 by W.W. Heinz                                         PAGE 8



SYMBOL				  TYPE     VALUE	LINE
------------------------------------------------------------
VOLTA2				  CODE	    0148	 200
VOLTA22				  CODE	    0155	 209
WR				  BIT	      B6
