
ASEM-51 V1.3                                         Copyright (c) 2002 by W.W. Heinz                                         PAGE 1





       MCS-51 Family Macro Assembler   A S E M - 5 1   V 1.3
       =====================================================



	Source File:	G:\Silvio Pasta\Leds23\leds23.asm
	Object File:	G:\Silvio Pasta\Leds23\leds23.hex
	List File:	G:\Silvio Pasta\Leds23\leds23.lst



 Line  I  Addr  Code            Source

    1:				; ========================================================================
    2:				; =================      ETEC Aristóteles Ferreira.     ==================
    3:				; ========          Yhan Christian Souza Silva         ===================
    4:				; =====   Programa_01  alternaled.asm  ver. 0.0 data: 23/04/13.   ========
    5:				; ========================================================================
    6:
    7:				;Programa para leitura dos ports
    8:
    9:		N      0000		ORG 0000H	;Inicio de Programa
   10:	  0000	75 80 00		MOV P0,#00H	;Limpo P0
   11:	  0003	75 A0 FF		MOV P2,#0FFH	;Preparo P2 para leitura
   12:
   13:	  0006	74 55			MOV A,#55H	;Movo para o Acc 55H
   14:	  0008	20 A0 FD	LOOP:   JB P2.0, LOOP	;Verifica o acionamento do botão P2.0
   15:	  000B	F4			CPL A		;Complemento Acc
   16:	  000C	F5 80			MOV P0,A 	;Move o dado do Acc para o Port
   17:	  000E	30 A0 FD		JNB P2.0, $	;Verifico se esta 0 o botão P2.0
   18:	  0011	F4			CPL A		;Complemento Acc
   19:	  0012	F5 80			MOV P0, A 	;Movo o conteudo de Acc para P0
   20:	  0014	80 F2			SJMP LOOP	;Salta para loop
   21:
   22:
   23:
   24:
   25:
   26:
   27:
   28:
   29:					END		;Fim de programa
   30:
   31:
   32:
   33:
   34:





                     register banks used:  ---

                     no errors


ASEM-51 V1.3                                         Copyright (c) 2002 by W.W. Heinz                                         PAGE 2






ASEM-51 V1.3                                         Copyright (c) 2002 by W.W. Heinz                                         PAGE 3





	       L I S T   O F   S Y M B O L S
	       =============================


SYMBOL				  TYPE     VALUE	LINE
------------------------------------------------------------
??ASEM_51			  NUMBER    8051
??VERSION			  NUMBER    0130
AC				  BIT	      D6
ACC				  DATA	      E0
B				  DATA	      F0
CY				  BIT	      D7
DPH				  DATA	      83
DPL				  DATA	      82
EA				  BIT	      AF
ES				  BIT	      AC
ET0				  BIT	      A9
ET1				  BIT	      AB
EX0				  BIT	      A8
EX1				  BIT	      AA
EXTI0				  CODE	    0003
EXTI1				  CODE	    0013
F0				  BIT	      D5
IE				  DATA	      A8
IE0				  BIT	      89
IE1				  BIT	      8B
INT0				  BIT	      B2
INT1				  BIT	      B3
IP				  DATA	      B8
IT0				  BIT	      88
IT1				  BIT	      8A
LOOP				  CODE	    0008	  14
OV				  BIT	      D2
P				  BIT	      D0
P0				  DATA	      80
P1				  DATA	      90
P2				  DATA	      A0
P3				  DATA	      B0
PCON				  DATA	      87
PS				  BIT	      BC
PSW				  DATA	      D0
PT0				  BIT	      B9
PT1				  BIT	      BB
PX0				  BIT	      B8
PX1				  BIT	      BA
RB8				  BIT	      9A
RD				  BIT	      B7
REN				  BIT	      9C
RESET				  CODE	    0000
RI				  BIT	      98
RS0				  BIT	      D3
RS1				  BIT	      D4
RXD				  BIT	      B0
SBUF				  DATA	      99
SCON				  DATA	      98
SINT				  CODE	    0023

ASEM-51 V1.3                                         Copyright (c) 2002 by W.W. Heinz                                         PAGE 4



SYMBOL				  TYPE     VALUE	LINE
------------------------------------------------------------
SM0				  BIT	      9F
SM1				  BIT	      9E
SM2				  BIT	      9D
SP				  DATA	      81
T0				  BIT	      B4
T1				  BIT	      B5
TB8				  BIT	      9B
TCON				  DATA	      88
TF0				  BIT	      8D
TF1				  BIT	      8F
TH0				  DATA	      8C
TH1				  DATA	      8D
TI				  BIT	      99
TIMER0				  CODE	    000B
TIMER1				  CODE	    001B
TL0				  DATA	      8A
TL1				  DATA	      8B
TMOD				  DATA	      89
TR0				  BIT	      8C
TR1				  BIT	      8E
TXD				  BIT	      B1
WR				  BIT	      B6
