
ASEM-51 V1.3                                         Copyright (c) 2002 by W.W. Heinz                                         PAGE 1





       MCS-51 Family Macro Assembler   A S E M - 5 1   V 1.3
       =====================================================



	Source File:	G:\Silvio Pasta\vai e volta\vai e volta.asm
	Object File:	G:\Silvio Pasta\vai e volta\vai e volta.hex
	List File:	G:\Silvio Pasta\vai e volta\vai e volta.lst



 Line  I  Addr  Code            Source

    1:				; ========================================================================
    2:				; =================      ETEC Aristóteles Ferreira.     ==================
    3:				; ========          Yhan Christian Souza Silva         ===========
    4:				; =====   Programa_01  alternaled.asm  ver. 0.0 data: 09/04/13.   =========

    5:				; ========================================================================
    6:
    7:
    8:				;Programa para acender um led por bez sequencialmente
    9:
   10:		N      0000		ORG 0000H  				;INICIO DE PROGRAMA
   11:	  0000	75 80 00		MOV P0, #00H 				; LIMPO P0
   12:
   13:
   14:	  0003	D2 80		LOOP: 	SETB P0.0				;SETAR BIT P0.0
   15:
   16:
   17:
   18:	  0005	12 00 6E		LCALL TEMPO                             ;CHAMA A SUBROTINA TEMPO
   19:	  0008	B2 80		        CPL P0.0                            	;COMPLETO DO CONTEUDO DO BIT P0.0

   20:	  000A	D2 81		        SETB P0.1
   21:	  000C	12 00 6E	        LCALL TEMPO
   22:	  000F	B2 81		        CPL P0.1
   23:	  0011	D2 82		        SETB P0.2
   24:	  0013	12 00 6E	        LCALL TEMPO
   25:	  0016	B2 82		        CPL P0.2
   26:	  0018	D2 83		        SETB P0.3
   27:	  001A	12 00 6E	        LCALL TEMPO
   28:	  001D	B2 83		        CPL P0.3
   29:	  001F	D2 84		        SETB P0.4
   30:	  0021	12 00 6E	        LCALL TEMPO
   31:	  0024	B2 84		        CPL P0.4
   32:	  0026	D2 85		        SETB P0.5
   33:	  0028	12 00 6E	        LCALL TEMPO
   34:	  002B	B2 85		        CPL P0.5
   35:	  002D	D2 86		        SETB P0.6
   36:	  002F	12 00 6E	        LCALL TEMPO
   37:	  0032	B2 86		        CPL P0.6
   38:	  0034	D2 87		        SETB P0.7
   39:	  0036	12 00 6E	        LCALL TEMPO
   40:	  0039	B2 87		        CPL P0.7
   41:

ASEM-51 V1.3                                         Copyright (c) 2002 by W.W. Heinz                                         PAGE 2



 Line  I  Addr  Code            Source

   42:	  003B	D2 86		        SETB P0.6
   43:	  003D	12 00 6E	        LCALL TEMPO
   44:	  0040	B2 86		        CPL P0.6
   45:	  0042	D2 85		        SETB P0.5
   46:	  0044	12 00 6E	        LCALL TEMPO
   47:	  0047	B2 85		        CPL P0.5
   48:	  0049	D2 84		        SETB P0.4
   49:	  004B	12 00 6E	        LCALL TEMPO
   50:	  004E	B2 84		        CPL P0.4
   51:	  0050	D2 83		        SETB P0.3
   52:	  0052	12 00 6E	        LCALL TEMPO
   53:	  0055	B2 83		        CPL P0.3
   54:	  0057	D2 82		        SETB P0.2
   55:	  0059	12 00 6E	        LCALL TEMPO
   56:	  005C	B2 82		        CPL P0.2
   57:	  005E	D2 81		        SETB P0.1
   58:	  0060	12 00 6E	        LCALL TEMPO
   59:	  0063	B2 81		        CPL P0.1
   60:	  0065	D2 80		        SETB P0.0
   61:	  0067	12 00 6E	        LCALL TEMPO                             ;CHAMA A SUBROTINA TEMPO
   62:	  006A	B2 80		        CPL P0.0
   63:
   64:	  006C	80 95		        SJMP LOOP
   65:
   66:					;SUBROTINA TEMPO=(250X250X2X1)uS= 125000uS=125ms
   67:	  006E	78 01		TEMPO:  MOV R0, #1                                ;CARREGA RO COM 2
   68:	  0070	79 FA		VOLTA2: MOV R1, #250      	                   ;CARREGA R1 COM 250
   69:	  0072	7A FA		VOLTA1: MOV R2, #250	                         ;CARREGA R2 COM 250
   70:	  0074	DA FE		        DJNZ R2, $                              ;DECREMENTA R2 ATÉ ZERAR
   71:	  0076	D9 FA		        DJNZ R1, VOLTA1                         ;DECREMENTA R1 E SALTA ATÉ ZERAR
   72:	  0078	D8 F6		        DJNZ R0, VOLTA2                         ;DECREMENTA RO E SALTA ATÉ ZERAR
   73:	  007A	22		        RET                                     ;RETORNO DE SUBROTINA
   74:				        END                                     ;FIM DO PROGRAMA





                     register banks used:  ---

                     no errors




ASEM-51 V1.3                                         Copyright (c) 2002 by W.W. Heinz                                         PAGE 3





	       L I S T   O F   S Y M B O L S
	       =============================


SYMBOL				  TYPE     VALUE	LINE
------------------------------------------------------------
??ASEM_51			  NUMBER    8051
??VERSION			  NUMBER    0130
AC				  BIT	      D6
ACC				  DATA	      E0
B				  DATA	      F0
CY				  BIT	      D7
DPH				  DATA	      83
DPL				  DATA	      82
EA				  BIT	      AF
ES				  BIT	      AC
ET0				  BIT	      A9
ET1				  BIT	      AB
EX0				  BIT	      A8
EX1				  BIT	      AA
EXTI0				  CODE	    0003
EXTI1				  CODE	    0013
F0				  BIT	      D5
IE				  DATA	      A8
IE0				  BIT	      89
IE1				  BIT	      8B
INT0				  BIT	      B2
INT1				  BIT	      B3
IP				  DATA	      B8
IT0				  BIT	      88
IT1				  BIT	      8A
LOOP				  CODE	    0003	  14
OV				  BIT	      D2
P				  BIT	      D0
P0				  DATA	      80
P1				  DATA	      90
P2				  DATA	      A0
P3				  DATA	      B0
PCON				  DATA	      87
PS				  BIT	      BC
PSW				  DATA	      D0
PT0				  BIT	      B9
PT1				  BIT	      BB
PX0				  BIT	      B8
PX1				  BIT	      BA
RB8				  BIT	      9A
RD				  BIT	      B7
REN				  BIT	      9C
RESET				  CODE	    0000
RI				  BIT	      98
RS0				  BIT	      D3
RS1				  BIT	      D4
RXD				  BIT	      B0
SBUF				  DATA	      99
SCON				  DATA	      98
SINT				  CODE	    0023

ASEM-51 V1.3                                         Copyright (c) 2002 by W.W. Heinz                                         PAGE 4



SYMBOL				  TYPE     VALUE	LINE
------------------------------------------------------------
SM0				  BIT	      9F
SM1				  BIT	      9E
SM2				  BIT	      9D
SP				  DATA	      81
T0				  BIT	      B4
T1				  BIT	      B5
TB8				  BIT	      9B
TCON				  DATA	      88
TEMPO				  CODE	    006E	  67
TF0				  BIT	      8D
TF1				  BIT	      8F
TH0				  DATA	      8C
TH1				  DATA	      8D
TI				  BIT	      99
TIMER0				  CODE	    000B
TIMER1				  CODE	    001B
TL0				  DATA	      8A
TL1				  DATA	      8B
TMOD				  DATA	      89
TR0				  BIT	      8C
TR1				  BIT	      8E
TXD				  BIT	      B1
VOLTA1				  CODE	    0072	  69
VOLTA2				  CODE	    0070	  68
WR				  BIT	      B6
