
ASEM-51 V1.3                                         Copyright (c) 2002 by W.W. Heinz                                         PAGE 1





       MCS-51 Family Macro Assembler   A S E M - 5 1   V 1.3
       =====================================================



	Source File:	H:\Silvio Pasta\Exercicios 26.04.12\Exercicio5\exercicio5.asm
	Object File:	H:\Silvio Pasta\Exercicios 26.04.12\Exercicio5\exercicio5.hex
	List File:	H:\Silvio Pasta\Exercicios 26.04.12\Exercicio5\exercicio5.lst



 Line  I  Addr  Code            Source

    1:				; ========================================================================
    2:				; =================      ETEC Aristóteles Ferreira.     ==================
    3:				; ========          Walter Eudócio Agostinho Júnior        ===================
    4:				; =====   Programa_01  exercicio5.asm  ver. 0.0 data: 05/04/13.   ========
    5:				; ========================================================================
    6:
    7:
    8:				;Fazer programa para controle de semáforos
    9:
   10:
   11:
   12:
   13:		N      0000			ORG 0000H			;Inicio de Programa
   14:	  0000	75 80 00			MOV P0,#00H			;Limpo P0
   15:	  0003	75 A0 FF			MOV P2,#0FFH			;Preparo P2 para leitura
   16:	  0006			LOOP:
   17:
   18:	  0006	30 B2 1E			JNB P3.2, PEDESTRE
   19:	  0009	74 89				MOV A,#89H
   20:	  000B	F5 80				MOV P0, A
   21:	  000D	12 00 45			LCALL TEMPO
   22:	  0010	74 49				MOV A,#49H
   23:	  0012	F5 80				MOV P0, A
   24:	  0014	12 00 52			LCALL TEMPO_1
   25:	  0017	74 2C				MOV A,#2CH
   26:	  0019	F5 80				MOV P0,A
   27:	  001B	12 00 45			LCALL TEMPO
   28:	  001E	74 2A				MOV A,#2AH
   29:	  0020	F5 80				MOV P0, A
   30:	  0022	12 00 52			LCALL TEMPO_1
   31:	  0025	80 DF				SJMP LOOP
   32:
   33:
   34:	  0027	20 B2 DC	PEDESTRE: JB P3.2, LOOP
   35:	  002A	12 00 52		  LCALL TEMPO_1
   36:	  002D	74 4A			  MOV A, #4AH
   37:	  002F	F5 80			  MOV P0, A
   38:	  0031	12 00 5F		  LCALL TEMPO_2
   39:	  0034	E4			  CLR A
   40:	  0035	F5 80			  MOV P0, A
   41:	  0037	74 21			  MOV A, #21H
   42:	  0039	F5 80			  MOV P0, A
   43:	  003B	D2 84			  SETB P0.4

ASEM-51 V1.3                                         Copyright (c) 2002 by W.W. Heinz                                         PAGE 2



 Line  I  Addr  Code            Source

   44:	  003D	12 00 6C		  LCALL TEMPO_3
   45:	  0040	30 B2 FD		  JNB P3.2, $
   46:	  0043	80 E2		          SJMP PEDESTRE
   47:
   48:
   49:
   50:
   51:
   52:
   53:
   54:
   55:					;SUBROTINA TEMPO 10s
   56:	  0045	78 50		TEMPO:  MOV R0, #80                              ;CARREGA RO COM 80
   57:	  0047	79 FA		VOLTA2: MOV R1, #250      	                   ;CARREGA R1 COM 250
   58:	  0049	7A FA		VOLTA1: MOV R2, #250	                         ;CARREGA R2 COM 250
   59:	  004B	DA FE		        DJNZ R2, $                              ;DECREMENTA R2 ATÉ ZERAR
   60:	  004D	D9 FA		        DJNZ R1, VOLTA1                         ;DECREMENTA R1 E SALTA ATÉ ZERAR
   61:	  004F	D8 F6		        DJNZ R0, VOLTA2                         ;DECREMENTA RO E SALTA ATÉ ZERAR
   62:	  0051	22		        RET
   63:
   64:					;SUBROTINA TEMPO 5s
   65:	  0052	78 28		TEMPO_1:MOV R0, #40                              ;CARREGA RO COM 40
   66:	  0054	79 FA		VOLTA4: MOV R1, #250      	                   ;CARREGA R1 COM 250
   67:	  0056	7A FA		VOLTA3: MOV R2, #250	                         ;CARREGA R2 COM 250
   68:	  0058	DA FE		        DJNZ R2, $                              ;DECREMENTA R2 ATÉ ZERAR
   69:	  005A	D9 FA		        DJNZ R1, VOLTA3                         ;DECREMENTA R1 E SALTA ATÉ ZERAR
   70:	  005C	D8 F6		        DJNZ R0, VOLTA4                         ;DECREMENTA RO E SALTA ATÉ ZERAR
   71:	  005E	22		        RET
   72:
   73:				  	;SUBROTINA TEMPO 3s
   74:	  005F	78 18		TEMPO_2:MOV R0, #24                              ;CARREGA RO COM 24
   75:	  0061	79 FA		VOLTA6: MOV R1, #250      	                   ;CARREGA R1 COM 250
   76:	  0063	7A FA		VOLTA5: MOV R2, #250	                         ;CARREGA R2 COM 250
   77:	  0065	DA FE		        DJNZ R2, $                              ;DECREMENTA R2 ATÉ ZERAR
   78:	  0067	D9 FA		        DJNZ R1, VOLTA5                         ;DECREMENTA R1 E SALTA ATÉ ZERAR
   79:	  0069	D8 F6		        DJNZ R0, VOLTA6                         ;DECREMENTA RO E SALTA ATÉ ZERAR
   80:	  006B	22		        RET                                     ;RETORNO DE SUBROTINA
   81:
   82:				  	;SUBROTINA TEMPO 3s
   83:	  006C	78 18		TEMPO_3:MOV R0, #24                              ;CARREGA RO COM 24
   84:	  006E	79 FA		VOLTA8: MOV R1, #250      	                   ;CARREGA R1 COM 250
   85:	  0070	7A FA		VOLTA7: MOV R2, #250	                         ;CARREGA R2 COM 250
   86:	  0072	DA FE		        DJNZ R2, $                              ;DECREMENTA R2 ATÉ ZERAR
   87:	  0074	D9 FA		        DJNZ R1, VOLTA7                        ;DECREMENTA R1 E SALTA ATÉ ZERAR
   88:	  0076	D8 F6		        DJNZ R0, VOLTA8                         ;DECREMENTA RO E SALTA ATÉ ZERAR
   89:	  0078	22		        RET                                     ;RETORNO DE SUBROTINA
   90:
   91:
   92:
   93:				        END                                     ;FIM DO PROGRAMA

   94:
   95:
   96:
   97:
   98:

ASEM-51 V1.3                                         Copyright (c) 2002 by W.W. Heinz                                         PAGE 3



 Line  I  Addr  Code            Source

   99:
  100:
  101:
  102:
  103:
  104:
  105:
  106:
  107:
  108:
  109:
  110:
  111:
  112:
  113:
  114:
  115:
  116:
  117:
  118:
  119:
  120:
  121:
  122:
  123:
  124:
  125:
  126:
  127:
  128:
  129:
  130:
  131:
  132:
  133:
  134:
  135:
  136:
  137:
  138:
  139:
  140:
  141:
  142:
  143:
  144:
  145:
  146:
  147:
  148:
  149:
  150:
  151:
  152:
  153:
  154:

ASEM-51 V1.3                                         Copyright (c) 2002 by W.W. Heinz                                         PAGE 4



 Line  I  Addr  Code            Source

  155:
  156:
  157:
  158:
  159:
  160:
  161:
  162:
  163:
  164:
  165:
  166:
  167:
  168:
  169:
  170:
  171:
  172:
  173:
  174:
  175:
  176:
  177:
  178:
  179:
  180:
  181:
  182:
  183:
  184:
  185:
  186:
  187:
  188:
  189:
  190:
  191:





                     register banks used:  ---

                     no errors




ASEM-51 V1.3                                         Copyright (c) 2002 by W.W. Heinz                                         PAGE 5





	       L I S T   O F   S Y M B O L S
	       =============================


SYMBOL				  TYPE     VALUE	LINE
------------------------------------------------------------
??ASEM_51			  NUMBER    8051
??VERSION			  NUMBER    0130
AC				  BIT	      D6
ACC				  DATA	      E0
B				  DATA	      F0
CY				  BIT	      D7
DPH				  DATA	      83
DPL				  DATA	      82
EA				  BIT	      AF
ES				  BIT	      AC
ET0				  BIT	      A9
ET1				  BIT	      AB
EX0				  BIT	      A8
EX1				  BIT	      AA
EXTI0				  CODE	    0003
EXTI1				  CODE	    0013
F0				  BIT	      D5
IE				  DATA	      A8
IE0				  BIT	      89
IE1				  BIT	      8B
INT0				  BIT	      B2
INT1				  BIT	      B3
IP				  DATA	      B8
IT0				  BIT	      88
IT1				  BIT	      8A
LOOP				  CODE	    0006	  16
OV				  BIT	      D2
P				  BIT	      D0
P0				  DATA	      80
P1				  DATA	      90
P2				  DATA	      A0
P3				  DATA	      B0
PCON				  DATA	      87
PEDESTRE			  CODE	    0027	  34
PS				  BIT	      BC
PSW				  DATA	      D0
PT0				  BIT	      B9
PT1				  BIT	      BB
PX0				  BIT	      B8
PX1				  BIT	      BA
RB8				  BIT	      9A
RD				  BIT	      B7
REN				  BIT	      9C
RESET				  CODE	    0000
RI				  BIT	      98
RS0				  BIT	      D3
RS1				  BIT	      D4
RXD				  BIT	      B0
SBUF				  DATA	      99
SCON				  DATA	      98

ASEM-51 V1.3                                         Copyright (c) 2002 by W.W. Heinz                                         PAGE 6



SYMBOL				  TYPE     VALUE	LINE
------------------------------------------------------------
SINT				  CODE	    0023
SM0				  BIT	      9F
SM1				  BIT	      9E
SM2				  BIT	      9D
SP				  DATA	      81
T0				  BIT	      B4
T1				  BIT	      B5
TB8				  BIT	      9B
TCON				  DATA	      88
TEMPO				  CODE	    0045	  56
TEMPO_1				  CODE	    0052	  65
TEMPO_2				  CODE	    005F	  74
TEMPO_3				  CODE	    006C	  83
TF0				  BIT	      8D
TF1				  BIT	      8F
TH0				  DATA	      8C
TH1				  DATA	      8D
TI				  BIT	      99
TIMER0				  CODE	    000B
TIMER1				  CODE	    001B
TL0				  DATA	      8A
TL1				  DATA	      8B
TMOD				  DATA	      89
TR0				  BIT	      8C
TR1				  BIT	      8E
TXD				  BIT	      B1
VOLTA1				  CODE	    0049	  58
VOLTA2				  CODE	    0047	  57
VOLTA3				  CODE	    0056	  67
VOLTA4				  CODE	    0054	  66
VOLTA5				  CODE	    0063	  76
VOLTA6				  CODE	    0061	  75
VOLTA7				  CODE	    0070	  85
VOLTA8				  CODE	    006E	  84
WR				  BIT	      B6
