
ASEM-51 V1.3                                         Copyright (c) 2002 by W.W. Heinz                                         PAGE 1





       MCS-51 Family Macro Assembler   A S E M - 5 1   V 1.3
       =====================================================



	Source File:	H:\Silvio Pasta\teclado-16\teclado-16.asm
	Object File:	H:\Silvio Pasta\teclado-16\teclado-16.hex
	List File:	H:\Silvio Pasta\teclado-16\teclado-16.lst



 Line  I  Addr  Code            Source

    1:				; =============================================================================
    2:				; =================      ETEC Aristóteles Ferreira.    ========================
    3:				; ================     Yhan Christian Souza Silva       =======================
    4:				; ===============      teclado.asm data: 26/05/13.    =========================

    5:				; =============================================================================
    6:
    7:
    8:		N      0000	             ORG 0000		;INICIO DE PROGRAMA
    9:	  0000	75 80 00	             MOV P0, #00H	;PREPARA P2 PARA LEITURA
   10:	  0003	75 90 FF	             MOV P1, #0FFH      ;LIMPA P1
   11:
   12:				;-------------------------------------------------------------------------------
   13:				            ;EQUIVALENCIA
   14:
   15:		B      0090	             LIN_0 EQU P1.0	;LINHA 1 EQUIVALE A P1.0
   16:		B      0091	             LIN_1 EQU P1.1	;LINHA 2 EQUIVALE A P1.1
   17:		B      0092	             LIN_2 EQU P1.2	;LINHA 3 EQUIVALE A P1.2
   18:		B      0093	             LIN_3 EQU P1.3 	;LINHA 4 EQUIVALE A P1.3
   19:
   20:		B      0094	             COL_3 EQU P1.4     ;COLUNA 0 EQUIVALE A P1.4
   21:		B      0095	             COL_2 EQU P1.5	;COLUNA 1 EQUIVALE A P1.5
   22:		B      0096	             COL_1 EQU P1.6	;COLUNA 2 EQUIVALE A P1.6
   23:		B      0097	             COL_0 EQU P1.7     ;COLUNA 3 EQUIVALE A P1.7
   24:
   25:				;-------------------------------------------------------------------------------
   26:						;VARREDURAS
   27:
   28:
   29:	  0006	C2 97		COLUNA0:     CLR COL_0		;LIMPO COLUNA 0
   30:	  0008	30 90 11	             JNB LIN_0, S0	;VERIFICO ACIONAMENTO DO BOTÃO S0 DA LINHA 0
   31:	  000B	30 91 1B	LINHA1:      JNB LIN_1, S1      ;VERIFICO ACIONAMENTO DO BOTÃO S1 DA LINHA 1
   32:	  000E	30 92 25	LINHA2:      JNB LIN_2, S2	;VERIFICO ACIONAMENTO DO BOTÃO S2 DA LINHA 2
   33:	  0011	30 93 2F	LINHA3:      JNB LIN_3, S3	;VERIFICO ACIONAMENTO DO BOTÃO S3 DA LINHA 3
   34:	  0014	D2 97		LINHA0:      SETB COL_0		;SETO COLUNA 0
   35:	  0016	12 01 2E	             LCALL TEMPO	;SUB-ROTINA DE TEMPO
   36:	  0019	02 00 50	             LJMP COLUNA1       ;SALTO PARA COLUNA 1
   37:
   38:	  001C	75 B0 01	S0:          MOV P3, #01H	;MOVO PARA P3 01H
   39:	  001F	C2 B7		             CLR P3.7		;LIMPO P3.7 PARA TOCAR O BUZZER
   40:	  0021	30 90 FD	             JNB P1.0, $	;VERIFICO P1.0, TRAVO AQUI
   41:	  0024	D2 B7		             SETB P3.7		;SETO P3.7 BUZZER PARA DE TOCAR
   42:	  0026	02 00 0B	             LJMP LINHA1	;SALTO PARA LINHA 1

ASEM-51 V1.3                                         Copyright (c) 2002 by W.W. Heinz                                         PAGE 2



 Line  I  Addr  Code            Source

   43:
   44:	  0029	75 B0 04	S1:          MOV P3, #04H	;MOVO PARA P3 04H
   45:	  002C	C2 B7		             CLR P3.7		;LIMPO P3.7 PARA TOCAR O BUZZER
   46:	  002E	30 91 FD	             JNB P1.1, $	;VERIFICO P1.1, TRAVO AQUI
   47:	  0031	D2 B7		             SETB P3.7		;SETO P3.7 BUZZER PARA DE TOCAR
   48:	  0033	02 00 0E	             LJMP LINHA2	;SALTO PARA LINHA 2
   49:
   50:	  0036	75 B0 07	S2:          MOV P3, #07H	;MOVO PARA P3 07H
   51:	  0039	C2 B7		             CLR P3.7		;LIMPO P3.7 PARA TOCAR O BUZZER
   52:	  003B	30 92 FD	             JNB P1.2, $	;VERIFICO P1.2, TRAVO AQUI
   53:	  003E	D2 B7		             SETB P3.7		;SETO P3.7 BUZZER PARA DE TOCAR
   54:	  0040	02 00 11	             LJMP LINHA3	;SALTO PARA LINHA 3
   55:
   56:	  0043	75 B0 0A	S3:          MOV P3, #0AH	;MOV PARA P3 0AH
   57:	  0046	C2 B7		             CLR P3.7		;LIMPO P3.7 PARA TOCAR O BUZZER
   58:	  0048	30 93 FD	             JNB P1.3, $	;VERIFICO P1.3, TRAVO AQUI
   59:	  004B	D2 B7		             SETB P3.7		;SETO P3.7 BUZZER PARA DE TOCAR
   60:	  004D	02 00 14	             LJMP LINHA0	;SALTO PARA LINHA 0
   61:
   62:	  0050	C2 96		COLUNA1:     CLR COL_1		;LIMPO COLUNA 1
   63:	  0052	30 90 11	             JNB LIN_0, S4	;VERIFICO ACIONAMENTO DO BOTÃO S4 DA LINHA 0
   64:	  0055	30 91 1B	LINHA1_1:    JNB LIN_1, S5      ;VERIFICO ACIONAMENTO DO BOTÃO S5 DA LINHA 1
   65:	  0058	30 92 25	LINHA2_1:    JNB LIN_2, S6	;VERIFICO ACIONAMENTO DO BOTÃO S6 DA LINHA 2
   66:	  005B	30 93 2F	LINHA3_1:    JNB LIN_3, S7	;VERIFICO ACIONAMENTO DO BOTÃO S7 DA LINHA 3
   67:	  005E	D2 96		LINHA0_1:    SETB COL_1		;SETO COLUNA 1
   68:	  0060	12 01 2E	             LCALL TEMPO	;SUB-ROTINA DE TEMPO
   69:	  0063	02 00 9A	             LJMP COLUNA2	;SALTO PARA COLUNA 2
   70:
   71:	  0066	75 B0 02	S4:          MOV P3, #02H	;MOVO PARA P3 02H
   72:	  0069	C2 B7		             CLR P3.7		;LIMPO P3.7 PARA TOCAR O BUZZER
   73:	  006B	30 90 FD	             JNB P1.0, $	;VERIFICO P1.0, TRAVO AQUI
   74:	  006E	D2 B7		             SETB P3.7		;SETO P3.7 BUZZER PARA DE TOCAR
   75:	  0070	02 00 55	             LJMP LINHA1_1	;SALTO PARA LINHA 1
   76:
   77:	  0073	75 B0 05	S5:          MOV P3, #05H	;MOVO PARA P3 05H
   78:	  0076	C2 B7		             CLR P3.7		;LIMPO P3.7 PARA TOCAR O BUZZER
   79:	  0078	30 91 FD	             JNB P1.1, $	;VERIFICO P1.1, TRAVO AQUI
   80:	  007B	D2 B7		             SETB P3.7		;SETO P3.7 BUZZER PARA DE TOCAR
   81:	  007D	02 00 58	             LJMP LINHA2_1	;SALTO PARA LINHA 2
   82:
   83:	  0080	75 B0 08	S6:          MOV P3, #08H	;MOVO PARA P3 08H
   84:	  0083	C2 B7		             CLR P3.7		;LIMPO P3.7 PARA TOCAR O BUZZER
   85:	  0085	30 92 FD	             JNB P1.2, $	;VERIFICO P1.2, TRAVO AQUI
   86:	  0088	D2 B7		             SETB P3.7		;SETO P3.7 BUZZER PARA DE TOCAR
   87:	  008A	02 00 5B	             LJMP LINHA3_1	;SALTO PARA LINHA 3
   88:
   89:	  008D	75 B0 00	S7:          MOV P3, #00H	;MOVO PARA P3 00H
   90:	  0090	C2 B7		             CLR P3.7		;LIMPO P3.7 PARA TOCAR O BUZZER
   91:	  0092	30 93 FD	             JNB P1.3, $	;VERIFICO P1.3, TRAVO AQUI
   92:	  0095	D2 B7		             SETB P3.7		;SETO P3.7 BUZZER PARA DE TOCAR
   93:	  0097	02 00 5E	             LJMP LINHA0_1	;SALTO PARA LINHA 0
   94:
   95:	  009A	C2 95		COLUNA2:     CLR COL_2		;LIMPO COLUNA 2
   96:	  009C	30 90 11	             JNB LIN_0, S8	;VERIFICO ACIONAMENTO DO BOTÃO S8 DA LINHA 0
   97:	  009F	30 91 1B	LINHA1_2:    JNB LIN_1, S9      ;VERIFICO ACIONAMENTO DO BOTÃO S9 DA LINHA 1
   98:	  00A2	30 92 25	LINHA2_2:    JNB LIN_2, S10	;VERIFICO ACIONAMENTO DO BOTÃO S10 DA LINHA 2

ASEM-51 V1.3                                         Copyright (c) 2002 by W.W. Heinz                                         PAGE 3



 Line  I  Addr  Code            Source

   99:	  00A5	30 93 2F	LINHA3_2:    JNB LIN_3, S11	;VERIFICO ACIONAMENTO DO BOTÃO S11 DA LINHA 3
  100:	  00A8	D2 95		LINHA0_2:    SETB COL_2		;SETO COLUNA 2
  101:	  00AA	12 01 2E	             LCALL TEMPO	;SUB-ROTINA DE TEMPO
  102:	  00AD	02 00 E4	             LJMP COLUNA3	;SALTO PARA COLUNA 3
  103:
  104:	  00B0	75 B0 03	S8:          MOV P3, #03H	;MOVO PARA P3 03H
  105:	  00B3	C2 B7		             CLR P3.7		;LIMPO P3.7 PARA TOCAR O BUZZER
  106:	  00B5	30 90 FD	             JNB P1.0, $	;VERIFICO P1.0, TRAVO AQUI
  107:	  00B8	D2 B7		             SETB P3.7		;SETO P3.7 BUZZER PARA DE TOCAR
  108:	  00BA	02 00 9F	             LJMP LINHA1_2	;SALTO PARA LINHA 1
  109:
  110:	  00BD	75 B0 06	S9:          MOV P3, #06H	;MOVO PARA P3 06H
  111:	  00C0	C2 B7		             CLR P3.7		;LIMPO P3.7 PARA TOCAR O BUZZER
  112:	  00C2	30 91 FD	             JNB P1.1, $	;VERIFICO P1.1, TRAVO AQUI
  113:	  00C5	D2 B7		             SETB P3.7		;SETO P3.7 BUZZER PARA DE TOCAR
  114:	  00C7	02 00 A2	             LJMP LINHA2_2	;SALTO PARA LINHA 2
  115:
  116:	  00CA	75 B0 09	S10:         MOV P3, #09H	;MOVO PARA P3 09H
  117:	  00CD	C2 B7		             CLR P3.7		;LIMPO P3.7 PARA TOCAR O BUZZER
  118:	  00CF	30 92 FD	             JNB P1.2, $	;VERIFICO P1.2, TRAVO AQUI
  119:	  00D2	D2 B7		             SETB P3.7		;SETO P3.7 BUZZER PARA DE TOCAR
  120:	  00D4	02 00 A5	             LJMP LINHA3_2	;SALTO PARA LINHA 3
  121:
  122:	  00D7	75 B0 0B	S11:         MOV P3, #0BH	;MOVO PARA P3 0BH
  123:	  00DA	C2 B7		             CLR P3.7		;LIMPO P3.7 PARA TOCAR O BUZZER
  124:	  00DC	30 93 FD	             JNB P1.3, $	;VERIFICO P1.3, TRAVO AQUI
  125:	  00DF	D2 B7		             SETB P3.7		;SETO P3.7 BUZZER PARA DE TOCAR
  126:	  00E1	02 00 A8	             LJMP LINHA0_2	;SALTO PARA LINHA 0
  127:
  128:	  00E4	C2 94		COLUNA3:     CLR COL_3		;LIMPO COLUNA 3
  129:	  00E6	30 90 11	             JNB LIN_0, S12	;VERIFICO ACIONAMENTO DO BOTÃO S12 DA LINHA 1
  130:	  00E9	30 91 1B	LINHA1_3:    JNB LIN_1, S13    	;VERIFICO ACIONAMENTO DO BOTÃO S13 DA LINHA 2
  131:	  00EC	30 92 25	LINHA2_3:    JNB LIN_2, S14	;VERIFICO ACIONAMENTO DO BOTÃO S14 DA LINHA 3
  132:	  00EF	30 93 2F	LINHA3_3:    JNB LIN_3, S15	;VERIFICO ACIONAMENTO DO BOTÃO S15 DA LINHA 0
  133:	  00F2	D2 94		LINHA0_3:    SETB COL_3		;SETO COLUNA 3
  134:	  00F4	12 01 2E	             LCALL TEMPO	;SUB-ROTINA DE TEMPO
  135:	  00F7	02 00 06	             LJMP COLUNA0	;SALTO PARA COLUNA 0
  136:
  137:	  00FA	75 B0 0D	S12:         MOV P3, #0DH	;MOVO PARA P3 0DH
  138:	  00FD	C2 B7		             CLR P3.7		;LIMPO P3.7 PARA TOCAR O BUZZER
  139:	  00FF	30 90 FD	             JNB P1.0, $	;VERIFICO P1.0, TRAVO AQUI
  140:	  0102	D2 B7		             SETB P3.7		;SETO P3.7 BUZZER PARA DE TOCAR
  141:	  0104	02 00 E9	             LJMP LINHA1_3	;SALTO PARA LINHA 1
  142:
  143:	  0107	75 B0 0C	S13:         MOV P3, #0CH	;MOVO PARA P3 0CH
  144:	  010A	C2 B7		             CLR P3.7		;LIMPO P3.7 PARA TOCAR O BUZZER
  145:	  010C	30 91 FD	             JNB P1.1, $	;VERIFICO P1.1, TRAVO AQUI
  146:	  010F	D2 B7		             SETB P3.7		;SETO P3.7 BUZZER PARA DE TOCAR
  147:	  0111	02 00 EC	             LJMP LINHA2_3	;SALTO PARA LINHA 2
  148:
  149:	  0114	75 B0 0E	S14:         MOV P3, #0EH	;MOVO PARA P3 0EH
  150:	  0117	C2 B7		             CLR P3.7		;LIMPO P3.7 PARA TOCAR O BUZZER
  151:	  0119	30 92 FD	             JNB P1.2, $	;VERIFICO P1.2, TRAVO AQUI
  152:	  011C	D2 B7		             SETB P3.7		;SETO P3.7 BUZZER PARA DE TOCAR
  153:	  011E	02 00 EF	             LJMP LINHA3_3	;SALTO PARA LINHA 3
  154:

ASEM-51 V1.3                                         Copyright (c) 2002 by W.W. Heinz                                         PAGE 4



 Line  I  Addr  Code            Source

  155:	  0121	75 B0 0F	S15:         MOV P3, #0FH	;MOVO PARA P3 0FH
  156:	  0124	C2 B7		             CLR P3.7		;LIMPO P3.7 PARA TOCAR O BUZZER
  157:	  0126	30 93 FD	             JNB P1.3, $	;VERIFICO P1.3, TRAVO AQUI
  158:	  0129	D2 B7		             SETB P3.7		;SETO P3.7 BUZZER PARA DE TOCAR
  159:	  012B	02 00 F2	             LJMP LINHA0_3	;SALTO PARA LINHA 0
  160:
  161:
  162:
  163:				;-------------------------------------------------------------------------------
  164:					;SUBROTINA TEMPO
  165:
  166:	  012E	78 02		TEMPO:  MOV R0, #2                    	        ;CARREGA RO COM 1
  167:	  0130	79 32		VOLTA2: MOV R1, #50		                ;CARREGA R1 COM 50
  168:	  0132	7A 32		VOLTA1: MOV R2, #50	                        ;CARREGA R2 COM 50
  169:	  0134	DA FE		        DJNZ R2, $                              ;DECREMENTA R2 ATÉ ZERAR
  170:	  0136	D9 FA		        DJNZ R1, VOLTA1                         ;DECREMENTA R1 E SALTA ATÉ ZERAR
  171:	  0138	D8 F6		        DJNZ R0, VOLTA2                         ;DECREMENTA RO E SALTA ATÉ ZERAR
  172:	  013A	22		        RET                                     ;RETORNO DE SUBROTINA
  173:					END					;FIM DE PROGRAMA
  174:





                     register banks used:  ---

                     no errors




ASEM-51 V1.3                                         Copyright (c) 2002 by W.W. Heinz                                         PAGE 5





	       L I S T   O F   S Y M B O L S
	       =============================


SYMBOL				  TYPE     VALUE	LINE
------------------------------------------------------------
??ASEM_51			  NUMBER    8051
??VERSION			  NUMBER    0130
AC				  BIT	      D6
ACC				  DATA	      E0
B				  DATA	      F0
COLUNA0				  CODE	    0006	  29
COLUNA1				  CODE	    0050	  62
COLUNA2				  CODE	    009A	  95
COLUNA3				  CODE	    00E4	 128
COL_0				  NUMBER    0097	  23
COL_1				  NUMBER    0096	  22
COL_2				  NUMBER    0095	  21
COL_3				  NUMBER    0094	  20
CY				  BIT	      D7
DPH				  DATA	      83
DPL				  DATA	      82
EA				  BIT	      AF
ES				  BIT	      AC
ET0				  BIT	      A9
ET1				  BIT	      AB
EX0				  BIT	      A8
EX1				  BIT	      AA
EXTI0				  CODE	    0003
EXTI1				  CODE	    0013
F0				  BIT	      D5
IE				  DATA	      A8
IE0				  BIT	      89
IE1				  BIT	      8B
INT0				  BIT	      B2
INT1				  BIT	      B3
IP				  DATA	      B8
IT0				  BIT	      88
IT1				  BIT	      8A
LINHA0				  CODE	    0014	  34
LINHA0_1			  CODE	    005E	  67
LINHA0_2			  CODE	    00A8	 100
LINHA0_3			  CODE	    00F2	 133
LINHA1				  CODE	    000B	  31
LINHA1_1			  CODE	    0055	  64
LINHA1_2			  CODE	    009F	  97
LINHA1_3			  CODE	    00E9	 130
LINHA2				  CODE	    000E	  32
LINHA2_1			  CODE	    0058	  65
LINHA2_2			  CODE	    00A2	  98
LINHA2_3			  CODE	    00EC	 131
LINHA3				  CODE	    0011	  33
LINHA3_1			  CODE	    005B	  66
LINHA3_2			  CODE	    00A5	  99
LINHA3_3			  CODE	    00EF	 132
LIN_0				  NUMBER    0090	  15

ASEM-51 V1.3                                         Copyright (c) 2002 by W.W. Heinz                                         PAGE 6



SYMBOL				  TYPE     VALUE	LINE
------------------------------------------------------------
LIN_1				  NUMBER    0091	  16
LIN_2				  NUMBER    0092	  17
LIN_3				  NUMBER    0093	  18
OV				  BIT	      D2
P				  BIT	      D0
P0				  DATA	      80
P1				  DATA	      90
P2				  DATA	      A0
P3				  DATA	      B0
PCON				  DATA	      87
PS				  BIT	      BC
PSW				  DATA	      D0
PT0				  BIT	      B9
PT1				  BIT	      BB
PX0				  BIT	      B8
PX1				  BIT	      BA
RB8				  BIT	      9A
RD				  BIT	      B7
REN				  BIT	      9C
RESET				  CODE	    0000
RI				  BIT	      98
RS0				  BIT	      D3
RS1				  BIT	      D4
RXD				  BIT	      B0
S0				  CODE	    001C	  38
S1				  CODE	    0029	  44
S10				  CODE	    00CA	 116
S11				  CODE	    00D7	 122
S12				  CODE	    00FA	 137
S13				  CODE	    0107	 143
S14				  CODE	    0114	 149
S15				  CODE	    0121	 155
S2				  CODE	    0036	  50
S3				  CODE	    0043	  56
S4				  CODE	    0066	  71
S5				  CODE	    0073	  77
S6				  CODE	    0080	  83
S7				  CODE	    008D	  89
S8				  CODE	    00B0	 104
S9				  CODE	    00BD	 110
SBUF				  DATA	      99
SCON				  DATA	      98
SINT				  CODE	    0023
SM0				  BIT	      9F
SM1				  BIT	      9E
SM2				  BIT	      9D
SP				  DATA	      81
T0				  BIT	      B4
T1				  BIT	      B5
TB8				  BIT	      9B
TCON				  DATA	      88
TEMPO				  CODE	    012E	 166
TF0				  BIT	      8D
TF1				  BIT	      8F
TH0				  DATA	      8C
TH1				  DATA	      8D

ASEM-51 V1.3                                         Copyright (c) 2002 by W.W. Heinz                                         PAGE 7



SYMBOL				  TYPE     VALUE	LINE
------------------------------------------------------------
TI				  BIT	      99
TIMER0				  CODE	    000B
TIMER1				  CODE	    001B
TL0				  DATA	      8A
TL1				  DATA	      8B
TMOD				  DATA	      89
TR0				  BIT	      8C
TR1				  BIT	      8E
TXD				  BIT	      B1
VOLTA1				  CODE	    0132	 168
VOLTA2				  CODE	    0130	 167
WR				  BIT	      B6
