
ASEM-51 V1.3                                         Copyright (c) 2002 by W.W. Heinz                                         PAGE 1





       MCS-51 Family Macro Assembler   A S E M - 5 1   V 1.3
       =====================================================



	Source File:	H:\Silvio Pasta\Projetos do livro de treino 8051\Projeto 1\direto.asm
	Object File:	H:\Silvio Pasta\Projetos do livro de treino 8051\Projeto 1\direto.hex
	List File:	H:\Silvio Pasta\Projetos do livro de treino 8051\Projeto 1\direto.lst



 Line  I  Addr  Code            Source

    1:				; ==================================================================================
    2:				; =================      ETEC Aristóteles Ferreira   ==================
    3:				; ================     Yhan Christian Souza Silva        ================
    4:				; =====            Programa_01  direto.asm  ver. 0.0 data: 29/03/13       ========

    5:				; ===================================================================================
    6:
    7:		N      0000		org 	0000h			;começa o programa na linha 0000h da EPROM
    8:	  0000	74 00			mov	A,#0h			;escrevo '00000000'b no acumulador A (ACC)
    9:	  0002	74 FF			mov	A,#0FFh			;escrevo '11111111'b no ACC
   10:	  0004	75 F0 FF		mov	B,#0FFh			;escrevo '00001111'b no registrador B
   11:	  0007	78 F0			mov	R0,#0F0h		;escrevo '11110000'b no registrador R0
   12:	  0009	74 0F			mov	A,#15			;escrevo '00001111'b ou 0fh no ACC, por decimal
   13:	  000B	74 AA			mov 	A,#10101010b		;escrevo '10101010'b ou AAh no ACC, por binário
   14:	  000D	74 00			mov 	A,#HIGH(0Fh)		;escrevo (a parte alta de 0F) em A
   15:	  000F	75 F0 0F		mov	B,#LOW(0Fh)		;escrevo (a parte baixa de 0F) em B
   16:	  0012	74 FF			mov	A,#HIGH(65535)		;escrevo (a parte alta de 65535)=FFh em A
   17:	  0014	75 F0 37		mov	B,#LOW(65335)		;escrevo (a parte baixa de 65535)=FFh em B
   18:	  0017	74 05			mov 	A,#(255-250)		;escrevo a diferença da conta 255-250=5=05h em A
   19:	  0019	74 00			mov	A,#HIGH(255-240)	;escrevo a parte alta da conta (15=0Fh), que é 00h
   20:									;em A(pois a parte alta de OFh é 0!)
   21:	  001B	75 F0 0F		mov	B,#LOW(255-240)		;escrevo a parte baixa da conta (15=0Fh) que é 0Fh em B
   22:	  001E	74 41			mov	A,#'A'			;escrevo em A o "código ASCII da letra A,
   23:									;que é 65 em decimal, ou 41h(em hexa)
   24:	  0020	74 42			mov 	A,#'B'			;escrevo em B o "codigo ASCII da letra B,
   25:									;que é 66 em decimal, ou 42h(em hexa)
   26:
   27:					end				;fim do programa

   28:





                     register banks used:  ---

                     no errors




ASEM-51 V1.3                                         Copyright (c) 2002 by W.W. Heinz                                         PAGE 2





	       L I S T   O F   S Y M B O L S
	       =============================


SYMBOL				  TYPE     VALUE	LINE
------------------------------------------------------------
??ASEM_51			  NUMBER    8051
??VERSION			  NUMBER    0130
AC				  BIT	      D6
ACC				  DATA	      E0
B				  DATA	      F0
CY				  BIT	      D7
DPH				  DATA	      83
DPL				  DATA	      82
EA				  BIT	      AF
ES				  BIT	      AC
ET0				  BIT	      A9
ET1				  BIT	      AB
EX0				  BIT	      A8
EX1				  BIT	      AA
EXTI0				  CODE	    0003
EXTI1				  CODE	    0013
F0				  BIT	      D5
IE				  DATA	      A8
IE0				  BIT	      89
IE1				  BIT	      8B
INT0				  BIT	      B2
INT1				  BIT	      B3
IP				  DATA	      B8
IT0				  BIT	      88
IT1				  BIT	      8A
OV				  BIT	      D2
P				  BIT	      D0
P0				  DATA	      80
P1				  DATA	      90
P2				  DATA	      A0
P3				  DATA	      B0
PCON				  DATA	      87
PS				  BIT	      BC
PSW				  DATA	      D0
PT0				  BIT	      B9
PT1				  BIT	      BB
PX0				  BIT	      B8
PX1				  BIT	      BA
RB8				  BIT	      9A
RD				  BIT	      B7
REN				  BIT	      9C
RESET				  CODE	    0000
RI				  BIT	      98
RS0				  BIT	      D3
RS1				  BIT	      D4
RXD				  BIT	      B0
SBUF				  DATA	      99
SCON				  DATA	      98
SINT				  CODE	    0023
SM0				  BIT	      9F

ASEM-51 V1.3                                         Copyright (c) 2002 by W.W. Heinz                                         PAGE 3



SYMBOL				  TYPE     VALUE	LINE
------------------------------------------------------------
SM1				  BIT	      9E
SM2				  BIT	      9D
SP				  DATA	      81
T0				  BIT	      B4
T1				  BIT	      B5
TB8				  BIT	      9B
TCON				  DATA	      88
TF0				  BIT	      8D
TF1				  BIT	      8F
TH0				  DATA	      8C
TH1				  DATA	      8D
TI				  BIT	      99
TIMER0				  CODE	    000B
TIMER1				  CODE	    001B
TL0				  DATA	      8A
TL1				  DATA	      8B
TMOD				  DATA	      89
TR0				  BIT	      8C
TR1				  BIT	      8E
TXD				  BIT	      B1
WR				  BIT	      B6
