
ASEM-51 V1.3                                         Copyright (c) 2002 by W.W. Heinz                                         PAGE 1





       MCS-51 Family Macro Assembler   A S E M - 5 1   V 1.3
       =====================================================



	Source File:	G:\Silvio Pasta\Ex.13\progarit5.asm
	Object File:	G:\Silvio Pasta\Ex.13\progarit5.hex
	List File:	G:\Silvio Pasta\Ex.13\progarit5.lst



 Line  I  Addr  Code            Source

    1:				; ========================================================================
    2:				; =================      ETEC Aristóteles Ferreira.     ==================
    3:				; ========          Yhan Christian Souza Silva         ===========
    4:				; =====   Programa_13  progarit5.asm  ver. 0.0 data: 02/04/13.   =========
    5:				; ========================================================================
    6:
    7:
    8:				; INSTRUÇÕES ARITMÉTICAS
    9:
   10:
   11:				; Este exercício é um desafio para a criação em algoritmo que realize a soma de um número de 16 Bits
				 (lembrando  que
   12:				; o 8051 trabalha apenas com nº de 8 Bits, para não haver erro em nossa soma devemos considerar o Ca
				rry da soma dos
   13:				; Bytes  LSB e somá-lo juntamente com os Bytes MSB.
   14:
   15:		N      0000	              		ORG 0000H        	; End. de início de programa.
   16:
   17:				             	;1º Número de 16 Bits  (2DF5H).
   18:	  0000	79 F5		              		MOV R1, # 0F5H     	; Carrego em R1 (LSB 1).
   19:	  0002	7A 2D		              		MOV R2, # 2DH      	; Carrego em R2 (MSB 1).
   20:
   21:						; 2º Número de 16 Bits  (F5C4H).
   22:	  0004	7B C4		             		MOV R3, # 0C4H     	; Carrego em R3 (LSB 2).
   23:	  0006	7C F5		              		MOV R4, # 0F5H     	; Carrego em R4 (MSB 2).
   24:
   25:
   26:						; Realizo a soma dos LSB's.
   27:	  0008	E9		              		MOV A, R1         	; Copio em Acc o valor de R1.
   28:	  0009	2B		              		ADD A, R3         	; Soma dos valores de R2 e Acc.
   29:	  000A	FF		              		MOV R7, A         	; Guardo o LSB do resultado.
   30:
   31:						; Realizo a soma dos MSB's com CARRY.
   32:	  000B	EA		              		MOV A, R2         	; Copio em Acc o valor de R2.
   33:	  000C	3C		              		ADDC A, R4        	; Soma de R2, Acc + Carry.
   34:	  000D	FE		              		MOV R6, A         	; Guardo o MSB do resultado.
   35:
   36:						; Guardando o CARRY final.
   37:	  000E	E4		             		CLR A		; limpo o Acumulador.
   38:	  000F	33		              		RLC A		; Rotaciono o Acumulador para a esquerda.
   39:	  0010	FD		              		MOV R5, A      	; Guardo em R7 (Bit 0) o CARRY final.
   40:	  0011	80 FE		             		SJMP $        		; Permanece nesta linha.
   41:				              		END           		; Fim de compilação.

ASEM-51 V1.3                                         Copyright (c) 2002 by W.W. Heinz                                         PAGE 2








                     register banks used:  ---

                     no errors




ASEM-51 V1.3                                         Copyright (c) 2002 by W.W. Heinz                                         PAGE 3





	       L I S T   O F   S Y M B O L S
	       =============================


SYMBOL				  TYPE     VALUE	LINE
------------------------------------------------------------
??ASEM_51			  NUMBER    8051
??VERSION			  NUMBER    0130
AC				  BIT	      D6
ACC				  DATA	      E0
B				  DATA	      F0
CY				  BIT	      D7
DPH				  DATA	      83
DPL				  DATA	      82
EA				  BIT	      AF
ES				  BIT	      AC
ET0				  BIT	      A9
ET1				  BIT	      AB
EX0				  BIT	      A8
EX1				  BIT	      AA
EXTI0				  CODE	    0003
EXTI1				  CODE	    0013
F0				  BIT	      D5
IE				  DATA	      A8
IE0				  BIT	      89
IE1				  BIT	      8B
INT0				  BIT	      B2
INT1				  BIT	      B3
IP				  DATA	      B8
IT0				  BIT	      88
IT1				  BIT	      8A
OV				  BIT	      D2
P				  BIT	      D0
P0				  DATA	      80
P1				  DATA	      90
P2				  DATA	      A0
P3				  DATA	      B0
PCON				  DATA	      87
PS				  BIT	      BC
PSW				  DATA	      D0
PT0				  BIT	      B9
PT1				  BIT	      BB
PX0				  BIT	      B8
PX1				  BIT	      BA
RB8				  BIT	      9A
RD				  BIT	      B7
REN				  BIT	      9C
RESET				  CODE	    0000
RI				  BIT	      98
RS0				  BIT	      D3
RS1				  BIT	      D4
RXD				  BIT	      B0
SBUF				  DATA	      99
SCON				  DATA	      98
SINT				  CODE	    0023
SM0				  BIT	      9F

ASEM-51 V1.3                                         Copyright (c) 2002 by W.W. Heinz                                         PAGE 4



SYMBOL				  TYPE     VALUE	LINE
------------------------------------------------------------
SM1				  BIT	      9E
SM2				  BIT	      9D
SP				  DATA	      81
T0				  BIT	      B4
T1				  BIT	      B5
TB8				  BIT	      9B
TCON				  DATA	      88
TF0				  BIT	      8D
TF1				  BIT	      8F
TH0				  DATA	      8C
TH1				  DATA	      8D
TI				  BIT	      99
TIMER0				  CODE	    000B
TIMER1				  CODE	    001B
TL0				  DATA	      8A
TL1				  DATA	      8B
TMOD				  DATA	      89
TR0				  BIT	      8C
TR1				  BIT	      8E
TXD				  BIT	      B1
WR				  BIT	      B6
