MPASM 5.74                 CONTADORFINAL.ASM   11-18-2017  11:58:00         PAGE  1


LOC  OBJECT CODE     LINE SOURCE TEXT
  VALUE

                      00001 ;==============================================================================
                      00002 ; EXEMPLO 06 - CONTADOR FINAL - ACESSO A E2PROM
                      00003 ; BASEADO EM ESTUDOS COM O PIC16F628A
                      00004 ; AUTOR: YHAN CHRISTIAN SOUZA SILVA 
                      00005 ;==============================================================================
                      00006 
                      00007 ;==============================================================================
                      00008 ; DEFINIÇÕES INICIAIS DO HARDWARE
                      00009 ;==============================================================================
                      00010 #INCLUDE <P16F628.INC> ; ARQUIVO PADRÃO MICROCHIP PARA O MODELO DE PIC
                      00001         LIST
                      00002 
                      00003 ;==========================================================================
                      00004 ; Build date : May 17 2017
                      00005 ;  MPASM PIC16F628 processor include
                      00006 ; 
                      00007 ;  (c) Copyright 1999-2017 Microchip Technology, All rights reserved
                      00008 ;==========================================================================
                      00009 
Message[301]: MESSAGE: (Processor-header file mismatch.  Verify selected processor.)
                      00382         LIST
                      00011     
2007   3F61           00012     __CONFIG _BOREN_ON & _CP_OFF & _PWRTE_ON & _WDT_OFF & _LVP_OFF & _MCLRE_ON & _XT_OSC
                      00013 ;==============================================================================
                      00014 ; DEFINES PARA FACILITAR COMANDOS DE MUDANÇA DE BANCOS
                      00015 ;==============================================================================     
                      00016 #DEFINE BANK0 BCF STATUS, RP0
                      00017 #DEFINE BANK1 BSF STATUS, RP0
                      00018 
                      00019 ;==============================================================================
                      00020 ; DEFINIÇÃO DE ENDEREÇO DE VARIAVEIS
                      00021 ;==============================================================================         
                      00022     CBLOCK 0x20
  00000020            00023         CONT
  00000021            00024         FLAGS
  00000022            00025         FILTRO1
  00000023            00026         FILTRO2
                      00027     ENDC
                      00028 
                      00029 ;==============================================================================
                      00030 ; DEFINIÇÃO DE FLAGS UTILIZADOS 
                      00031 ;============================================================================== 
                      00032 #DEFINE STATUS_BOTAO1 FLAGS, 0 ; STATUS DO BOTÃO 1
                      00033 #DEFINE STATUS_BOTAO2 FLAGS, 1 ; STATUS DO BOTÃO 2
                      00034     
                      00035 ;==============================================================================
                      00036 ; CONSTANTES
                      00037 ;==============================================================================
  00000000            00038 MINIMO EQU .0       ;VALOR MÍNIMO CONT
  0000000F            00039 MAXIMO EQU .15      ;VALOR MÁXIMO CONT
  000000FF            00040 T_FILTRO EQU .255   ; FILTRO BOTÃO
  00000000            00041 POSICAO_MEMORIA EQU .0 ;ENDEREÇO E2PROM QUE ARMAZENA VALOR DE CONT
                      00042     
MPASM 5.74                 CONTADORFINAL.ASM   11-18-2017  11:58:00         PAGE  2


LOC  OBJECT CODE     LINE SOURCE TEXT
  VALUE

                      00043 ;==============================================================================
                      00044 ; ENTRADAS E SAÍDAS 
                      00045 ;==============================================================================
                      00046 #DEFINE BOTAO1 PORTA, 1 ;RA1 BOTAO1 0 -> PRESSIONADO 1 -> LIBERADO
                      00047 #DEFINE BOTAO2 PORTA, 2 ;RA2 BOTAO2 0 -> PRESSIONADO 1 -> LIBERADO
                      00048  
                      00049 ;==============================================================================
                      00050 ; INICIALIZAÇÃO E2PROM
                      00051 ;==============================================================================
                      00052     ORG H'2100'+POSICAO_MEMORIA
2100   000F           00053     DE .15 ; VALOR INICIAL DE CONT = F
                      00054     
                      00055 ;==============================================================================
                      00056 ; VETOR DE RESET
                      00057 ;============================================================================== 
                      00058     ORG 0x00
0000   2???           00059     GOTO SETUP
                      00060     
                      00061 ;==============================================================================
                      00062 ; ROTINA DE INTERRUPÇÃO - NÃO APLICADA NO PROJETO
                      00063 ;==============================================================================
                      00064     ORG 0x04    ; ENDEREÇO INICIAL INTERRUPÇÃO
0004   0009           00065     RETFIE      ;RETORNA DA INTERRUPÇÃO
                      00066     
                      00067 
                      00068 ;==============================================================================
                      00069 ; ROTINA DE CONVERSÃO BINÁRIO DISPLAY 7SEG
                      00070 ; ROTINA IRÁ RETORNA EM W O SIMBOLO CORRETO QUE DEVERÁ SER EXIBIDO NO DISPLAY
                      00071 ; UTILIZAR ESTE PADRÃO DISPLAY CATODO COMUM
                      00072 ;==============================================================================
0005                  00073 CONVERTER
0005   0820           00074     MOVF CONT, W
0006   390F           00075     ANDLW B'00001111' ; MASCARA PARA CONT / LIMITA VALOR EM 15
0007   0782           00076     ADDWF PCL, F
                      00077     
0008   343F           00078     RETLW B'00111111' ;0
0009   3406           00079     RETLW B'00000110' ;1
000A   345B           00080     RETLW B'01011011' ;2
000B   344F           00081     RETLW B'01001111' ;3
000C   3466           00082     RETLW B'01100110' ;4
000D   346D           00083     RETLW B'01101101' ;5
000E   347D           00084     RETLW B'01111101' ;6
000F   3407           00085     RETLW B'00000111' ;7
0010   347F           00086     RETLW B'01111111' ;8
0011   346F           00087     RETLW B'01101111' ;9
0012   3477           00088     RETLW B'01110111' ;A
0013   347C           00089     RETLW B'01111100' ;B
0014   3439           00090     RETLW B'00111001' ;C
0015   345E           00091     RETLW B'01011110' ;D
0016   3479           00092     RETLW B'01111001' ;E
0017   3471           00093     RETLW B'01110001' ;F
                      00094     
                      00095 ;==============================================================================
MPASM 5.74                 CONTADORFINAL.ASM   11-18-2017  11:58:00         PAGE  3


LOC  OBJECT CODE     LINE SOURCE TEXT
  VALUE

                      00096 ; ROTINA LER E2PROM - MUDA PARA BANK1, PREPARA LEITURA, ARMAZENA EM W
                      00097 ;==============================================================================
0018                  00098 LER_E2PROM
0018   1683           00099     BANK1
Message[302]: Register in operand not in bank 0.  Ensure that bank bits are correct.
0019   141C           00100     BSF EECON1, RD
Message[302]: Register in operand not in bank 0.  Ensure that bank bits are correct.
001A   081A           00101     MOVF EEDATA, W
001B   1283           00102     BANK0
001C   0008           00103     RETURN
                      00104     
                      00105 ;==============================================================================
                      00106 ; ROTINA ESCREVER E2PROM - ACERTA VALOR PASSADO EM W, DESABILTIA INTERRUPÇÕES
                      00107 ; HABILITA ESCRITA, INICIALIZA ESCRITA, TESTE O FIM DA ESCRITA, RETORNA AO BANK0
                      00108 ; HABILITA INTERRUPÇÕES
                      00109 ;==============================================================================
001D                  00110 ESCREVER_E2PROM
001D   1683           00111     BANK1
Message[302]: Register in operand not in bank 0.  Ensure that bank bits are correct.
001E   009A           00112     MOVWF EEDATA
001F   138B           00113     BCF INTCON, GIE
Message[302]: Register in operand not in bank 0.  Ensure that bank bits are correct.
0020   151C           00114     BSF EECON1, WREN
0021   3055           00115     MOVLW 0x55
Message[302]: Register in operand not in bank 0.  Ensure that bank bits are correct.
0022   009D           00116     MOVWF EECON2
0023   30AA           00117     MOVLW 0xAA
Message[302]: Register in operand not in bank 0.  Ensure that bank bits are correct.
0024   009D           00118     MOVWF EECON2
Message[302]: Register in operand not in bank 0.  Ensure that bank bits are correct.
0025   149C           00119     BSF EECON1, WR
Message[302]: Register in operand not in bank 0.  Ensure that bank bits are correct.
0026   111C           00120     BCF EECON1, WREN
Message[302]: Register in operand not in bank 0.  Ensure that bank bits are correct.
0027   189C           00121     BTFSC EECON1, WR
0028   2???           00122     GOTO $-1
0029   1283           00123     BANK0
002A   178B           00124     BSF INTCON, GIE
002B   0008           00125     RETURN
                      00126     
                      00127 ;==============================================================================
                      00128 ; ROTINA LER CONT - LÊ VALOR NA MEMÓRIA E2PROM E COLOCA EM CONT
                      00129 ;==============================================================================
002C                  00130 LER_CONT
002C   3000           00131     MOVLW POSICAO_MEMORIA
002D   1683           00132     BANK1
Message[302]: Register in operand not in bank 0.  Ensure that bank bits are correct.
002E   009B           00133     MOVWF EEADR
002F   2???           00134     CALL LER_E2PROM
0030   00A0           00135     MOVWF CONT
0031   0008           00136     RETURN
                      00137 
                      00138 ;==============================================================================
MPASM 5.74                 CONTADORFINAL.ASM   11-18-2017  11:58:00         PAGE  4


LOC  OBJECT CODE     LINE SOURCE TEXT
  VALUE

                      00139 ; ROTINA ESCREVER CONT - ESCREVE VALOR ATUAL DE CONT NA E2PROM
                      00140 ;==============================================================================
0032                  00141 ESCREVER_CONT
0032   3000           00142     MOVLW POSICAO_MEMORIA
0033   1683           00143     BANK1
Message[302]: Register in operand not in bank 0.  Ensure that bank bits are correct.
0034   009B           00144     MOVWF EEADR
0035   1283           00145     BANK0
0036   0820           00146     MOVF CONT, W
0037   2???           00147     CALL ESCREVER_E2PROM 
0038   0008           00148     RETURN   
                      00149     
                      00150     
                      00151     
                      00152 ;==============================================================================
                      00153 ; INICIO DO PROGRAMA - SETUP 
                      00154 ; LIMPA PORTA A E PORTB, MOVE PARA BANK 1 CARREGANDO TRISA (RA1 E RA2 ENTRADA)
                      00155 ; E TRISB, CONFIGURA PRESCALER 1:2 NO TMR0 DESABILITANDO PULL UPS INTERNOS, 
                      00156 ; DESLIGA INTERRUPÇÕES, POR FIM VOLTO AO BANK 0 E DESABILITO COMPARADORES 
                      00157 ; E INICIALIZO AS VARIAVEIS.
                      00158 ;==============================================================================    
0039                  00159 SETUP
0039   1683           00160     BANK1
003A   3006           00161     MOVLW B'00000110'
Message[302]: Register in operand not in bank 0.  Ensure that bank bits are correct.
003B   0085           00162     MOVWF TRISA
003C   3000           00163     MOVLW B'00000000'
Message[302]: Register in operand not in bank 0.  Ensure that bank bits are correct.
003D   0086           00164     MOVWF TRISB
003E   3080           00165     MOVLW B'10000000'
Message[302]: Register in operand not in bank 0.  Ensure that bank bits are correct.
003F   0081           00166     MOVWF OPTION_REG
0040   3000           00167     MOVLW B'00000000'
0041   008B           00168     MOVWF INTCON
0042   1283           00169     BANK0
0043   3007           00170     MOVLW B'00000111'
0044   009F           00171     MOVWF CMCON
0045   0185           00172     CLRF PORTA
0046   0186           00173     CLRF PORTB
0047   01A1           00174     CLRF FLAGS
0048   2???           00175     CALL LER_CONT
0049   2???           00176     GOTO ATUALIZAR_DISPLAY
                      00177     
                      00178     
                      00179 ;==============================================================================
                      00180 ; ROTINA PRINCIPAL 
                      00181 ;ROTINAS PARA CHECAR BOTÃO 01 (DECREMENTA) E BOTÃO 02 (INCREMENTA) IMPREMENTADOS
                      00182 ;TRATAMENTO E LIMPEZA DE FAGS E POR FIM ROTINA ATUALIZA_DISPLAY CHAMA ROTINA 
                      00183 ; CONVERTER QUE RETORNA NO DISPLAY O VALOR CORRETO. CONTADOR DE 0 A F.
                      00184 ;==============================================================================
004A                  00185 MAIN
004A   30FF           00186     MOVLW T_FILTRO
004B   00A2           00187     MOVWF FILTRO1
MPASM 5.74                 CONTADORFINAL.ASM   11-18-2017  11:58:00         PAGE  5


LOC  OBJECT CODE     LINE SOURCE TEXT
  VALUE

004C   00A3           00188     MOVWF FILTRO2
                      00189     
004D                  00190 CHECA_BOTAO1
004D   1885           00191     BTFSC BOTAO1
004E   2???           00192     GOTO BOTAO1_LIBERADO
004F   0BA2           00193     DECFSZ FILTRO1, F
0050   2???           00194     GOTO CHECA_BOTAO1
0051   1C21           00195     BTFSS STATUS_BOTAO1
0052   2???           00196     GOTO DECREMENTAR
0053   2???           00197     GOTO CHECA_BOTAO2
                      00198 
0054                  00199 BOTAO1_LIBERADO
0054   1021           00200     BCF STATUS_BOTAO1
                      00201 
0055                  00202 CHECA_BOTAO2
0055   1905           00203     BTFSC BOTAO2
0056   2???           00204     GOTO BOTAO2_LIBERADO
0057   0BA3           00205     DECFSZ FILTRO2, F
0058   2???           00206     GOTO CHECA_BOTAO2
0059   1CA1           00207     BTFSS STATUS_BOTAO2
005A   2???           00208     GOTO INCREMENTAR
005B   2???           00209     GOTO MAIN
                      00210 
005C                  00211 BOTAO2_LIBERADO
005C   10A1           00212     BCF STATUS_BOTAO2
005D   2???           00213     GOTO MAIN
                      00214     
                      00215 
005E                  00216 DECREMENTAR
005E   1421           00217     BSF STATUS_BOTAO1
005F   0820           00218     MOVF CONT, W
0060   3A00           00219     XORLW MINIMO
0061   1903           00220     BTFSC STATUS, Z
0062   2???           00221     GOTO MAIN
0063   03A0           00222     DECF CONT, F
0064   2???           00223     CALL ESCREVER_CONT
0065   2???           00224     GOTO ATUALIZAR_DISPLAY
                      00225     
0066                  00226 INCREMENTAR
0066   14A1           00227     BSF STATUS_BOTAO2
0067   0820           00228     MOVF CONT, W
0068   3A0F           00229     XORLW MAXIMO
0069   1903           00230     BTFSC STATUS, Z
006A   2???           00231     GOTO MAIN
006B   0AA0           00232     INCF CONT, F
006C   2???           00233     CALL ESCREVER_CONT
                      00234     
006D                  00235 ATUALIZAR_DISPLAY
006D   2???           00236     CALL CONVERTER
006E   0086           00237     MOVWF PORTB
006F   2???           00238     GOTO MAIN
                      00239     
                      00240 ;==============================================================================
MPASM 5.74                 CONTADORFINAL.ASM   11-18-2017  11:58:00         PAGE  6


LOC  OBJECT CODE     LINE SOURCE TEXT
  VALUE

                      00241 ; TERMINO DE PROGRAMA
                      00242 ;==============================================================================
3F61                  00243     END
MPASM 5.74                 CONTADORFINAL.ASM   11-18-2017  11:58:00         PAGE  7


SYMBOL TABLE
  LABEL                             VALUE 

ADDEN                             00000003
ADEN                              00000003
ATUALIZAR_DISPLAY                 0000006D
BANK0                             BCF STATUS, RP0
BANK1                             BSF STATUS, RP0
BOTAO1                            PORTA, 1
BOTAO1_LIBERADO                   00000054
BOTAO2                            PORTA, 2
BOTAO2_LIBERADO                   0000005C
BRGH                              00000002
C                                 00000000
C1INV                             00000004
C1OUT                             00000006
C2INV                             00000005
C2OUT                             00000007
CCP1CON                           00000017
CCP1IE                            00000002
CCP1IF                            00000002
CCP1M0                            00000000
CCP1M1                            00000001
CCP1M2                            00000002
CCP1M3                            00000003
CCP1X                             00000005
CCP1Y                             00000004
CCPR1                             00000015
CCPR1H                            00000016
CCPR1L                            00000015
CHECA_BOTAO1                      0000004D
CHECA_BOTAO2                      00000055
CIS                               00000003
CM0                               00000000
CM1                               00000001
CM2                               00000002
CMCON                             0000001F
CMIE                              00000006
CMIF                              00000006
CONT                              00000020
CONVERTER                         00000005
CREN                              00000004
CSRC                              00000007
DATA_CP_OFF                       00003FFF
DATA_CP_ON                        00003EFF
DC                                00000001
DECREMENTAR                       0000005E
EEADR                             0000009B
EECON1                            0000009C
EECON2                            0000009D
EEDATA                            0000009A
EEIE                              00000007
EEIF                              00000007
ESCREVER_CONT                     00000032
ESCREVER_E2PROM                   0000001D
F                                 00000001
MPASM 5.74                 CONTADORFINAL.ASM   11-18-2017  11:58:00         PAGE  8


SYMBOL TABLE
  LABEL                             VALUE 

FERR                              00000002
FILTRO1                           00000022
FILTRO2                           00000023
FLAGS                             00000021
FSR                               00000004
GIE                               00000007
INCREMENTAR                       00000066
INDF                              00000000
INTCON                            0000000B
INTE                              00000004
INTEDG                            00000006
INTF                              00000001
IRP                               00000007
LER_CONT                          0000002C
LER_E2PROM                        00000018
MAIN                              0000004A
MAXIMO                            0000000F
MINIMO                            00000000
NOT_BO                            00000000
NOT_BOD                           00000000
NOT_BOR                           00000000
NOT_PD                            00000003
NOT_POR                           00000001
NOT_RBPU                          00000007
NOT_T1SYNC                        00000002
NOT_TO                            00000004
OERR                              00000001
OPTION_REG                        00000081
OSCF                              00000003
PCL                               00000002
PCLATH                            0000000A
PCON                              0000008E
PEIE                              00000006
PIE1                              0000008C
PIR1                              0000000C
PORTA                             00000005
PORTB                             00000006
POSICAO_MEMORIA                   00000000
PR2                               00000092
PS0                               00000000
PS1                               00000001
PS2                               00000002
PSA                               00000003
RA0                               00000000
RA1                               00000001
RA2                               00000002
RA3                               00000003
RA4                               00000004
RA5                               00000005
RA6                               00000006
RA7                               00000007
RB0                               00000000
RB1                               00000001
MPASM 5.74                 CONTADORFINAL.ASM   11-18-2017  11:58:00         PAGE  9


SYMBOL TABLE
  LABEL                             VALUE 

RB2                               00000002
RB3                               00000003
RB4                               00000004
RB5                               00000005
RB6                               00000006
RB7                               00000007
RBIE                              00000003
RBIF                              00000000
RCIE                              00000005
RCIF                              00000005
RCREG                             0000001A
RCSTA                             00000018
RD                                00000000
RP0                               00000005
RP1                               00000006
RX9                               00000006
RX9D                              00000000
SETUP                             00000039
SPBRG                             00000099
SPEN                              00000007
SREN                              00000005
STATUS                            00000003
STATUS_BOTAO1                     FLAGS, 0
STATUS_BOTAO2                     FLAGS, 1
SYNC                              00000004
T0CS                              00000005
T0IE                              00000005
T0IF                              00000002
T0SE                              00000004
T1CKPS0                           00000004
T1CKPS1                           00000005
T1CON                             00000010
T1OSCEN                           00000003
T2CKPS0                           00000000
T2CKPS1                           00000001
T2CON                             00000012
TMR0                              00000001
TMR0IE                            00000005
TMR0IF                            00000002
TMR1                              0000000E
TMR1CS                            00000001
TMR1H                             0000000F
TMR1IE                            00000000
TMR1IF                            00000000
TMR1L                             0000000E
TMR1ON                            00000000
TMR2                              00000011
TMR2IE                            00000001
TMR2IF                            00000001
TMR2ON                            00000002
TOUTPS0                           00000003
TOUTPS1                           00000004
TOUTPS2                           00000005
MPASM 5.74                 CONTADORFINAL.ASM   11-18-2017  11:58:00         PAGE 10


SYMBOL TABLE
  LABEL                             VALUE 

TOUTPS3                           00000006
TRISA                             00000085
TRISA0                            00000000
TRISA1                            00000001
TRISA2                            00000002
TRISA3                            00000003
TRISA4                            00000004
TRISA5                            00000005
TRISA6                            00000006
TRISA7                            00000007
TRISB                             00000086
TRISB0                            00000000
TRISB1                            00000001
TRISB2                            00000002
TRISB3                            00000003
TRISB4                            00000004
TRISB5                            00000005
TRISB6                            00000006
TRISB7                            00000007
TRMT                              00000001
TX9                               00000006
TX9D                              00000000
TXEN                              00000005
TXIE                              00000004
TXIF                              00000004
TXREG                             00000019
TXSTA                             00000098
T_FILTRO                          000000FF
VR0                               00000000
VR1                               00000001
VR2                               00000002
VR3                               00000003
VRCON                             0000009F
VREN                              00000007
VROE                              00000006
VRR                               00000005
W                                 00000000
WR                                00000001
WREN                              00000002
WRERR                             00000003
Z                                 00000002
_.org_2_0028                      00000028
_BODEN_OFF                        00003FBF
_BODEN_ON                         00003FFF
_BOREN_OFF                        00003FBF
_BOREN_ON                         00003FFF
_CONFIG                           00002007
_CPD_OFF                          00003FFF
_CPD_ON                           00003EFF
_CP_50                            00002BFF
_CP_75                            000017FF
_CP_ALL                           000003FF
_CP_OFF                           00003FFF
MPASM 5.74                 CONTADORFINAL.ASM   11-18-2017  11:58:00         PAGE 11


SYMBOL TABLE
  LABEL                             VALUE 

_DEVID1                           00002006
_ER_OSC_CLKOUT                    00003FFF
_ER_OSC_NOCLKOUT                  00003FFE
_EXTCLK_OSC                       00003FEF
_FOSC_ECIO                        00003FEF
_FOSC_ERCLK                       00003FFF
_FOSC_ERIO                        00003FFE
_FOSC_HS                          00003FEE
_FOSC_INTOSCCLK                   00003FFD
_FOSC_INTOSCIO                    00003FFC
_FOSC_LP                          00003FEC
_FOSC_XT                          00003FED
_HS_OSC                           00003FEE
_IDLOC0                           00002000
_IDLOC1                           00002001
_IDLOC2                           00002002
_IDLOC3                           00002003
_INTRC_OSC_CLKOUT                 00003FFD
_INTRC_OSC_NOCLKOUT               00003FFC
_LP_OSC                           00003FEC
_LVP_OFF                          00003F7F
_LVP_ON                           00003FFF
_MCLRE_OFF                        00003FDF
_MCLRE_ON                         00003FFF
_PWRTE_OFF                        00003FFF
_PWRTE_ON                         00003FF7
_WDTE_OFF                         00003FFB
_WDTE_ON                          00003FFF
_WDT_OFF                          00003FFB
_WDT_ON                           00003FFF
_XT_OSC                           00003FED
__16F628A                         00000001

Errors   :     0
Warnings :     0 reported,     0 suppressed
Messages :    15 reported,     0 suppressed

