
ASEM-51 V1.3                                         Copyright (c) 2002 by W.W. Heinz                                         PAGE 1





       MCS-51 Family Macro Assembler   A S E M - 5 1   V 1.3
       =====================================================



	Source File:	G:\Silvio Pasta\AlternaLed\ALTERNALED.asm
	Object File:	G:\Silvio Pasta\AlternaLed\ALTERNALED.hex
	List File:	G:\Silvio Pasta\AlternaLed\ALTERNALED.lst



 Line  I  Addr  Code            Source

    1:				; ========================================================================
    2:				; =================      ETEC Aristóteles Ferreira.     ==================
    3:				; ========          Yhan Christian Souza Silva         ===========
    4:				; =====   Programa_01  alternaled.asm  ver. 0.0 data: 09/04/13.   =========

    5:				; ========================================================================
    6:
    7:
    8:				;Programa para acender um led por bez sequencialmente
    9:
   10:		N      0000		ORG 0000H  				;INICIO DE PROGRAMA
   11:	  0000	75 80 00		MOV P0, #00H 				; LIMPO P0
   12:
   13:
   14:	  0003	D2 80		LOOP: 	SETB P0.0				;SETAR BIT P0.0
   15:
   16:
   17:
   18:	  0005	12 00 3D		LCALL TEMPO                             ;CHAMA A SUBROTINA TEMPO
   19:	  0008	B2 80		        CPL P0.0                            	;COMPLETO DO CONTEUDO DO BIT P0.0

   20:	  000A	D2 81		        SETB P0.1
   21:	  000C	12 00 3D	        LCALL TEMPO
   22:	  000F	B2 81		        CPL P0.1
   23:	  0011	D2 82		        SETB P0.2
   24:	  0013	12 00 3D	        LCALL TEMPO
   25:	  0016	B2 82		        CPL P0.2
   26:	  0018	D2 83		        SETB P0.3
   27:	  001A	12 00 3D	        LCALL TEMPO
   28:	  001D	B2 83		        CPL P0.3
   29:	  001F	D2 84		        SETB P0.4
   30:	  0021	12 00 3D	        LCALL TEMPO
   31:	  0024	B2 84		        CPL P0.4
   32:	  0026	D2 85		        SETB P0.5
   33:	  0028	12 00 3D	        LCALL TEMPO
   34:	  002B	B2 85		        CPL P0.5
   35:	  002D	D2 86		        SETB P0.6
   36:	  002F	12 00 3D	        LCALL TEMPO
   37:	  0032	B2 86		        CPL P0.6
   38:	  0034	D2 87		        SETB P0.7
   39:	  0036	12 00 3D	        LCALL TEMPO
   40:	  0039	B2 87		        CPL P0.7
   41:

ASEM-51 V1.3                                         Copyright (c) 2002 by W.W. Heinz                                         PAGE 2



 Line  I  Addr  Code            Source

   42:	  003B	80 C6		        SJMP LOOP
   43:
   44:					;SUBROTINA TEMPO=(250X250X2X1)uS= 125000uS=125ms
   45:	  003D	78 01		TEMPO:  MOV R0, #1                                ;CARREGA RO COM 2
   46:	  003F	79 FA		VOLTA2: MOV R1, #250      	                   ;CARREGA R1 COM 250
   47:	  0041	7A FA		VOLTA1: MOV R2, #250	                         ;CARREGA R2 COM 250
   48:	  0043	DA FE		        DJNZ R2, $                              ;DECREMENTA R2 ATÉ ZERAR
   49:	  0045	D9 FA		        DJNZ R1, VOLTA1                         ;DECREMENTA R1 E SALTA ATÉ ZERAR
   50:	  0047	D8 F6		        DJNZ R0, VOLTA2                         ;DECREMENTA RO E SALTA ATÉ ZERAR
   51:	  0049	22		        RET                                     ;RETORNO DE SUBROTINA
   52:				        END                                     ;FIM DO PROGRAMA





                     register banks used:  ---

                     no errors




ASEM-51 V1.3                                         Copyright (c) 2002 by W.W. Heinz                                         PAGE 3





	       L I S T   O F   S Y M B O L S
	       =============================


SYMBOL				  TYPE     VALUE	LINE
------------------------------------------------------------
??ASEM_51			  NUMBER    8051
??VERSION			  NUMBER    0130
AC				  BIT	      D6
ACC				  DATA	      E0
B				  DATA	      F0
CY				  BIT	      D7
DPH				  DATA	      83
DPL				  DATA	      82
EA				  BIT	      AF
ES				  BIT	      AC
ET0				  BIT	      A9
ET1				  BIT	      AB
EX0				  BIT	      A8
EX1				  BIT	      AA
EXTI0				  CODE	    0003
EXTI1				  CODE	    0013
F0				  BIT	      D5
IE				  DATA	      A8
IE0				  BIT	      89
IE1				  BIT	      8B
INT0				  BIT	      B2
INT1				  BIT	      B3
IP				  DATA	      B8
IT0				  BIT	      88
IT1				  BIT	      8A
LOOP				  CODE	    0003	  14
OV				  BIT	      D2
P				  BIT	      D0
P0				  DATA	      80
P1				  DATA	      90
P2				  DATA	      A0
P3				  DATA	      B0
PCON				  DATA	      87
PS				  BIT	      BC
PSW				  DATA	      D0
PT0				  BIT	      B9
PT1				  BIT	      BB
PX0				  BIT	      B8
PX1				  BIT	      BA
RB8				  BIT	      9A
RD				  BIT	      B7
REN				  BIT	      9C
RESET				  CODE	    0000
RI				  BIT	      98
RS0				  BIT	      D3
RS1				  BIT	      D4
RXD				  BIT	      B0
SBUF				  DATA	      99
SCON				  DATA	      98
SINT				  CODE	    0023

ASEM-51 V1.3                                         Copyright (c) 2002 by W.W. Heinz                                         PAGE 4



SYMBOL				  TYPE     VALUE	LINE
------------------------------------------------------------
SM0				  BIT	      9F
SM1				  BIT	      9E
SM2				  BIT	      9D
SP				  DATA	      81
T0				  BIT	      B4
T1				  BIT	      B5
TB8				  BIT	      9B
TCON				  DATA	      88
TEMPO				  CODE	    003D	  45
TF0				  BIT	      8D
TF1				  BIT	      8F
TH0				  DATA	      8C
TH1				  DATA	      8D
TI				  BIT	      99
TIMER0				  CODE	    000B
TIMER1				  CODE	    001B
TL0				  DATA	      8A
TL1				  DATA	      8B
TMOD				  DATA	      89
TR0				  BIT	      8C
TR1				  BIT	      8E
TXD				  BIT	      B1
VOLTA1				  CODE	    0041	  47
VOLTA2				  CODE	    003F	  46
WR				  BIT	      B6
