
ASEM-51 V1.3                                         Copyright (c) 2002 by W.W. Heinz                                         PAGE 1





       MCS-51 Family Macro Assembler   A S E M - 5 1   V 1.3
       =====================================================



	Source File:	F:\Silvio Pasta\Motor de passo\motor de passo.asm
	Object File:	F:\Silvio Pasta\Motor de passo\motor de passo.hex
	List File:	F:\Silvio Pasta\Motor de passo\motor de passo.lst



 Line  I  Addr  Code            Source

    1:				; ========================================================================
    2:				; =================      ETEC Aristóteles Ferreira.     ==================
    3:				; ========          Yhan Christian Souza Silva         ===================
    4:				; =====   Programa_01  motordepasso.asm  ver. 0.0 data: 04/06/13.   ======
    5:				; ========================================================================
    6:
    7:
    8:				;FAZER UM PROGRAMA P/ ACIONAR UM MOTOR DE PASSO
    9:				;P2.0 - GIRA NO SENTIDO HORÁRIO
   10:				;P2.7 - GIRA NO SENTIDO ANTI-HORÁRIO
   11:
   12:		N      0000			ORG 0000H			;Inicio de Programa
   13:	  0000	75 90 00	LOOP:		MOV P1,#00H			;Limpo P0
   14:	  0003	75 A0 FF			MOV P2,#0FFH			;Preparo P2 para leitura
   15:
   16:
   17:	  0006	20 A0 1A	HORARIO:       JB P2.0, ANTI_HORARIO		;VERIFICO ACIONAMENTO DO BOTÃO, PULO PARA ANTI-HORAR
				IO
   18:	  0009	75 90 08	               MOV P1, #08H			;MOVO PARA P1 08H
   19:	  000C	12 00 40	               LCALL TEMPO			;SUB-ROTINA DE TEMPO
   20:	  000F	75 90 04	               MOV P1, #04H			;MOVO PARA P1 04H
   21:	  0012	12 00 40	               LCALL TEMPO			;SUB-ROTINA DE TEMPO
   22:	  0015	75 90 02	               MOV P1, #02H			;MOVO PARA P1 02H
   23:	  0018	12 00 40	               LCALL TEMPO			;SUB-ROTINA DE TEMPO
   24:	  001B	75 90 01	               MOV P1, #01H			;MOVO PARA P1 01H
   25:	  001E	12 00 40	               LCALL TEMPO			;SUB-ROTINA DE TEMPO
   26:	  0021	80 E3		               SJMP HORARIO			;SALTO PARA HORARIO
   27:
   28:	  0023	20 A7 E0	ANTI_HORARIO:  JB P2.7, HORARIO			;VERIFICO ACIONAMENTO DO BOTÃO, PULO PARA HORARIO
   29:	  0026	75 90 01	               MOV P1, #01H			;MOVO PARA P1 01H
   30:	  0029	12 00 40	               LCALL TEMPO			;SUB-ROTINA DE TEMPO
   31:	  002C	75 90 02	               MOV P1, #02H			;MOVO PARA P1 02H
   32:	  002F	12 00 40	               LCALL TEMPO			;SUB-ROTINA DE TEMPO
   33:	  0032	75 90 04	               MOV P1, #04H			;MOVO PARA P1 04H
   34:	  0035	12 00 40	               LCALL TEMPO			;SUB-ROTINA DE TEMPO
   35:	  0038	75 90 08	               MOV P1, #08H 			;MOVO PARA P1 08H
   36:	  003B	12 00 40	               LCALL TEMPO			;SUB-ROTINA DE TEMPO
   37:	  003E	80 E3		               SJMP ANTI_HORARIO          	;SALTO PARA ANTI-HORARIO
   38:
   39:
   40:
   41:
   42:					;SUB-ROTINA TEMPO=(250X250X2X2)uS= 250000uS=250ms

ASEM-51 V1.3                                         Copyright (c) 2002 by W.W. Heinz                                         PAGE 2



 Line  I  Addr  Code            Source

   43:	  0040	78 02		TEMPO:  MOV R0, #2                              ;CARREGA RO COM 2
   44:	  0042	79 3C		VOLTA2: MOV R1, #60      	                   ;CARREGA R1 COM 250
   45:	  0044	7A C8		VOLTA1: MOV R2, #200	                         ;CARREGA R2 COM 250
   46:	  0046	DA FE		        DJNZ R2, $                              ;DECREMENTA R2 ATÉ ZERAR
   47:	  0048	D9 FA		        DJNZ R1, VOLTA1                         ;DECREMENTA R1 E SALTA ATÉ ZERAR
   48:	  004A	D8 F6		        DJNZ R0, VOLTA2                         ;DECREMENTA RO E SALTA ATÉ ZERAR
   49:	  004C	22		        RET                                     ;RETORNO DE SUBROTINA
   50:				        END                                     ;FIM DO PROGRAMA





                     register banks used:  ---

                     no errors




ASEM-51 V1.3                                         Copyright (c) 2002 by W.W. Heinz                                         PAGE 3





	       L I S T   O F   S Y M B O L S
	       =============================


SYMBOL				  TYPE     VALUE	LINE
------------------------------------------------------------
??ASEM_51			  NUMBER    8051
??VERSION			  NUMBER    0130
AC				  BIT	      D6
ACC				  DATA	      E0
ANTI_HORARIO			  CODE	    0023	  28
B				  DATA	      F0
CY				  BIT	      D7
DPH				  DATA	      83
DPL				  DATA	      82
EA				  BIT	      AF
ES				  BIT	      AC
ET0				  BIT	      A9
ET1				  BIT	      AB
EX0				  BIT	      A8
EX1				  BIT	      AA
EXTI0				  CODE	    0003
EXTI1				  CODE	    0013
F0				  BIT	      D5
HORARIO				  CODE	    0006	  17
IE				  DATA	      A8
IE0				  BIT	      89
IE1				  BIT	      8B
INT0				  BIT	      B2
INT1				  BIT	      B3
IP				  DATA	      B8
IT0				  BIT	      88
IT1				  BIT	      8A
LOOP				  CODE	    0000	  13
OV				  BIT	      D2
P				  BIT	      D0
P0				  DATA	      80
P1				  DATA	      90
P2				  DATA	      A0
P3				  DATA	      B0
PCON				  DATA	      87
PS				  BIT	      BC
PSW				  DATA	      D0
PT0				  BIT	      B9
PT1				  BIT	      BB
PX0				  BIT	      B8
PX1				  BIT	      BA
RB8				  BIT	      9A
RD				  BIT	      B7
REN				  BIT	      9C
RESET				  CODE	    0000
RI				  BIT	      98
RS0				  BIT	      D3
RS1				  BIT	      D4
RXD				  BIT	      B0
SBUF				  DATA	      99

ASEM-51 V1.3                                         Copyright (c) 2002 by W.W. Heinz                                         PAGE 4



SYMBOL				  TYPE     VALUE	LINE
------------------------------------------------------------
SCON				  DATA	      98
SINT				  CODE	    0023
SM0				  BIT	      9F
SM1				  BIT	      9E
SM2				  BIT	      9D
SP				  DATA	      81
T0				  BIT	      B4
T1				  BIT	      B5
TB8				  BIT	      9B
TCON				  DATA	      88
TEMPO				  CODE	    0040	  43
TF0				  BIT	      8D
TF1				  BIT	      8F
TH0				  DATA	      8C
TH1				  DATA	      8D
TI				  BIT	      99
TIMER0				  CODE	    000B
TIMER1				  CODE	    001B
TL0				  DATA	      8A
TL1				  DATA	      8B
TMOD				  DATA	      89
TR0				  BIT	      8C
TR1				  BIT	      8E
TXD				  BIT	      B1
VOLTA1				  CODE	    0044	  45
VOLTA2				  CODE	    0042	  44
WR				  BIT	      B6
