;  LST file generated by mikroListExporter - v.2.0 
; Date/Time: 16/04/2019 20:35:04
;----------------------------------------------

;Address Opcode 	ASM
0x0000	0xF003EFA4  	GOTO        1864
0x0004	0x0000      	NOP
0x0006	0x0000      	NOP
0x0008	0xF000EF00  	GOTO        0
0x000C	0x0000      	NOP
0x000E	0x0000      	NOP
0x0010	0x0000      	NOP
0x0012	0x0000      	NOP
0x0014	0x0000      	NOP
0x0016	0x0000      	NOP
0x0018	0xD7F3      	BRA         0
_Delay_5500us:
;__Lib_Delays.c,31 :: 		void Delay_5500us() {
;__Lib_Delays.c,32 :: 		Delay_us(5500);
0x001C	0x0E56      	MOVLW       86
0x001E	0x6E0C      	MOVWF       R12, 0
0x0020	0x0EB5      	MOVLW       181
0x0022	0x6E0D      	MOVWF       R13, 0
L_Delay_5500us6:
0x0024	0x2E0D      	DECFSZ      R13, 1, 0
0x0026	0xD7FE      	BRA         L_Delay_5500us6
0x0028	0x2E0C      	DECFSZ      R12, 1, 0
0x002A	0xD7FC      	BRA         L_Delay_5500us6
0x002C	0x0000      	NOP
0x002E	0x0000      	NOP
;__Lib_Delays.c,33 :: 		}
L_end_Delay_5500us:
0x0030	0x0012      	RETURN      0
; end of _Delay_5500us
_Delay_50us:
;__Lib_Delays.c,19 :: 		void Delay_50us() {
;__Lib_Delays.c,20 :: 		Delay_us(50);
0x0032	0x0EC7      	MOVLW       199
0x0034	0x6E0D      	MOVWF       R13, 0
L_Delay_50us3:
0x0036	0x2E0D      	DECFSZ      R13, 1, 0
0x0038	0xD7FE      	BRA         L_Delay_50us3
0x003A	0x0000      	NOP
0x003C	0x0000      	NOP
;__Lib_Delays.c,21 :: 		}
L_end_Delay_50us:
0x003E	0x0012      	RETURN      0
; end of _Delay_50us
_Delay_1us:
;__Lib_Delays.c,7 :: 		void Delay_1us() {
;__Lib_Delays.c,8 :: 		Delay_us(1);
0x0040	0x0E03      	MOVLW       3
0x0042	0x6E0D      	MOVWF       R13, 0
L_Delay_1us0:
0x0044	0x2E0D      	DECFSZ      R13, 1, 0
0x0046	0xD7FE      	BRA         L_Delay_1us0
0x0048	0x0000      	NOP
0x004A	0x0000      	NOP
;__Lib_Delays.c,9 :: 		}
L_end_Delay_1us:
0x004C	0x0012      	RETURN      0
; end of _Delay_1us
_Lcd_Cmd:
;__Lib_Lcd.c,18 :: 		
;__Lib_Lcd.c,20 :: 		
0x004E	0xBE40      	BTFSC       FARG_Lcd_Cmd_out_char, 7 
0x0050	0xD002      	BRA         L__Lcd_Cmd21
0x0052	0x9E81      	BCF         LCD_D7, BitPos(LCD_D7+0) 
0x0054	0xD001      	BRA         L__Lcd_Cmd22
L__Lcd_Cmd21:
0x0056	0x8E81      	BSF         LCD_D7, BitPos(LCD_D7+0) 
L__Lcd_Cmd22:
;__Lib_Lcd.c,21 :: 		
0x0058	0xBC40      	BTFSC       FARG_Lcd_Cmd_out_char, 6 
0x005A	0xD002      	BRA         L__Lcd_Cmd23
0x005C	0x9C81      	BCF         LCD_D6, BitPos(LCD_D6+0) 
0x005E	0xD001      	BRA         L__Lcd_Cmd24
L__Lcd_Cmd23:
0x0060	0x8C81      	BSF         LCD_D6, BitPos(LCD_D6+0) 
L__Lcd_Cmd24:
;__Lib_Lcd.c,22 :: 		
0x0062	0xBA40      	BTFSC       FARG_Lcd_Cmd_out_char, 5 
0x0064	0xD002      	BRA         L__Lcd_Cmd25
0x0066	0x9A81      	BCF         LCD_D5, BitPos(LCD_D5+0) 
0x0068	0xD001      	BRA         L__Lcd_Cmd26
L__Lcd_Cmd25:
0x006A	0x8A81      	BSF         LCD_D5, BitPos(LCD_D5+0) 
L__Lcd_Cmd26:
;__Lib_Lcd.c,23 :: 		
0x006C	0xB840      	BTFSC       FARG_Lcd_Cmd_out_char, 4 
0x006E	0xD002      	BRA         L__Lcd_Cmd27
0x0070	0x9881      	BCF         LCD_D4, BitPos(LCD_D4+0) 
0x0072	0xD001      	BRA         L__Lcd_Cmd28
L__Lcd_Cmd27:
0x0074	0x8881      	BSF         LCD_D4, BitPos(LCD_D4+0) 
L__Lcd_Cmd28:
;__Lib_Lcd.c,25 :: 		
0x0076	0xB015      	BTFSC       __Lib_Lcd_cmd_status, BitPos(__Lib_Lcd_cmd_status+0) 
0x0078	0xD002      	BRA         L__Lcd_Cmd29
0x007A	0x8481      	BSF         LCD_RS, BitPos(LCD_RS+0) 
0x007C	0xD001      	BRA         L__Lcd_Cmd30
L__Lcd_Cmd29:
0x007E	0x9481      	BCF         LCD_RS, BitPos(LCD_RS+0) 
L__Lcd_Cmd30:
;__Lib_Lcd.c,28 :: 		
0x0080	0x8681      	BSF         LCD_EN, BitPos(LCD_EN+0) 
;__Lib_Lcd.c,29 :: 		
0x0082	0xDFDE      	RCALL       _Delay_1us
;__Lib_Lcd.c,30 :: 		
0x0084	0x9681      	BCF         LCD_EN, BitPos(LCD_EN+0) 
;__Lib_Lcd.c,33 :: 		
0x0086	0xB640      	BTFSC       FARG_Lcd_Cmd_out_char, 3 
0x0088	0xD002      	BRA         L__Lcd_Cmd31
0x008A	0x9E81      	BCF         LCD_D7, BitPos(LCD_D7+0) 
0x008C	0xD001      	BRA         L__Lcd_Cmd32
L__Lcd_Cmd31:
0x008E	0x8E81      	BSF         LCD_D7, BitPos(LCD_D7+0) 
L__Lcd_Cmd32:
;__Lib_Lcd.c,34 :: 		
0x0090	0xB440      	BTFSC       FARG_Lcd_Cmd_out_char, 2 
0x0092	0xD002      	BRA         L__Lcd_Cmd33
0x0094	0x9C81      	BCF         LCD_D6, BitPos(LCD_D6+0) 
0x0096	0xD001      	BRA         L__Lcd_Cmd34
L__Lcd_Cmd33:
0x0098	0x8C81      	BSF         LCD_D6, BitPos(LCD_D6+0) 
L__Lcd_Cmd34:
;__Lib_Lcd.c,35 :: 		
0x009A	0xB240      	BTFSC       FARG_Lcd_Cmd_out_char, 1 
0x009C	0xD002      	BRA         L__Lcd_Cmd35
0x009E	0x9A81      	BCF         LCD_D5, BitPos(LCD_D5+0) 
0x00A0	0xD001      	BRA         L__Lcd_Cmd36
L__Lcd_Cmd35:
0x00A2	0x8A81      	BSF         LCD_D5, BitPos(LCD_D5+0) 
L__Lcd_Cmd36:
;__Lib_Lcd.c,36 :: 		
0x00A4	0xB040      	BTFSC       FARG_Lcd_Cmd_out_char, 0 
0x00A6	0xD002      	BRA         L__Lcd_Cmd37
0x00A8	0x9881      	BCF         LCD_D4, BitPos(LCD_D4+0) 
0x00AA	0xD001      	BRA         L__Lcd_Cmd38
L__Lcd_Cmd37:
0x00AC	0x8881      	BSF         LCD_D4, BitPos(LCD_D4+0) 
L__Lcd_Cmd38:
;__Lib_Lcd.c,38 :: 		
0x00AE	0xB015      	BTFSC       __Lib_Lcd_cmd_status, BitPos(__Lib_Lcd_cmd_status+0) 
0x00B0	0xD002      	BRA         L__Lcd_Cmd39
0x00B2	0x8481      	BSF         LCD_RS, BitPos(LCD_RS+0) 
0x00B4	0xD001      	BRA         L__Lcd_Cmd40
L__Lcd_Cmd39:
0x00B6	0x9481      	BCF         LCD_RS, BitPos(LCD_RS+0) 
L__Lcd_Cmd40:
;__Lib_Lcd.c,40 :: 		
0x00B8	0x8681      	BSF         LCD_EN, BitPos(LCD_EN+0) 
;__Lib_Lcd.c,41 :: 		
0x00BA	0xDFC2      	RCALL       _Delay_1us
;__Lib_Lcd.c,42 :: 		
0x00BC	0x9681      	BCF         LCD_EN, BitPos(LCD_EN+0) 
;__Lib_Lcd.c,44 :: 		
0x00BE	0xA015      	BTFSS       __Lib_Lcd_cmd_status, BitPos(__Lib_Lcd_cmd_status+0) 
0x00C0	0xD002      	BRA         L_Lcd_Cmd0
;__Lib_Lcd.c,45 :: 		
0x00C2	0xDFAC      	RCALL       _Delay_5500us
0x00C4	0xD001      	BRA         L_Lcd_Cmd1
L_Lcd_Cmd0:
;__Lib_Lcd.c,47 :: 		
0x00C6	0xDFB5      	RCALL       _Delay_50us
L_Lcd_Cmd1:
;__Lib_Lcd.c,48 :: 		
L_end_Lcd_Cmd:
0x00C8	0x0012      	RETURN      0
; end of _Lcd_Cmd
_Div_16x16_S_L:
;__Lib_Math.c,139 :: 		
;__Lib_Math.c,146 :: 		
0x00CA	0x3401      	RLCF        R1, 0, 0
;__Lib_Math.c,147 :: 		
0x00CC	0x3608      	RLCF        R8, 1, 0
;__Lib_Math.c,148 :: 		
0x00CE	0x3609      	RLCF        R9, 1, 0
;__Lib_Math.c,149 :: 		
0x00D0	0x5004      	MOVF        R4, 0, 0
;__Lib_Math.c,150 :: 		
0x00D2	0x5E08      	SUBWF       R8, 1, 0
;__Lib_Math.c,151 :: 		
0x00D4	0x5005      	MOVF        R5, 0, 0
;__Lib_Math.c,152 :: 		
0x00D6	0xA0D8      	BTFSS       STATUS, 0, 0
;__Lib_Math.c,153 :: 		
0x00D8	0x3C05      	INCFSZ      R5, 0, 0
;__Lib_Math.c,154 :: 		
0x00DA	0x5E09      	SUBWF       R9, 1, 0
;__Lib_Math.c,155 :: 		
0x00DC	0x3600      	RLCF        R0, 1, 0
;__Lib_Math.c,156 :: 		
0x00DE	0x3601      	RLCF        R1, 1, 0
;__Lib_Math.c,158 :: 		
0x00E0	0x0E0F      	MOVLW       15
;__Lib_Math.c,159 :: 		
0x00E2	0x6E0C      	MOVWF       R12, 0
;__Lib_Math.c,161 :: 		
0x00E4	0x3401      	RLCF        R1, 0, 0
;__Lib_Math.c,162 :: 		
0x00E6	0x3608      	RLCF        R8, 1, 0
;__Lib_Math.c,163 :: 		
0x00E8	0x3609      	RLCF        R9, 1, 0
;__Lib_Math.c,164 :: 		
0x00EA	0x5004      	MOVF        R4, 0, 0
;__Lib_Math.c,166 :: 		
0x00EC	0xA000      	BTFSS       R0, 0, 0
;__Lib_Math.c,167 :: 		
0x00EE	0xD006      	BRA         $+14
;__Lib_Math.c,168 :: 		
0x00F0	0x5E08      	SUBWF       R8, 1, 0
;__Lib_Math.c,169 :: 		
0x00F2	0x5005      	MOVF        R5, 0, 0
;__Lib_Math.c,170 :: 		
0x00F4	0xA0D8      	BTFSS       STATUS, 0, 0
;__Lib_Math.c,171 :: 		
0x00F6	0x3C05      	INCFSZ      R5, 0, 0
;__Lib_Math.c,172 :: 		
0x00F8	0x5E09      	SUBWF       R9, 1, 0
;__Lib_Math.c,173 :: 		
0x00FA	0xD005      	BRA         $+12
;__Lib_Math.c,175 :: 		
0x00FC	0x2608      	ADDWF       R8, 1, 0
;__Lib_Math.c,176 :: 		
0x00FE	0x5005      	MOVF        R5, 0, 0
;__Lib_Math.c,177 :: 		
0x0100	0xB0D8      	BTFSC       STATUS, 0, 0
;__Lib_Math.c,178 :: 		
0x0102	0x3C05      	INCFSZ      R5, 0, 0
;__Lib_Math.c,179 :: 		
0x0104	0x2609      	ADDWF       R9, 1, 0
;__Lib_Math.c,181 :: 		
0x0106	0x3600      	RLCF        R0, 1, 0
;__Lib_Math.c,182 :: 		
0x0108	0x3601      	RLCF        R1, 1, 0
;__Lib_Math.c,184 :: 		
0x010A	0x2E0C      	DECFSZ      R12, 1, 0
;__Lib_Math.c,185 :: 		
0x010C	0xD7EB      	BRA         $-40
;__Lib_Math.c,187 :: 		
0x010E	0xB000      	BTFSC       R0, 0, 0
;__Lib_Math.c,188 :: 		
0x0110	0xD006      	BRA         $+14
;__Lib_Math.c,189 :: 		
0x0112	0x5004      	MOVF        R4, 0, 0
;__Lib_Math.c,190 :: 		
0x0114	0x2608      	ADDWF       R8, 1, 0
;__Lib_Math.c,191 :: 		
0x0116	0x5005      	MOVF        R5, 0, 0
;__Lib_Math.c,192 :: 		
0x0118	0xB0D8      	BTFSC       STATUS, 0, 0
;__Lib_Math.c,193 :: 		
0x011A	0x3C05      	INCFSZ      R5, 0, 0
;__Lib_Math.c,194 :: 		
0x011C	0x2609      	ADDWF       R9, 1, 0
;__Lib_Math.c,195 :: 		
0x011E	0x0000      	NOP
;__Lib_Math.c,197 :: 		
L_end_Div_16x16_S_L:
0x0120	0x0012      	RETURN      0
; end of _Div_16x16_S_L
_Div_16X16_U:
;__Lib_Math.c,102 :: 		
;__Lib_Math.c,109 :: 		
0x0122	0x6A08      	CLRF        R8, 0
;__Lib_Math.c,110 :: 		
0x0124	0x6A09      	CLRF        R9, 0
;__Lib_Math.c,111 :: 		
0x0126	0x0E10      	MOVLW       16
;__Lib_Math.c,112 :: 		
0x0128	0x6E0C      	MOVWF       R12, 0
;__Lib_Math.c,113 :: 		
0x012A	0x3401      	RLCF        R1, 0, 0
;__Lib_Math.c,114 :: 		
0x012C	0x3608      	RLCF        R8, 1, 0
;__Lib_Math.c,115 :: 		
0x012E	0x3609      	RLCF        R9, 1, 0
;__Lib_Math.c,116 :: 		
0x0130	0x5004      	MOVF        R4, 0, 0
;__Lib_Math.c,117 :: 		
0x0132	0x5E08      	SUBWF       R8, 1, 0
;__Lib_Math.c,118 :: 		
0x0134	0x5005      	MOVF        R5, 0, 0
;__Lib_Math.c,119 :: 		
0x0136	0xA0D8      	BTFSS       STATUS, 0, 0
;__Lib_Math.c,120 :: 		
0x0138	0x3C05      	INCFSZ      R5, 0, 0
;__Lib_Math.c,121 :: 		
0x013A	0x5E09      	SUBWF       R9, 1, 0
;__Lib_Math.c,122 :: 		
0x013C	0xB0D8      	BTFSC       STATUS, 0, 0
;__Lib_Math.c,123 :: 		
0x013E	0xD007      	BRA         $+16
;__Lib_Math.c,124 :: 		
0x0140	0x5004      	MOVF        R4, 0, 0
;__Lib_Math.c,125 :: 		
0x0142	0x2608      	ADDWF       R8, 1, 0
;__Lib_Math.c,126 :: 		
0x0144	0x5005      	MOVF        R5, 0, 0
;__Lib_Math.c,127 :: 		
0x0146	0xB0D8      	BTFSC       STATUS, 0, 0
;__Lib_Math.c,128 :: 		
0x0148	0x3C05      	INCFSZ      R5, 0, 0
;__Lib_Math.c,129 :: 		
0x014A	0x2609      	ADDWF       R9, 1, 0
;__Lib_Math.c,130 :: 		
0x014C	0x90D8      	BCF         STATUS, 0, 0
;__Lib_Math.c,131 :: 		
0x014E	0x3600      	RLCF        R0, 1, 0
;__Lib_Math.c,132 :: 		
0x0150	0x3601      	RLCF        R1, 1, 0
;__Lib_Math.c,133 :: 		
0x0152	0x2E0C      	DECFSZ      R12, 1, 0
;__Lib_Math.c,134 :: 		
0x0154	0xD7EA      	BRA         $-42
;__Lib_Math.c,136 :: 		
L_end_Div_16X16_U:
0x0156	0x0012      	RETURN      0
; end of _Div_16X16_U
_Div_8X8_U:
;__Lib_Math.c,77 :: 		
;__Lib_Math.c,84 :: 		
0x0158	0x6A08      	CLRF        R8, 0
;__Lib_Math.c,85 :: 		
0x015A	0x0E08      	MOVLW       8
;__Lib_Math.c,86 :: 		
0x015C	0x6E0C      	MOVWF       R12, 0
;__Lib_Math.c,87 :: 		
0x015E	0x3400      	RLCF        R0, 0, 0
;__Lib_Math.c,88 :: 		
0x0160	0x3608      	RLCF        R8, 1, 0
;__Lib_Math.c,89 :: 		
0x0162	0x5004      	MOVF        R4, 0, 0
;__Lib_Math.c,90 :: 		
0x0164	0x5E08      	SUBWF       R8, 1, 0
;__Lib_Math.c,91 :: 		
0x0166	0xB0D8      	BTFSC       STATUS, 0, 0
;__Lib_Math.c,92 :: 		
0x0168	0xD002      	BRA         $+6
;__Lib_Math.c,93 :: 		
0x016A	0x2608      	ADDWF       R8, 1, 0
;__Lib_Math.c,94 :: 		
0x016C	0x90D8      	BCF         STATUS, 0, 0
;__Lib_Math.c,95 :: 		
0x016E	0x3600      	RLCF        R0, 1, 0
;__Lib_Math.c,96 :: 		
0x0170	0x2E0C      	DECFSZ      R12, 1, 0
;__Lib_Math.c,97 :: 		
0x0172	0xD7F5      	BRA         $-20
;__Lib_Math.c,99 :: 		
L_end_Div_8X8_U:
0x0174	0x0012      	RETURN      0
; end of _Div_8X8_U
_Div_16x16_S:
;__Lib_Math.c,200 :: 		
;__Lib_Math.c,208 :: 		
0x0176	0x5004      	MOVF        R4, 0 
0x0178	0x0A00      	XORLW       0
0x017A	0xE108      	BNZ         L_Div_16x16_S0
;__Lib_Math.c,209 :: 		
0x017C	0x5005      	MOVF        R5, 0 
0x017E	0x0A00      	XORLW       0
0x0180	0xE105      	BNZ         L_Div_16x16_S1
;__Lib_Math.c,210 :: 		
0x0182	0x0EFF      	MOVLW       255
0x0184	0x6E00      	MOVWF       R0 
;__Lib_Math.c,211 :: 		
0x0186	0x0E7F      	MOVLW       127
0x0188	0x6E01      	MOVWF       R1 
;__Lib_Math.c,212 :: 		
0x018A	0xD057      	BRA         L_end_Div_16x16_S
;__Lib_Math.c,213 :: 		
L_Div_16x16_S1:
L_Div_16x16_S0:
;__Lib_Math.c,216 :: 		
0x018C	0x6A0D      	CLRF        R13, 0
;__Lib_Math.c,217 :: 		
0x018E	0x6A09      	CLRF        R9, 0
;__Lib_Math.c,218 :: 		
0x0190	0x6A08      	CLRF        R8, 0
;__Lib_Math.c,219 :: 		
0x0192	0x5001      	MOVF        R1, 0, 0
;__Lib_Math.c,220 :: 		
0x0194	0x1000      	IORWF       R0, 0, 0
;__Lib_Math.c,221 :: 		
0x0196	0xB4D8      	BTFSC       STATUS, 2, 0
;__Lib_Math.c,222 :: 		
0x0198	0x0C00      	RETLW       0
;__Lib_Math.c,224 :: 		
0x019A	0x5001      	MOVF        R1, 0, 0
;__Lib_Math.c,225 :: 		
0x019C	0x1805      	XORWF       R5, 0, 0
;__Lib_Math.c,226 :: 		
0x019E	0x6E0A      	MOVWF       R10, 0
;__Lib_Math.c,227 :: 		
0x01A0	0xBE0A      	BTFSC       R10, 7, 0
;__Lib_Math.c,228 :: 		
0x01A2	0x1E0D      	COMF        R13, 1, 0
;__Lib_Math.c,230 :: 		
0x01A4	0x6A0B      	CLRF        R11, 0
;__Lib_Math.c,232 :: 		
0x01A6	0xAE05      	BTFSS       R5, 7, 0
;__Lib_Math.c,233 :: 		
0x01A8	0xD005      	BRA         $+12
;__Lib_Math.c,235 :: 		
0x01AA	0x1E04      	COMF        R4, 1, 0
;__Lib_Math.c,236 :: 		
0x01AC	0x1E05      	COMF        R5, 1, 0
;__Lib_Math.c,237 :: 		
0x01AE	0x2A04      	INCF        R4, 1, 0
;__Lib_Math.c,238 :: 		
0x01B0	0xB4D8      	BTFSC       STATUS, 2, 0
;__Lib_Math.c,239 :: 		
0x01B2	0x2A05      	INCF        R5, 1, 0
;__Lib_Math.c,241 :: 		
0x01B4	0xAE01      	BTFSS       R1, 7, 0
;__Lib_Math.c,242 :: 		
0x01B6	0xD005      	BRA         $+12
;__Lib_Math.c,244 :: 		
0x01B8	0x1E00      	COMF        R0, 1, 0
;__Lib_Math.c,245 :: 		
0x01BA	0x1E01      	COMF        R1, 1, 0
;__Lib_Math.c,246 :: 		
0x01BC	0x2A00      	INCF        R0, 1, 0
;__Lib_Math.c,247 :: 		
0x01BE	0xB4D8      	BTFSC       STATUS, 2, 0
;__Lib_Math.c,248 :: 		
0x01C0	0x2A01      	INCF        R1, 1, 0
;__Lib_Math.c,250 :: 		
0x01C2	0x5001      	MOVF        R1, 0, 0
;__Lib_Math.c,251 :: 		
0x01C4	0x1005      	IORWF       R5, 0, 0
;__Lib_Math.c,252 :: 		
0x01C6	0x6E0A      	MOVWF       R10, 0
;__Lib_Math.c,253 :: 		
0x01C8	0xBE0A      	BTFSC       R10, 7, 0
;__Lib_Math.c,254 :: 		
0x01CA	0xD010      	BRA         $+34
;__Lib_Math.c,256 :: 		
0x01CC	0xDF7E      	RCALL       _Div_16x16_S_L
;__Lib_Math.c,258 :: 		
0x01CE	0xB00B      	BTFSC       R11, 0, 0
;__Lib_Math.c,259 :: 		
0x01D0	0xD020      	BRA         $+66
;__Lib_Math.c,261 :: 		
0x01D2	0xAE0D      	BTFSS       R13, 7, 0
;__Lib_Math.c,262 :: 		
0x01D4	0x0C00      	RETLW       0
;__Lib_Math.c,264 :: 		
0x01D6	0x1E00      	COMF        R0, 1, 0
;__Lib_Math.c,265 :: 		
0x01D8	0x1E01      	COMF        R1, 1, 0
;__Lib_Math.c,266 :: 		
0x01DA	0x2A00      	INCF        R0, 1, 0
;__Lib_Math.c,267 :: 		
0x01DC	0xB4D8      	BTFSC       STATUS, 2, 0
;__Lib_Math.c,268 :: 		
0x01DE	0x2A01      	INCF        R1, 1, 0
;__Lib_Math.c,270 :: 		
0x01E0	0x1E08      	COMF        R8, 1, 0
;__Lib_Math.c,271 :: 		
0x01E2	0x1E09      	COMF        R9, 1, 0
;__Lib_Math.c,272 :: 		
0x01E4	0x2A08      	INCF        R8, 1, 0
;__Lib_Math.c,273 :: 		
0x01E6	0xB4D8      	BTFSC       STATUS, 2, 0
;__Lib_Math.c,274 :: 		
0x01E8	0x2A09      	INCF        R9, 1, 0
;__Lib_Math.c,276 :: 		
0x01EA	0x0C00      	RETLW       0
;__Lib_Math.c,278 :: 		
0x01EC	0xAE05      	BTFSS       R5, 7, 0
;__Lib_Math.c,279 :: 		
0x01EE	0xD00D      	BRA         $+28
;__Lib_Math.c,280 :: 		
0x01F0	0xBE01      	BTFSC       R1, 7, 0
;__Lib_Math.c,281 :: 		
0x01F2	0xD007      	BRA         $+16
;__Lib_Math.c,282 :: 		
0x01F4	0x5001      	MOVF        R1, 0, 0
;__Lib_Math.c,283 :: 		
0x01F6	0x6E09      	MOVWF       R9, 0
;__Lib_Math.c,284 :: 		
0x01F8	0x5000      	MOVF        R0, 0, 0
;__Lib_Math.c,285 :: 		
0x01FA	0x6E08      	MOVWF       R8, 0
;__Lib_Math.c,286 :: 		
0x01FC	0x6A01      	CLRF        R1, 0
;__Lib_Math.c,287 :: 		
0x01FE	0x6A00      	CLRF        R0, 0
;__Lib_Math.c,288 :: 		
0x0200	0xD7E8      	BRA         $-46
;__Lib_Math.c,289 :: 		
0x0202	0x6A01      	CLRF        R1, 0
;__Lib_Math.c,290 :: 		
0x0204	0x6A00      	CLRF        R0, 0
;__Lib_Math.c,291 :: 		
0x0206	0x2A00      	INCF        R0, 1, 0
;__Lib_Math.c,292 :: 		
0x0208	0x0C00      	RETLW       0
;__Lib_Math.c,294 :: 		
0x020A	0x1E01      	COMF        R1, 1, 0
;__Lib_Math.c,295 :: 		
0x020C	0x1E00      	COMF        R0, 1, 0
;__Lib_Math.c,296 :: 		
0x020E	0x2A0B      	INCF        R11, 1, 0
;__Lib_Math.c,297 :: 		
0x0210	0xD7DD      	BRA         $-68
;__Lib_Math.c,299 :: 		
0x0212	0x2A08      	INCF        R8, 1, 0
;__Lib_Math.c,300 :: 		
0x0214	0xB4D8      	BTFSC       STATUS, 2, 0
;__Lib_Math.c,301 :: 		
0x0216	0x2A09      	INCF        R9, 1, 0
;__Lib_Math.c,302 :: 		
0x0218	0x5004      	MOVF        R4, 0, 0
;__Lib_Math.c,303 :: 		
0x021A	0x5C08      	SUBWF       R8, 0, 0
;__Lib_Math.c,304 :: 		
0x021C	0xA4D8      	BTFSS       STATUS, 2, 0
;__Lib_Math.c,305 :: 		
0x021E	0xD7D9      	BRA         $-76
;__Lib_Math.c,306 :: 		
0x0220	0x5005      	MOVF        R5, 0, 0
;__Lib_Math.c,307 :: 		
0x0222	0x5C09      	SUBWF       R9, 0, 0
;__Lib_Math.c,308 :: 		
0x0224	0xA4D8      	BTFSS       STATUS, 2, 0
;__Lib_Math.c,309 :: 		
0x0226	0xD7D5      	BRA         $-84
;__Lib_Math.c,310 :: 		
0x0228	0x6A09      	CLRF        R9, 0
;__Lib_Math.c,311 :: 		
0x022A	0x6A08      	CLRF        R8, 0
;__Lib_Math.c,312 :: 		
0x022C	0x2A00      	INCF        R0, 1, 0
;__Lib_Math.c,313 :: 		
0x022E	0xB4D8      	BTFSC       STATUS, 2, 0
;__Lib_Math.c,314 :: 		
0x0230	0x2A01      	INCF        R1, 1, 0
;__Lib_Math.c,315 :: 		
0x0232	0xAE01      	BTFSS       R1, 7, 0
;__Lib_Math.c,316 :: 		
0x0234	0xD7CE      	BRA         $-98
;__Lib_Math.c,317 :: 		
0x0236	0x0000      	NOP
;__Lib_Math.c,318 :: 		
0x0238	0x0CFF      	RETLW       255
;__Lib_Math.c,320 :: 		
L_end_Div_16x16_S:
0x023A	0x0012      	RETURN      0
; end of _Div_16x16_S
_Lcd_Init:
;__Lib_Lcd.c,84 :: 		
;__Lib_Lcd.c,86 :: 		
0x023C	0x9693      	BCF         LCD_EN_Direction, BitPos(LCD_EN_Direction+0) 
;__Lib_Lcd.c,87 :: 		
0x023E	0x9493      	BCF         LCD_RS_Direction, BitPos(LCD_RS_Direction+0) 
;__Lib_Lcd.c,88 :: 		
0x0240	0x9893      	BCF         LCD_D4_Direction, BitPos(LCD_D4_Direction+0) 
;__Lib_Lcd.c,89 :: 		
0x0242	0x9A93      	BCF         LCD_D5_Direction, BitPos(LCD_D5_Direction+0) 
;__Lib_Lcd.c,90 :: 		
0x0244	0x9C93      	BCF         LCD_D6_Direction, BitPos(LCD_D6_Direction+0) 
;__Lib_Lcd.c,91 :: 		
0x0246	0x9E93      	BCF         LCD_D7_Direction, BitPos(LCD_D7_Direction+0) 
;__Lib_Lcd.c,93 :: 		
0x0248	0x9681      	BCF         LCD_EN, BitPos(LCD_EN+0) 
;__Lib_Lcd.c,94 :: 		
0x024A	0x9481      	BCF         LCD_RS, BitPos(LCD_RS+0) 
;__Lib_Lcd.c,95 :: 		
0x024C	0x9E81      	BCF         LCD_D7, BitPos(LCD_D7+0) 
;__Lib_Lcd.c,96 :: 		
0x024E	0x9C81      	BCF         LCD_D6, BitPos(LCD_D6+0) 
;__Lib_Lcd.c,97 :: 		
0x0250	0x9A81      	BCF         LCD_D5, BitPos(LCD_D5+0) 
;__Lib_Lcd.c,98 :: 		
0x0252	0x9881      	BCF         LCD_D4, BitPos(LCD_D4+0) 
;__Lib_Lcd.c,100 :: 		
0x0254	0xDEE3      	RCALL       _Delay_5500us
;__Lib_Lcd.c,101 :: 		
0x0256	0xDEE2      	RCALL       _Delay_5500us
;__Lib_Lcd.c,102 :: 		
0x0258	0xDEE1      	RCALL       _Delay_5500us
;__Lib_Lcd.c,105 :: 		
0x025A	0x8A81      	BSF         LCD_D5, BitPos(LCD_D5+0) 
;__Lib_Lcd.c,106 :: 		
0x025C	0x8881      	BSF         LCD_D4, BitPos(LCD_D4+0) 
;__Lib_Lcd.c,107 :: 		
0x025E	0x8681      	BSF         LCD_EN, BitPos(LCD_EN+0) 
;__Lib_Lcd.c,108 :: 		
0x0260	0xDEEF      	RCALL       _Delay_1us
;__Lib_Lcd.c,109 :: 		
0x0262	0x9681      	BCF         LCD_EN, BitPos(LCD_EN+0) 
;__Lib_Lcd.c,110 :: 		
0x0264	0xDEDB      	RCALL       _Delay_5500us
;__Lib_Lcd.c,112 :: 		
0x0266	0x8681      	BSF         LCD_EN, BitPos(LCD_EN+0) 
;__Lib_Lcd.c,113 :: 		
0x0268	0xDEEB      	RCALL       _Delay_1us
;__Lib_Lcd.c,114 :: 		
0x026A	0x9681      	BCF         LCD_EN, BitPos(LCD_EN+0) 
;__Lib_Lcd.c,115 :: 		
0x026C	0xDED7      	RCALL       _Delay_5500us
;__Lib_Lcd.c,117 :: 		
0x026E	0x8681      	BSF         LCD_EN, BitPos(LCD_EN+0) 
;__Lib_Lcd.c,118 :: 		
0x0270	0xDEE7      	RCALL       _Delay_1us
;__Lib_Lcd.c,119 :: 		
0x0272	0x9681      	BCF         LCD_EN, BitPos(LCD_EN+0) 
;__Lib_Lcd.c,120 :: 		
0x0274	0xDED3      	RCALL       _Delay_5500us
;__Lib_Lcd.c,123 :: 		
0x0276	0x9881      	BCF         LCD_D4, BitPos(LCD_D4+0) 
;__Lib_Lcd.c,124 :: 		
0x0278	0x8681      	BSF         LCD_EN, BitPos(LCD_EN+0) 
;__Lib_Lcd.c,125 :: 		
0x027A	0xDEE2      	RCALL       _Delay_1us
;__Lib_Lcd.c,126 :: 		
0x027C	0x9681      	BCF         LCD_EN, BitPos(LCD_EN+0) 
;__Lib_Lcd.c,127 :: 		
0x027E	0xDECE      	RCALL       _Delay_5500us
;__Lib_Lcd.c,130 :: 		
0x0280	0x8681      	BSF         LCD_EN, BitPos(LCD_EN+0) 
;__Lib_Lcd.c,131 :: 		
0x0282	0xDEDE      	RCALL       _Delay_1us
;__Lib_Lcd.c,132 :: 		
0x0284	0x9681      	BCF         LCD_EN, BitPos(LCD_EN+0) 
;__Lib_Lcd.c,134 :: 		
0x0286	0x9A81      	BCF         LCD_D5, BitPos(LCD_D5+0) 
;__Lib_Lcd.c,135 :: 		
0x0288	0x8E81      	BSF         LCD_D7, BitPos(LCD_D7+0) 
;__Lib_Lcd.c,136 :: 		
0x028A	0x8681      	BSF         LCD_EN, BitPos(LCD_EN+0) 
;__Lib_Lcd.c,137 :: 		
0x028C	0xDED9      	RCALL       _Delay_1us
;__Lib_Lcd.c,138 :: 		
0x028E	0x9681      	BCF         LCD_EN, BitPos(LCD_EN+0) 
;__Lib_Lcd.c,139 :: 		
0x0290	0xDEC5      	RCALL       _Delay_5500us
;__Lib_Lcd.c,142 :: 		
0x0292	0x9E81      	BCF         LCD_D7, BitPos(LCD_D7+0) 
;__Lib_Lcd.c,143 :: 		
0x0294	0x8881      	BSF         LCD_D4, BitPos(LCD_D4+0) 
;__Lib_Lcd.c,144 :: 		
0x0296	0x8681      	BSF         LCD_EN, BitPos(LCD_EN+0) 
;__Lib_Lcd.c,145 :: 		
0x0298	0xDED3      	RCALL       _Delay_1us
;__Lib_Lcd.c,146 :: 		
0x029A	0x9681      	BCF         LCD_EN, BitPos(LCD_EN+0) 
;__Lib_Lcd.c,148 :: 		
0x029C	0x9881      	BCF         LCD_D4, BitPos(LCD_D4+0) 
;__Lib_Lcd.c,149 :: 		
0x029E	0x8681      	BSF         LCD_EN, BitPos(LCD_EN+0) 
;__Lib_Lcd.c,150 :: 		
0x02A0	0xDECF      	RCALL       _Delay_1us
;__Lib_Lcd.c,151 :: 		
0x02A2	0x9681      	BCF         LCD_EN, BitPos(LCD_EN+0) 
;__Lib_Lcd.c,152 :: 		
0x02A4	0xDEBB      	RCALL       _Delay_5500us
;__Lib_Lcd.c,155 :: 		
0x02A6	0x8681      	BSF         LCD_EN, BitPos(LCD_EN+0) 
;__Lib_Lcd.c,156 :: 		
0x02A8	0xDECB      	RCALL       _Delay_1us
;__Lib_Lcd.c,157 :: 		
0x02AA	0x9681      	BCF         LCD_EN, BitPos(LCD_EN+0) 
;__Lib_Lcd.c,159 :: 		
0x02AC	0x8881      	BSF         LCD_D4, BitPos(LCD_D4+0) 
;__Lib_Lcd.c,160 :: 		
0x02AE	0x8681      	BSF         LCD_EN, BitPos(LCD_EN+0) 
;__Lib_Lcd.c,161 :: 		
0x02B0	0xDEC7      	RCALL       _Delay_1us
;__Lib_Lcd.c,162 :: 		
0x02B2	0x9681      	BCF         LCD_EN, BitPos(LCD_EN+0) 
;__Lib_Lcd.c,163 :: 		
0x02B4	0xDEB3      	RCALL       _Delay_5500us
;__Lib_Lcd.c,166 :: 		
0x02B6	0x9881      	BCF         LCD_D4, BitPos(LCD_D4+0) 
;__Lib_Lcd.c,167 :: 		
0x02B8	0x8681      	BSF         LCD_EN, BitPos(LCD_EN+0) 
;__Lib_Lcd.c,168 :: 		
0x02BA	0xDEC2      	RCALL       _Delay_1us
;__Lib_Lcd.c,169 :: 		
0x02BC	0x9681      	BCF         LCD_EN, BitPos(LCD_EN+0) 
;__Lib_Lcd.c,171 :: 		
0x02BE	0x8E81      	BSF         LCD_D7, BitPos(LCD_D7+0) 
;__Lib_Lcd.c,172 :: 		
0x02C0	0x8C81      	BSF         LCD_D6, BitPos(LCD_D6+0) 
;__Lib_Lcd.c,173 :: 		
0x02C2	0x8A81      	BSF         LCD_D5, BitPos(LCD_D5+0) 
;__Lib_Lcd.c,174 :: 		
0x02C4	0x8881      	BSF         LCD_D4, BitPos(LCD_D4+0) 
;__Lib_Lcd.c,175 :: 		
0x02C6	0x8681      	BSF         LCD_EN, BitPos(LCD_EN+0) 
;__Lib_Lcd.c,176 :: 		
0x02C8	0xDEBB      	RCALL       _Delay_1us
;__Lib_Lcd.c,177 :: 		
0x02CA	0x9681      	BCF         LCD_EN, BitPos(LCD_EN+0) 
;__Lib_Lcd.c,179 :: 		
0x02CC	0xDEA7      	RCALL       _Delay_5500us
;__Lib_Lcd.c,181 :: 		
0x02CE	0x8015      	BSF         __Lib_Lcd_cmd_status, BitPos(__Lib_Lcd_cmd_status+0) 
;__Lib_Lcd.c,182 :: 		
L_end_Lcd_Init:
0x02D0	0x0012      	RETURN      0
; end of _Lcd_Init
_Mul_16X16_U:
;__Lib_Math.c,440 :: 		
;__Lib_Math.c,447 :: 		
0x02D2	0x6A0B      	CLRF        R11, 0
;__Lib_Math.c,448 :: 		
0x02D4	0x6A0A      	CLRF        R10, 0
;__Lib_Math.c,449 :: 		
0x02D6	0x6A09      	CLRF        R9, 0
;__Lib_Math.c,450 :: 		
0x02D8	0x5000      	MOVF        R0, 0, 0
;__Lib_Math.c,451 :: 		
0x02DA	0x0204      	MULWF       R4, 0
;__Lib_Math.c,453 :: 		
0x02DC	0xF009CFF4  	MOVFF       PRODH, R9
;__Lib_Math.c,454 :: 		
0x02E0	0xF008CFF3  	MOVFF       PRODL, R8
;__Lib_Math.c,455 :: 		
0x02E4	0x5001      	MOVF        R1, 0, 0
;__Lib_Math.c,456 :: 		
0x02E6	0x0205      	MULWF       R5, 0
;__Lib_Math.c,458 :: 		
0x02E8	0xF00BCFF4  	MOVFF       PRODH, R11
;__Lib_Math.c,459 :: 		
0x02EC	0xF00ACFF3  	MOVFF       PRODL, R10
;__Lib_Math.c,460 :: 		
0x02F0	0x5000      	MOVF        R0, 0, 0
;__Lib_Math.c,461 :: 		
0x02F2	0x0205      	MULWF       R5, 0
;__Lib_Math.c,463 :: 		
0x02F4	0x50F3      	MOVF        PRODL, 0, 0
;__Lib_Math.c,464 :: 		
0x02F6	0x2609      	ADDWF       R9, 1, 0
;__Lib_Math.c,465 :: 		
0x02F8	0x50F4      	MOVF        PRODH, 0, 0
;__Lib_Math.c,466 :: 		
0x02FA	0x220A      	ADDWFC      R10, 1, 0
;__Lib_Math.c,467 :: 		
0x02FC	0x6AE8      	CLRF        WREG, 0
;__Lib_Math.c,468 :: 		
0x02FE	0x220B      	ADDWFC      R11, 1, 0
;__Lib_Math.c,469 :: 		
0x0300	0x5001      	MOVF        R1, 0, 0
;__Lib_Math.c,470 :: 		
0x0302	0x0204      	MULWF       R4, 0
;__Lib_Math.c,472 :: 		
0x0304	0x50F3      	MOVF        PRODL, 0, 0
;__Lib_Math.c,473 :: 		
0x0306	0x2609      	ADDWF       R9, 1, 0
;__Lib_Math.c,474 :: 		
0x0308	0x50F4      	MOVF        PRODH, 0, 0
;__Lib_Math.c,475 :: 		
0x030A	0x220A      	ADDWFC      R10, 1, 0
;__Lib_Math.c,476 :: 		
0x030C	0x6AE8      	CLRF        WREG, 0
;__Lib_Math.c,477 :: 		
0x030E	0x220B      	ADDWFC      R11, 1, 0
;__Lib_Math.c,479 :: 		
0x0310	0xF000C008  	MOVFF       R8, R0
;__Lib_Math.c,480 :: 		
0x0314	0xF001C009  	MOVFF       R9, R1
;__Lib_Math.c,481 :: 		
0x0318	0xF002C00A  	MOVFF       R10, R2
;__Lib_Math.c,482 :: 		
0x031C	0xF003C00B  	MOVFF       R11, R3
;__Lib_Math.c,485 :: 		
L_end_Mul_16X16_U:
0x0320	0x0012      	RETURN      0
; end of _Mul_16X16_U
_Lcd_Chr:
;__Lib_Lcd.c,65 :: 		
;__Lib_Lcd.c,66 :: 		
0x0322	0xD00F      	BRA         L_Lcd_Chr4
;__Lib_Lcd.c,67 :: 		
L_Lcd_Chr6:
0x0324	0x0E80      	MOVLW       128
0x0326	0x6E3D      	MOVWF       FARG_Lcd_Chr_row 
0x0328	0xD019      	BRA         L_Lcd_Chr5
;__Lib_Lcd.c,68 :: 		
L_Lcd_Chr7:
0x032A	0x0EC0      	MOVLW       192
0x032C	0x6E3D      	MOVWF       FARG_Lcd_Chr_row 
0x032E	0xD016      	BRA         L_Lcd_Chr5
;__Lib_Lcd.c,69 :: 		
L_Lcd_Chr8:
0x0330	0x0E94      	MOVLW       148
0x0332	0x6E3D      	MOVWF       FARG_Lcd_Chr_row 
0x0334	0xD013      	BRA         L_Lcd_Chr5
;__Lib_Lcd.c,70 :: 		
L_Lcd_Chr9:
0x0336	0x0ED4      	MOVLW       212
0x0338	0x6E3D      	MOVWF       FARG_Lcd_Chr_row 
0x033A	0xD010      	BRA         L_Lcd_Chr5
;__Lib_Lcd.c,71 :: 		
L_Lcd_Chr10:
0x033C	0x0E80      	MOVLW       128
0x033E	0x6E3D      	MOVWF       FARG_Lcd_Chr_row 
;__Lib_Lcd.c,72 :: 		
0x0340	0xD00D      	BRA         L_Lcd_Chr5
L_Lcd_Chr4:
0x0342	0x503D      	MOVF        FARG_Lcd_Chr_row, 0 
0x0344	0x0A01      	XORLW       1
0x0346	0xE0EE      	BZ          L_Lcd_Chr6
0x0348	0x503D      	MOVF        FARG_Lcd_Chr_row, 0 
0x034A	0x0A02      	XORLW       2
0x034C	0xE0EE      	BZ          L_Lcd_Chr7
0x034E	0x503D      	MOVF        FARG_Lcd_Chr_row, 0 
0x0350	0x0A03      	XORLW       3
0x0352	0xE0EE      	BZ          L_Lcd_Chr8
0x0354	0x503D      	MOVF        FARG_Lcd_Chr_row, 0 
0x0356	0x0A04      	XORLW       4
0x0358	0xE0EE      	BZ          L_Lcd_Chr9
0x035A	0xD7F0      	BRA         L_Lcd_Chr10
L_Lcd_Chr5:
;__Lib_Lcd.c,74 :: 		
0x035C	0x043E      	DECF        FARG_Lcd_Chr_column, 0 
0x035E	0x6E00      	MOVWF       R0 
0x0360	0x503D      	MOVF        FARG_Lcd_Chr_row, 0 
0x0362	0x2600      	ADDWF       R0, 1 
0x0364	0xF03DC000  	MOVFF       R0, FARG_Lcd_Chr_row
;__Lib_Lcd.c,76 :: 		
0x0368	0x8015      	BSF         __Lib_Lcd_cmd_status, BitPos(__Lib_Lcd_cmd_status+0) 
;__Lib_Lcd.c,77 :: 		
0x036A	0xF040C000  	MOVFF       R0, FARG_Lcd_Cmd_out_char
0x036E	0xDE6F      	RCALL       _Lcd_Cmd
;__Lib_Lcd.c,79 :: 		
0x0370	0x9015      	BCF         __Lib_Lcd_cmd_status, BitPos(__Lib_Lcd_cmd_status+0) 
;__Lib_Lcd.c,80 :: 		
0x0372	0xF040C03F  	MOVFF       FARG_Lcd_Chr_out_char, FARG_Lcd_Cmd_out_char
0x0376	0xDE6B      	RCALL       _Lcd_Cmd
;__Lib_Lcd.c,81 :: 		
0x0378	0x8015      	BSF         __Lib_Lcd_cmd_status, BitPos(__Lib_Lcd_cmd_status+0) 
;__Lib_Lcd.c,82 :: 		
L_end_Lcd_Chr:
0x037A	0x0012      	RETURN      0
; end of _Lcd_Chr
_configureMcu:
;main.c,34 :: 		void configureMcu() {
;main.c,35 :: 		CMCON = 0x07;   // Desabilita comparadores
0x037C	0x0E07      	MOVLW       7
0x037E	0x6EB4      	MOVWF       CMCON 
;main.c,36 :: 		ADCON1 = 0x0B;  // Configuração ADC pg. 266
0x0380	0x0E0B      	MOVLW       11
0x0382	0x6EC1      	MOVWF       ADCON1 
;main.c,37 :: 		ADCON2 = 0x38;
0x0384	0x0E38      	MOVLW       56
0x0386	0x6EC0      	MOVWF       ADCON2 
;main.c,38 :: 		}
L_end_configureMcu:
0x0388	0x0012      	RETURN      0
; end of _configureMcu
_initDisplay:
;main.c,66 :: 		void initDisplay() {
;main.c,67 :: 		LCD_INIT();
0x038A	0xDF58      	RCALL       _Lcd_Init
;main.c,68 :: 		Lcd_Cmd(_LCD_CURSOR_OFF);
0x038C	0x0E0C      	MOVLW       12
0x038E	0x6E40      	MOVWF       FARG_Lcd_Cmd_out_char 
0x0390	0xDE5E      	RCALL       _Lcd_Cmd
;main.c,69 :: 		Lcd_Cmd(_LCD_CLEAR);
0x0392	0x0E01      	MOVLW       1
0x0394	0x6E40      	MOVWF       FARG_Lcd_Cmd_out_char 
0x0396	0xDE5B      	RCALL       _Lcd_Cmd
;main.c,70 :: 		}
L_end_initDisplay:
0x0398	0x0012      	RETURN      0
; end of _initDisplay
___CC2DW:
;__Lib_System.c,21 :: 		
;__Lib_System.c,23 :: 		
_CC2DL_Loop1:
;__Lib_System.c,24 :: 		
0x039A	0x0009      	TBLRD*+
;__Lib_System.c,25 :: 		
0x039C	0xFFE6CFF5  	MOVFF       TABLAT, POSTINC1
;__Lib_System.c,26 :: 		
0x03A0	0x0600      	DECF        R0, 1, 0
;__Lib_System.c,27 :: 		
0x03A2	0xE1FB      	BNZ         _CC2DL_Loop1
;__Lib_System.c,28 :: 		
0x03A4	0x0601      	DECF        R1, 1, 0
;__Lib_System.c,29 :: 		
0x03A6	0xE1F9      	BNZ         _CC2DL_Loop1
;__Lib_System.c,31 :: 		
L_end___CC2DW:
0x03A8	0x0012      	RETURN      0
; end of ___CC2DW
_showDisplay:
;main.c,74 :: 		void showDisplay(unsigned short current[4], int voltage[4], unsigned int activePower[4]){
;main.c,79 :: 		for (i = 0; i < 4; i++){
0x03AA	0x6A33      	CLRF        showDisplay_i_L0 
L_showDisplay5:
0x03AC	0x0E04      	MOVLW       4
0x03AE	0x5C33      	SUBWF       showDisplay_i_L0, 0 
0x03B0	0xB0D8      	BTFSC       STATUS, 0 
0x03B2	0xD07F      	BRA         L_showDisplay6
;main.c,80 :: 		LCD_chr(i + 1, 1, 'C');
0x03B4	0x5033      	MOVF        showDisplay_i_L0, 0 
0x03B6	0x0F01      	ADDLW       1
0x03B8	0x6E3D      	MOVWF       FARG_Lcd_Chr_row 
0x03BA	0x0E01      	MOVLW       1
0x03BC	0x6E3E      	MOVWF       FARG_Lcd_Chr_column 
0x03BE	0x0E43      	MOVLW       67
0x03C0	0x6E3F      	MOVWF       FARG_Lcd_Chr_out_char 
0x03C2	0xDFAF      	RCALL       _Lcd_Chr
;main.c,81 :: 		LCD_chr(i + 1, 2, i + 1 + 48);
0x03C4	0x5033      	MOVF        showDisplay_i_L0, 0 
0x03C6	0x0F01      	ADDLW       1
0x03C8	0x6E00      	MOVWF       R0 
0x03CA	0xF03DC000  	MOVFF       R0, FARG_Lcd_Chr_row
0x03CE	0x0E02      	MOVLW       2
0x03D0	0x6E3E      	MOVWF       FARG_Lcd_Chr_column 
0x03D2	0x0E30      	MOVLW       48
0x03D4	0x2400      	ADDWF       R0, 0 
0x03D6	0x6E3F      	MOVWF       FARG_Lcd_Chr_out_char 
0x03D8	0xDFA4      	RCALL       _Lcd_Chr
;main.c,82 :: 		digit[0] = voltage[i] / 100;
0x03DA	0xF000C033  	MOVFF       showDisplay_i_L0, R0
0x03DE	0x0E00      	MOVLW       0
0x03E0	0x6E01      	MOVWF       R1 
0x03E2	0x3600      	RLCF        R0, 1 
0x03E4	0x9000      	BCF         R0, 0 
0x03E6	0x3601      	RLCF        R1, 1 
0x03E8	0x5000      	MOVF        R0, 0 
0x03EA	0x242F      	ADDWF       FARG_showDisplay_voltage, 0 
0x03EC	0x6E3B      	MOVWF       FLOC__showDisplay+2 
0x03EE	0x5001      	MOVF        R1, 0 
0x03F0	0x2030      	ADDWFC      FARG_showDisplay_voltage+1, 0 
0x03F2	0x6E3C      	MOVWF       FLOC__showDisplay+3 
0x03F4	0xFFE9C03B  	MOVFF       FLOC__showDisplay+2, FSR0L
0x03F8	0xFFEAC03C  	MOVFF       FLOC__showDisplay+3, FSR0H
0x03FC	0xF000CFEE  	MOVFF       POSTINC0, R0
0x0400	0xF001CFEE  	MOVFF       POSTINC0, R1
0x0404	0x0E64      	MOVLW       100
0x0406	0x6E04      	MOVWF       R4 
0x0408	0x0E00      	MOVLW       0
0x040A	0x6E05      	MOVWF       R5 
0x040C	0xDEB4      	RCALL       _Div_16x16_S
0x040E	0xF039C000  	MOVFF       R0, FLOC__showDisplay
0x0412	0xF03AC001  	MOVFF       R1, FLOC__showDisplay+1
0x0416	0xF034C039  	MOVFF       FLOC__showDisplay, showDisplay_digit_L0
;main.c,83 :: 		digit[1] = voltage[i] / 10 - (digit[0]) * 10;
0x041A	0xFFE9C03B  	MOVFF       FLOC__showDisplay+2, FSR0L
0x041E	0xFFEAC03C  	MOVFF       FLOC__showDisplay+3, FSR0H
0x0422	0xF000CFEE  	MOVFF       POSTINC0, R0
0x0426	0xF001CFEE  	MOVFF       POSTINC0, R1
0x042A	0x0E0A      	MOVLW       10
0x042C	0x6E04      	MOVWF       R4 
0x042E	0x0E00      	MOVLW       0
0x0430	0x6E05      	MOVWF       R5 
0x0432	0xDEA1      	RCALL       _Div_16x16_S
0x0434	0x0E0A      	MOVLW       10
0x0436	0x0239      	MULWF       FLOC__showDisplay 
0x0438	0xF002CFF3  	MOVFF       PRODL, R2
0x043C	0x5002      	MOVF        R2, 0 
0x043E	0x5C00      	SUBWF       R0, 0 
0x0440	0x6E35      	MOVWF       showDisplay_digit_L0+1 
;main.c,84 :: 		digit[2] = voltage[i] % 10;
0x0442	0xFFE9C03B  	MOVFF       FLOC__showDisplay+2, FSR0L
0x0446	0xFFEAC03C  	MOVFF       FLOC__showDisplay+3, FSR0H
0x044A	0xF000CFEE  	MOVFF       POSTINC0, R0
0x044E	0xF001CFEE  	MOVFF       POSTINC0, R1
0x0452	0x0E0A      	MOVLW       10
0x0454	0x6E04      	MOVWF       R4 
0x0456	0x0E00      	MOVLW       0
0x0458	0x6E05      	MOVWF       R5 
0x045A	0xDE8D      	RCALL       _Div_16x16_S
0x045C	0xF000C008  	MOVFF       R8, R0
0x0460	0xF001C009  	MOVFF       R9, R1
0x0464	0xF036C000  	MOVFF       R0, showDisplay_digit_L0+2
;main.c,85 :: 		LCD_chr(i + 1, 4,digit[0] + 48);
0x0468	0x5033      	MOVF        showDisplay_i_L0, 0 
0x046A	0x0F01      	ADDLW       1
0x046C	0x6E3D      	MOVWF       FARG_Lcd_Chr_row 
0x046E	0x0E04      	MOVLW       4
0x0470	0x6E3E      	MOVWF       FARG_Lcd_Chr_column 
0x0472	0x0E30      	MOVLW       48
0x0474	0x2434      	ADDWF       showDisplay_digit_L0, 0 
0x0476	0x6E3F      	MOVWF       FARG_Lcd_Chr_out_char 
0x0478	0xDF54      	RCALL       _Lcd_Chr
;main.c,86 :: 		LCD_chr(i + 1, 5,digit[1] + 48);
0x047A	0x5033      	MOVF        showDisplay_i_L0, 0 
0x047C	0x0F01      	ADDLW       1
0x047E	0x6E3D      	MOVWF       FARG_Lcd_Chr_row 
0x0480	0x0E05      	MOVLW       5
0x0482	0x6E3E      	MOVWF       FARG_Lcd_Chr_column 
0x0484	0x0E30      	MOVLW       48
0x0486	0x2435      	ADDWF       showDisplay_digit_L0+1, 0 
0x0488	0x6E3F      	MOVWF       FARG_Lcd_Chr_out_char 
0x048A	0xDF4B      	RCALL       _Lcd_Chr
;main.c,87 :: 		LCD_chr(i + 1, 6,digit[2] + 48);
0x048C	0x5033      	MOVF        showDisplay_i_L0, 0 
0x048E	0x0F01      	ADDLW       1
0x0490	0x6E3D      	MOVWF       FARG_Lcd_Chr_row 
0x0492	0x0E06      	MOVLW       6
0x0494	0x6E3E      	MOVWF       FARG_Lcd_Chr_column 
0x0496	0x0E30      	MOVLW       48
0x0498	0x2436      	ADDWF       showDisplay_digit_L0+2, 0 
0x049A	0x6E3F      	MOVWF       FARG_Lcd_Chr_out_char 
0x049C	0xDF42      	RCALL       _Lcd_Chr
;main.c,88 :: 		LCD_chr(i + 1, 7,'V');
0x049E	0x5033      	MOVF        showDisplay_i_L0, 0 
0x04A0	0x0F01      	ADDLW       1
0x04A2	0x6E3D      	MOVWF       FARG_Lcd_Chr_row 
0x04A4	0x0E07      	MOVLW       7
0x04A6	0x6E3E      	MOVWF       FARG_Lcd_Chr_column 
0x04A8	0x0E56      	MOVLW       86
0x04AA	0x6E3F      	MOVWF       FARG_Lcd_Chr_out_char 
0x04AC	0xDF3A      	RCALL       _Lcd_Chr
;main.c,79 :: 		for (i = 0; i < 4; i++){
0x04AE	0x2A33      	INCF        showDisplay_i_L0, 1 
;main.c,89 :: 		}
0x04B0	0xD77D      	BRA         L_showDisplay5
L_showDisplay6:
;main.c,92 :: 		for (i = 0; i < 4; i++){
0x04B2	0x6A33      	CLRF        showDisplay_i_L0 
L_showDisplay8:
0x04B4	0x0E04      	MOVLW       4
0x04B6	0x5C33      	SUBWF       showDisplay_i_L0, 0 
0x04B8	0xE268      	BC          L_showDisplay9
;main.c,93 :: 		LCD_chr(i + 1, 1, 'C');
0x04BA	0x5033      	MOVF        showDisplay_i_L0, 0 
0x04BC	0x0F01      	ADDLW       1
0x04BE	0x6E3D      	MOVWF       FARG_Lcd_Chr_row 
0x04C0	0x0E01      	MOVLW       1
0x04C2	0x6E3E      	MOVWF       FARG_Lcd_Chr_column 
0x04C4	0x0E43      	MOVLW       67
0x04C6	0x6E3F      	MOVWF       FARG_Lcd_Chr_out_char 
0x04C8	0xDF2C      	RCALL       _Lcd_Chr
;main.c,94 :: 		LCD_chr(i + 1, 2, i + 1 + 48);
0x04CA	0x5033      	MOVF        showDisplay_i_L0, 0 
0x04CC	0x0F01      	ADDLW       1
0x04CE	0x6E00      	MOVWF       R0 
0x04D0	0xF03DC000  	MOVFF       R0, FARG_Lcd_Chr_row
0x04D4	0x0E02      	MOVLW       2
0x04D6	0x6E3E      	MOVWF       FARG_Lcd_Chr_column 
0x04D8	0x0E30      	MOVLW       48
0x04DA	0x2400      	ADDWF       R0, 0 
0x04DC	0x6E3F      	MOVWF       FARG_Lcd_Chr_out_char 
0x04DE	0xDF21      	RCALL       _Lcd_Chr
;main.c,95 :: 		digit[0] = current[i] / 100;
0x04E0	0x5033      	MOVF        showDisplay_i_L0, 0 
0x04E2	0x242D      	ADDWF       FARG_showDisplay_current, 0 
0x04E4	0x6E3B      	MOVWF       FLOC__showDisplay+2 
0x04E6	0x0E00      	MOVLW       0
0x04E8	0x202E      	ADDWFC      FARG_showDisplay_current+1, 0 
0x04EA	0x6E3C      	MOVWF       FLOC__showDisplay+3 
0x04EC	0xFFE9C03B  	MOVFF       FLOC__showDisplay+2, FSR0L
0x04F0	0xFFEAC03C  	MOVFF       FLOC__showDisplay+3, FSR0H
0x04F4	0xF000CFEE  	MOVFF       POSTINC0, R0
0x04F8	0x0E64      	MOVLW       100
0x04FA	0x6E04      	MOVWF       R4 
0x04FC	0xDE2D      	RCALL       _Div_8X8_U
0x04FE	0xF039C000  	MOVFF       R0, FLOC__showDisplay
0x0502	0xF034C039  	MOVFF       FLOC__showDisplay, showDisplay_digit_L0
;main.c,96 :: 		digit[1] = current[i] / 10 - (digit[0]) * 10;
0x0506	0xFFE9C03B  	MOVFF       FLOC__showDisplay+2, FSR0L
0x050A	0xFFEAC03C  	MOVFF       FLOC__showDisplay+3, FSR0H
0x050E	0xF000CFEE  	MOVFF       POSTINC0, R0
0x0512	0x0E0A      	MOVLW       10
0x0514	0x6E04      	MOVWF       R4 
0x0516	0xDE20      	RCALL       _Div_8X8_U
0x0518	0x0E0A      	MOVLW       10
0x051A	0x0239      	MULWF       FLOC__showDisplay 
0x051C	0xF001CFF3  	MOVFF       PRODL, R1
0x0520	0x5001      	MOVF        R1, 0 
0x0522	0x5C00      	SUBWF       R0, 0 
0x0524	0x6E35      	MOVWF       showDisplay_digit_L0+1 
;main.c,97 :: 		digit[2] = current[i] % 10;
0x0526	0xFFE9C03B  	MOVFF       FLOC__showDisplay+2, FSR0L
0x052A	0xFFEAC03C  	MOVFF       FLOC__showDisplay+3, FSR0H
0x052E	0xF000CFEE  	MOVFF       POSTINC0, R0
0x0532	0x0E0A      	MOVLW       10
0x0534	0x6E04      	MOVWF       R4 
0x0536	0xDE10      	RCALL       _Div_8X8_U
0x0538	0xF000C008  	MOVFF       R8, R0
0x053C	0xF036C000  	MOVFF       R0, showDisplay_digit_L0+2
;main.c,98 :: 		LCD_chr(i + 1, 9,digit[0] + 48);
0x0540	0x5033      	MOVF        showDisplay_i_L0, 0 
0x0542	0x0F01      	ADDLW       1
0x0544	0x6E3D      	MOVWF       FARG_Lcd_Chr_row 
0x0546	0x0E09      	MOVLW       9
0x0548	0x6E3E      	MOVWF       FARG_Lcd_Chr_column 
0x054A	0x0E30      	MOVLW       48
0x054C	0x2434      	ADDWF       showDisplay_digit_L0, 0 
0x054E	0x6E3F      	MOVWF       FARG_Lcd_Chr_out_char 
0x0550	0xDEE8      	RCALL       _Lcd_Chr
;main.c,99 :: 		LCD_chr(i + 1, 10,digit[1] + 48);
0x0552	0x5033      	MOVF        showDisplay_i_L0, 0 
0x0554	0x0F01      	ADDLW       1
0x0556	0x6E3D      	MOVWF       FARG_Lcd_Chr_row 
0x0558	0x0E0A      	MOVLW       10
0x055A	0x6E3E      	MOVWF       FARG_Lcd_Chr_column 
0x055C	0x0E30      	MOVLW       48
0x055E	0x2435      	ADDWF       showDisplay_digit_L0+1, 0 
0x0560	0x6E3F      	MOVWF       FARG_Lcd_Chr_out_char 
0x0562	0xDEDF      	RCALL       _Lcd_Chr
;main.c,100 :: 		LCD_chr(i + 1, 11,digit[2] + 48);
0x0564	0x5033      	MOVF        showDisplay_i_L0, 0 
0x0566	0x0F01      	ADDLW       1
0x0568	0x6E3D      	MOVWF       FARG_Lcd_Chr_row 
0x056A	0x0E0B      	MOVLW       11
0x056C	0x6E3E      	MOVWF       FARG_Lcd_Chr_column 
0x056E	0x0E30      	MOVLW       48
0x0570	0x2436      	ADDWF       showDisplay_digit_L0+2, 0 
0x0572	0x6E3F      	MOVWF       FARG_Lcd_Chr_out_char 
0x0574	0xDED6      	RCALL       _Lcd_Chr
;main.c,101 :: 		LCD_chr(i + 1, 12,'V');
0x0576	0x5033      	MOVF        showDisplay_i_L0, 0 
0x0578	0x0F01      	ADDLW       1
0x057A	0x6E3D      	MOVWF       FARG_Lcd_Chr_row 
0x057C	0x0E0C      	MOVLW       12
0x057E	0x6E3E      	MOVWF       FARG_Lcd_Chr_column 
0x0580	0x0E56      	MOVLW       86
0x0582	0x6E3F      	MOVWF       FARG_Lcd_Chr_out_char 
0x0584	0xDECE      	RCALL       _Lcd_Chr
;main.c,92 :: 		for (i = 0; i < 4; i++){
0x0586	0x2A33      	INCF        showDisplay_i_L0, 1 
;main.c,102 :: 		}
0x0588	0xD795      	BRA         L_showDisplay8
L_showDisplay9:
;main.c,105 :: 		for (i = 0; i < 4; i++){
0x058A	0x6A33      	CLRF        showDisplay_i_L0 
L_showDisplay11:
0x058C	0x0E04      	MOVLW       4
0x058E	0x5C33      	SUBWF       showDisplay_i_L0, 0 
0x0590	0xB0D8      	BTFSC       STATUS, 0 
0x0592	0xD0CF      	BRA         L_showDisplay12
;main.c,106 :: 		LCD_chr(i + 1, 1, 'C');
0x0594	0x5033      	MOVF        showDisplay_i_L0, 0 
0x0596	0x0F01      	ADDLW       1
0x0598	0x6E3D      	MOVWF       FARG_Lcd_Chr_row 
0x059A	0x0E01      	MOVLW       1
0x059C	0x6E3E      	MOVWF       FARG_Lcd_Chr_column 
0x059E	0x0E43      	MOVLW       67
0x05A0	0x6E3F      	MOVWF       FARG_Lcd_Chr_out_char 
0x05A2	0xDEBF      	RCALL       _Lcd_Chr
;main.c,107 :: 		LCD_chr(i + 1, 2, i + 1 + 48);
0x05A4	0x5033      	MOVF        showDisplay_i_L0, 0 
0x05A6	0x0F01      	ADDLW       1
0x05A8	0x6E00      	MOVWF       R0 
0x05AA	0xF03DC000  	MOVFF       R0, FARG_Lcd_Chr_row
0x05AE	0x0E02      	MOVLW       2
0x05B0	0x6E3E      	MOVWF       FARG_Lcd_Chr_column 
0x05B2	0x0E30      	MOVLW       48
0x05B4	0x2400      	ADDWF       R0, 0 
0x05B6	0x6E3F      	MOVWF       FARG_Lcd_Chr_out_char 
0x05B8	0xDEB4      	RCALL       _Lcd_Chr
;main.c,108 :: 		digit[0] = activePower[i] / 10000;
0x05BA	0xF000C033  	MOVFF       showDisplay_i_L0, R0
0x05BE	0x0E00      	MOVLW       0
0x05C0	0x6E01      	MOVWF       R1 
0x05C2	0x3600      	RLCF        R0, 1 
0x05C4	0x9000      	BCF         R0, 0 
0x05C6	0x3601      	RLCF        R1, 1 
0x05C8	0x5000      	MOVF        R0, 0 
0x05CA	0x2431      	ADDWF       FARG_showDisplay_activePower, 0 
0x05CC	0x6E3B      	MOVWF       FLOC__showDisplay+2 
0x05CE	0x5001      	MOVF        R1, 0 
0x05D0	0x2032      	ADDWFC      FARG_showDisplay_activePower+1, 0 
0x05D2	0x6E3C      	MOVWF       FLOC__showDisplay+3 
0x05D4	0xFFE9C03B  	MOVFF       FLOC__showDisplay+2, FSR0L
0x05D8	0xFFEAC03C  	MOVFF       FLOC__showDisplay+3, FSR0H
0x05DC	0xF000CFEE  	MOVFF       POSTINC0, R0
0x05E0	0xF001CFEE  	MOVFF       POSTINC0, R1
0x05E4	0x0E10      	MOVLW       16
0x05E6	0x6E04      	MOVWF       R4 
0x05E8	0x0E27      	MOVLW       39
0x05EA	0x6E05      	MOVWF       R5 
0x05EC	0xDD9A      	RCALL       _Div_16X16_U
0x05EE	0xF039C000  	MOVFF       R0, FLOC__showDisplay
0x05F2	0xF03AC001  	MOVFF       R1, FLOC__showDisplay+1
0x05F6	0xF034C039  	MOVFF       FLOC__showDisplay, showDisplay_digit_L0
;main.c,109 :: 		digit[1] = activePower[i] / 1000 - (digit[0]) * 10;
0x05FA	0xFFE9C03B  	MOVFF       FLOC__showDisplay+2, FSR0L
0x05FE	0xFFEAC03C  	MOVFF       FLOC__showDisplay+3, FSR0H
0x0602	0xF000CFEE  	MOVFF       POSTINC0, R0
0x0606	0xF001CFEE  	MOVFF       POSTINC0, R1
0x060A	0x0EE8      	MOVLW       232
0x060C	0x6E04      	MOVWF       R4 
0x060E	0x0E03      	MOVLW       3
0x0610	0x6E05      	MOVWF       R5 
0x0612	0xDD87      	RCALL       _Div_16X16_U
0x0614	0x0E0A      	MOVLW       10
0x0616	0x0239      	MULWF       FLOC__showDisplay 
0x0618	0xF002CFF3  	MOVFF       PRODL, R2
0x061C	0x5002      	MOVF        R2, 0 
0x061E	0x5C00      	SUBWF       R0, 0 
0x0620	0x6E39      	MOVWF       FLOC__showDisplay 
0x0622	0xF035C039  	MOVFF       FLOC__showDisplay, showDisplay_digit_L0+1
;main.c,110 :: 		digit[2] = activePower[i] / 100 - ((digit[0]) * 100 + (digit[1]) * 10);
0x0626	0xFFE9C03B  	MOVFF       FLOC__showDisplay+2, FSR0L
0x062A	0xFFEAC03C  	MOVFF       FLOC__showDisplay+3, FSR0H
0x062E	0xF000CFEE  	MOVFF       POSTINC0, R0
0x0632	0xF001CFEE  	MOVFF       POSTINC0, R1
0x0636	0x0E64      	MOVLW       100
0x0638	0x6E04      	MOVWF       R4 
0x063A	0x0E00      	MOVLW       0
0x063C	0x6E05      	MOVWF       R5 
0x063E	0xDD71      	RCALL       _Div_16X16_U
0x0640	0x0E64      	MOVLW       100
0x0642	0x0234      	MULWF       showDisplay_digit_L0 
0x0644	0xF003CFF3  	MOVFF       PRODL, R3
0x0648	0x0E0A      	MOVLW       10
0x064A	0x0239      	MULWF       FLOC__showDisplay 
0x064C	0xF002CFF3  	MOVFF       PRODL, R2
0x0650	0x5003      	MOVF        R3, 0 
0x0652	0x2602      	ADDWF       R2, 1 
0x0654	0x5002      	MOVF        R2, 0 
0x0656	0x5C00      	SUBWF       R0, 0 
0x0658	0x6E39      	MOVWF       FLOC__showDisplay 
0x065A	0xF036C039  	MOVFF       FLOC__showDisplay, showDisplay_digit_L0+2
;main.c,111 :: 		digit[3] = activePower[i] / 10 - ((digit[0]) * 1000 + (digit[1]) * 100 + (digit[2]) * 10);
0x065E	0xFFE9C03B  	MOVFF       FLOC__showDisplay+2, FSR0L
0x0662	0xFFEAC03C  	MOVFF       FLOC__showDisplay+3, FSR0H
0x0666	0xF000CFEE  	MOVFF       POSTINC0, R0
0x066A	0xF001CFEE  	MOVFF       POSTINC0, R1
0x066E	0x0E0A      	MOVLW       10
0x0670	0x6E04      	MOVWF       R4 
0x0672	0x0E00      	MOVLW       0
0x0674	0x6E05      	MOVWF       R5 
0x0676	0xDD55      	RCALL       _Div_16X16_U
0x0678	0x0EE8      	MOVLW       232
0x067A	0x0234      	MULWF       showDisplay_digit_L0 
0x067C	0xF003CFF3  	MOVFF       PRODL, R3
0x0680	0x0E64      	MOVLW       100
0x0682	0x0235      	MULWF       showDisplay_digit_L0+1 
0x0684	0xF002CFF3  	MOVFF       PRODL, R2
0x0688	0x5002      	MOVF        R2, 0 
0x068A	0x2603      	ADDWF       R3, 1 
0x068C	0x0E0A      	MOVLW       10
0x068E	0x0239      	MULWF       FLOC__showDisplay 
0x0690	0xF002CFF3  	MOVFF       PRODL, R2
0x0694	0x5003      	MOVF        R3, 0 
0x0696	0x2602      	ADDWF       R2, 1 
0x0698	0x5002      	MOVF        R2, 0 
0x069A	0x5C00      	SUBWF       R0, 0 
0x069C	0x6E37      	MOVWF       showDisplay_digit_L0+3 
;main.c,112 :: 		digit[4] = activePower[i] % 10;
0x069E	0xFFE9C03B  	MOVFF       FLOC__showDisplay+2, FSR0L
0x06A2	0xFFEAC03C  	MOVFF       FLOC__showDisplay+3, FSR0H
0x06A6	0xF000CFEE  	MOVFF       POSTINC0, R0
0x06AA	0xF001CFEE  	MOVFF       POSTINC0, R1
0x06AE	0x0E0A      	MOVLW       10
0x06B0	0x6E04      	MOVWF       R4 
0x06B2	0x0E00      	MOVLW       0
0x06B4	0x6E05      	MOVWF       R5 
0x06B6	0xDD35      	RCALL       _Div_16X16_U
0x06B8	0xF000C008  	MOVFF       R8, R0
0x06BC	0xF001C009  	MOVFF       R9, R1
0x06C0	0xF038C000  	MOVFF       R0, showDisplay_digit_L0+4
;main.c,113 :: 		LCD_chr(i + 1, 14,digit[0] + 48);
0x06C4	0x5033      	MOVF        showDisplay_i_L0, 0 
0x06C6	0x0F01      	ADDLW       1
0x06C8	0x6E3D      	MOVWF       FARG_Lcd_Chr_row 
0x06CA	0x0E0E      	MOVLW       14
0x06CC	0x6E3E      	MOVWF       FARG_Lcd_Chr_column 
0x06CE	0x0E30      	MOVLW       48
0x06D0	0x2434      	ADDWF       showDisplay_digit_L0, 0 
0x06D2	0x6E3F      	MOVWF       FARG_Lcd_Chr_out_char 
0x06D4	0xDE26      	RCALL       _Lcd_Chr
;main.c,114 :: 		LCD_chr(i + 1, 15,digit[1] + 48);
0x06D6	0x5033      	MOVF        showDisplay_i_L0, 0 
0x06D8	0x0F01      	ADDLW       1
0x06DA	0x6E3D      	MOVWF       FARG_Lcd_Chr_row 
0x06DC	0x0E0F      	MOVLW       15
0x06DE	0x6E3E      	MOVWF       FARG_Lcd_Chr_column 
0x06E0	0x0E30      	MOVLW       48
0x06E2	0x2435      	ADDWF       showDisplay_digit_L0+1, 0 
0x06E4	0x6E3F      	MOVWF       FARG_Lcd_Chr_out_char 
0x06E6	0xDE1D      	RCALL       _Lcd_Chr
;main.c,115 :: 		LCD_chr(i + 1, 16,digit[2] + 48);
0x06E8	0x5033      	MOVF        showDisplay_i_L0, 0 
0x06EA	0x0F01      	ADDLW       1
0x06EC	0x6E3D      	MOVWF       FARG_Lcd_Chr_row 
0x06EE	0x0E10      	MOVLW       16
0x06F0	0x6E3E      	MOVWF       FARG_Lcd_Chr_column 
0x06F2	0x0E30      	MOVLW       48
0x06F4	0x2436      	ADDWF       showDisplay_digit_L0+2, 0 
0x06F6	0x6E3F      	MOVWF       FARG_Lcd_Chr_out_char 
0x06F8	0xDE14      	RCALL       _Lcd_Chr
;main.c,116 :: 		LCD_chr(i + 1, 17,digit[3] + 48);
0x06FA	0x5033      	MOVF        showDisplay_i_L0, 0 
0x06FC	0x0F01      	ADDLW       1
0x06FE	0x6E3D      	MOVWF       FARG_Lcd_Chr_row 
0x0700	0x0E11      	MOVLW       17
0x0702	0x6E3E      	MOVWF       FARG_Lcd_Chr_column 
0x0704	0x0E30      	MOVLW       48
0x0706	0x2437      	ADDWF       showDisplay_digit_L0+3, 0 
0x0708	0x6E3F      	MOVWF       FARG_Lcd_Chr_out_char 
0x070A	0xDE0B      	RCALL       _Lcd_Chr
;main.c,117 :: 		LCD_chr(i + 1, 18,digit[4] + 48);
0x070C	0x5033      	MOVF        showDisplay_i_L0, 0 
0x070E	0x0F01      	ADDLW       1
0x0710	0x6E3D      	MOVWF       FARG_Lcd_Chr_row 
0x0712	0x0E12      	MOVLW       18
0x0714	0x6E3E      	MOVWF       FARG_Lcd_Chr_column 
0x0716	0x0E30      	MOVLW       48
0x0718	0x2438      	ADDWF       showDisplay_digit_L0+4, 0 
0x071A	0x6E3F      	MOVWF       FARG_Lcd_Chr_out_char 
0x071C	0xDE02      	RCALL       _Lcd_Chr
;main.c,118 :: 		LCD_chr(i + 1, 19,'W');
0x071E	0x5033      	MOVF        showDisplay_i_L0, 0 
0x0720	0x0F01      	ADDLW       1
0x0722	0x6E3D      	MOVWF       FARG_Lcd_Chr_row 
0x0724	0x0E13      	MOVLW       19
0x0726	0x6E3E      	MOVWF       FARG_Lcd_Chr_column 
0x0728	0x0E57      	MOVLW       87
0x072A	0x6E3F      	MOVWF       FARG_Lcd_Chr_out_char 
0x072C	0xDDFA      	RCALL       _Lcd_Chr
;main.c,105 :: 		for (i = 0; i < 4; i++){
0x072E	0x2A33      	INCF        showDisplay_i_L0, 1 
;main.c,119 :: 		}
0x0730	0xD72D      	BRA         L_showDisplay11
L_showDisplay12:
;main.c,120 :: 		}
L_end_showDisplay:
0x0732	0x0012      	RETURN      0
; end of _showDisplay
_calcPower:
;main.c,124 :: 		unsigned int calcPower(unsigned short current, int voltage){
;main.c,126 :: 		activePower = current * voltage;
0x0734	0xF000C02D  	MOVFF       FARG_calcPower_current, R0
0x0738	0x0E00      	MOVLW       0
0x073A	0x6E01      	MOVWF       R1 
0x073C	0xF004C02E  	MOVFF       FARG_calcPower_voltage, R4
0x0740	0xF005C02F  	MOVFF       FARG_calcPower_voltage+1, R5
0x0744	0xDDC6      	RCALL       _Mul_16X16_U
;main.c,127 :: 		return activePower;
;main.c,128 :: 		}
L_end_calcPower:
0x0746	0x0012      	RETURN      0
; end of _calcPower
_main:
;main.c,43 :: 		void main(){
;main.c,46 :: 		unsigned short current[4] = {123,210,132,213}, i;
0x0748	0x0E7B      	MOVLW       123
0x074A	0x6E16      	MOVWF       main_current_L0 
0x074C	0x0ED2      	MOVLW       210
0x074E	0x6E17      	MOVWF       main_current_L0+1 
0x0750	0x0E84      	MOVLW       132
0x0752	0x6E18      	MOVWF       main_current_L0+2 
0x0754	0x0ED5      	MOVLW       213
0x0756	0x6E19      	MOVWF       main_current_L0+3 
0x0758	0x0EDC      	MOVLW       220
0x075A	0x6E1A      	MOVWF       main_voltage_L0 
0x075C	0x0E00      	MOVLW       0
0x075E	0x6E1B      	MOVWF       main_voltage_L0+1 
0x0760	0x0EDC      	MOVLW       220
0x0762	0x6E1C      	MOVWF       main_voltage_L0+2 
0x0764	0x0E00      	MOVLW       0
0x0766	0x6E1D      	MOVWF       main_voltage_L0+3 
0x0768	0x0EDC      	MOVLW       220
0x076A	0x6E1E      	MOVWF       main_voltage_L0+4 
0x076C	0x0E00      	MOVLW       0
0x076E	0x6E1F      	MOVWF       main_voltage_L0+5 
0x0770	0x0EDC      	MOVLW       220
0x0772	0x6E20      	MOVWF       main_voltage_L0+6 
0x0774	0x0E00      	MOVLW       0
0x0776	0x6E21      	MOVWF       main_voltage_L0+7 
0x0778	0x6A22      	CLRF        main_activePower_L0 
0x077A	0x6A23      	CLRF        main_activePower_L0+1 
0x077C	0x6A24      	CLRF        main_activePower_L0+2 
0x077E	0x6A25      	CLRF        main_activePower_L0+3 
0x0780	0x6A26      	CLRF        main_activePower_L0+4 
0x0782	0x6A27      	CLRF        main_activePower_L0+5 
0x0784	0x6A28      	CLRF        main_activePower_L0+6 
0x0786	0x6A29      	CLRF        main_activePower_L0+7 
;main.c,49 :: 		configureMcu();
0x0788	0xDDF9      	RCALL       _configureMcu
;main.c,50 :: 		initDisplay();
0x078A	0xDDFF      	RCALL       _initDisplay
;main.c,51 :: 		while(1){
L_main0:
;main.c,56 :: 		for (i=0; i<4; i++) activePower[i] = calcPower(current[i],voltage[i]);
0x078C	0x6A2A      	CLRF        main_i_L0 
L_main2:
0x078E	0x0E04      	MOVLW       4
0x0790	0x5C2A      	SUBWF       main_i_L0, 0 
0x0792	0xE22C      	BC          L_main3
0x0794	0xF000C02A  	MOVFF       main_i_L0, R0
0x0798	0x0E00      	MOVLW       0
0x079A	0x6E01      	MOVWF       R1 
0x079C	0x3600      	RLCF        R0, 1 
0x079E	0x9000      	BCF         R0, 0 
0x07A0	0x3601      	RLCF        R1, 1 
0x07A2	0x0E22      	MOVLW       main_activePower_L0
0x07A4	0x2400      	ADDWF       R0, 0 
0x07A6	0x6E2B      	MOVWF       FLOC__main 
0x07A8	0x0E00      	MOVLW       hi_addr(main_activePower_L0)
0x07AA	0x2001      	ADDWFC      R1, 0 
0x07AC	0x6E2C      	MOVWF       FLOC__main+1 
0x07AE	0x0E16      	MOVLW       main_current_L0
0x07B0	0x6EE9      	MOVWF       FSR0L 
0x07B2	0x0E00      	MOVLW       hi_addr(main_current_L0)
0x07B4	0x6EEA      	MOVWF       FSR0H 
0x07B6	0x502A      	MOVF        main_i_L0, 0 
0x07B8	0x26E9      	ADDWF       FSR0L, 1 
0x07BA	0xB0D8      	BTFSC       STATUS, 0 
0x07BC	0x2AEA      	INCF        FSR0H, 1 
0x07BE	0xF02DCFEE  	MOVFF       POSTINC0, FARG_calcPower_current
0x07C2	0x0E1A      	MOVLW       main_voltage_L0
0x07C4	0x2400      	ADDWF       R0, 0 
0x07C6	0x6EE9      	MOVWF       FSR0L 
0x07C8	0x0E00      	MOVLW       hi_addr(main_voltage_L0)
0x07CA	0x2001      	ADDWFC      R1, 0 
0x07CC	0x6EEA      	MOVWF       FSR0H 
0x07CE	0xF02ECFEE  	MOVFF       POSTINC0, FARG_calcPower_voltage
0x07D2	0xF02FCFEE  	MOVFF       POSTINC0, FARG_calcPower_voltage+1
0x07D6	0xDFAE      	RCALL       _calcPower
0x07D8	0xFFE1C02B  	MOVFF       FLOC__main, FSR1L
0x07DC	0xFFE2C02C  	MOVFF       FLOC__main+1, FSR1H
0x07E0	0xFFE6C000  	MOVFF       R0, POSTINC1
0x07E4	0xFFE6C001  	MOVFF       R1, POSTINC1
0x07E8	0x2A2A      	INCF        main_i_L0, 1 
0x07EA	0xD7D1      	BRA         L_main2
L_main3:
;main.c,57 :: 		showDisplay(current, voltage, activePower);
0x07EC	0x0E16      	MOVLW       main_current_L0
0x07EE	0x6E2D      	MOVWF       FARG_showDisplay_current 
0x07F0	0x0E00      	MOVLW       hi_addr(main_current_L0)
0x07F2	0x6E2E      	MOVWF       FARG_showDisplay_current+1 
0x07F4	0x0E1A      	MOVLW       main_voltage_L0
0x07F6	0x6E2F      	MOVWF       FARG_showDisplay_voltage 
0x07F8	0x0E00      	MOVLW       hi_addr(main_voltage_L0)
0x07FA	0x6E30      	MOVWF       FARG_showDisplay_voltage+1 
0x07FC	0x0E22      	MOVLW       main_activePower_L0
0x07FE	0x6E31      	MOVWF       FARG_showDisplay_activePower 
0x0800	0x0E00      	MOVLW       hi_addr(main_activePower_L0)
0x0802	0x6E32      	MOVWF       FARG_showDisplay_activePower+1 
0x0804	0xDDD2      	RCALL       _showDisplay
;main.c,58 :: 		}
0x0806	0xD7C2      	BRA         L_main0
;main.c,59 :: 		}
L_end_main:
0x0808	0xD7FF      	BRA         $+0
; end of _main
;main.c,0 :: ?ICSmain_current_L0
0x080A	0xD27B ;?ICSmain_current_L0+0
0x080C	0xD584 ;?ICSmain_current_L0+2
; end of ?ICSmain_current_L0
;main.c,0 :: ?ICSmain_voltage_L0
0x080E	0x00DC ;?ICSmain_voltage_L0+0
0x0810	0x00DC ;?ICSmain_voltage_L0+2
0x0812	0x00DC ;?ICSmain_voltage_L0+4
0x0814	0x00DC ;?ICSmain_voltage_L0+6
; end of ?ICSmain_voltage_L0
;main.c,0 :: ?ICSmain_activePower_L0
0x0816	0x0000 ;?ICSmain_activePower_L0+0
0x0818	0x0000 ;?ICSmain_activePower_L0+2
0x081A	0x0000 ;?ICSmain_activePower_L0+4
0x081C	0x0000 ;?ICSmain_activePower_L0+6
; end of ?ICSmain_activePower_L0
Symbol List:
//** Routines locations **
//ADDRESS    SIZE    PROCEDURE
//----------------------------------------------
0x001C      [22]    _Delay_5500us
0x0032      [14]    _Delay_50us
0x0040      [14]    _Delay_1us
0x004E     [124]    _Lcd_Cmd
0x00CA      [88]    _Div_16x16_S_L
0x0122      [54]    _Div_16X16_U
0x0158      [30]    _Div_8X8_U
0x0176     [198]    _Div_16x16_S
0x023C     [150]    _Lcd_Init
0x02D2      [80]    _Mul_16X16_U
0x0322      [90]    _Lcd_Chr
0x037C      [14]    _configureMcu
0x038A      [16]    _initDisplay
0x039A      [16]    ___CC2DW
0x03AA     [906]    _showDisplay
0x0734      [20]    _calcPower
0x0748     [194]    _main
//** Variables locations ** 
//ADDRESS    SIZE    VARIABLE
//----------------------------------------------
0x0000       [1]    SPI1_Write_tmp_L0
0x0000       [1]    EEPROM_Write_SaveINTCON_L0
0x0000       [1]    __Lib_SoftI2C_PutZerosToLATScl_temp_scl_L0
0x0000       [1]    __Lib_SoftI2C_PutZerosToLATSda_temp_sda_L0
0x0000       [1]    R0
0x0000       [1]    UART1_Init_tmp_L0
0x0000       [1]    FLASH_Erase_64_SaveINTCON_L0
0x0001       [1]    __Lib_TFT_16bit_JPEG_FileReadBytes_Result_L0
0x0001       [1]    __Lib_TFT_16bit_JPEG_FileRead_i_L0
0x0001       [1]    __Lib_TFT_JPEG_FileReadBytes_Result_L0
0x0001       [1]    FLASH_Write_32_i_L0
0x0001       [1]    __Lib_USB_genHID_?FLOC____Lib_USB_genHID_USB_Handle_BusyT1
0x0001       [1]    FLASH_Erase_Write_64_i_L0
0x0001       [2]    FLASH_Read_N_Bytes_i_L0
0x0001       [1]    UART1_Read___tmp_UART1_Read_L0
0x0001       [1]    ispunct_rslt_L0
0x0001       [1]    __Lib_TFT_JPEG_FileRead_i_L0
0x0001       [1]    R1
0x0001       [1]    __Lib_PS2_Wait_Falling_nsample_L0
0x0002       [2]    memchr_s_L0
0x0002       [2]    memcpy_dd_L0
0x0002       [2]    __Lib_FT800_alt_strlen_cp_L0
0x0002       [2]    memset_pp_L0
0x0002       [2]    __Lib_FT810_alt_memset_pp_L0
0x0002       [2]    __Lib_FT800_alt_memcpy_dd_L0
0x0002       [2]    __Lib_FT810_alt_memcpy_dd_L0
0x0002       [2]    __Lib_FT810_alt_strlen_cp_L0
0x0002       [2]    strlen_cp_L0
0x0002       [2]    __Lib_FT800_alt_memset_pp_L0
0x0002       [2]    __Lib_FT812_alt_memcpy_dd_L0
0x0002       [1]    FLASH_Erase_Write_64_j_L0
0x0002       [1]    R2
0x0002       [2]    __Lib_FT812_alt_memset_pp_L0
0x0002       [2]    __Lib_FT812_alt_strlen_cp_L0
0x0002       [1]    __Lib_USB_genHID_USB_CtrlTrf_Rx_Service_byteToRead_L0
0x0002       [1]    FLASH_Write_32_SaveINTCON_L0
0x0003       [2]    __Lib_MmcFat16_f16_toInt_l_L0
0x0003       [4]    FT810_Canvas_SurrRect_minX_L0
0x0003       [1]    __Lib_Sprinti_?FLOC____Lib_Sprinti_Do_FillT29
0x0003       [2]    MM_TotalFreeMemSize_Tot_L0
0x0003       [2]    Ltrim_original_L0
0x0003       [4]    FT812_Canvas_SurrRect_minX_L0
0x0003       [4]    FT800_Canvas_SurrRect_minX_L0
0x0003       [1]    MM_Init_i_L0
0x0003       [2]    __Lib_USB_genHID_USB_CtrlTrf_Tx_Service_byteToSend_L0
0x0003       [2]    memmove_tt_L0
0x0003       [1]    FLASH_Erase_Write_64_SaveINTCON_L0
0x0003       [1]    R3
0x0003       [1]    __Lib_USB_genHID_USB_CtrlTrf_Rx_Service_i_L0
0x0004       [2]    __Lib_FT800_alt_memcpy_ss_L0
0x0004       [2]    __Lib_USB_genHID_USB_Std_Feature_Req_Handler_p_L0
0x0004       [2]    __Lib_USB_genHID_USB_Transfer_Packet_handle_L0
0x0004       [1]    __Lib_USB_genHID_GetMaxIndexInDevDsc_index_L0
0x0004       [2]    __Lib_USB_genHID_USB_Get_Status_Handler_p_L2
0x0004       [1]    __Lib_Sprinti_?FLOC____Lib_Sprinti_Do_FillT40
0x0004       [3]    __Lib_FT800_alt_strlen_const_cp_L0
0x0004       [2]    strncat_cp_L0
0x0004       [3]    __Lib_FT810_alt_strlen_const_cp_L0
0x0004       [2]    strncpy_cp_L0
0x0004       [2]    frexp_pom_L0
0x0004       [2]    __Lib_FT810_alt_memcpy_ss_L0
0x0004       [2]    strcpy_cp_L0
0x0004       [2]    __Lib_FT812_alt_memcpy_ss_L0
0x0004       [3]    __Lib_FT812_alt_strlen_const_cp_L0
0x0004       [1]    R4
0x0004       [2]    strcat_cp_L0
0x0004       [2]    memcpy_ss_L0
0x0004       [2]    __Lib_MemManager_MM_GetMemAlign_P_L0
0x0005       [2]    memmove_ff_L0
0x0005       [2]    LongWordToHex_input_half_L0
0x0005       [1]    R5
0x0005       [2]    LongIntToHex_input_half_L0
0x0005       [1]    MM_TotalFreeMemSize_i_L0
0x0005       [1]    __Lib_Sprinti_?FLOC____Lib_Sprinti_Do_FillT54
0x0005       [2]    Ltrim_p_L0
0x0006       [1]    R6
0x0006       [1]    __Lib_Sprinti_?FLOC____Lib_Sprinti_Do_FillT69
0x0006       [2]    __Lib_USB_genHID_GetMaxIndexInConfigDsc_totalLen_L0
0x0006       [1]    __Lib_MemManager_MM_GetMemAlign_i_L0
0x0007       [1]    __Lib_TFT_JPEG_GenerateHuffmanTables_bLength_L0
0x0007       [4]    FT810_Canvas_SurrRect_minY_L0
0x0007       [4]    FT800_Canvas_SurrRect_minY_L0
0x0007       [1]    __Lib_TFT_16bit_JPEG_GenerateHuffmanTables_bLength_L0
0x0007       [4]    FT812_Canvas_SurrRect_minY_L0
0x0007       [1]    R7
0x0008       [1]    R8
0x0008       [1]    __Lib_TFT_16bit_JPEG_GenerateHuffmanTables_bTable_L0
0x0008       [1]    __Lib_TFT_JPEG_GenerateHuffmanTables_bTable_L0
0x0008       [3]    __Lib_USB_genHID_GetMaxIndexInConfigDsc_ptr_L0
0x0009       [4]    __Lib_MmcFat16_f16_toLong_l_L0
0x0009       [1]    R9
0x000A       [1]    R10
0x000B       [4]    FT812_Canvas_SurrRect_maxX_L0
0x000B       [1]    R11
0x000B       [4]    FT810_Canvas_SurrRect_maxX_L0
0x000B       [4]    FT800_Canvas_SurrRect_maxX_L0
0x000C       [1]    R12
0x000D       [1]    R13
0x000E       [1]    R14
0x000F       [4]    FT810_Canvas_SurrRect_maxY_L0
0x000F       [4]    FT800_Canvas_SurrRect_maxY_L0
0x000F       [4]    FT812_Canvas_SurrRect_maxY_L0
0x000F       [1]    R15
0x0010       [1]    R16
0x0011       [1]    R17
0x0012       [1]    R18
0x0013       [1]    R19
0x0014       [1]    R20
0x0015       [0]    __Lib_Lcd_cmd_status
0x0016       [4]    main_current_L0
0x001A       [8]    main_voltage_L0
0x0022       [8]    main_activePower_L0
0x002A       [1]    main_i_L0
0x002B       [2]    FLOC__main
0x002D       [1]    FARG_calcPower_current
0x002D       [2]    FARG_showDisplay_current
0x002E       [2]    FARG_calcPower_voltage
0x002F       [2]    FARG_showDisplay_voltage
0x0031       [2]    FARG_showDisplay_activePower
0x0033       [1]    showDisplay_i_L0
0x0034       [5]    showDisplay_digit_L0
0x0039       [4]    FLOC__showDisplay
0x003D       [1]    FARG_Lcd_Chr_row
0x003E       [1]    FARG_Lcd_Chr_column
0x003F       [1]    FARG_Lcd_Chr_out_char
0x0040       [1]    FARG_Lcd_Cmd_out_char
0x0F81       [0]    LCD_EN
0x0F81       [0]    LCD_RS
0x0F81       [0]    LCD_D5
0x0F81       [0]    LCD_D4
0x0F81       [0]    LCD_D6
0x0F81       [0]    LCD_D7
0x0F81       [0]    RB2_bit
0x0F81       [0]    RB7_bit
0x0F81       [0]    RB6_bit
0x0F81       [0]    RB4_bit
0x0F81       [0]    RB5_bit
0x0F81       [0]    RB3_bit
0x0F93       [0]    LCD_D4_Direction
0x0F93       [0]    LCD_EN_Direction
0x0F93       [0]    TRISB2_bit
0x0F93       [0]    LCD_RS_Direction
0x0F93       [0]    TRISB3_bit
0x0F93       [0]    LCD_D7_Direction
0x0F93       [0]    TRISB4_bit
0x0F93       [0]    LCD_D6_Direction
0x0F93       [0]    TRISB7_bit
0x0F93       [0]    TRISB5_bit
0x0F93       [0]    TRISB6_bit
0x0F93       [0]    LCD_D5_Direction
0x0FB4       [1]    CMCON
0x0FC0       [1]    ADCON2
0x0FC1       [1]    ADCON1
0x0FD8       [1]    STATUS
0x0FD9       [1]    FSR2L
0x0FDA       [1]    FSR2H
0x0FDE       [1]    POSTINC2
0x0FE0       [1]    BSR
0x0FE1       [1]    FSR1L
0x0FE2       [1]    FSR1H
0x0FE4       [1]    PREINC1
0x0FE6       [1]    POSTINC1
0x0FE7       [1]    INDF1
0x0FE8       [1]    WREG
0x0FE9       [1]    FSR0L
0x0FEA       [1]    FSR0H
0x0FEE       [1]    POSTINC0
0x0FF3       [1]    PRODL
0x0FF4       [1]    PRODH
0x0FF5       [1]    TABLAT
0x0FF6       [1]    TBLPTRL
0x0FF7       [1]    TBLPTRH
0x0FF8       [1]    TBLPTRU
//** Constants locations ** 
//ADDRESS    SIZE    CONSTANT
//----------------------------------------------
0x080A       [4]    ?ICSmain_current_L0
0x080E       [8]    ?ICSmain_voltage_L0
0x0816       [8]    ?ICSmain_activePower_L0
